 0                      0              0           0      0    0
 1                12.3456        12.3456          12     12   12
 2               -78.9012     -78.901199         -78    -78  -78
 3                    129            129         129    129 -128
 4                  32769          32769       32769 -32768 -128
 5            -2147483647 -2.1474836e+09 -2147483648 -32768 -128
 6  -1.70141092189626e+38 -3.4028235e+38 -2147483648 -32768 -128
 7 -1.79769313486232e+308 -3.4028235e+38 -2147483648 -32768 -128
 8                234.567        234.567         234    234 -128
 9                 567.89      567.89001         567    567 -128
10                34567.8      34567.801       34567 -32768 -128
11                67890.1      67890.102       67890 -32768 -128
12             2345670000  2.3456699e+09 -2147483648 -32768 -128
13 -1.79769313486232e+308 -3.4028235e+38 -2147483648 -32768 -128
14               -234.567       -234.567        -234   -234 -128
15                -567.89     -567.89001        -567   -567 -128
16               -34567.8     -34567.801      -34567 -32768 -128
17               -67890.1     -67890.102      -67890 -32768 -128
18            -2345670000 -2.3456699e+09 -2147483648 -32768 -128
19 -1.79769313486232e+308 -3.4028235e+38 -2147483648 -32768 -128
