This is TeX, Version 3.1415 (C version 6.1) (format=latex 95.2.14)  9 JUN 1995 16:24
**sun98
(sun98.tex
LaTeX2e <1994/12/01> patch level 1
(/usr/local/texmf/tex/latex/base/book.cls
Document Class: book 1994/12/09 v1.2x Standard LaTeX document class
(/usr/local/texmf/tex/latex/base/bk10.clo
File: bk10.clo 1994/12/09 v1.2x Standard LaTeX file (size option)
)
\c@part=\count82
\c@chapter=\count83
\c@section=\count84
\c@subsection=\count85
\c@subsubsection=\count86
\c@paragraph=\count87
\c@subparagraph=\count88
\c@figure=\count89
\c@table=\count90
\abovecaptionskip=\skip41
\belowcaptionskip=\skip42
LaTeX Info: Redefining \cal on input line 509.
LaTeX Info: Redefining \mit on input line 510.
\bibindent=\dimen102
) (sun98.aux)
LaTeX Font Info:    Checking defaults for OML/cmm/m/it on input line 23.
LaTeX Font Info:    ... okay on input line 23.
LaTeX Font Info:    Checking defaults for T1/cmr/m/n on input line 23.
LaTeX Font Info:    ... okay on input line 23.
LaTeX Font Info:    Checking defaults for OT1/cmr/m/n on input line 23.
LaTeX Font Info:    ... okay on input line 23.
LaTeX Font Info:    Checking defaults for OMS/cmsy/m/n on input line 23.
LaTeX Font Info:    ... okay on input line 23.
LaTeX Font Info:    Checking defaults for OMX/cmex/m/n on input line 23.
LaTeX Font Info:    ... okay on input line 23.
LaTeX Font Info:    Checking defaults for U/cmr/m/n on input line 23.
LaTeX Font Info:    ... okay on input line 23.
 [1

] [2

] (sun98.toc
LaTeX Font Info:    External font `cmex10' loaded for size
(Font)              <7> on input line 6.
LaTeX Font Info:    External font `cmex10' loaded for size
(Font)              <5> on input line 6.

[3] [4] [5] [6] [7] [8])
\tf@toc=\write3
 [9] [10

]
Chapter 1.
[11] [12] [13] [14

]
Chapter 2.
[15] [16] [17] [18] [19] [20] [21] [22

]
Chapter 3.
[23] [24

]
Chapter 4.
[25] [26

]
Chapter 5.
[27] [28] [29] [30] [31] [32] [33] [34] [35] [36] [37] [38]
Chapter 6.
[39

] [40]
Chapter 7.
[41

] [42] [43] [44]
Chapter 8.
[45

] [46

]
Chapter 9.
[47] [48] [49] [50

]
Chapter 10.
[51] [52] [53] [54] [55] [56] [57] [58] [59] [60] [61] [62] [63] [64] [65]
[66] [67] [68] [69] [70] [71] [72] [73] [74] [75] [76]
Chapter 11.
[77

] [78] [79] [80]
Chapter 12.
[81

] [82] [83] [84] [85] [86] [87] [88] [89] [90] [91] [92

]
Chapter 13.
[93] [94] [95] [96] [97] [98] [99] [100] [101] [102]
Chapter 14.
[103

] [104] [105] [106] [107] [108] [109] [110] [111] [112] [113] [114]
[115] [116] [117] [118

]
Chapter 15.
[119] [120] [121] [122] [123] [124] [125] [126] [127] [128]
Underfull \vbox (badness 10000) has occurred while \output is active []

 [129]
[130] [131] [132] [133] [134] [135] [136] [137] [138]
Chapter 16.
[139

] [140] [141] [142] [143] [144] [145] [146] [147] [148] [149] [150]
[151] [152] [153] [154]
Overfull \hbox (5.89444pt too wide) in paragraph at lines 7384--7387
\OT1/cmr/m/n/10 Plots the axis perime-ter around the view-port de-fined by G\OT
1/cmtt/m/n/10 _\OT1/cmr/m/n/10 POS us-ing co-or-di-nates de-fined by G\OT1/cmtt
/m/n/10 _\OT1/cmr/m/n/10 WINDOW.
 []

[155] [156] [157] [158]
Chapter 17.
[159

] [160] [161] [162

]
Chapter 18.
[163] [164] [165] [166] [167] [168] [169] [170] [171] [172] [173] [174]
[175] [176

]
Chapter 19.
[177] [178] [179] [180] [181] [182] [183] [184] [185] [186] [187] [188]
[189] [190] [191] [192] [193] [194] [195] [196] [197] [198] [199] [200]
[201] [202]
Chapter 20.
[203

] [204] [205] [206] [207] [208] [209] [210] [211] [212] [213] [214]
[215] [216] [217] [218] [219] [220] [221] [222] [223] [224] [225] [226]
[227] [228] [229] [230] [231] [232] [233] [234] [235] [236] [237] [238]
[239] [240

]
Chapter 21.
[241] [242] [243] [244] [245] [246] [247] [248

]
Chapter 22.
[249] [250] [251] [252] [253] [254] [255] [256] [257] [258] [259] [260]
[261]
Underfull \vbox (badness 10000) has occurred while \output is active []

 [262]
[263] [264] [265] [266] [267] [268] [269] [270] [271] [272] [273] [274]
[275] [276] [277] [278] [279] [280] [281] [282] [283] [284] [285] [286]
[287] [288] [289] [290] [291] [292] [293] [294] [295]
Overfull \hbox (46.24812pt too wide) in paragraph at lines 14616--14619
[]\OT1/cmr/m/n/10 To cre-ate a file con-tain-ing the par-ti-cles in the BACK-GR
OUND box (\OT1/cmr/m/it/10 not \OT1/cmr/m/n/10 the source box), put PART\OT1/cm
tt/m/n/10 _\OT1/cmr/m/n/10 FILE=$\OML/cmm/m/it/10 filename$
 []

[296] [297] [298] [299] [300] [301] [302] [303] [304]
Chapter 23.
[305

] [306] [307] [308]
Chapter 24.
[309

] [310] [311] [312] [313] [314] [315] [316] [317] [318] [319] [320]
[321] [322] [323] [324] [325] [326] [327] [328]
Chapter 25.
[329

] [330] [331] [332]
Chapter 26.
[333

] [334] [335] [336]
Chapter 27.
[337

] [338] [339] [340]
Chapter 28.
[341

] [342] (sun98.aux) ) 
Here is how much of TeX's memory you used:
 267 strings out of 10950
 2578 string characters out of 73448
 55491 words of memory out of 262141
 3164 multiletter control sequences out of 9500
 7538 words of font info for 27 fonts, out of 100000 for 255
 14 hyphenation exceptions out of 607
 23i,5n,18p,132b,427s stack positions out of 300i,40n,60p,3000b,4000s

Output written on sun98.dvi (342 pages, 859488 bytes).
