# ##################################################################
#           EXAMPLE HEATRUN OBSERVATION PARAMETERS
# ##################################################################

# RA/Dec as HH/DD:MM:SS.S
ra=00:00:00.0
dec=00:00:00.0

# Pick your wavelength (m)
lambda=0.85e-3

# Start observing on this date (UT MJD)
mjdaystart=53997.5

# Sample time (s)
steptime=5.0e-3

# Select the HEATRUN observing mode
obsmode=heatrun

# Name of desired flatfield method: TABLE or POLYNOMIAL
flatname=TABLE

# Heater settings for TABLE: note the start and increment are
# wavelength dependent. See the general simfile.lis for information on
# the relative atmospheric power at 850/450 um.

# Starting heater power (pW)
heatstart=24.2

# Increment in heater power (pW)
heatstep=0.01

# Number of steps to increment heater power
heatnum=150

