# #####################################
# DREAM-specific observation parameters
# #####################################

# These parameters can be separated into two main categories:
# 1) SMU movement & DREAM pattern
# 2) Image reconstruction
# In principle parameters for the latter are only required when
# calculating the DREAM weights arrays (dreamweights)

# Select DREAM observing mode
obsmode=dream

# ########################
# SMU related parameters:
# ########################

# Number of samples taken during the time it takes the SMU to move
# from jiggle vertex to the next, a measure of the SMU speed. Unlikely
# to be lower than 8 (default).
smu_samples=8

# SMU phase offset
smu_offset=0.0

# Integer code for the SMU motion alogorithm
smu_move=8

# #########################
# DREAM pattern definition. 
# #########################

# Array of X,Y positions defining the vertices of the DREAM pattern,
# listed in visit order.
jig_pos.x=(0,-1,1,-1,0,1,-1,1)
jig_pos.y=(1,-1,0,1,-1,1,0,-1)

# X,Y scale factors for DREAM jiggle pattern (arcsec), usualy integer
# multiples of the detector spacing
jig_step_x=12.56
jig_step_y=12.56

# Integer code for convolution function. Possible options:
# 0 - Gaussian, 1 - sinc(dx).sinc(dy), 2 - sinc(dx).sinc(dy) tapered,
# 3 - sinc(dx).sinc(dy) delay tapered. Default is 1.
conv_shape=1

# Convolution function parameter, essentially a measure of the `width'
# of the convolution function. Default is 1.0
conv_sig=1.0

# #################################
# Image reconstruction parameters:
# #################################

# Upper and lower bounds of grid `seen' by one bolometer for reconstruction
# Maximum corresponds to a 9x9 grid
grid_min_x=-4
grid_max_x=4
grid_min_y=-4
grid_max_y=4

# Distance between points in the reconstruction grid (arcsec)
grid_step_x=6.28
grid_step_y=6.28
