ant_block.o: antx1.inc
ant_cfind.o: CAT_ERR CAT_PAR
ant_err.o: CAT_PAR
ant_errc.o: CAT_PAR
ant_errd.o: CAT_PAR
ant_erri.o: CAT_PAR
ant_fgett.o: CAT_ERR CAT_PAR
ant_sevalt.o: CAT_PAR
ant_x.o: antx1.inc antx2.inc antx3.inc
attrbb.o: CAT1_ATTRB_CMN CAT1_PAR CAT_PAR
cat0_close.o: CAT1_PAR CAT_PAR
cat0_cnew.o: CAT1_PAR CAT_PAR
cat0_fincr.o: CAT1_PAR CAT_PAR
cat0_fiot.o: CAT1_PAR CAT_PAR
cat0_getxt.o: CAT1_PAR CAT_PAR
cat0_opnex.o: CAT1_PAR CAT_PAR
cat0_putxt.o: CAT1_PAR CAT_PAR
cat0_rstxt.o: CAT1_PAR CAT_PAR
cat1_addat.o: CAT1_ATTRB_CMN CAT1_PAR CAT_ERR CAT_PAR
cat1_addcl.o: CAT_ERR CAT_PAR
cat1_addpr.o: CAT_ERR CAT_PAR
cat1_anew.o: AST_PAR CAT1_AST_CMN CAT1_CTRL_CMN CAT_ERR CAT_PAR SAE_PAR
cat1_anfmt.o: CAT1_PAR CAT_PAR
cat1_angdc.o: CAT1_PAR CAT_PAR
cat1_anprs.o: CAT1_PAR CAT_PAR
cat1_axset.o: CAT_PAR SAE_PAR
cat1_bhopt.o: CAT_ERR CAT_PAR
cat1_catra.o: CAT_ERR CAT_PAR
cat1_catrw.o: CAT_ERR CAT_PAR
cat1_cielm.o: CAT1_IDS_CMN CAT1_PAR CAT_ERR CAT_PAR
cat1_ckmut.o: CAT_PAR
cat1_cnmpr.o: CAT1_PAR CAT_ERR CAT_PAR
cat1_cpyar.o: CAT_PAR
cat1_crcol.o: CAT1_DSDIR_CMN CAT_PAR
cat1_crpar.o: CAT1_DSDIR_CMN CAT_PAR
cat1_crtar.o: CAT_ERR CAT_PAR
cat1_crtci.o: CAT1_CATS_CMN CAT1_IDS_CMN CAT1_PAR CAT_ERR CAT_PAR
cat1_crtel.o: CAT_ERR CAT_PAR
cat1_crtid.o: CAT1_ATTRB_CMN CAT1_IDS_CMN CAT1_PAR CAT_ERR CAT_PAR
cat1_crtsl.o: CAT_PAR
cat1_cxfmt.o: CAT_PAR
cat1_dceqp.o: CAT_ERR CAT_PAR
cat1_dcitm.o: CAT1_PAR CAT_PAR
cat1_dcnlt.o: CAT_PAR
cat1_dcnme.o: CAT_ERR CAT_PAR
cat1_dcrcd.o: CAT1_PAR CAT_ERR CAT_PAR
cat1_dctyp.o: CAT1_PAR CAT_PAR
cat1_ddscr.o: CAT_PAR
cat1_dfatt.o: CAT_PAR
cat1_dmrcd.o: CAT_PAR
cat1_dpatt.o: CAT_PAR
cat1_dxfmt.o: CAT_ERR CAT_PAR
cat1_ecnlt.o: CAT_PAR
cat1_ecscr.o: CAT_ERR CAT_PAR
cat1_edscr.o: CAT_ERR CAT_PAR
cat1_eqckt.o: CAT_PAR
cat1_errep.o: CAT_PAR
cat1_errtr.o: CAT_ERR
cat1_fincr.o: CAT1_CATS_CMN CAT1_PAR CAT_ERR CAT_PAR
cat1_fiot.o: CAT1_CATS_CMN CAT1_PAR CAT_ERR CAT_PAR
cat1_frear.o: CAT_PAR
cat1_fresp.o: CAT1_ATTRB_CMN CAT1_IDS_CMN CAT1_PAR CAT_PAR
cat1_getlu.o: CAT_ERR CAT_PAR
cat1_gnsrt.o: CAT_PAR
cat1_gtdat.o: CAT_PAR
cat1_gtsra.o: CAT_ERR CAT_PAR
cat1_gtsrw.o: CAT_PAR
cat1_ioerr.o: CAT_ERR CAT_PAR
cat1_msg.o: CAT1_CTRL_CMN CAT_PAR
cat1_nlckt.o: CAT1_NUL CAT1_PAR CAT_ERR CAT_PAR
cat1_nmchk.o: CAT1_IDS_CMN CAT1_PAR CAT_PAR
cat1_nmunq.o: CAT_ERR CAT_PAR
cat1_prsvn.o: CAT_ERR CAT_PAR
cat1_put.o: CAT_PAR
cat1_qsrtd.o: CAT_PAR
cat1_rclsp.o: CAT1_ATTRB_CMN CAT1_CATS_CMN CAT1_IDS_CMN CAT1_PAR CAT_PAR
cat1_rdscr.o: CAT1_DSDIR_CMN CAT1_PAR CAT_ERR CAT_PAR
cat1_rjlst.o: CAT_PAR
cat1_rngls.o: CAT_PAR
cat1_selct.o: CAT_ERR CAT_PAR
cat1_snkta.o: CAT1_AST_CMN CAT_PAR SAE_PAR
cat1_srcta.o: AST_PAR CAT1_AST_CMN CAT1_PAR CAT_ERR CAT_PAR SAE_PAR
cat1_stdir.o: CAT1_DSDIR_CMN CAT1_PAR CAT_PAR
cat1_tcnvt.o: CAT1_PAR CAT_ERR CAT_PAR PRM_PAR
cat1_tidnt.o: CAT1_ATTRB_CMN CAT1_IDS_CMN CAT1_PAR CAT_ERR CAT_PAR
cat1_tidtp.o: CAT1_IDS_CMN CAT1_PAR CAT_ERR CAT_PAR
cat1_topen.o: CAT1_AST_CMN CAT1_CATS_CMN CAT1_CTRL_CMN CAT1_IDS_CMN CAT1_PAR CAT_ERR CAT_PAR
cat3_close.o: CAT1_CATS_CMN CAT1_PAR CAT3_FIT_CMN CAT_ERR CAT_PAR
cat3_cnew.o: CAT1_CATS_CMN CAT1_PAR CAT3_FIT_CMN CAT_ERR CAT_PAR
cat3_fgcvt.o: CAT1_NUL CAT_ERR CAT_PAR
cat3_fincr.o: CAT1_NUL CAT1_PAR CAT3_FIT_CMN CAT3_FIT_PAR CAT_ERR CAT_PAR
cat3_fiot.o: CAT1_IDS_CMN CAT1_PAR CAT3_FIT_CMN CAT_ERR CAT_PAR
cat3_fiter.o: CAT_PAR
cat3_getxt.o: CAT1_PAR CAT3_FIT_CMN CAT3_FIT_PAR CAT_ERR CAT_PAR
cat3_gtcla.o: CAT1_PAR CAT3_FIT_PAR CAT_ERR CAT_PAR
cat3_gtclb.o: CAT1_PAR CAT3_FIT_PAR CAT_ERR CAT_PAR
cat3_gtpar.o: CAT1_ATTRB_CMN CAT1_IDS_CMN CAT1_PAR CAT_ERR CAT_PAR
cat3_gtxcl.o: CAT_PAR
cat3_gvalt.o: CAT1_NUL CAT3_FIT_PAR CAT_ERR CAT_PAR
cat3_opnex.o: CAT1_CATS_CMN CAT1_IDS_CMN CAT1_PAR CAT3_FIT_CMN CAT_ERR CAT_PAR
cat3_putxt.o: CAT1_PAR CAT3_FIT_CMN CAT3_FIT_PAR CAT_ERR CAT_PAR
cat3_pvalt.o: CAT3_FIT_PAR CAT_ERR CAT_PAR
cat3_rdord.o: CAT_PAR
cat3_rstxt.o: CAT1_PAR CAT3_FIT_CMN CAT3_FIT_PAR CAT_PAR
cat3_wtord.o: CAT_ERR CAT_PAR
cat5_ancdc.o: CAT1_PAR CAT5_ANG_CMN CAT_PAR
cat5_close.o: CAT1_CATS_CMN CAT1_IDS_CMN CAT1_PAR CAT5_STL_CMN CAT_PAR
cat5_cnew.o: CAT1_CATS_CMN CAT1_PAR CAT5_STL_CMN CAT_ERR CAT_PAR
cat5_cntrc.o: CAT1_PAR CAT_ERR CAT_PAR
cat5_dcang.o: CAT1_PAR CAT5_ANG_CMN CAT_ERR CAT_PAR
cat5_fincr.o: CAT1_CATS_CMN CAT1_IDS_CMN CAT1_PAR CAT5_STL_CMN CAT_ERR CAT_PAR
cat5_fiot.o: CAT1_CATS_CMN CAT1_IDS_CMN CAT1_NUL CAT1_PAR CAT5_STL_CMN CAT_ERR CAT_PAR
cat5_getxt.o: CAT1_PAR CAT5_STL_CMN CAT_ERR CAT_PAR
cat5_glfmt.o: CAT_PAR
cat5_gtaet.o: CAT_ERR CAT_PAR
cat5_gtcae.o: CAT_ERR CAT_PAR
cat5_gtcld.o: CAT1_DSDIR_CMN CAT1_PAR CAT5_STL_CMN CAT_ERR CAT_PAR
cat5_gtval.o: CAT1_PAR CAT5_ANG_CMN CAT_PAR
cat5_opnex.o: CAT1_CATS_CMN CAT1_DSDIR_CMN CAT1_IDS_CMN CAT1_PAR CAT5_STL_CMN CAT_ERR CAT_PAR
cat5_putxt.o: CAT1_PAR CAT5_STL_CMN CAT_ERR CAT_PAR
cat5_rdtbl.o: CAT1_PAR CAT5_STL_CMN CAT_ERR CAT_PAR
cat5_rdtbx.o: CAT1_PAR CAT5_ANG_CMN CAT5_STL_CMN CAT_ERR CAT_PAR
cat5_rstxt.o: CAT1_PAR CAT5_STL_CMN CAT_PAR
cat5_staet.o: CAT_ERR CAT_PAR
cat5_stcae.o: CAT_ERR CAT_PAR
cat5_stnul.o: CAT_PAR
cat5_wrcol.o: CAT_PAR
cat5_wrpar.o: CAT_PAR
cat5_wrtbl.o: CAT1_IDS_CMN CAT1_PAR CAT5_STL_CMN CAT_ERR CAT_PAR
cat6_cknme.o: CAT_ERR CAT_PAR
cat6_close.o: CAT1_CATS_CMN CAT1_IDS_CMN CAT1_PAR CAT6_TST_CMN CAT_PAR
cat6_cnew.o: CAT1_CATS_CMN CAT1_PAR CAT6_TST_CMN CAT_ERR CAT_PAR
cat6_coldt.o: CAT1_PAR CAT6_TST_CMN CAT_PAR
cat6_crcol.o: CAT1_PAR CAT6_TST_CMN CAT_PAR
cat6_crpar.o: CAT_PAR
cat6_ddscr.o: CAT_PAR
cat6_dtype.o: CAT_PAR
cat6_eprse.o: CAT_PAR
cat6_fincr.o: CAT1_CATS_CMN CAT1_IDS_CMN CAT1_PAR CAT6_TST_CMN CAT_ERR CAT_PAR
cat6_fiot.o: CAT1_CATS_CMN CAT1_IDS_CMN CAT1_NUL CAT1_PAR CAT6_TST_CMN CAT_ERR CAT_PAR
cat6_getxt.o: CAT1_PAR CAT6_TST_CMN CAT_ERR CAT_PAR
cat6_gtaet.o: CAT_ERR CAT_PAR
cat6_gtcae.o: CAT_ERR CAT_PAR
cat6_gtcld.o: CAT1_PAR CAT_ERR CAT_PAR
cat6_opnex.o: CAT1_CATS_CMN CAT1_IDS_CMN CAT1_PAR CAT6_TST_CMN CAT_ERR CAT_PAR
cat6_putxt.o: CAT1_PAR CAT6_TST_CMN CAT_ERR CAT_PAR
cat6_rdrow.o: CAT1_PAR CAT6_TST_CMN CAT_ERR CAT_PAR
cat6_rdscr.o: CAT1_PAR CAT6_TST_CMN CAT_ERR CAT_PAR
cat6_rdtbl.o: CAT1_PAR CAT_ERR CAT_PAR
cat6_rstxt.o: CAT1_PAR CAT6_TST_CMN CAT_PAR
cat6_spcol.o: CAT1_PAR CAT6_TST_CMN CAT_PAR
cat6_split.o: CAT_PAR
cat6_staet.o: CAT_ERR CAT_PAR
cat6_stcae.o: CAT_ERR CAT_PAR
cat6_stnul.o: CAT_PAR
cat6_wrcol.o: CAT1_PAR CAT6_TST_CMN CAT_PAR
cat6_wrpar.o: CAT1_PAR CAT6_TST_CMN CAT_PAR
cat6_wrtbl.o: CAT1_PAR CAT6_TST_CMN CAT_PAR
cat_aexst.o: AST_PAR CAT1_AST_CMN CAT_PAR SAE_PAR
cat_aget.o: AST_PAR CAT1_AST_CMN CAT_PAR SAE_PAR
cat_aput.o: AST_PAR CAT1_AST_CMN CAT_PAR SAE_PAR
cat_aset.o: CAT1_AST_CMN CAT1_PAR CAT_ERR CAT_PAR SAE_PAR
cat_assoc.o: CAT_PAR PAR_ERR SAE_PAR
cat_cinq.o: CAT_PAR
cat_cnewa.o: CAT1_CATS_CMN CAT_ERR CAT_PAR
cat_cnews.o: CAT1_CATS_CMN CAT_ERR CAT_PAR
cat_creat.o: CAT_PAR PAR_ERR SAE_PAR
cat_egt0f.o: CAT1_CATS_CMN CAT1_CTRL_CMN CAT_ERR CAT_PAR
cat_egt0t.o: CAT1_CATS_CMN CAT_ERR CAT_PAR
cat_eidnt.o: CAT_ERR CAT_PAR
cat_exist.o: CAT_PAR PAR_ERR SAE_PAR
cat_fgt0f.o: CAT_PAR
cat_fgt0t.o: CAT_PAR
cat_getxt.o: CAT1_CATS_CMN CAT1_PAR CAT_ERR CAT_PAR
cat_iinq.o: CAT_ERR CAT_PAR
cat_inew.o: CAT_ERR CAT_PAR
cat_pinq.o: CAT_PAR
cat_pnew0.o: CAT1_CATS_CMN CAT_ERR CAT_PAR
cat_pptat.o: CAT1_CATS_CMN CAT_ERR CAT_PAR
cat_pptst.o: CAT1_CATS_CMN CAT_ERR CAT_PAR
cat_put0t.o: CAT1_CATS_CMN CAT1_PAR CAT_ERR CAT_PAR
cat_putxt.o: CAT1_CATS_CMN CAT1_PAR CAT_ERR CAT_PAR
cat_rapnd.o: CAT1_CATS_CMN CAT1_PAR CAT_ERR CAT_PAR
cat_rget.o: CAT1_CATS_CMN CAT1_PAR CAT_ERR CAT_PAR
cat_rset.o: CAT1_CATS_CMN CAT1_PAR CAT_ERR CAT_PAR
cat_rstxt.o: CAT1_CATS_CMN CAT1_PAR CAT_ERR CAT_PAR
cat_selct.o: CAT_ERR CAT_PAR
cat_sfndt.o: CAT_ERR CAT_PAR
cat_sinq.o: CAT_ERR CAT_PAR
cat_slist.o: CAT_ERR CAT_PAR
cat_srngt.o: CAT_ERR CAT_PAR
cat_sztxt.o: CAT1_CATS_CMN CAT1_PAR CAT_ERR CAT_PAR
cat_tattt.o: CAT1_ATTRB_CMN CAT1_IDS_CMN CAT1_PAR CAT_ERR CAT_PAR
cat_tcols.o: CAT1_CATS_CMN CAT1_PAR CAT_ERR CAT_PAR
cat_tdetl.o: CAT1_CATS_CMN CAT1_PAR CAT_ERR CAT_PAR
cat_tidnt.o: CAT1_ATTRB_CMN CAT1_IDS_CMN CAT1_PAR CAT_ERR CAT_PAR
cat_tidpr.o: CAT1_IDS_CMN CAT1_PAR CAT_ERR CAT_PAR
cat_tidtp.o: CAT_PAR
cat_tiqat.o: CAT1_ATTRB_CMN CAT1_IDS_CMN CAT1_PAR CAT_ERR CAT_PAR
cat_tndnt.o: CAT1_IDS_CMN CAT1_PAR CAT_PAR
cat_topen.o: CAT_PAR
cat_trlse.o: CAT1_CATS_CMN CAT1_PAR CAT_ERR CAT_PAR
cat_trows.o: CAT1_CATS_CMN CAT1_PAR CAT_ERR CAT_PAR
cat_tuneg.o: CAT1_CTRL_CMN CAT_ERR CAT_PAR
cat_tunes.o: CAT1_CTRL_CMN CAT_ERR CAT_PAR
cat_tyfmt.o: CAT_PAR
catsb.o: CAT1_CATS_CMN CAT1_PAR CAT_PAR
ctrlb.o: CAT1_CTRL_CMN CAT1_PAR CAT_PAR
idsb.o: CAT1_IDS_CMN CAT1_PAR CAT_PAR
