COF_ESCOX  :D,I,R,W
COF_GKEYX  :C,D,I,L,R
COF_MXMNX  :D,I,R,W
COF_SCOFX  :D,I,R,W
COI_ALOGX  :D,R
COI_CHEVX  :D,R
COI_LEGEX  :D,R
COI_SP1EX  :D,R
COI_SP3EX  :D,R
COI_WMS5X  :D,R
CON_AXBNX  :D,R
CON_AXCOX  :D,R
CON_AXGVX  :D,R
CON_AXLIX  :D,I,R,UW,W
CON_CD2IX  :R,W
CON_CHVAX  :R,W,I
CON_CI2DX  :R,W
CON_CONSX  :B,D,I,L,R,UB,UW,W
CON_EKEYX  :C,D,I,L,R
CON_FILLX  :D
CON_FKEYX  :D,I,L,R
CON_GKEYX  :D,I,L,R
CON_IAFFX  :D,I,R
CON_IFUFX  :NUMERIC
CON_IUDAX  :NUMERIC
CON_OAFFX  :D,I,R
CON_OFUFX  :NUMERIC
CON_OUDAX  :NUMERIC
CON_PRSAX  :D,I,R
CON_SSAZX  :D,R
CON_THRSX  :NUMERIC
CON_TRNDX  :D,I,R
