 E02CBF Example Program Results

 Y =    0.1000D+01

   I     X(I)      Poly(X(I),Y)
   1   5.0000D-01   2.0812D+00
   2   1.0000D+00   2.1888D+00
   3   1.5000D+00   2.3018D+00
   4   2.0000D+00   2.4204D+00
   5   2.5000D+00   2.5450D+00
   6   3.0000D+00   2.6758D+00
   7   3.5000D+00   2.8131D+00
   8   4.0000D+00   2.9572D+00
   9   4.5000D+00   3.1084D+00

 Y =    0.1500D+01

   I     X(I)      Poly(X(I),Y)
   1   5.0000D-01   2.6211D+00
   2   1.0000D+00   2.7553D+00
   3   1.5000D+00   2.8963D+00
   4   2.0000D+00   3.0444D+00
   5   2.5000D+00   3.2002D+00
   6   3.0000D+00   3.3639D+00
   7   3.5000D+00   3.5359D+00
   8   4.0000D+00   3.7166D+00

 Y =    0.2000D+01

   I     X(I)      Poly(X(I),Y)
   1   5.0000D-01   3.1700D+00
   2   1.0000D+00   3.3315D+00
   3   1.5000D+00   3.5015D+00
   4   2.0000D+00   3.6806D+00
   5   2.5000D+00   3.8692D+00
   6   3.0000D+00   4.0678D+00
   7   3.5000D+00   4.2769D+00
   8   4.0000D+00   4.4971D+00
