 ********************************************
 ****  pda_subplx minimization of fun  ******
 ********************************************
 n =              10
 tol1,tol2,tolfac=  0.100000000000000       1.000000000000000E-004
  0.100000000000000     
 nf1,nf2,nfinc=         100        1000         100
 scale = -0.100000000000000     
 x0 =
      0.10000E+01    0.10000E+01    0.10000E+01    0.10000E+01    0.10000E+01
      0.10000E+01    0.10000E+01    0.10000E+01    0.10000E+01    0.10000E+01



    maxnfe    tol            fx             nfe            iflag

       100      0.10E+00       0.67782E+01     101            -1
       200      0.10E+00       0.20561E+01     200            -1
       300      0.10E+00       0.15834E-02     303            -1
       400      0.10E+00       0.63707E-03     400            -1
       500      0.10E+00       0.62107E-03     418             0
       500      0.10E-01       0.80050E-05     500            -1
       600      0.10E-01       0.41155E-05     555             0
       600      0.10E-02       0.94941E-06     601            -1
       700      0.10E-02       0.15387E-07     701            -1
       800      0.10E-02       0.15387E-07     701             0
       800      0.10E-03       0.32092E-09     775             0
       800      0.10E-04       0.21750E-09     801            -1
       900      0.10E-04       0.70755E-10     849             0
 ****************************************
 ******* optimization results ***********
 ****************************************
 iflag =  0     (tol satisfied             )

 nfe=    849     fx=  0.70755096E-10

 x =
      0.44266E-05    0.35923E-06    0.41643E-05   -0.24917E-05    0.44951E-06
     -0.10827E-05   -0.27688E-05    0.36642E-05    0.21584E-05    0.59628E-06
