/apps/jdk
Buildfile: build.xml

prepare:

build:

call_package_ant:
     [echo] Executing JUnit target: build

prepare:

build:
     [copy] Copying 2 files to /apps/cvsbuild/java/source/junit/lib/junit
     [echo] Executing tamfits target: build

prepare:

check_packages:

build:
    [mkdir] Created dir: /apps/cvsbuild/java/source/tamfits/build/classes
    [javac] Compiling 45 source files to /apps/cvsbuild/java/source/tamfits/build/classes
     [echo] Executing axis target: build

prepare:

build:
     [copy] Copying 16 files to /apps/cvsbuild/java/source/axis/lib/axis
     [echo] Executing Jetty target: build

prepare:

build:
     [copy] Copying 5 files to /apps/cvsbuild/java/source/jetty/lib/jetty
     [echo] Executing UTIL target: build

prepare:

check_packages:

build:
    [mkdir] Created dir: /apps/cvsbuild/java/source/util/build/classes
    [javac] Compiling 47 source files to /apps/cvsbuild/java/source/util/build/classes
     [copy] Copying 17 files to /apps/cvsbuild/java/source/util/build/classes
     [echo] Executing Task target: build

prepare:

check_packages:

build:
    [mkdir] Created dir: /apps/cvsbuild/java/source/task/build/classes
    [javac] Compiling 12 source files to /apps/cvsbuild/java/source/task/build/classes
    [mkdir] Created dir: /apps/cvsbuild/java/source/task/lib/task
     [echo] Executing JNIAST target: build

prepare:

check_packages:

build_classes:
    [mkdir] Created dir: /apps/cvsbuild/java/source/jniast/build/classes
    [javac] Compiling 50 source files to /apps/cvsbuild/java/source/jniast/build/classes

unpack_jni:

unpack_jni_arch:
    [unjar] Expanding: /apps/cvsbuild/java/source/jniast/src/lib/i386/jniast_libs.jar into /apps/cvsbuild/java/source/jniast/lib/i386

unpack_jni_arch:
    [unjar] Expanding: /apps/cvsbuild/java/source/jniast/src/lib/sparc/jniast_libs.jar into /apps/cvsbuild/java/source/jniast/lib/sparc

unpack_jni_arch:
    [unjar] Expanding: /apps/cvsbuild/java/source/jniast/src/lib/x86/jniast_libs.jar into /apps/cvsbuild/java/source/jniast/lib/x86

unpack_jni_arch:
    [unjar] Expanding: /apps/cvsbuild/java/source/jniast/src/lib/ppc/jniast_libs.jar into /apps/cvsbuild/java/source/jniast/lib/ppc

BUILD FAILED
file:/apps/cvsbuild/java/source/jniast/build.xml:426: Error while expanding /apps/cvsbuild/java/source/jniast/src/lib/ppc/jniast_libs.jar

Total time: 17 seconds
