/apps/jdk
Buildfile: build.xml

prepare:

deinstall:

call_package_ant:
     [echo] Executing JUnit target: deinstall

deinstall:

real_deinstall:
   [delete] Deleting: /apps/cvsbuild/java/source/junit/.junit.install
     [echo] Executing tamfits target: deinstall

deinstall:

real_deinstall:
   [delete] Deleting: /apps/cvsbuild/java/source/tamfits/.tamfits.install
     [echo] Executing axis target: deinstall

deinstall:

real_deinstall:
   [delete] Deleting: /apps/cvsbuild/java/source/axis/.axis.install
     [echo] Executing Jetty target: deinstall

deinstall:

real_deinstall:
   [delete] Deleting: /apps/cvsbuild/java/source/jetty/.jetty.install
     [echo] Executing UTIL target: deinstall

deinstall:

real_deinstall:
   [delete] Deleting: /apps/cvsbuild/java/source/util/.util.install
     [echo] Executing Task target: deinstall

deinstall:

real_deinstall:
   [delete] Deleting: /apps/cvsbuild/java/source/task/.task.install
     [echo] Executing JNIAST target: deinstall

deinstall:

real_deinstall:
   [delete] Deleting: /apps/cvsbuild/java/source/jniast/.jniast.install
     [echo] Executing DIVA target: deinstall

deinstall:

real_deinstall:
   [delete] Deleting: /apps/cvsbuild/java/source/diva/.diva.install
     [echo] Executing HELP target: deinstall

deinstall:

real_deinstall:
   [delete] Deleting: /apps/cvsbuild/java/source/help/.help.install
     [echo] Executing ASTGUI target: deinstall

deinstall:

real_deinstall:
   [delete] Deleting: /apps/cvsbuild/java/source/astgui/.astgui.install
     [echo] Executing JNIHDS target: deinstall

deinstall:

real_deinstall:
   [delete] Deleting: /apps/cvsbuild/java/source/jnihds/.jnihds.install
     [echo] Executing HDX target: deinstall

deinstall:

real_deinstall:
   [delete] Deleting: /apps/cvsbuild/java/source/hdx/.hdx.install
     [echo] Executing NDArray target: deinstall

deinstall:

real_deinstall:
   [delete] Deleting: /apps/cvsbuild/java/source/array/.array.install
     [echo] Executing NDX target: deinstall

deinstall:

real_deinstall:
   [delete] Deleting: /apps/cvsbuild/java/source/ndx/.ndx.install
     [echo] Executing Table target: deinstall

deinstall:

real_deinstall:
     [echo] Executing NDTools target: deinstall

deinstall:

real_deinstall:
     [echo] Executing HDS target: deinstall

deinstall:

real_deinstall:
     [echo] Executing FITS target: deinstall

deinstall:

real_deinstall:
     [echo] Executing JSky target: deinstall

deinstall:

real_deinstall:
     [echo] Executing Pal target: deinstall

deinstall:

real_deinstall:
     [echo] Executing VOTable target: deinstall

deinstall:

real_deinstall:
     [echo] Executing JAIUtil target: deinstall

deinstall:

real_deinstall:
     [echo] Executing SOAPSERVER target: deinstall

deinstall:

real_deinstall:
     [echo] Executing JPCS target: deinstall

deinstall:

real_deinstall:
     [echo] Executing StarTask target: deinstall

deinstall:

real_deinstall:
     [echo] Executing SOG target: deinstall

deinstall:

real_deinstall:
     [echo] Executing SPLAT target: deinstall

deinstall:

real_deinstall:
     [echo] Executing Mirage target: deinstall

deinstall:

real_deinstall:
     [echo] Executing TOPCAT target: deinstall

deinstall:

real_deinstall:
     [echo] Executing Treeview target: deinstall

deinstall:

real_deinstall:
     [echo] Executing Coco target: deinstall

deinstall:

real_deinstall:
     [echo] Executing RV target: deinstall

deinstall:

real_deinstall:
     [echo] Executing FROG target: deinstall

deinstall:

real_deinstall:

BUILD SUCCESSFUL
Total time: 10 seconds
