/apps/jdk
Buildfile: build.xml

prepare:

export:

call_package_ant:
     [echo] Executing JUnit target: export

export:

prepare:

build:

jars:
  [signjar] Signing Jar : /apps/cvsbuild/java/source/junit/lib/junit/junit.jar
  [signjar] Signing Jar : /apps/cvsbuild/java/source/junit/lib/junit/src.jar

webstart:

dist:

create_archives:
      [zip] Building zip: /apps/cvsbuild/export/junit-3.7.zip
      [tar] Building tar: /apps/cvsbuild/java/source/junit/junit-3.7.tar
     [gzip] Building: /apps/cvsbuild/export/junit-3.7.tar.gz
    [bzip2] Building: /apps/cvsbuild/export/junit-3.7.tar.bz2
   [delete] Deleting: /apps/cvsbuild/java/source/junit/junit-3.7.tar
     [echo] Executing tamfits target: export

export:

prepare:

check_packages:

build:

jars:
      [jar] Building jar: /apps/cvsbuild/java/source/tamfits/lib/tamfits/tamfits.jar
  [signjar] Signing Jar : /apps/cvsbuild/java/source/tamfits/lib/tamfits/tamfits.jar

javadoc_check:

javadocs:

webstart:

dist:

create_archives:
      [zip] Building zip: /apps/cvsbuild/export/tamfits-0.96a.zip
      [tar] Building tar: /apps/cvsbuild/java/source/tamfits/tamfits-0.96a.tar
     [gzip] Building: /apps/cvsbuild/export/tamfits-0.96a.tar.gz
    [bzip2] Building: /apps/cvsbuild/export/tamfits-0.96a.tar.bz2
   [delete] Deleting: /apps/cvsbuild/java/source/tamfits/tamfits-0.96a.tar
     [echo] Executing axis target: export

export:

prepare:

build:

jars:
  [signjar] Signing Jar : /apps/cvsbuild/java/source/axis/lib/axis/jaxrpc.jar
  [signjar] Signing Jar : /apps/cvsbuild/java/source/axis/lib/axis/axis.jar
  [signjar] Signing Jar : /apps/cvsbuild/java/source/axis/lib/axis/log4j-core.jar
  [signjar] Signing Jar : /apps/cvsbuild/java/source/axis/lib/axis/axis-ant.jar
  [signjar] Signing Jar : /apps/cvsbuild/java/source/axis/lib/axis/wsdl4j.jar
  [signjar] Signing Jar : /apps/cvsbuild/java/source/axis/lib/axis/log4j-1.2.4.jar
  [signjar] Signing Jar : /apps/cvsbuild/java/source/axis/lib/axis/commons-discovery.jar
  [signjar] Signing Jar : /apps/cvsbuild/java/source/axis/lib/axis/saaj.jar
  [signjar] Signing Jar : /apps/cvsbuild/java/source/axis/lib/axis/tt-bytecode.jar
  [signjar] Signing Jar : /apps/cvsbuild/java/source/axis/lib/axis/commons-logging.jar

webstart:

dist:

create_archives:
      [zip] Building zip: /apps/cvsbuild/export/axis-1.0b2.zip
      [tar] Building tar: /apps/cvsbuild/java/source/axis/axis-1.0b2.tar

BUILD FAILED
file:/apps/cvsbuild/java/source/axis/build.xml:315: Problem creating TAR: No space left on device

Total time: 51 seconds
