/apps/jdk
Buildfile: build.xml

prepare:

javadocs-full:

call_package_ant:
     [echo] Executing JUnit target: javadoc-sources

javadoc-sources:
     [echo] Executing tamfits target: javadoc-sources

javadoc-sources:
     [echo] Executing axis target: javadoc-sources

javadoc-sources:
     [echo] Executing Jetty target: javadoc-sources

javadoc-sources:
     [echo] Executing UTIL target: javadoc-sources

javadoc-sources:
     [echo] Executing Task target: javadoc-sources

javadoc-sources:
     [echo] Executing JNIAST target: javadoc-sources

prepare:

get_ast_source:
    [untar] Expanding: /apps/cvsbuild/java/source/jniast/src/ast/ast_source.tar into /apps/cvsbuild/java/source/jniast/build/ast

assemble_java:

javadoc-sources:
     [echo] Executing ASTGUI target: javadoc-sources

javadoc-sources:
     [echo] Executing JNIHDS target: javadoc-sources

javadoc-sources:
     [echo] Executing HDX target: javadoc-sources

javadoc-sources:
     [echo] Executing NDArray target: javadoc-sources

prepare:

assemble_java:

javadoc-sources:
     [echo] Executing NDX target: javadoc-sources

javadoc-sources:
     [echo] Executing Table target: javadoc-sources

javadoc-sources:
     [echo] Executing NDTools target: javadoc-sources

javadoc-sources:
     [echo] Executing HDS target: javadoc-sources

javadoc-sources:
     [echo] Executing FITS target: javadoc-sources

javadoc-sources:
     [echo] Executing DIVA target: javadoc-sources

javadoc-sources:
     [echo] Executing JSky target: javadoc-sources

javadoc-sources:
     [echo] Executing Pal target: javadoc-sources

javadoc-sources:
     [echo] Executing VOTable target: javadoc-sources

javadoc-sources:
     [echo] Executing JAIUtil target: javadoc-sources

javadoc-sources:
     [echo] Executing SOAPSERVER target: javadoc-sources

javadoc-sources:
     [echo] Executing SOG target: javadoc-sources

javadoc-sources:
     [echo] Executing SPLAT target: javadoc-sources

javadoc-sources:
     [echo] Executing Mirage target: javadoc-sources

javadoc-sources:
     [echo] Executing TOPCAT target: javadoc-sources

javadoc-sources:
     [echo] Executing Treeview target: javadoc-sources

javadoc-sources:
     [echo] Executing Coco target: javadoc-sources

javadoc-sources:
     [echo] Executing RV target: javadoc-sources

javadoc-sources:
     [echo] Executing FROG target: javadoc-sources

javadoc-sources:
  [javadoc] Generating Javadoc
  [javadoc] Javadoc execution
  [javadoc] Loading source files for package uk.ac.starlink.util...
  [javadoc] Loading source files for package uk.ac.starlink.util.images...
  [javadoc] Loading source files for package uk.ac.starlink.util.gui...
  [javadoc] Loading source files for package uk.ac.starlink.task...
  [javadoc] Loading source files for package uk.ac.starlink.ast...
  [javadoc] Loading source files for package uk.ac.starlink.ast.grf...
  [javadoc] Loading source files for package uk.ac.starlink.ast.xml...
  [javadoc] Loading source files for package uk.ac.starlink.ast.gui...
  [javadoc] Loading source files for package uk.ac.starlink.hds...
  [javadoc] Loading source files for package uk.ac.starlink.array...
  [javadoc] Loading source files for package uk.ac.starlink.ndx...
  [javadoc] Loading source files for package uk.ac.starlink.table...
  [javadoc] Loading source files for package uk.ac.starlink.table.gui...
  [javadoc] Loading source files for package uk.ac.starlink.table.jdbc...
  [javadoc] Loading source files for package uk.ac.starlink.table.formats...
  [javadoc] Loading source files for package uk.ac.starlink.fits...
  [javadoc] Loading source files for package uk.ac.starlink.votable...
  [javadoc] Loading source files for package uk.ac.starlink.hdx...
  [javadoc] Loading source files for package uk.ac.starlink.jaiutil...
  [javadoc] Loading source files for package uk.ac.starlink.soap...
  [javadoc] Loading source files for package uk.ac.starlink.pal...
  [javadoc] Loading source files for package uk.ac.starlink.coco...
  [javadoc] Loading source files for package uk.ac.starlink.rv...
  [javadoc] Loading source files for package nom.tam.util...
  [javadoc] Loading source files for package nom.tam.fits...
  [javadoc] Loading source files for package nom.tam.image...
  [javadoc] Loading source files for package jsky.navigator...
  [javadoc] Loading source files for package jsky.util...
  [javadoc] Loading source files for package jsky.util.gui...
  [javadoc] Loading source files for package jsky.util.java2d...
  [javadoc] Loading source files for package jsky.catalog...
  [javadoc] Loading source files for package jsky.catalog.gui...
  [javadoc] Loading source files for package jsky.catalog.irsa...
  [javadoc] Loading source files for package jsky.catalog.astrocat...
  [javadoc] Loading source files for package jsky.catalog.skycat...
  [javadoc] Loading source files for package jsky.coords...
  [javadoc] Loading source files for package jsky.image...
  [javadoc] Loading source files for package jsky.image.gui...
  [javadoc] Loading source files for package jsky.image.fits...
  [javadoc] Loading source files for package jsky.image.fits.codec...
  [javadoc] Loading source files for package jsky.image.fits.gui...
  [javadoc] Loading source files for package jsky.image.operator...
  [javadoc] Loading source files for package jsky.image.graphics...
  [javadoc] Loading source files for package jsky.image.graphics.gui...
  [javadoc] Loading source files for package jsky.timeline...
  [javadoc] Loading source files for package jsky.graphics...
  [javadoc] Loading source files for package jsky.html...
  [javadoc] Loading source files for package jsky.science...
  [javadoc] Loading source files for package jsky.app.jskycat...
  [javadoc] Constructing Javadoc information...
  [javadoc] /apps/cvsbuild/java/source/util/build/java/uk/ac/starlink/util/Compression.java:7: package org.apache.tools.bzip2 does not exist
  [javadoc] import org.apache.tools.bzip2.CBZip2InputStream;
  [javadoc]                               ^
  [javadoc] /apps/cvsbuild/java/source/astgui/build/java/uk/ac/starlink/ast/gui/SelectTextField.java:17: package uk.ac.starlink.ast.gui.images does not exist
  [javadoc] import uk.ac.starlink.ast.gui.images.ImageHolder;
  [javadoc]                                      ^
  [javadoc] /apps/cvsbuild/java/source/astgui/build/java/uk/ac/starlink/ast/gui/SelectCharacters.java:30: package uk.ac.starlink.ast.gui.images does not exist
  [javadoc] import uk.ac.starlink.ast.gui.images.ImageHolder;
  [javadoc]                                      ^
  [javadoc] /apps/cvsbuild/java/source/astgui/build/java/uk/ac/starlink/ast/gui/PlotConfigurator.java:40: package uk.ac.starlink.ast.gui.images does not exist
  [javadoc] import uk.ac.starlink.ast.gui.images.ImageHolder;
  [javadoc]                                      ^
  [javadoc] /apps/cvsbuild/java/source/astgui/build/java/uk/ac/starlink/ast/gui/StoreConfigurator.java:33: package uk.ac.starlink.ast.gui.images does not exist
  [javadoc] import uk.ac.starlink.ast.gui.images.ImageHolder;
  [javadoc]                                      ^
  [javadoc] /apps/cvsbuild/java/source/soapserver/build/java/uk/ac/starlink/soap/AppEngineConfigurationFactory.java:5: package org.apache.axis does not exist
  [javadoc] import org.apache.axis.EngineConfigurationFactory;
  [javadoc]                        ^
  [javadoc] /apps/cvsbuild/java/source/soapserver/build/java/uk/ac/starlink/soap/AppEngineConfigurationFactory.java:6: package org.apache.axis does not exist
  [javadoc] import org.apache.axis.EngineConfiguration;
  [javadoc]                        ^
  [javadoc] /apps/cvsbuild/java/source/soapserver/build/java/uk/ac/starlink/soap/AppEngineConfigurationFactory.java:19: cannot resolve symbol
  [javadoc] symbol  : class EngineConfigurationFactory 
  [javadoc] location: class uk.ac.starlink.soap.AppEngineConfigurationFactory
  [javadoc]     implements EngineConfigurationFactory
  [javadoc]                ^
  [javadoc] /apps/cvsbuild/java/source/soapserver/build/java/uk/ac/starlink/soap/AppEngineConfigurationFactory.java:47: cannot resolve symbol
  [javadoc] symbol  : class EngineConfiguration 
  [javadoc] location: class uk.ac.starlink.soap.AppEngineConfigurationFactory
  [javadoc]     public EngineConfiguration getClientEngineConfig()
  [javadoc]            ^
  [javadoc] /apps/cvsbuild/java/source/soapserver/build/java/uk/ac/starlink/soap/AppEngineConfigurationFactory.java:57: cannot resolve symbol
  [javadoc] symbol  : class EngineConfiguration 
  [javadoc] location: class uk.ac.starlink.soap.AppEngineConfigurationFactory
  [javadoc]     public EngineConfiguration getServerEngineConfig()
  [javadoc]            ^
  [javadoc] /apps/cvsbuild/java/source/soapserver/build/java/uk/ac/starlink/soap/AppLogSink.java:5: package org.mortbay.util does not exist
  [javadoc] import org.mortbay.util.LogSink;
  [javadoc]                         ^
  [javadoc] /apps/cvsbuild/java/source/soapserver/build/java/uk/ac/starlink/soap/AppLogSink.java:6: package org.mortbay.util does not exist
  [javadoc] import org.mortbay.util.Frame;
  [javadoc]                         ^
  [javadoc] /apps/cvsbuild/java/source/soapserver/build/java/uk/ac/starlink/soap/AppLogSink.java:16: cannot resolve symbol
  [javadoc] symbol  : class LogSink 
  [javadoc] location: class uk.ac.starlink.soap.AppLogSink
  [javadoc]     implements LogSink
  [javadoc]                ^
  [javadoc] /apps/cvsbuild/java/source/soapserver/build/java/uk/ac/starlink/soap/AppLogSink.java:35: cannot resolve symbol
  [javadoc] symbol  : class Frame 
  [javadoc] location: class uk.ac.starlink.soap.AppLogSink
  [javadoc]     public void log(String tag, Object msg, Frame frame, long time )
  [javadoc]                                             ^
  [javadoc] /apps/cvsbuild/java/source/soapserver/build/java/uk/ac/starlink/soap/AppHttpSOAPServer.java:13: package javax.servlet does not exist
  [javadoc] import javax.servlet.Servlet;
  [javadoc]                      ^
  [javadoc] /apps/cvsbuild/java/source/soapserver/build/java/uk/ac/starlink/soap/AppHttpSOAPServer.java:14: package javax.xml.rpc does not exist
  [javadoc] import javax.xml.rpc.ServiceException;
  [javadoc]                      ^
  [javadoc] /apps/cvsbuild/java/source/soapserver/build/java/uk/ac/starlink/soap/AppHttpSOAPServer.java:16: package org.apache.axis.client does not exist
  [javadoc] import org.apache.axis.client.Call;
  [javadoc]                               ^
  [javadoc] /apps/cvsbuild/java/source/soapserver/build/java/uk/ac/starlink/soap/AppHttpSOAPServer.java:17: package org.apache.axis does not exist
  [javadoc] import org.apache.axis.AxisEngine;
  [javadoc]                        ^
  [javadoc] /apps/cvsbuild/java/source/soapserver/build/java/uk/ac/starlink/soap/AppHttpSOAPServer.java:18: package org.apache.axis.client does not exist
  [javadoc] import org.apache.axis.client.Service;
  [javadoc]                               ^
  [javadoc] /apps/cvsbuild/java/source/soapserver/build/java/uk/ac/starlink/soap/AppHttpSOAPServer.java:19: package org.apache.axis.configuration does not exist
  [javadoc] import org.apache.axis.configuration.SimpleProvider;
  [javadoc]                                      ^
  [javadoc] /apps/cvsbuild/java/source/soapserver/build/java/uk/ac/starlink/soap/AppHttpSOAPServer.java:20: package org.apache.axis.message does not exist
  [javadoc] import org.apache.axis.message.SOAPBodyElement;
  [javadoc]                                ^
  [javadoc] /apps/cvsbuild/java/source/soapserver/build/java/uk/ac/starlink/soap/AppHttpSOAPServer.java:21: package org.apache.axis.transport.http does not exist
  [javadoc] import org.apache.axis.transport.http.AxisServlet;
  [javadoc]                                       ^
  [javadoc] /apps/cvsbuild/java/source/soapserver/build/java/uk/ac/starlink/soap/AppHttpSOAPServer.java:22: package org.mortbay.http does not exist
  [javadoc] import org.mortbay.http.HttpContext;
  [javadoc]                         ^
  [javadoc] /apps/cvsbuild/java/source/soapserver/build/java/uk/ac/starlink/soap/AppHttpSOAPServer.java:23: package org.mortbay.http does not exist
  [javadoc] import org.mortbay.http.HttpServer;
  [javadoc]                         ^
  [javadoc] /apps/cvsbuild/java/source/soapserver/build/java/uk/ac/starlink/soap/AppHttpSOAPServer.java:24: package org.mortbay.jetty.servlet does not exist
  [javadoc] import org.mortbay.jetty.servlet.ServletHandler;
  [javadoc]                                  ^
  [javadoc] /apps/cvsbuild/java/source/soapserver/build/java/uk/ac/starlink/soap/AppHttpSOAPServer.java:25: package org.mortbay.jetty.servlet does not exist
  [javadoc] import org.mortbay.jetty.servlet.ServletHolder;
  [javadoc]                                  ^
  [javadoc] /apps/cvsbuild/java/source/soapserver/build/java/uk/ac/starlink/soap/AppHttpSOAPServer.java:26: package org.mortbay.jetty.servlet does not exist
  [javadoc] import org.mortbay.jetty.servlet.ServletHttpContext;
  [javadoc]                                  ^
  [javadoc] /apps/cvsbuild/java/source/soapserver/build/java/uk/ac/starlink/soap/AppHttpSOAPServer.java:27: package org.mortbay.jetty.servlet does not exist
  [javadoc] import org.mortbay.jetty.servlet.WebApplicationContext;
  [javadoc]                                  ^
  [javadoc] /apps/cvsbuild/java/source/soapserver/build/java/uk/ac/starlink/soap/AppHttpSOAPServer.java:28: package org.mortbay.util does not exist
  [javadoc] import org.mortbay.util.Code;
  [javadoc]                         ^
  [javadoc] /apps/cvsbuild/java/source/soapserver/build/java/uk/ac/starlink/soap/AppHttpSOAPServer.java:29: package org.mortbay.util does not exist
  [javadoc] import org.mortbay.util.Log;
  [javadoc]                         ^
  [javadoc] /apps/cvsbuild/java/source/soapserver/build/java/uk/ac/starlink/soap/AppHttpSOAPServer.java:30: package org.mortbay.xml does not exist
  [javadoc] import org.mortbay.xml.XmlConfiguration;
  [javadoc]                        ^
  [javadoc] /apps/cvsbuild/java/source/soapserver/build/java/uk/ac/starlink/soap/AppHttpSOAPServer.java:61: cannot resolve symbol
  [javadoc] symbol  : class HttpServer 
  [javadoc] location: class uk.ac.starlink.soap.AppHttpSOAPServer
  [javadoc] public class AppHttpSOAPServer extends HttpServer
  [javadoc]                                        ^
  [javadoc] /apps/cvsbuild/java/source/soapserver/build/java/uk/ac/starlink/soap/AppHttpSOAPServer.java:119: cannot resolve symbol
  [javadoc] symbol  : class HttpContext 
  [javadoc] location: class uk.ac.starlink.soap.AppHttpSOAPServer
  [javadoc]     protected HttpContext newHttpContext( String contextPathSpec )
  [javadoc]               ^
  [javadoc] /apps/cvsbuild/java/source/soapserver/build/java/uk/ac/starlink/soap/AppHttpSOAPServer.java:133: cannot resolve symbol
  [javadoc] symbol  : class WebApplicationContext 
  [javadoc] location: class uk.ac.starlink.soap.AppHttpSOAPServer
  [javadoc]     public WebApplicationContext addAxisSOAPServices( String direct )
  [javadoc]            ^
  [javadoc] /apps/cvsbuild/java/source/soapserver/build/java/uk/ac/starlink/soap/AppFileProvider.java:5: package org.apache.axis.configuration does not exist
  [javadoc] import org.apache.axis.configuration.FileProvider;
  [javadoc]                                      ^
  [javadoc] /apps/cvsbuild/java/source/soapserver/build/java/uk/ac/starlink/soap/AppFileProvider.java:6: package org.apache.axis does not exist
  [javadoc] import org.apache.axis.EngineConfiguration;
  [javadoc]                        ^
  [javadoc] /apps/cvsbuild/java/source/soapserver/build/java/uk/ac/starlink/soap/AppFileProvider.java:7: package org.apache.axis does not exist
  [javadoc] import org.apache.axis.ConfigurationException;
  [javadoc]                        ^
  [javadoc] /apps/cvsbuild/java/source/soapserver/build/java/uk/ac/starlink/soap/AppFileProvider.java:8: package org.apache.axis.deployment.wsdd does not exist
  [javadoc] import org.apache.axis.deployment.wsdd.WSDDDeployment;
  [javadoc]                                        ^
  [javadoc] /apps/cvsbuild/java/source/soapserver/build/java/uk/ac/starlink/soap/AppFileProvider.java:9: package org.apache.axis does not exist
  [javadoc] import org.apache.axis.AxisEngine;
  [javadoc]                        ^
  [javadoc] /apps/cvsbuild/java/source/soapserver/build/java/uk/ac/starlink/soap/AppFileProvider.java:10: package org.apache.axis does not exist
  [javadoc] import org.apache.axis.Handler;
  [javadoc]                        ^
  [javadoc] /apps/cvsbuild/java/source/soapserver/build/java/uk/ac/starlink/soap/AppFileProvider.java:11: package org.apache.axis.handlers.soap does not exist
  [javadoc] import org.apache.axis.handlers.soap.SOAPService;
  [javadoc]                                      ^
  [javadoc] /apps/cvsbuild/java/source/soapserver/build/java/uk/ac/starlink/soap/AppFileProvider.java:12: package org.apache.axis.encoding does not exist
  [javadoc] import org.apache.axis.encoding.TypeMappingRegistry;
  [javadoc]                                 ^
  [javadoc] /apps/cvsbuild/java/source/soapserver/build/java/uk/ac/starlink/soap/AppFileProvider.java:14: package javax.xml.namespace does not exist
  [javadoc] import javax.xml.namespace.QName;
  [javadoc]                            ^
  [javadoc] /apps/cvsbuild/java/source/soapserver/build/java/uk/ac/starlink/soap/AppFileProvider.java:34: cannot resolve symbol
  [javadoc] symbol  : class FileProvider 
  [javadoc] location: class uk.ac.starlink.soap.AppFileProvider
  [javadoc] public class AppFileProvider extends FileProvider
  [javadoc]                                      ^
  [javadoc] /apps/cvsbuild/java/source/soapserver/build/java/uk/ac/starlink/soap/AppFileProvider.java:42: cannot resolve symbol
  [javadoc] symbol  : class ConfigurationException 
  [javadoc] location: class uk.ac.starlink.soap.AppFileProvider
  [javadoc]         throws ConfigurationException
  [javadoc]                ^
  [javadoc] /apps/cvsbuild/java/source/soapserver/build/java/uk/ac/starlink/soap/AppFileProvider.java:55: cannot resolve symbol
  [javadoc] symbol  : class AxisEngine 
  [javadoc] location: class uk.ac.starlink.soap.AppFileProvider
  [javadoc]     public void writeEngineConfig( AxisEngine engine )
  [javadoc]                                    ^
  [javadoc] /apps/cvsbuild/java/source/soapserver/build/java/uk/ac/starlink/soap/AppFileProvider.java:56: cannot resolve symbol
  [javadoc] symbol  : class ConfigurationException 
  [javadoc] location: class uk.ac.starlink.soap.AppFileProvider
  [javadoc]         throws ConfigurationException 
  [javadoc]                ^
  [javadoc] /apps/cvsbuild/java/source/soapserver/build/java/uk/ac/starlink/soap/AppAxisServerFactory.java:5: package org.apache.axis does not exist
  [javadoc] import org.apache.axis.AxisEngine;
  [javadoc]                        ^
  [javadoc] /apps/cvsbuild/java/source/soapserver/build/java/uk/ac/starlink/soap/AppAxisServerFactory.java:6: package org.apache.axis does not exist
  [javadoc] import org.apache.axis.AxisFault;
  [javadoc]                        ^
  [javadoc] /apps/cvsbuild/java/source/soapserver/build/java/uk/ac/starlink/soap/AppAxisServerFactory.java:7: package org.apache.axis does not exist
  [javadoc] import org.apache.axis.EngineConfiguration;
  [javadoc]                        ^
  [javadoc] /apps/cvsbuild/java/source/soapserver/build/java/uk/ac/starlink/soap/AppAxisServerFactory.java:8: package org.apache.axis.server does not exist
  [javadoc] import org.apache.axis.server.DefaultAxisServerFactory;
  [javadoc]                               ^
  [javadoc] /apps/cvsbuild/java/source/soapserver/build/java/uk/ac/starlink/soap/AppAxisServerFactory.java:9: package org.apache.axis.server does not exist
  [javadoc] import org.apache.axis.server.AxisServer;
  [javadoc]                               ^
  [javadoc] /apps/cvsbuild/java/source/soapserver/build/java/uk/ac/starlink/soap/AppAxisServerFactory.java:28: cannot resolve symbol
  [javadoc] symbol  : class DefaultAxisServerFactory 
  [javadoc] location: class uk.ac.starlink.soap.AppAxisServerFactory
  [javadoc] public class AppAxisServerFactory extends DefaultAxisServerFactory
  [javadoc]                                           ^
  [javadoc] /apps/cvsbuild/java/source/soapserver/build/java/uk/ac/starlink/soap/AppAxisServerFactory.java:36: cannot resolve symbol
  [javadoc] symbol  : class AxisServer 
  [javadoc] location: class uk.ac.starlink.soap.AppAxisServerFactory
  [javadoc]     public AxisServer getServer( Map environment )
  [javadoc]            ^
  [javadoc] /apps/cvsbuild/java/source/soapserver/build/java/uk/ac/starlink/soap/AppAxisServerFactory.java:37: cannot resolve symbol
  [javadoc] symbol  : class AxisFault 
  [javadoc] location: class uk.ac.starlink.soap.AppAxisServerFactory
  [javadoc]         throws AxisFault
  [javadoc]                ^
  [javadoc] /apps/cvsbuild/java/source/jsky/build/java/jsky/image/gui/DivaMainImageDisplay.java:87: package diva.canvas does not exist
  [javadoc] import diva.canvas.GraphicsPane;
  [javadoc]                    ^
  [javadoc] /apps/cvsbuild/java/source/jsky/build/java/jsky/image/gui/DivaGraphicsImageDisplay.java:56: package diva.canvas does not exist
  [javadoc] import diva.canvas.GraphicsPane;
  [javadoc]                    ^
  [javadoc] /apps/cvsbuild/java/source/jsky/build/java/jsky/image/gui/DivaGraphicsImageDisplay.java:57: package diva.canvas does not exist
  [javadoc] import diva.canvas.JCanvas;
  [javadoc]                    ^
  [javadoc] /apps/cvsbuild/java/source/jsky/build/java/jsky/image/gui/DivaGraphicsImageDisplay.java:76: cannot resolve symbol
  [javadoc] symbol  : class JCanvas 
  [javadoc] location: class jsky.image.gui.DivaGraphicsImageDisplay
  [javadoc] public class DivaGraphicsImageDisplay extends JCanvas implements GraphicsImageDisplay {
  [javadoc]                                               ^
  [javadoc] /apps/cvsbuild/java/source/jsky/build/java/jsky/navigator/NavigatorPane.java:10: package diva.canvas does not exist
  [javadoc] import diva.canvas.GraphicsPane;
  [javadoc]                    ^
  [javadoc] /apps/cvsbuild/java/source/jsky/build/java/jsky/navigator/NavigatorPane.java:11: package diva.canvas does not exist
  [javadoc] import diva.canvas.CanvasLayer;
  [javadoc]                    ^
  [javadoc] /apps/cvsbuild/java/source/jsky/build/java/jsky/navigator/NavigatorPane.java:21: cannot resolve symbol
  [javadoc] symbol  : class GraphicsPane 
  [javadoc] location: class jsky.navigator.NavigatorPane
  [javadoc] public class NavigatorPane extends GraphicsPane {
  [javadoc]                                    ^
  [javadoc] /apps/cvsbuild/java/source/jsky/build/java/jsky/image/graphics/gui/CanvasDraw.java:38: package diva.canvas does not exist
  [javadoc] import diva.canvas.AbstractFigure;
  [javadoc]                    ^
  [javadoc] /apps/cvsbuild/java/source/jsky/build/java/jsky/image/graphics/gui/CanvasDraw.java:39: package diva.canvas.interactor does not exist
  [javadoc] import diva.canvas.interactor.SelectionInteractor;
  [javadoc]                               ^
  [javadoc] /apps/cvsbuild/java/source/jsky/build/java/jsky/image/graphics/gui/CanvasDraw.java:40: package diva.canvas.interactor does not exist
  [javadoc] import diva.canvas.interactor.SelectionModel;
  [javadoc]                               ^
  [javadoc] /apps/cvsbuild/java/source/jsky/build/java/jsky/image/graphics/gui/CanvasDraw.java:41: package diva.canvas.toolbox does not exist
  [javadoc] import diva.canvas.toolbox.BasicFigure;
  [javadoc]                            ^
  [javadoc] /apps/cvsbuild/java/source/jsky/build/java/jsky/image/graphics/gui/CanvasDraw.java:42: package diva.canvas.toolbox does not exist
  [javadoc] import diva.canvas.toolbox.LabelFigure;
  [javadoc]                            ^
  [javadoc] /apps/cvsbuild/java/source/jsky/build/java/jsky/image/graphics/gui/CanvasDraw.java:43: package diva.util.java2d does not exist
  [javadoc] import diva.util.java2d.Polygon2D;
  [javadoc]                         ^
  [javadoc] /apps/cvsbuild/java/source/jsky/build/java/jsky/image/graphics/gui/CanvasDraw.java:44: package diva.util.java2d does not exist
  [javadoc] import diva.util.java2d.Polyline2D;
  [javadoc]                         ^
  [javadoc] /apps/cvsbuild/java/source/jsky/build/java/jsky/image/graphics/gui/FITSGraphics.java:42: package diva.canvas.interactor does not exist
  [javadoc] import diva.canvas.interactor.SelectionInteractor;
  [javadoc]                               ^
  [javadoc] /apps/cvsbuild/java/source/jsky/build/java/jsky/image/graphics/gui/FITSGraphics.java:43: package diva.util.java2d does not exist
  [javadoc] import diva.util.java2d.Polygon2D;
  [javadoc]                         ^
  [javadoc] /apps/cvsbuild/java/source/jsky/build/java/jsky/image/graphics/gui/FITSGraphics.java:44: package diva.util.java2d does not exist
  [javadoc] import diva.util.java2d.Polyline2D;
  [javadoc]                         ^
  [javadoc] /apps/cvsbuild/java/source/jsky/build/java/jsky/image/gui/DivaMainImageDisplay.java:318: cannot resolve symbol
  [javadoc] symbol  : class GraphicsPane 
  [javadoc] location: class jsky.image.gui.DivaMainImageDisplay
  [javadoc]     public DivaMainImageDisplay(GraphicsPane pane) {
  [javadoc]                                 ^
  [javadoc] /apps/cvsbuild/java/source/jsky/build/java/jsky/image/gui/DivaMainImageDisplay.java:330: cannot resolve symbol
  [javadoc] symbol  : class GraphicsPane 
  [javadoc] location: class jsky.image.gui.DivaMainImageDisplay
  [javadoc]     public DivaMainImageDisplay(GraphicsPane pane, ImageProcessor processor) {
  [javadoc]                                 ^
  [javadoc] /apps/cvsbuild/java/source/jsky/build/java/jsky/image/gui/DivaMainImageDisplay.java:375: cannot resolve symbol
  [javadoc] symbol  : class GraphicsPane 
  [javadoc] location: class jsky.image.gui.DivaMainImageDisplay
  [javadoc]     public DivaMainImageDisplay(GraphicsPane pane, Component parent,
  [javadoc]                                 ^
  [javadoc] /apps/cvsbuild/java/source/jsky/build/java/jsky/image/gui/DivaMainImageDisplay.java:388: cannot resolve symbol
  [javadoc] symbol  : class GraphicsPane 
  [javadoc] location: class jsky.image.gui.DivaMainImageDisplay
  [javadoc]     public DivaMainImageDisplay(GraphicsPane pane, Component parent) {
  [javadoc]                                 ^
  [javadoc] /apps/cvsbuild/java/source/jsky/build/java/jsky/image/fits/codec/FITSImage.java:46: package ca.nrc.cadc.arch.io does not exist
  [javadoc] import ca.nrc.cadc.arch.io.FitsFilterInputStream;
  [javadoc]                            ^
  [javadoc] /apps/cvsbuild/java/source/jsky/build/java/jsky/image/graphics/ImageLayer.java:19: package diva.canvas does not exist
  [javadoc] import diva.canvas.CanvasLayer;
  [javadoc]                    ^
  [javadoc] /apps/cvsbuild/java/source/jsky/build/java/jsky/image/graphics/ImageLayer.java:20: package diva.canvas does not exist
  [javadoc] import diva.canvas.VisibleComponent;
  [javadoc]                    ^
  [javadoc] /apps/cvsbuild/java/source/jsky/build/java/jsky/image/graphics/ImageLayer.java:29: cannot resolve symbol
  [javadoc] symbol  : class CanvasLayer 
  [javadoc] location: class jsky.image.graphics.ImageLayer
  [javadoc] public class ImageLayer extends CanvasLayer implements VisibleComponent {
  [javadoc]                                 ^
  [javadoc] /apps/cvsbuild/java/source/jsky/build/java/jsky/image/graphics/ImageLayer.java:29: cannot resolve symbol
  [javadoc] symbol  : class VisibleComponent 
  [javadoc] location: class jsky.image.graphics.ImageLayer
  [javadoc] public class ImageLayer extends CanvasLayer implements VisibleComponent {
  [javadoc]                                                        ^
  [javadoc] /apps/cvsbuild/java/source/jsky/build/java/jsky/image/gui/DivaGraphicsImageDisplay.java:187: cannot resolve symbol
  [javadoc] symbol  : class GraphicsPane 
  [javadoc] location: class jsky.image.gui.DivaGraphicsImageDisplay
  [javadoc]     public DivaGraphicsImageDisplay(GraphicsPane pane, ImageProcessor imageProcessor, String name) {
  [javadoc]                                     ^
  [javadoc] /apps/cvsbuild/java/source/jsky/build/java/jsky/catalog/TablePlotSymbol.java:19: package gnu.jel does not exist
  [javadoc] import gnu.jel.DVResolver;
  [javadoc]                ^
  [javadoc] /apps/cvsbuild/java/source/jsky/build/java/jsky/catalog/TablePlotSymbol.java:33: cannot resolve symbol
  [javadoc] symbol  : class DVResolver 
  [javadoc] location: class jsky.catalog.TablePlotSymbol
  [javadoc] public class TablePlotSymbol implements DVResolver {
  [javadoc]                                         ^
  [javadoc] /apps/cvsbuild/java/source/jsky/build/java/jsky/navigator/SymbolLayer.java:10: package diva.canvas does not exist
  [javadoc] import diva.canvas.CanvasLayer;
  [javadoc]                    ^
  [javadoc] /apps/cvsbuild/java/source/jsky/build/java/jsky/navigator/SymbolLayer.java:11: package diva.canvas does not exist
  [javadoc] import diva.canvas.GraphicsPane;
  [javadoc]                    ^
  [javadoc] /apps/cvsbuild/java/source/jsky/build/java/jsky/navigator/SymbolLayer.java:12: package diva.canvas does not exist
  [javadoc] import diva.canvas.VisibleComponent;
  [javadoc]                    ^
  [javadoc] /apps/cvsbuild/java/source/jsky/build/java/jsky/navigator/SymbolLayer.java:20: cannot resolve symbol
  [javadoc] symbol  : class CanvasLayer 
  [javadoc] location: class jsky.navigator.SymbolLayer
  [javadoc] public class SymbolLayer extends CanvasLayer implements VisibleComponent {
  [javadoc]                                  ^
  [javadoc] /apps/cvsbuild/java/source/jsky/build/java/jsky/navigator/SymbolLayer.java:20: cannot resolve symbol
  [javadoc] symbol  : class VisibleComponent 
  [javadoc] location: class jsky.navigator.SymbolLayer
  [javadoc] public class SymbolLayer extends CanvasLayer implements VisibleComponent {
  [javadoc]                                                         ^
  [javadoc] /apps/cvsbuild/java/source/jsky/build/java/jsky/image/graphics/DivaImageGraphics.java:30: package diva.canvas does not exist
  [javadoc] import diva.canvas.AbstractFigure;
  [javadoc]                    ^
  [javadoc] /apps/cvsbuild/java/source/jsky/build/java/jsky/image/graphics/DivaImageGraphics.java:31: package diva.canvas does not exist
  [javadoc] import diva.canvas.Figure;
  [javadoc]                    ^
  [javadoc] /apps/cvsbuild/java/source/jsky/build/java/jsky/image/graphics/DivaImageGraphics.java:32: package diva.canvas does not exist
  [javadoc] import diva.canvas.FigureLayer;
  [javadoc]                    ^
  [javadoc] /apps/cvsbuild/java/source/jsky/build/java/jsky/image/graphics/DivaImageGraphics.java:33: package diva.canvas does not exist
  [javadoc] import diva.canvas.GraphicsPane;
  [javadoc]                    ^
  [javadoc] /apps/cvsbuild/java/source/jsky/build/java/jsky/image/graphics/DivaImageGraphics.java:34: package diva.canvas.event does not exist
  [javadoc] import diva.canvas.event.LayerAdapter;
  [javadoc]                          ^
  [javadoc] /apps/cvsbuild/java/source/jsky/build/java/jsky/image/graphics/DivaImageGraphics.java:35: package diva.canvas.event does not exist
  [javadoc] import diva.canvas.event.LayerEvent;
  [javadoc]                          ^
  [javadoc] /apps/cvsbuild/java/source/jsky/build/java/jsky/image/graphics/DivaImageGraphics.java:36: package diva.canvas.interactor does not exist
  [javadoc] import diva.canvas.interactor.BoundsManipulator;
  [javadoc]                               ^
  [javadoc] /apps/cvsbuild/java/source/jsky/build/java/jsky/image/graphics/DivaImageGraphics.java:37: package diva.canvas.interactor does not exist
  [javadoc] import diva.canvas.interactor.DragInteractor;
  [javadoc]                               ^
  [javadoc] /apps/cvsbuild/java/source/jsky/build/java/jsky/image/graphics/DivaImageGraphics.java:38: package diva.canvas.interactor does not exist
  [javadoc] import diva.canvas.interactor.Interactor;
  [javadoc]                               ^
  [javadoc] /apps/cvsbuild/java/source/jsky/build/java/jsky/image/graphics/DivaImageGraphics.java:39: package diva.canvas.interactor does not exist
  [javadoc] import diva.canvas.interactor.PathManipulator;
  [javadoc]                               ^
  [javadoc] /apps/cvsbuild/java/source/jsky/build/java/jsky/image/graphics/DivaImageGraphics.java:40: package diva.canvas.interactor does not exist
  [javadoc] import diva.canvas.interactor.SelectionEvent;
  [javadoc]                               ^
  [javadoc] Standard Doclet version 1.4.1

  [javadoc] /apps/cvsbuild/java/source/util/build/java/uk/ac/starlink/util/Compression.java:148: cannot resolve symbol
  [javadoc] symbol: class CBZip2InputStream 
  [javadoc]             return new CBZip2InputStream( raw );
  [javadoc]                        ^
  [javadoc] Building tree for all the packages and classes...
  [javadoc] Building index for all the packages and classes...
  [javadoc] /apps/cvsbuild/java/source/astgui/build/java/uk/ac/starlink/ast/gui/SelectCharacters.java:45: warning - Tag @see: malformed: "InsertCharacters, SelectCharactersModel"
  [javadoc] /apps/cvsbuild/java/source/astgui/build/java/uk/ac/starlink/ast/gui/PlotConfiguration.java:55: warning - Tag @see: malformed: "AstAxisLabels,"
  [javadoc] /apps/cvsbuild/java/source/astgui/build/java/uk/ac/starlink/ast/gui/GraphicsHints.java:20: warning - Tag @see: malformed: "Plot, PlotConfig."
  [javadoc] /apps/cvsbuild/java/source/soapserver/build/java/uk/ac/starlink/soap/AppAxisServerFactory.java:28: warning - Tag @see: malformed: "Plot, PlotConfigurator"
  [javadoc] /apps/cvsbuild/java/source/astgui/build/java/uk/ac/starlink/ast/gui/PlotConfiguration.java:110: warning - The first sentence is interpreted to be:
  [javadoc] Generating /apps/cvsbuild/java/source/docs/javadocs/index-all.html...
  [javadoc] "Array of AbstractPlotControlsModel objects that are genuine Ast
  [javadoc]  related parts (i.e."
  [javadoc] This sentence is different from what will be interpreted as the first sentence in the
  [javadoc] next major release (when that interpretation will be internationalized), which is:
  [javadoc] "Array of AbstractPlotControlsModel objects that are genuine Ast
  [javadoc]  related parts (i.e. can be passed to an Ast Plot as
  [javadoc]  configuration options, these are the default list and cannot be
  [javadoc]  extended)."
  [javadoc] To avoid this note, change the doc comment to make this a proper first sentence, then
  [javadoc] use -breakiterator from that point forward, which will output this new sentence.
  [javadoc] /apps/cvsbuild/java/source/astgui/build/java/uk/ac/starlink/ast/gui/AstStrings.java:27: warning - The first sentence is interpreted to be:
  [javadoc] "AstStrings is a model for all the general text elements shown in
  [javadoc]  an AST Plot (i.e."
  [javadoc] This sentence is different from what would be generated using -breakiterator: 
  [javadoc] "AstStrings is a model for all the general text elements shown in
  [javadoc]  an AST Plot (i.e. those with element name "strings"). "
  [javadoc] /apps/cvsbuild/java/source/util/build/java/uk/ac/starlink/util/gui/BasicFileFilter.java:46: warning - Tag @link: reference not found: JFileChooser
  [javadoc] /apps/cvsbuild/java/source/astgui/build/java/uk/ac/starlink/ast/gui/AstDouble.java:233: warning - Tag @see: missing #: "java.lang.Double.compareTo()"
  [javadoc] /apps/cvsbuild/java/source/astgui/build/java/uk/ac/starlink/ast/gui/AstDouble.java:233: warning - Tag @see: can't find java.lang.Double.compareTo() in uk.ac.starlink.ast.gui.AstDouble
  [javadoc] /apps/cvsbuild/java/source/astgui/build/java/uk/ac/starlink/ast/gui/AstDoubleField.java:29: warning - Tag @link: reference not found: Frame
  [javadoc] /apps/cvsbuild/java/source/astgui/build/java/uk/ac/starlink/ast/gui/DecimalField.java:19: warning - The first sentence is interpreted to be:
  [javadoc] "DecimalField extends JTextField to force the entry of valid decimal
  [javadoc]  (i.e."
  [javadoc] This sentence is different from what would be generated using -breakiterator: 
  [javadoc] "DecimalField extends JTextField to force the entry of valid decimal
  [javadoc]  (i.e. floating point and integer) numbers. "
  [javadoc] /apps/cvsbuild/java/source/astgui/build/java/uk/ac/starlink/ast/gui/PlotConfiguration.java:223: warning - The first sentence is interpreted to be:
  [javadoc] "Decode (i.e."
  [javadoc] This sentence is different from what would be generated using -breakiterator: 
  [javadoc] "Decode (i.e. restore) the internal state of this object from an
  [javadoc]  XML Element."
  [javadoc] /apps/cvsbuild/java/source/astgui/build/java/uk/ac/starlink/ast/gui/AstNumberLabels.java:74: warning - The first sentence is interpreted to be:
  [javadoc] "The number of digits used to determine gap between major axes."
  [javadoc] This sentence is different from what would be generated using -breakiterator: 
  [javadoc] "The number of digits used to determine gap between major axes. (-1 for
  [javadoc]  not set)."
  [javadoc] /apps/cvsbuild/java/source/astgui/build/java/uk/ac/starlink/ast/gui/GraphicsEdges.java:54: warning - The first sentence is interpreted to be:
  [javadoc] "The suggested fraction resolution (i.e."
  [javadoc] This sentence is different from what would be generated using -breakiterator: 
  [javadoc] "The suggested fraction resolution (i.e. interval between steps)."
  [javadoc] /apps/cvsbuild/java/source/astgui/build/java/uk/ac/starlink/ast/gui/AstNumberLabels.java:99: warning - The first sentence is interpreted to be:
  [javadoc] "The suggested gap resolution (i.e."
  [javadoc] This sentence is different from what would be generated using -breakiterator: 
  [javadoc] "The suggested gap resolution (i.e. interval between steps)."
  [javadoc] /apps/cvsbuild/java/source/astgui/build/java/uk/ac/starlink/ast/gui/AstAxisLabels.java:93: warning - The first sentence is interpreted to be:
  [javadoc] "The suggested gap resolution (i.e."
  [javadoc] This sentence is different from what would be generated using -breakiterator: 
  [javadoc] "The suggested gap resolution (i.e. interval between steps)."
  [javadoc] /apps/cvsbuild/java/source/astgui/build/java/uk/ac/starlink/ast/gui/AstTitle.java:71: warning - The first sentence is interpreted to be:
  [javadoc] "The suggested gap resolution (i.e."
  [javadoc] This sentence is different from what would be generated using -breakiterator: 
  [javadoc] "The suggested gap resolution (i.e. interval between steps)."
  [javadoc] /apps/cvsbuild/java/source/jaiutil/build/java/uk/ac/starlink/jaiutil/HDXImageProcessor.java:29: warning - The first sentence is interpreted to be:
  [javadoc] "Extends the JSky ImageProcessor class so that HDXImages are
  [javadoc]  processed the same as FITSImages, i.e."
  [javadoc] This sentence is different from what would be generated using -breakiterator: 
  [javadoc] "Extends the JSky ImageProcessor class so that HDXImages are
  [javadoc]  processed the same as FITSImages, i.e. are flipped top to bottom by
  [javadoc]  default and have their bad pixel flags set correctly.
  [javadoc]  "
  [javadoc] /apps/cvsbuild/java/source/astgui/build/java/uk/ac/starlink/ast/gui/ConfigurationStore.java:280: warning - The first sentence is interpreted to be:
  [javadoc] "Create a new Element ready for attaching a configuration state
  [javadoc]  to (i.e."
  [javadoc] This sentence is different from what would be generated using -breakiterator: 
  [javadoc] "Create a new Element ready for attaching a configuration state
  [javadoc]  to (i.e. get this Element then write the configuration data
  [javadoc]  attached to it). "
  [javadoc] /apps/cvsbuild/java/source/astgui/build/java/uk/ac/starlink/ast/gui/PlotConfiguration.java:55: warning - The first sentence is interpreted to be:
  [javadoc] "PlotConfiguration is a repository for all the configuration information
  [javadoc]  related to a Plot (i.e."
  [javadoc] This sentence is different from what would be generated using -breakiterator: 
  [javadoc] "PlotConfiguration is a repository for all the configuration information
  [javadoc]  related to a Plot (i.e. the AST graphics configuration, plus
  [javadoc]  addition information such as data limits and antialiasing state,
  [javadoc]  which may be added).
  [javadoc]  "
  [javadoc] /apps/cvsbuild/java/source/astgui/build/java/uk/ac/starlink/ast/gui/AstAxes.java:235: warning - The first sentence is interpreted to be:
  [javadoc] "Set position along the X axis at which to start labelling
  [javadoc]  (i.e."
  [javadoc] This sentence is different from what would be generated using -breakiterator: 
  [javadoc] "Set position along the X axis at which to start labelling
  [javadoc]  (i.e. the Y axis intersection with the X axis). "
  [javadoc] /apps/cvsbuild/java/source/astgui/build/java/uk/ac/starlink/ast/gui/AstAxes.java:266: warning - The first sentence is interpreted to be:
  [javadoc] "Set position along the Y axis at which to start labelling
  [javadoc]  (i.e."
  [javadoc] This sentence is different from what would be generated using -breakiterator: 
  [javadoc] "Set position along the Y axis at which to start labelling
  [javadoc]  (i.e. the X axis intersection with the Y axis). "
  [javadoc] Building index for all classes...
  [javadoc] /apps/cvsbuild/java/source/astgui/build/java/uk/ac/starlink/ast/gui/AstStrings.java:27: warning - The first sentence is interpreted to be:
  [javadoc] Generating /apps/cvsbuild/java/source/docs/javadocs/uk/ac/starlink/ast/gui/package-summary.html...
  [javadoc] "AstStrings is a model for all the general text elements shown in
  [javadoc]  an AST Plot (i.e."
  [javadoc] This sentence is different from what would be generated using -breakiterator: 
  [javadoc] "AstStrings is a model for all the general text elements shown in
  [javadoc]  an AST Plot (i.e. those with element name "strings"). "
  [javadoc] /apps/cvsbuild/java/source/astgui/build/java/uk/ac/starlink/ast/gui/DecimalField.java:19: warning - The first sentence is interpreted to be:
  [javadoc] "DecimalField extends JTextField to force the entry of valid decimal
  [javadoc]  (i.e."
  [javadoc] This sentence is different from what would be generated using -breakiterator: 
  [javadoc] "DecimalField extends JTextField to force the entry of valid decimal
  [javadoc]  (i.e. floating point and integer) numbers. "
  [javadoc] /apps/cvsbuild/java/source/astgui/build/java/uk/ac/starlink/ast/gui/PlotConfiguration.java:55: warning - The first sentence is interpreted to be:
  [javadoc] "PlotConfiguration is a repository for all the configuration information
  [javadoc]  related to a Plot (i.e."
  [javadoc] This sentence is different from what would be generated using -breakiterator: 
  [javadoc] "PlotConfiguration is a repository for all the configuration information
  [javadoc]  related to a Plot (i.e. the AST graphics configuration, plus
  [javadoc]  addition information such as data limits and antialiasing state,
  [javadoc]  which may be added).
  [javadoc]  "
  [javadoc] /apps/cvsbuild/java/source/astgui/build/java/uk/ac/starlink/ast/gui/package.html: warning - Tag @link: reference not found: PlotConfigurator
  [javadoc] /apps/cvsbuild/java/source/astgui/build/java/uk/ac/starlink/ast/gui/package.html: warning - Tag @link: reference not found: PlotConfiguration
  [javadoc] /apps/cvsbuild/java/source/astgui/build/java/uk/ac/starlink/ast/gui/package.html: warning - Tag @link: reference not found: StoreConfigurator
  [javadoc] /apps/cvsbuild/java/source/astgui/build/java/uk/ac/starlink/ast/gui/package.html: warning - Tag @link: reference not found: ConfigurationStore
  [javadoc] /apps/cvsbuild/java/source/astgui/build/java/uk/ac/starlink/ast/gui/package.html: warning - Tag @link: reference not found: XMLEncodeAndDecode
  [javadoc] /apps/cvsbuild/java/source/astgui/build/java/uk/ac/starlink/ast/gui/package.html: warning - Tag @link: reference not found: PlotConfigurator
  [javadoc] /apps/cvsbuild/java/source/astgui/build/java/uk/ac/starlink/ast/gui/package.html: warning - Tag @link: reference not found: GraphicsHints
  [javadoc] /apps/cvsbuild/java/source/astgui/build/java/uk/ac/starlink/ast/gui/package.html: warning - Tag @link: reference not found: GraphicsEdges
  [javadoc] /apps/cvsbuild/java/source/astgui/build/java/uk/ac/starlink/ast/gui/package.html: warning - Tag @link: reference not found: ColourStore
  [javadoc] /apps/cvsbuild/java/source/astgui/build/java/uk/ac/starlink/ast/gui/package.html: warning - Tag @link: reference not found: AstDouble
  [javadoc] /apps/cvsbuild/java/source/astgui/build/java/uk/ac/starlink/ast/gui/package.html: warning - Tag @link: reference not found: AstDoubleField
  [javadoc] /apps/cvsbuild/java/source/astgui/build/java/uk/ac/starlink/ast/gui/package.html: warning - Tag @link: reference not found: AstCellEditor
  [javadoc] /apps/cvsbuild/java/source/astgui/build/java/uk/ac/starlink/ast/gui/package.html: warning - Tag @link: reference not found: AstDoubleDocument
  [javadoc] /apps/cvsbuild/java/source/astgui/build/java/uk/ac/starlink/ast/gui/package.html: warning - Tag @link: reference not found: DecimalField
  [javadoc] /apps/cvsbuild/java/source/astgui/build/java/uk/ac/starlink/ast/gui/package.html: warning - Tag @link: reference not found: SelectCharacters
  [javadoc] /apps/cvsbuild/java/source/jaiutil/build/java/uk/ac/starlink/jaiutil/HDXImageProcessor.java:29: warning - The first sentence is interpreted to be:
  [javadoc] Generating /apps/cvsbuild/java/source/docs/javadocs/uk/ac/starlink/jaiutil/package-summary.html...
  [javadoc] "Extends the JSky ImageProcessor class so that HDXImages are
  [javadoc]  processed the same as FITSImages, i.e."
  [javadoc] This sentence is different from what would be generated using -breakiterator: 
  [javadoc] "Extends the JSky ImageProcessor class so that HDXImages are
  [javadoc]  processed the same as FITSImages, i.e. are flipped top to bottom by
  [javadoc]  default and have their bad pixel flags set correctly.
  [javadoc]  "
  [javadoc] /apps/cvsbuild/java/source/util/build/java/uk/ac/starlink/util/gui/BasicFileFilter.java:46: warning - Tag @link: reference not found: JFileChooser
  [javadoc] /apps/cvsbuild/java/source/util/build/java/uk/ac/starlink/util/XMLEncodeAndDecode.java:25: warning - @copyright is an unknown tag.
  [javadoc] /apps/cvsbuild/java/source/util/build/java/uk/ac/starlink/util/PrimitiveXMLEncodeAndDecode.java:37: warning - Tag @link: reference not found: ChangeEvents
  [javadoc] /apps/cvsbuild/java/source/util/build/java/uk/ac/starlink/util/gui/BasicFileFilter.java:46: warning - Tag @link: reference not found: JFileChooser
  [javadoc] /apps/cvsbuild/java/source/util/build/java/uk/ac/starlink/util/gui/BasicFileFilter.java:46: warning - Tag @link: reference not found: File.listFiles
  [javadoc] /apps/cvsbuild/java/source/astgui/build/java/uk/ac/starlink/ast/gui/FontChangedListener.java:15: warning - @copyright is an unknown tag.
  [javadoc] /apps/cvsbuild/java/source/astgui/build/java/uk/ac/starlink/ast/gui/PlotController.java:36: warning - Tag @link: reference not found: PlotConfiguration.getAst
  [javadoc] /apps/cvsbuild/java/source/astgui/build/java/uk/ac/starlink/ast/gui/PlotControls.java:27: warning - Tag @link: reference not found: Plot
  [javadoc] /apps/cvsbuild/java/source/astgui/build/java/uk/ac/starlink/ast/gui/SelectCharactersListener.java:15: warning - @copyright is an unknown tag.
  [javadoc] /apps/cvsbuild/java/source/astgui/build/java/uk/ac/starlink/ast/gui/AbstractPlotControlsModel.java:45: warning - Tag @link: reference not found: Plot
  [javadoc] /apps/cvsbuild/java/source/astgui/build/java/uk/ac/starlink/ast/gui/AbstractPlotControlsModel.java:45: warning - Tag @link: reference not found: ChangeEvents
  [javadoc] /apps/cvsbuild/java/source/astgui/build/java/uk/ac/starlink/ast/gui/AstAxes.java:235: warning - The first sentence is interpreted to be:
  [javadoc] Generating /apps/cvsbuild/java/source/docs/javadocs/uk/ac/starlink/ast/gui/AstAxes.html...
  [javadoc] "Set position along the X axis at which to start labelling
  [javadoc]  (i.e."
  [javadoc] This sentence is different from what would be generated using -breakiterator: 
  [javadoc] "Set position along the X axis at which to start labelling
  [javadoc]  (i.e. the Y axis intersection with the X axis). "
  [javadoc] /apps/cvsbuild/java/source/astgui/build/java/uk/ac/starlink/ast/gui/AstAxes.java:266: warning - The first sentence is interpreted to be:
  [javadoc] "Set position along the Y axis at which to start labelling
  [javadoc]  (i.e."
  [javadoc] This sentence is different from what would be generated using -breakiterator: 
  [javadoc] "Set position along the Y axis at which to start labelling
  [javadoc]  (i.e. the X axis intersection with the Y axis). "
  [javadoc] /apps/cvsbuild/java/source/astgui/build/java/uk/ac/starlink/ast/gui/AstAxisLabels.java:93: warning - The first sentence is interpreted to be:
  [javadoc] Generating /apps/cvsbuild/java/source/docs/javadocs/uk/ac/starlink/ast/gui/AstAxisLabels.html...
  [javadoc] "The suggested gap resolution (i.e."
  [javadoc] This sentence is different from what would be generated using -breakiterator: 
  [javadoc] "The suggested gap resolution (i.e. interval between steps)."
  [javadoc] /apps/cvsbuild/java/source/astgui/build/java/uk/ac/starlink/ast/gui/AstDoubleField.java:29: warning - Tag @link: reference not found: Frame
  [javadoc] /apps/cvsbuild/java/source/astgui/build/java/uk/ac/starlink/ast/gui/AstDoubleField.java:29: warning - Tag @link: reference not found: Frame
  [javadoc] /apps/cvsbuild/java/source/astgui/build/java/uk/ac/starlink/ast/gui/AstNumberLabels.java:74: warning - The first sentence is interpreted to be:
  [javadoc] Generating /apps/cvsbuild/java/source/docs/javadocs/uk/ac/starlink/ast/gui/AstNumberLabels.html...
  [javadoc] "The number of digits used to determine gap between major axes."
  [javadoc] This sentence is different from what would be generated using -breakiterator: 
  [javadoc] "The number of digits used to determine gap between major axes. (-1 for
  [javadoc]  not set)."
  [javadoc] /apps/cvsbuild/java/source/astgui/build/java/uk/ac/starlink/ast/gui/AstNumberLabels.java:99: warning - The first sentence is interpreted to be:
  [javadoc] "The suggested gap resolution (i.e."
  [javadoc] This sentence is different from what would be generated using -breakiterator: 
  [javadoc] "The suggested gap resolution (i.e. interval between steps)."
  [javadoc] /apps/cvsbuild/java/source/astgui/build/java/uk/ac/starlink/ast/gui/AstStyleBox.java:16: warning - @copyright is an unknown tag.
  [javadoc] /apps/cvsbuild/java/source/astgui/build/java/uk/ac/starlink/ast/gui/AstTitle.java:71: warning - The first sentence is interpreted to be:
  [javadoc] Generating /apps/cvsbuild/java/source/docs/javadocs/uk/ac/starlink/ast/gui/AstTitle.html...
  [javadoc] "The suggested gap resolution (i.e."
  [javadoc] This sentence is different from what would be generated using -breakiterator: 
  [javadoc] "The suggested gap resolution (i.e. interval between steps)."
  [javadoc] /apps/cvsbuild/java/source/astgui/build/java/uk/ac/starlink/ast/gui/AxisLabelControls.java:49: warning - Tag @see: reference not found: AstAxisLabel
  [javadoc] /apps/cvsbuild/java/source/astgui/build/java/uk/ac/starlink/ast/gui/AxisNumLabControls.java:46: warning - Tag @see: reference not found: AstNumerLabels
  [javadoc] /apps/cvsbuild/java/source/astgui/build/java/uk/ac/starlink/ast/gui/ConfigurationStore.java:68: warning - @copyright is an unknown tag.
  [javadoc] /apps/cvsbuild/java/source/astgui/build/java/uk/ac/starlink/ast/gui/ConfigurationStore.java:280: warning - The first sentence is interpreted to be:
  [javadoc] Generating /apps/cvsbuild/java/source/docs/javadocs/uk/ac/starlink/ast/gui/ConfigurationStore.html...
  [javadoc] "Create a new Element ready for attaching a configuration state
  [javadoc]  to (i.e."
  [javadoc] This sentence is different from what would be generated using -breakiterator: 
  [javadoc] "Create a new Element ready for attaching a configuration state
  [javadoc]  to (i.e. get this Element then write the configuration data
  [javadoc]  attached to it). "
  [javadoc] /apps/cvsbuild/java/source/astgui/build/java/uk/ac/starlink/ast/gui/FontChangedEvent.java:15: warning - @copyright is an unknown tag.
  [javadoc] /apps/cvsbuild/java/source/astgui/build/java/uk/ac/starlink/ast/gui/FontControls.java:30: warning - @copyright is an unknown tag.
  [javadoc] /apps/cvsbuild/java/source/astgui/build/java/uk/ac/starlink/ast/gui/GraphicsEdges.java:54: warning - The first sentence is interpreted to be:
  [javadoc] Generating /apps/cvsbuild/java/source/docs/javadocs/uk/ac/starlink/ast/gui/GraphicsEdges.html...
  [javadoc] "The suggested fraction resolution (i.e."
  [javadoc] This sentence is different from what would be generated using -breakiterator: 
  [javadoc] "The suggested fraction resolution (i.e. interval between steps)."
  [javadoc] /apps/cvsbuild/java/source/astgui/build/java/uk/ac/starlink/ast/gui/GraphicsHints.java:20: warning - @copyright is an unknown tag.
  [javadoc] Generating /apps/cvsbuild/java/source/docs/javadocs/uk/ac/starlink/ast/gui/GraphicsHints.html...
  [javadoc] /apps/cvsbuild/java/source/astgui/build/java/uk/ac/starlink/ast/gui/GraphicsHints.java:20: Tag @see: Malformed: Plot, PlotConfig.
  [javadoc] /apps/cvsbuild/java/source/astgui/build/java/uk/ac/starlink/ast/gui/LineControls.java:38: warning - @copyright is an unknown tag.
  [javadoc] Generating /apps/cvsbuild/java/source/docs/javadocs/uk/ac/starlink/ast/gui/PlotConfiguration.html...
  [javadoc] /apps/cvsbuild/java/source/astgui/build/java/uk/ac/starlink/ast/gui/PlotConfiguration.java:55: Tag @see: Malformed: AstAxisLabels,
  [javadoc] /apps/cvsbuild/java/source/astgui/build/java/uk/ac/starlink/ast/gui/PlotConfiguration.java:110: warning - The first sentence is interpreted to be:
  [javadoc] "Array of AbstractPlotControlsModel objects that are genuine Ast
  [javadoc]  related parts (i.e."
  [javadoc] This sentence is different from what would be generated using -breakiterator: 
  [javadoc] "Array of AbstractPlotControlsModel objects that are genuine Ast
  [javadoc]  related parts (i.e. can be passed to an Ast Plot as
  [javadoc]  configuration options, these are the default list and cannot be
  [javadoc]  extended)."
  [javadoc] /apps/cvsbuild/java/source/astgui/build/java/uk/ac/starlink/ast/gui/PlotConfiguration.java:223: warning - The first sentence is interpreted to be:
  [javadoc] "Decode (i.e."
  [javadoc] This sentence is different from what would be generated using -breakiterator: 
  [javadoc] "Decode (i.e. restore) the internal state of this object from an
  [javadoc]  XML Element."
  [javadoc] /apps/cvsbuild/java/source/astgui/build/java/uk/ac/starlink/ast/gui/SelectCharacters.java:45: warning - @copyright is an unknown tag.
  [javadoc] Generating /apps/cvsbuild/java/source/docs/javadocs/uk/ac/starlink/ast/gui/SelectCharacters.html...
  [javadoc] /apps/cvsbuild/java/source/astgui/build/java/uk/ac/starlink/ast/gui/SelectCharacters.java:45: Tag @see: Malformed: InsertCharacters, SelectCharactersModel
  [javadoc] /apps/cvsbuild/java/source/astgui/build/java/uk/ac/starlink/ast/gui/SelectCharactersEvent.java:15: warning - @copyright is an unknown tag.
  [javadoc] /apps/cvsbuild/java/source/astgui/build/java/uk/ac/starlink/ast/gui/SelectCharactersModel.java:18: warning - @copyright is an unknown tag.
  [javadoc] /apps/cvsbuild/java/source/astgui/build/java/uk/ac/starlink/ast/gui/SelectTextField.java:31: warning - @copyright is an unknown tag.
  [javadoc] /apps/cvsbuild/java/source/astgui/build/java/uk/ac/starlink/ast/gui/Utilities.java:66: warning - Tag @link: reference not found: getConfigDirectory
  [javadoc] /apps/cvsbuild/java/source/table/build/java/uk/ac/starlink/table/IteratorRowSequence.java:29: warning - Tag @link: can't find PackagedIOException in uk.ac.starlink.table.IteratorRowSequence
  [javadoc] /apps/cvsbuild/java/source/table/build/java/uk/ac/starlink/table/IteratorRowSequence.java:29: warning - Tag @link: can't find PackagedIOException in uk.ac.starlink.table.IteratorRowSequence
  [javadoc] /apps/cvsbuild/java/source/table/build/java/uk/ac/starlink/table/IteratorRowSequence.java:29: warning - Tag @link: can't find PackagedIOException in uk.ac.starlink.table.IteratorRowSequence
  [javadoc] /apps/cvsbuild/java/source/table/build/java/uk/ac/starlink/table/StarTableOutput.java:31: warning - Tag @link: reference not found: uk.ac.starlink.mirage.MirageTableWriter
  [javadoc] /apps/cvsbuild/java/source/hdx/build/java/uk/ac/starlink/hdx/HdxFacade.java:179: warning - Tag @link: can't find getDOM in uk.ac.starlink.hdx.HdxFacade
  [javadoc] /apps/cvsbuild/java/source/hdx/build/java/uk/ac/starlink/hdx/HdxFacade.java:179: warning - Tag @link: can't find getDOM in uk.ac.starlink.hdx.HdxFacade
  [javadoc] /apps/cvsbuild/java/source/hdx/build/java/uk/ac/starlink/hdx/HdxFacade.java:179: warning - Tag @link: can't find getDOM in uk.ac.starlink.hdx.HdxFacade
  [javadoc] /apps/cvsbuild/java/source/hdx/build/java/uk/ac/starlink/hdx/HdxFacade.java:179: warning - Tag @link: can't find getDOM in uk.ac.starlink.hdx.HdxFacade
  [javadoc] Generating /apps/cvsbuild/java/source/docs/javadocs/uk/ac/starlink/soap/AppAxisServerFactory.html...
  [javadoc] /apps/cvsbuild/java/source/soapserver/build/java/uk/ac/starlink/soap/AppAxisServerFactory.java:28: Tag @see: Malformed: Plot, PlotConfigurator
  [javadoc] /apps/cvsbuild/java/source/soapserver/build/java/uk/ac/starlink/soap/AppFileProvider.java:34: warning - Tag @see: reference not found: org.apache.axis.configuration.FileProvider
  [javadoc] /apps/cvsbuild/java/source/tamfits/build/java/nom/tam/util/BufferedDataInputStream.java:349: warning - @returns is an unknown tag.
  [javadoc] /apps/cvsbuild/java/source/tamfits/build/java/nom/tam/util/ColumnTable.java:254: warning - Tag @see: reference not found: ColumnTable.getColumn.
  [javadoc] /apps/cvsbuild/java/source/tamfits/build/java/nom/tam/fits/FitsDate.java:39: warning - Tag @return cannot be used in constructor documentation.  It can only be used in the following types of documentation: method.
  [javadoc] /apps/cvsbuild/java/source/astgui/build/java/uk/ac/starlink/ast/gui/AstDoubleDocument.java:33: warning - Tag @link: reference not found: Plot
  [javadoc] /apps/cvsbuild/java/source/astgui/build/java/uk/ac/starlink/ast/gui/AstDoubleField.java:29: warning - Tag @link: reference not found: Frame
  [javadoc] Generating /apps/cvsbuild/java/source/docs/javadocs/stylesheet.css...
  [javadoc] 1 error
  [javadoc] 191 warnings

export-full-docs:
      [zip] Building zip: /apps/cvsbuild/export/starjava-docs.zip

BUILD SUCCESSFUL
Total time: 56 seconds
