shell-init: could not get curre
prepare:

deinstall:

call_package_ant:
     [echo] Executing JUnit target: deinstall

deinstall:

real_deinstall:
   [delete] Deleting: /apps/cvsbuild/java/source/junit/.junit.install
     [echo] Executing tamfits target: deinstall

deinstall:

real_deinstall:
   [delete] Deleting: /apps/cvsbuild/java/sBuildfile: build.xml does not e     [echo] Executing axis target: deinstall

deinstall:

real_deinstall:
   [delete] Deleting: /apps/cvsbuild/java/source/axis/.axis.install
     [echo] Executing Jetty target: deinstall

deinstall:

real_deinstall:
   [delete] Deleting: /apps/cvsbuild/java/source/jetty/.jetty.install
     [echo] Executing UTIL target: deinstall

deinstall:

real_deinstall:
   [delete] Deleting: /apps/cvsbuild/java/source/util/.util.install
     [echo] Executing Task target: deinstall

deinstall:

real_deinstall:
   [delete] Deleting: /apps/cvsbuild/java/source/task/.task.install
     [echo] Executing JNIAST target: deinstall

deinstall:

real_deinstall:
   [delete] Deleting: /apps/cvsbuild/java/source/jniast/.jniast.install
     [echo] Executing ASTGUI target: deinstall

deinstall:

real_deinstall:
   [delete] Deleting: /apps/cvsbuild/java/source/astgui/.astgui.install
     [echo] Executing JNIHDS target: deinstall

deinstall:

real_deinstall:
   [delete] Deleting: /apps/cvsbuild/java/source/jnihds/.jnihds.install
     [echo] Executing HDX target: deinstall

deinstall:
