/apps/jdk
Buildfile: build.xml

prepare:

install:

call_package_ant:
     [echo] Executing JUnit target: install

prepare:

build:

jars:
  [signjar] Signing Jar : /apps/cvsbuild/java/source/junit/lib/junit/junit.jar
  [signjar] Signing Jar : /apps/cvsbuild/java/source/junit/lib/junit/src.jar

webstart:

dist:

install:
    [mkdir] Created dir: /apps/cvsbuild/star/lib/junit
    [mkdir] Created dir: /apps/cvsbuild/star/docs/junit
[loggedcopy] Copying 3 files to /apps/cvsbuild/star/lib
[loggedcopy] Copying 55 files to /apps/cvsbuild/star/docs
     [echo] Executing tamfits target: install

prepare:

check_packages:

build:
    [mkdir] Created dir: /apps/cvsbuild/java/source/tamfits/build/classes
    [javac] Compiling 45 source files to /apps/cvsbuild/java/source/tamfits/build/classes

jars:
    [mkdir] Created dir: /apps/cvsbuild/java/source/tamfits/lib/tamfits
      [jar] Building jar: /apps/cvsbuild/java/source/tamfits/lib/tamfits/tamfits.jar
  [signjar] Signing Jar : /apps/cvsbuild/java/source/tamfits/lib/tamfits/tamfits.jar

javadoc_check:

javadocs:
    [mkdir] Created dir: /apps/cvsbuild/java/source/tamfits/docs/tamfits/javadocs
  [javadoc] Generating Javadoc
  [javadoc] Javadoc execution
  [javadoc] Loading source files for package nom.tam.fits...
  [javadoc] Loading source files for package nom.tam.image...
  [javadoc] Loading source files for package nom.tam.util...
  [javadoc] Constructing Javadoc information...
  [javadoc] Standard Doclet version 1.4.1

  [javadoc] Building tree for all the packages and classes...
  [javadoc] Building index for all the packages and classes...
  [javadoc] Building index for all classes...
  [javadoc] /apps/cvsbuild/java/source/tamfits/src/main/nom/tam/fits/FitsDate.java:39: warning - Tag @return cannot be used in constructor documentation.  It can only be used in the following types of documentation: method.
  [javadoc] /apps/cvsbuild/java/source/tamfits/src/main/nom/tam/util/BufferedDataInputStream.java:349: warning - @returns is an unknown tag.
  [javadoc] /apps/cvsbuild/java/source/tamfits/src/main/nom/tam/util/ColumnTable.java:254: warning - Tag @see: reference not found: ColumnTable.getColumn.
  [javadoc] Generating /apps/cvsbuild/java/source/tamfits/docs/tamfits/javadocs/stylesheet.css...
  [javadoc] 3 warnings

webstart:

dist:
     [copy] Copying 6 files to /apps/cvsbuild/java/source/tamfits/docs/tamfits

install:
    [mkdir] Created dir: /apps/cvsbuild/star/lib/tamfits
    [mkdir] Created dir: /apps/cvsbuild/star/docs/tamfits
[loggedcopy] Copying 2 files to /apps/cvsbuild/star/lib
[loggedcopy] Copying 77 files to /apps/cvsbuild/star/docs
     [echo] Executing axis target: install

prepare:

build:
    [mkdir] Created dir: /apps/cvsbuild/java/source/axis/lib/axis
     [copy] Copying 16 files to /apps/cvsbuild/java/source/axis/lib/axis

jars:
      [jar] Updating jar: /apps/cvsbuild/java/source/axis/lib/axis/axis.jar
  [signjar] Signing Jar : /apps/cvsbuild/java/source/axis/lib/axis/jaxrpc.jar
  [signjar] Signing Jar : /apps/cvsbuild/java/source/axis/lib/axis/axis.jar
  [signjar] Signing Jar : /apps/cvsbuild/java/source/axis/lib/axis/log4j-core.jar
  [signjar] Signing Jar : /apps/cvsbuild/java/source/axis/lib/axis/axis-ant.jar
  [signjar] Signing Jar : /apps/cvsbuild/java/source/axis/lib/axis/wsdl4j.jar
  [signjar] Signing Jar : /apps/cvsbuild/java/source/axis/lib/axis/log4j-1.2.4.jar
  [signjar] Signing Jar : /apps/cvsbuild/java/source/axis/lib/axis/commons-discovery.jar
/apps/cvsbuild/star/bin/ant: line 239: 31424 Killed                  "$JAVACMD" $ANT_OPTS -classpath "$LOCALCLASSPATH" -Dant.home="${ANT_HOME}" org.apache.tools.ant.Main $ANT_ARGS "$@"
