/apps/jdk
Buildfile: build.xml

prepare:

deinstall:

call_package_ant:
     [echo] Executing JUnit target: deinstall

deinstall:

real_deinstall:
   [delete] Deleting: /apps/cvsbuild/java/source/junit/.junit.install
     [echo] Executing tamfits target: deinstall

deinstall:

real_deinstall:
   [delete] Deleting: /apps/cvsbuild/java/source/tamfits/.tamfits.install
     [echo] Executing axis target: deinstall

deinstall:

real_deinstall:
   [delete] Deleting: /apps/cvsbuild/java/source/axis/.axis.install
     [echo] Executing Jetty target: deinstall

deinstall:

real_deinstall:
   [delete] Deleting: /apps/cvsbuild/java/source/jetty/.jetty.install
     [echo] Executing UTIL target: deinstall

deinstall:

real_deinstall:
   [delete] Deleting: /apps/cvsbuild/java/source/util/.util.install
     [echo] Executing Task target: deinstall

deinstall:

real_deinstall:
   [delete] Deleting: /apps/cvsbuild/java/source/task/.task.install
     [echo] Executing JNIAST target: deinstall

deinstall:

real_deinstall:
   [delete] Deleting: /apps/cvsbuild/java/source/jniast/.jniast.install
     [echo] Executing ASTGUI target: deinstall

deinstall:

real_deinstall:
   [delete] Deleting: /apps/cvsbuild/java/source/astgui/.astgui.install
     [echo] Executing JNIHDS target: deinstall

deinstall:

real_deinstall:
   [delete] Deleting: /apps/cvsbuild/java/source/jnihds/.jnihds.install
     [echo] Executing HDX target: deinstall

deinstall:

real_deinstall:
   [delete] Deleting: /apps/cvsbuild/java/source/hdx/.hdx.install
     [echo] Executing NDArray target: deinstall

deinstall:

real_deinstall:
   [delete] Deleting: /apps/cvsbuild/java/source/array/.array.install
     [echo] Executing NDX target: deinstall

deinstall:

real_deinstall:
   [delete] Deleting: /apps/cvsbuild/java/source/ndx/.ndx.install
     [echo] Executing Table target: deinstall

deinstall:

real_deinstall:
   [delete] Deleting: /apps/cvsbuild/java/source/table/.table.install
     [echo] Executing NDTools target: deinstall

deinstall:

real_deinstall:
   [delete] Deleting: /apps/cvsbuild/java/source/ndtools/.ndtools.install
     [echo] Executing HDS target: deinstall

deinstall:

real_deinstall:
   [delete] Deleting: /apps/cvsbuild/java/source/hds/.hds.install
     [echo] Executing FITS target: deinstall

deinstall:

real_deinstall:
   [delete] Deleting: /apps/cvsbuild/java/source/fits/.fits.install
     [echo] Executing DIVA target: deinstall

deinstall:

real_deinstall:
   [delete] Deleting: /apps/cvsbuild/java/source/diva/.diva.install
     [echo] Executing JSky target: deinstall

deinstall:

real_deinstall:
   [delete] Deleting: /apps/cvsbuild/java/source/jsky/.jsky.install
     [echo] Executing Pal target: deinstall

deinstall:

real_deinstall:
   [delete] Deleting: /apps/cvsbuild/java/source/pal/.pal.install
     [echo] Executing VOTable target: deinstall

deinstall:

real_deinstall:
   [delete] Deleting: /apps/cvsbuild/java/source/votable/.votable.install
     [echo] Executing JAIUtil target: deinstall

deinstall:

real_deinstall:
   [delete] Deleting: /apps/cvsbuild/java/source/jaiutil/.jaiutil.install
     [echo] Executing SOAPSERVER target: deinstall

deinstall:

real_deinstall:
   [delete] Deleting: /apps/cvsbuild/java/source/soapserver/.soapserver.install
     [echo] Executing SOG target: deinstall

deinstall:

real_deinstall:
   [delete] Deleting: /apps/cvsbuild/java/source/sog/.sog.install
     [echo] Executing SPLAT target: deinstall

deinstall:

real_deinstall:
   [delete] Deleting: /apps/cvsbuild/java/source/splat/.splat.install
     [echo] Executing Mirage target: deinstall

deinstall:

real_deinstall:
   [delete] Deleting: /apps/cvsbuild/java/source/mirage/.mirage.install
     [echo] Executing TOPCAT target: deinstall

deinstall:

real_deinstall:
   [delete] Deleting: /apps/cvsbuild/java/source/topcat/.topcat.install
     [echo] Executing Treeview target: deinstall

deinstall:

real_deinstall:
   [delete] Deleting: /apps/cvsbuild/java/source/treeview/.treeview.install
     [echo] Executing Coco target: deinstall

deinstall:

real_deinstall:
   [delete] Deleting: /apps/cvsbuild/java/source/coco/.coco.install
     [echo] Executing RV target: deinstall

deinstall:

real_deinstall:
   [delete] Deleting: /apps/cvsbuild/java/source/rv/.rv.install
     [echo] Executing FROG target: deinstall

deinstall:

real_deinstall:
   [delete] Deleting: /apps/cvsbuild/java/source/frog/.frog.install

clean:

call_package_ant:
     [echo] Executing JUnit target: clean

clean:
     [echo] Executing tamfits target: clean

clean:
   [delete] Deleting directory /apps/cvsbuild/java/source/tamfits/build
   [delete] Deleting directory /apps/cvsbuild/java/source/tamfits/lib
   [delete] Deleting directory /apps/cvsbuild/java/source/tamfits/docs
     [echo] Executing axis target: clean

clean:
     [echo] Executing Jetty target: clean

clean:
     [echo] Executing UTIL target: clean

clean:
   [delete] Deleting directory /apps/cvsbuild/java/source/util/build
   [delete] Deleting directory /apps/cvsbuild/java/source/util/bin
   [delete] Deleting directory /apps/cvsbuild/java/source/util/lib
   [delete] Deleting directory /apps/cvsbuild/java/source/util/docs
   [delete] Deleting directory /apps/cvsbuild/java/source/util/etc
     [echo] Executing Task target: clean

clean:
   [delete] Deleting directory /apps/cvsbuild/java/source/task/build
   [delete] Deleting directory /apps/cvsbuild/java/source/task/lib
   [delete] Deleting directory /apps/cvsbuild/java/source/task/docs
     [echo] Executing JNIAST target: clean

clean:
   [delete] Deleting directory /apps/cvsbuild/java/source/jniast/build
   [delete] Deleting directory /apps/cvsbuild/java/source/jniast/lib
   [delete] Deleting directory /apps/cvsbuild/java/source/jniast/docs
     [echo] Executing ASTGUI target: clean

clean:
   [delete] Deleting directory /apps/cvsbuild/java/source/astgui/build
   [delete] Deleting directory /apps/cvsbuild/java/source/astgui/lib
   [delete] Deleting directory /apps/cvsbuild/java/source/astgui/docs
     [echo] Executing JNIHDS target: clean

clean:
   [delete] Deleting directory /apps/cvsbuild/java/source/jnihds/build
   [delete] Deleting directory /apps/cvsbuild/java/source/jnihds/lib
   [delete] Deleting directory /apps/cvsbuild/java/source/jnihds/docs
     [echo] Executing HDX target: clean

clean:
   [delete] Deleting directory /apps/cvsbuild/java/source/hdx/build
   [delete] Deleting directory /apps/cvsbuild/java/source/hdx/lib
   [delete] Deleting directory /apps/cvsbuild/java/source/hdx/docs
     [echo] Executing NDArray target: clean

clean:
   [delete] Deleting directory /apps/cvsbuild/java/source/array/build
   [delete] Deleting directory /apps/cvsbuild/java/source/array/lib
   [delete] Deleting directory /apps/cvsbuild/java/source/array/docs
     [echo] Executing NDX target: clean

clean:
   [delete] Deleting directory /apps/cvsbuild/java/source/ndx/build
   [delete] Deleting directory /apps/cvsbuild/java/source/ndx/lib
   [delete] Deleting directory /apps/cvsbuild/java/source/ndx/docs
     [echo] Executing Table target: clean

clean:
   [delete] Deleting directory /apps/cvsbuild/java/source/table/build
   [delete] Deleting directory /apps/cvsbuild/java/source/table/bin
   [delete] Deleting directory /apps/cvsbuild/java/source/table/lib
   [delete] Deleting directory /apps/cvsbuild/java/source/table/docs
     [echo] Executing NDTools target: clean

clean:
   [delete] Deleting directory /apps/cvsbuild/java/source/ndtools/build
   [delete] Deleting directory /apps/cvsbuild/java/source/ndtools/bin
   [delete] Deleting directory /apps/cvsbuild/java/source/ndtools/lib
   [delete] Deleting directory /apps/cvsbuild/java/source/ndtools/docs
     [echo] Executing HDS target: clean

clean:
   [delete] Deleting directory /apps/cvsbuild/java/source/hds/build
   [delete] Deleting directory /apps/cvsbuild/java/source/hds/lib
   [delete] Deleting directory /apps/cvsbuild/java/source/hds/docs
     [echo] Executing FITS target: clean

clean:
   [delete] Deleting directory /apps/cvsbuild/java/source/fits/build
   [delete] Deleting directory /apps/cvsbuild/java/source/fits/lib
   [delete] Deleting directory /apps/cvsbuild/java/source/fits/docs
     [echo] Executing DIVA target: clean

clean:
   [delete] Deleting directory /apps/cvsbuild/java/source/diva/build
   [delete] Deleting directory /apps/cvsbuild/java/source/diva/lib
   [delete] Deleting directory /apps/cvsbuild/java/source/diva/docs
     [echo] Executing JSky target: clean

clean:
   [delete] Deleting directory /apps/cvsbuild/java/source/jsky/build
   [delete] Deleting directory /apps/cvsbuild/java/source/jsky/bin
   [delete] Deleting directory /apps/cvsbuild/java/source/jsky/lib
   [delete] Deleting directory /apps/cvsbuild/java/source/jsky/docs
     [echo] Executing Pal target: clean

clean:
   [delete] Deleting directory /apps/cvsbuild/java/source/pal/build
   [delete] Deleting directory /apps/cvsbuild/java/source/pal/lib
   [delete] Deleting directory /apps/cvsbuild/java/source/pal/docs
     [echo] Executing VOTable target: clean

clean:
   [delete] Deleting directory /apps/cvsbuild/java/source/votable/build
   [delete] Deleting directory /apps/cvsbuild/java/source/votable/lib
   [delete] Deleting directory /apps/cvsbuild/java/source/votable/docs
     [echo] Executing JAIUtil target: clean

clean:
   [delete] Deleting directory /apps/cvsbuild/java/source/jaiutil/build
   [delete] Deleting directory /apps/cvsbuild/java/source/jaiutil/lib
   [delete] Deleting directory /apps/cvsbuild/java/source/jaiutil/docs
     [echo] Executing SOAPSERVER target: clean

clean:
   [delete] Deleting directory /apps/cvsbuild/java/source/soapserver/build
   [delete] Deleting directory /apps/cvsbuild/java/source/soapserver/bin
   [delete] Deleting directory /apps/cvsbuild/java/source/soapserver/lib
   [delete] Deleting directory /apps/cvsbuild/java/source/soapserver/docs
     [echo] Executing SOG target: clean

clean:
   [delete] Deleting directory /apps/cvsbuild/java/source/sog/build
   [delete] Deleting directory /apps/cvsbuild/java/source/sog/bin
   [delete] Deleting directory /apps/cvsbuild/java/source/sog/lib
   [delete] Deleting directory /apps/cvsbuild/java/source/sog/docs
     [echo] Executing SPLAT target: clean

clean:
   [delete] Deleting directory /apps/cvsbuild/java/source/splat/build
   [delete] Deleting directory /apps/cvsbuild/java/source/splat/bin
   [delete] Deleting directory /apps/cvsbuild/java/source/splat/lib
   [delete] Deleting directory /apps/cvsbuild/java/source/splat/docs
   [delete] Deleting directory /apps/cvsbuild/java/source/splat/etc
     [echo] Executing Mirage target: clean

clean:
   [delete] Deleting directory /apps/cvsbuild/java/source/mirage/build
   [delete] Deleting directory /apps/cvsbuild/java/source/mirage/bin
   [delete] Deleting directory /apps/cvsbuild/java/source/mirage/lib
   [delete] Deleting directory /apps/cvsbuild/java/source/mirage/docs
     [echo] Executing TOPCAT target: clean

clean:
   [delete] Deleting directory /apps/cvsbuild/java/source/topcat/build
   [delete] Deleting directory /apps/cvsbuild/java/source/topcat/bin
   [delete] Deleting directory /apps/cvsbuild/java/source/topcat/lib
   [delete] Deleting directory /apps/cvsbuild/java/source/topcat/docs
   [delete] Deleting directory /apps/cvsbuild/java/source/topcat/etc
     [echo] Executing Treeview target: clean

clean:
   [delete] Deleting directory /apps/cvsbuild/java/source/treeview/build
   [delete] Deleting directory /apps/cvsbuild/java/source/treeview/bin
   [delete] Deleting directory /apps/cvsbuild/java/source/treeview/lib
   [delete] Deleting directory /apps/cvsbuild/java/source/treeview/docs
   [delete] Deleting directory /apps/cvsbuild/java/source/treeview/etc
     [echo] Executing Coco target: clean

clean:
   [delete] Deleting directory /apps/cvsbuild/java/source/coco/build
   [delete] Deleting directory /apps/cvsbuild/java/source/coco/lib
   [delete] Deleting directory /apps/cvsbuild/java/source/coco/docs
     [echo] Executing RV target: clean

clean:
   [delete] Deleting directory /apps/cvsbuild/java/source/rv/build
   [delete] Deleting directory /apps/cvsbuild/java/source/rv/lib
   [delete] Deleting directory /apps/cvsbuild/java/source/rv/docs
     [echo] Executing FROG target: clean

clean:
   [delete] Deleting directory /apps/cvsbuild/java/source/frog/build
   [delete] Deleting directory /apps/cvsbuild/java/source/frog/bin
   [delete] Deleting directory /apps/cvsbuild/java/source/frog/lib
   [delete] Deleting directory /apps/cvsbuild/java/source/frog/docs
   [delete] Deleting directory /apps/cvsbuild/java/source/frog/etc

export-full-source:
      [zip] Building zip: /apps/cvsbuild/export/starjava-sources.zip

call_package_ant:
     [echo] Executing JUnit target: javadoc-sources

javadoc-sources:
     [echo] Executing tamfits target: javadoc-sources

javadoc-sources:
    [mkdir] Created dir: /apps/cvsbuild/java/source/tamfits/build/java
     [copy] Copying 45 files to /apps/cvsbuild/java/source/tamfits/build/java
     [echo] Executing axis target: javadoc-sources

javadoc-sources:
     [echo] Executing Jetty target: javadoc-sources

javadoc-sources:
     [echo] Executing UTIL target: javadoc-sources

javadoc-sources:
    [mkdir] Created dir: /apps/cvsbuild/java/source/util/build/java
     [copy] Copying 36 files to /apps/cvsbuild/java/source/util/build/java
     [echo] Executing Task target: javadoc-sources

javadoc-sources:
    [mkdir] Created dir: /apps/cvsbuild/java/source/task/build/java
     [copy] Copying 13 files to /apps/cvsbuild/java/source/task/build/java
     [echo] Executing JNIAST target: javadoc-sources

prepare:

get_ast_source:
    [mkdir] Created dir: /apps/cvsbuild/java/source/jniast/build/ast
    [untar] Expanding: /apps/cvsbuild/java/source/jniast/src/ast/ast_source.tar into /apps/cvsbuild/java/source/jniast/build/ast

assemble_java:
    [mkdir] Created dir: /apps/cvsbuild/java/source/jniast/build/java
     [copy] Copying 21 files to /apps/cvsbuild/java/source/jniast/build/java

javadoc-sources:
     [echo] Executing ASTGUI target: javadoc-sources

javadoc-sources:
    [mkdir] Created dir: /apps/cvsbuild/java/source/astgui/build/java
     [copy] Copying 49 files to /apps/cvsbuild/java/source/astgui/build/java
     [copy] Copied 1 empty directory to /apps/cvsbuild/java/source/astgui/build/java
     [echo] Executing JNIHDS target: javadoc-sources

javadoc-sources:
    [mkdir] Created dir: /apps/cvsbuild/java/source/jnihds/build/java
     [copy] Copying 3 files to /apps/cvsbuild/java/source/jnihds/build/java
     [echo] Executing HDX target: javadoc-sources

javadoc-sources:
    [mkdir] Created dir: /apps/cvsbuild/java/source/hdx/build/java
     [copy] Copying 18 files to /apps/cvsbuild/java/source/hdx/build/java
     [copy] Copied 2 empty directories to /apps/cvsbuild/java/source/hdx/build/java
     [echo] Executing NDArray target: javadoc-sources

prepare:

assemble_java:
    [mkdir] Created dir: /apps/cvsbuild/java/source/array/build/java
     [copy] Copying 42 files to /apps/cvsbuild/java/source/array/build/java

javadoc-sources:
     [echo] Executing NDX target: javadoc-sources

javadoc-sources:
    [mkdir] Created dir: /apps/cvsbuild/java/source/ndx/build/java
     [copy] Copying 13 files to /apps/cvsbuild/java/source/ndx/build/java
     [echo] Executing Table target: javadoc-sources

javadoc-sources:
    [mkdir] Created dir: /apps/cvsbuild/java/source/table/build/java
     [copy] Copying 64 files to /apps/cvsbuild/java/source/table/build/java
     [copy] Copied 1 empty directory to /apps/cvsbuild/java/source/table/build/java
     [echo] Executing NDTools target: javadoc-sources

javadoc-sources:
    [mkdir] Created dir: /apps/cvsbuild/java/source/ndtools/build/java
     [copy] Copying 16 files to /apps/cvsbuild/java/source/ndtools/build/java
     [echo] Executing HDS target: javadoc-sources

javadoc-sources:
    [mkdir] Created dir: /apps/cvsbuild/java/source/hds/build/java
     [copy] Copying 10 files to /apps/cvsbuild/java/source/hds/build/java
     [echo] Executing FITS target: javadoc-sources

javadoc-sources:
    [mkdir] Created dir: /apps/cvsbuild/java/source/fits/build/java
     [copy] Copying 11 files to /apps/cvsbuild/java/source/fits/build/java
     [echo] Executing DIVA target: javadoc-sources

javadoc-sources:
    [mkdir] Created dir: /apps/cvsbuild/java/source/diva/build/java
     [copy] Copying 792 files to /apps/cvsbuild/java/source/diva/build/java
     [copy] Copied 1 empty directory to /apps/cvsbuild/java/source/diva/build/java
     [echo] Executing JSky target: javadoc-sources

javadoc-sources:
    [mkdir] Created dir: /apps/cvsbuild/java/source/jsky/build/java
     [copy] Copying 332 files to /apps/cvsbuild/java/source/jsky/build/java
     [echo] Executing Pal target: javadoc-sources

javadoc-sources:
    [mkdir] Created dir: /apps/cvsbuild/java/source/pal/build/java
     [copy] Copying 15 files to /apps/cvsbuild/java/source/pal/build/java
     [echo] Executing VOTable target: javadoc-sources

javadoc-sources:
    [mkdir] Created dir: /apps/cvsbuild/java/source/votable/build/java
     [copy] Copying 25 files to /apps/cvsbuild/java/source/votable/build/java
     [echo] Executing JAIUtil target: javadoc-sources

javadoc-sources:
    [mkdir] Created dir: /apps/cvsbuild/java/source/jaiutil/build/java
     [copy] Copying 14 files to /apps/cvsbuild/java/source/jaiutil/build/java
     [echo] Executing SOAPSERVER target: javadoc-sources

javadoc-sources:
    [mkdir] Created dir: /apps/cvsbuild/java/source/soapserver/build/java
     [copy] Copying 5 files to /apps/cvsbuild/java/source/soapserver/build/java
     [echo] Executing SOG target: javadoc-sources

javadoc-sources:
    [mkdir] Created dir: /apps/cvsbuild/java/source/sog/build/java
     [copy] Copying 34 files to /apps/cvsbuild/java/source/sog/build/java
     [echo] Executing SPLAT target: javadoc-sources

javadoc-sources:
    [mkdir] Created dir: /apps/cvsbuild/java/source/splat/build/java
     [copy] Copying 157 files to /apps/cvsbuild/java/source/splat/build/java
     [echo] Executing Mirage target: javadoc-sources

javadoc-sources:
     [echo] Executing TOPCAT target: javadoc-sources

javadoc-sources:
    [mkdir] Created dir: /apps/cvsbuild/java/source/topcat/build/java
     [copy] Copying 37 files to /apps/cvsbuild/java/source/topcat/build/java
     [echo] Executing Treeview target: javadoc-sources

javadoc-sources:
    [mkdir] Created dir: /apps/cvsbuild/java/source/treeview/build/java
     [copy] Copying 109 files to /apps/cvsbuild/java/source/treeview/build/java
     [copy] Copied 4 empty directories to /apps/cvsbuild/java/source/treeview/build/java
     [echo] Executing Coco target: javadoc-sources

javadoc-sources:
    [mkdir] Created dir: /apps/cvsbuild/java/source/coco/build/java
     [copy] Copying 3 files to /apps/cvsbuild/java/source/coco/build/java
     [echo] Executing RV target: javadoc-sources

javadoc-sources:
    [mkdir] Created dir: /apps/cvsbuild/java/source/rv/build/java
     [copy] Copying 3 files to /apps/cvsbuild/java/source/rv/build/java
     [echo] Executing FROG target: javadoc-sources

javadoc-sources:
    [mkdir] Created dir: /apps/cvsbuild/java/source/build/java
     [copy] Copying 1558 files to /apps/cvsbuild/java/source/build/java
     [copy] Copied 4 empty directories to /apps/cvsbuild/java/source/build/java
     [copy] Copying 1 file to /apps/cvsbuild/java/source/build/java
      [zip] Building zip: /apps/cvsbuild/export/starjava-src.zip
   [delete] Deleting directory /apps/cvsbuild/java/source/build/java

BUILD SUCCESSFUL
Total time: 1 minute 47 seconds
