/apps/jdk
Buildfile: build.xml

prepare:

install:

call_package_ant:
     [echo] Executing JUnit target: install

prepare:

build:

jars:
      [jar] Updating jar: /apps/cvsbuild/java/source/junit/lib/junit/junit.jar
  [signjar] Signing Jar : /apps/cvsbuild/java/source/junit/lib/junit/junit.jar
  [signjar] Signing Jar : /apps/cvsbuild/java/source/junit/lib/junit/src.jar

webstart:

dist:

install:
    [mkdir] Created dir: /apps/cvsbuild/starjava/lib/junit
    [mkdir] Created dir: /apps/cvsbuild/starjava/docs/junit
[loggedcopy] Copying 3 files to /apps/cvsbuild/starjava/lib
[loggedcopy] Copying 55 files to /apps/cvsbuild/starjava/docs
     [echo] Executing tamfits target: install

prepare:

check_packages:

build:

jars:
    [mkdir] Created dir: /apps/cvsbuild/java/source/tamfits/lib/tamfits
      [jar] Building jar: /apps/cvsbuild/java/source/tamfits/lib/tamfits/tamfits.jar
  [signjar] Signing Jar : /apps/cvsbuild/java/source/tamfits/lib/tamfits/tamfits.jar

javadoc_check:

javadocs:

webstart:

dist:
     [copy] Copying 6 files to /apps/cvsbuild/java/source/tamfits/docs/tamfits

install:
    [mkdir] Created dir: /apps/cvsbuild/starjava/lib/tamfits
    [mkdir] Created dir: /apps/cvsbuild/starjava/docs/tamfits
[loggedcopy] Copying 2 files to /apps/cvsbuild/starjava/lib
[loggedcopy] Copying 77 files to /apps/cvsbuild/starjava/docs
     [echo] Executing axis target: install

prepare:

build:

jars:
      [jar] Updating jar: /apps/cvsbuild/java/source/axis/lib/axis/axis.jar
  [signjar] Signing Jar : /apps/cvsbuild/java/source/axis/lib/axis/jaxrpc.jar
  [signjar] Signing Jar : /apps/cvsbuild/java/source/axis/lib/axis/axis.jar
  [signjar] Signing Jar : /apps/cvsbuild/java/source/axis/lib/axis/log4j-core.jar
  [signjar] Signing Jar : /apps/cvsbuild/java/source/axis/lib/axis/axis-ant.jar
  [signjar] Signing Jar : /apps/cvsbuild/java/source/axis/lib/axis/wsdl4j.jar
  [signjar] Signing Jar : /apps/cvsbuild/java/source/axis/lib/axis/log4j-1.2.4.jar
  [signjar] Signing Jar : /apps/cvsbuild/java/source/axis/lib/axis/commons-discovery.jar
  [signjar] Signing Jar : /apps/cvsbuild/java/source/axis/lib/axis/saaj.jar
  [signjar] Signing Jar : /apps/cvsbuild/java/source/axis/lib/axis/tt-bytecode.jar
  [signjar] Signing Jar : /apps/cvsbuild/java/source/axis/lib/axis/commons-logging.jar

webstart:

dist:

install:
    [mkdir] Created dir: /apps/cvsbuild/starjava/lib/axis
    [mkdir] Created dir: /apps/cvsbuild/starjava/docs/axis
[loggedcopy] Copying 17 files to /apps/cvsbuild/starjava/lib
[loggedcopy] Copying 1551 files to /apps/cvsbuild/starjava/docs
     [echo] Executing Jetty target: install

prepare:

build:

jars:
      [jar] Updating jar: /apps/cvsbuild/java/source/jetty/lib/jetty/org.mortbay.jetty.jar
  [signjar] Signing Jar : /apps/cvsbuild/java/source/jetty/lib/jetty/org.apache.crimson.jar
  [signjar] Signing Jar : /apps/cvsbuild/java/source/jetty/lib/jetty/org.apache.jasper.jar
  [signjar] Signing Jar : /apps/cvsbuild/java/source/jetty/lib/jetty/javax.xml.jaxp.jar
  [signjar] Signing Jar : /apps/cvsbuild/java/source/jetty/lib/jetty/javax.servlet.jar
  [signjar] Signing Jar : /apps/cvsbuild/java/source/jetty/lib/jetty/org.mortbay.jetty.jar

webstart:

dist:

install:
    [mkdir] Created dir: /apps/cvsbuild/starjava/lib/jetty
    [mkdir] Created dir: /apps/cvsbuild/starjava/docs/jetty
[loggedcopy] Copying 6 files to /apps/cvsbuild/starjava/lib
[loggedcopy] Copying 397 files to /apps/cvsbuild/starjava/docs
     [echo] Executing UTIL target: install

prepare:

check_packages:

build:

jars:
    [mkdir] Created dir: /apps/cvsbuild/java/source/util/lib/util
      [jar] Building jar: /apps/cvsbuild/java/source/util/lib/util/util.jar
      [zip] Building zip: /apps/cvsbuild/java/source/util/lib/util/util_src.zip
  [signjar] Signing Jar : /apps/cvsbuild/java/source/util/lib/util/util.jar

javadoc_check:

javadocs:

webstart:

dist:
    [mkdir] Created dir: /apps/cvsbuild/java/source/util/bin
    [mkdir] Created dir: /apps/cvsbuild/java/source/util/etc
     [copy] Copying 2 files to /apps/cvsbuild/java/source/util/bin
     [copy] Copying 1 file to /apps/cvsbuild/java/source/util/etc

install:
    [mkdir] Created dir: /apps/cvsbuild/starjava/lib/util
    [mkdir] Created dir: /apps/cvsbuild/starjava/docs/util
[loggedcopy] Copying 2 files to /apps/cvsbuild/starjava/bin
[loggedcopy] Copying 3 files to /apps/cvsbuild/starjava/lib
[loggedcopy] Copying 1 file to /apps/cvsbuild/starjava/etc
[loggedcopy] Copying 79 files to /apps/cvsbuild/starjava/docs
     [echo] Executing Task target: install

prepare:

check_packages:

build:

jars:
      [jar] Building jar: /apps/cvsbuild/java/source/task/lib/task/task.jar
  [signjar] Signing Jar : /apps/cvsbuild/java/source/task/lib/task/task.jar

javadoc_check:

javadocs:

webstart:

dist:

install:
    [mkdir] Created dir: /apps/cvsbuild/starjava/bin/task
    [mkdir] Created dir: /apps/cvsbuild/starjava/lib/task
    [mkdir] Created dir: /apps/cvsbuild/starjava/etc/task
    [mkdir] Created dir: /apps/cvsbuild/starjava/docs/task
[loggedcopy] Copying 2 files to /apps/cvsbuild/starjava/lib
[loggedcopy] Copying 27 files to /apps/cvsbuild/starjava/docs
     [echo] Executing JNIAST target: install

prepare:

check_packages:

build_classes:

unpack_jni:

unpack_jni_arch:
    [unjar] Expanding: /apps/cvsbuild/java/source/jniast/src/lib/i386/jniast_libs.jar into /apps/cvsbuild/java/source/jniast/lib/i386

unpack_jni_arch:
    [unjar] Expanding: /apps/cvsbuild/java/source/jniast/src/lib/sparc/jniast_libs.jar into /apps/cvsbuild/java/source/jniast/lib/sparc

unpack_jni_arch:
    [unjar] Expanding: /apps/cvsbuild/java/source/jniast/src/lib/x86/jniast_libs.jar into /apps/cvsbuild/java/source/jniast/lib/x86

unpack_jni_arch:
    [unjar] Expanding: /apps/cvsbuild/java/source/jniast/src/lib/ppc/jniast_libs.jar into /apps/cvsbuild/java/source/jniast/lib/ppc

build:

jars:
      [jar] Building jar: /apps/cvsbuild/java/source/jniast/lib/jniast/jniast.jar
     [copy] Copying 4 files to /apps/cvsbuild/java/source/jniast/lib
  [signjar] Signing Jar : /apps/cvsbuild/java/source/jniast/lib/jniast/jniast.jar
  [signjar] Signing Jar : /apps/cvsbuild/java/source/jniast/lib/i386/jniast_libs.jar
  [signjar] Signing Jar : /apps/cvsbuild/java/source/jniast/lib/sparc/jniast_libs.jar
  [signjar] Signing Jar : /apps/cvsbuild/java/source/jniast/lib/x86/jniast_libs.jar
  [signjar] Signing Jar : /apps/cvsbuild/java/source/jniast/lib/ppc/jniast_libs.jar

javadoc_check:

javadocs:

webstart:

dist:

install:
    [mkdir] Created dir: /apps/cvsbuild/starjava/lib/jniast
    [mkdir] Created dir: /apps/cvsbuild/starjava/docs/jniast
    [mkdir] Created dir: /apps/cvsbuild/starjava/lib/i386
[loggedcopy] Copying 10 files to /apps/cvsbuild/starjava/lib
[loggedcopy] Copying 74 files to /apps/cvsbuild/starjava/docs
     [echo] Executing DIVA target: install

prepare:

check_packages:

build:

jars:
      [jar] Building jar: /apps/cvsbuild/java/source/diva/lib/diva/diva.jar
  [signjar] Signing Jar : /apps/cvsbuild/java/source/diva/lib/diva/acme.jar
  [signjar] Signing Jar : /apps/cvsbuild/java/source/diva/lib/diva/aelfred.jar
  [signjar] Signing Jar : /apps/cvsbuild/java/source/diva/lib/diva/diva.jar

javadoc_check:

javadocs:

webstart:

dist:
     [copy] Copying 284 files to /apps/cvsbuild/java/source/diva/docs/diva
    [chmod] Result: -1

install:
    [mkdir] Created dir: /apps/cvsbuild/starjava/lib/diva
    [mkdir] Created dir: /apps/cvsbuild/starjava/docs/diva
[loggedcopy] Copying 4 files to /apps/cvsbuild/starjava/lib
[loggedcopy] Copying 1109 files to /apps/cvsbuild/starjava/docs
[loggedcopy] Copying 108 files to /apps/cvsbuild/starjava/docs
     [echo] Executing HELP target: install

prepare:

check_packages:

build:

jars:
      [jar] Building jar: /apps/cvsbuild/java/source/help/lib/help/help.jar
  [signjar] Signing Jar : /apps/cvsbuild/java/source/help/lib/help/help.jar

javadoc_check:

javadocs:

webstart:

dist:
     [copy] Copying 3 files to /apps/cvsbuild/java/source/help/docs/help

install:
    [mkdir] Created dir: /apps/cvsbuild/starjava/lib/help
    [mkdir] Created dir: /apps/cvsbuild/starjava/docs/help
[loggedcopy] Copying 4 files to /apps/cvsbuild/starjava/lib
[loggedcopy] Copying 29 files to /apps/cvsbuild/starjava/docs
     [echo] Executing ASTGUI target: install

prepare:

check_packages:

build:

jars:
      [jar] Building jar: /apps/cvsbuild/java/source/astgui/lib/astgui/astgui.jar
  [signjar] Signing Jar : /apps/cvsbuild/java/source/astgui/lib/astgui/astgui.jar

javadoc_check:

javadocs:

webstart:

dist:

install:
    [mkdir] Created dir: /apps/cvsbuild/starjava/lib/astgui
    [mkdir] Created dir: /apps/cvsbuild/starjava/docs/astgui
[loggedcopy] Copying 2 files to /apps/cvsbuild/starjava/lib
[loggedcopy] Copying 62 files to /apps/cvsbuild/starjava/docs
     [echo] Executing JNIHDS target: install

prepare:

check_packages:

build_classes:

unpack_jni:

unpack_jni_arch:
    [unjar] Expanding: /apps/cvsbuild/java/source/jnihds/src/lib/i386/jnihds_libs.jar into /apps/cvsbuild/java/source/jnihds/lib/i386

unpack_jni_arch:
    [unjar] Expanding: /apps/cvsbuild/java/source/jnihds/src/lib/sparc/jnihds_libs.jar into /apps/cvsbuild/java/source/jnihds/lib/sparc

unpack_jni_arch:
    [unjar] Expanding: /apps/cvsbuild/java/source/jnihds/src/lib/x86/jnihds_libs.jar into /apps/cvsbuild/java/source/jnihds/lib/x86

unpack_jni_arch:
    [unjar] Expanding: /apps/cvsbuild/java/source/jnihds/src/lib/ppc/jnihds_libs.jar into /apps/cvsbuild/java/source/jnihds/lib/ppc

build:

jars:
      [jar] Building jar: /apps/cvsbuild/java/source/jnihds/lib/jnihds/jnihds.jar
     [copy] Copying 4 files to /apps/cvsbuild/java/source/jnihds/lib
  [signjar] Signing Jar : /apps/cvsbuild/java/source/jnihds/lib/jnihds/jnihds.jar
  [signjar] Signing Jar : /apps/cvsbuild/java/source/jnihds/lib/i386/jnihds_libs.jar
  [signjar] Signing Jar : /apps/cvsbuild/java/source/jnihds/lib/sparc/jnihds_libs.jar
  [signjar] Signing Jar : /apps/cvsbuild/java/source/jnihds/lib/x86/jnihds_libs.jar
  [signjar] Signing Jar : /apps/cvsbuild/java/source/jnihds/lib/ppc/jnihds_libs.jar

javadoc_check:

javadocs:

webstart:

dist:

install:
    [mkdir] Created dir: /apps/cvsbuild/starjava/lib/jnihds
    [mkdir] Created dir: /apps/cvsbuild/starjava/docs/jnihds
[loggedcopy] Copying 10 files to /apps/cvsbuild/starjava/lib
[loggedcopy] Copying 18 files to /apps/cvsbuild/starjava/docs
     [echo] Executing HDX target: install

prepare:

check_packages:

build:

jars:
      [jar] Building jar: /apps/cvsbuild/java/source/hdx/lib/hdx/hdx.jar
  [signjar] Signing Jar : /apps/cvsbuild/java/source/hdx/lib/hdx/hdx.jar

javadoc_check:

javadocs:

webstart:

dist:

install:
    [mkdir] Created dir: /apps/cvsbuild/starjava/lib/hdx
    [mkdir] Created dir: /apps/cvsbuild/starjava/docs/hdx
[loggedcopy] Copying 2 files to /apps/cvsbuild/starjava/lib
[loggedcopy] Copying 29 files to /apps/cvsbuild/starjava/docs
     [echo] Executing NDArray target: install

prepare:

check_packages:

assemble_java:

do_assemble_java:

build_classes:

build:

jars:
    [mkdir] Created dir: /apps/cvsbuild/java/source/array/lib/array
      [jar] Building jar: /apps/cvsbuild/java/source/array/lib/array/array.jar
      [zip] Building zip: /apps/cvsbuild/java/source/array/lib/array/array_src.zip
  [signjar] Signing Jar : /apps/cvsbuild/java/source/array/lib/array/array.jar

javadoc_check:

javadocs:

webstart:

dist:

install:
    [mkdir] Created dir: /apps/cvsbuild/starjava/lib/array
    [mkdir] Created dir: /apps/cvsbuild/starjava/docs/array
[loggedcopy] Copying 3 files to /apps/cvsbuild/starjava/lib
[loggedcopy] Copying 58 files to /apps/cvsbuild/starjava/docs
     [echo] Executing NDX target: install

prepare:

check_packages:

build:

jars:
    [mkdir] Created dir: /apps/cvsbuild/java/source/ndx/lib/ndx
      [jar] Building jar: /apps/cvsbuild/java/source/ndx/lib/ndx/ndx.jar
      [zip] Building zip: /apps/cvsbuild/java/source/ndx/lib/ndx/ndx_src.zip
  [signjar] Signing Jar : /apps/cvsbuild/java/source/ndx/lib/ndx/ndx.jar

javadoc_check:

javadocs:

webstart:

dist:

install:
    [mkdir] Created dir: /apps/cvsbuild/starjava/lib/ndx
    [mkdir] Created dir: /apps/cvsbuild/starjava/docs/ndx
[loggedcopy] Copying 3 files to /apps/cvsbuild/starjava/lib
[loggedcopy] Copying 27 files to /apps/cvsbuild/starjava/docs
     [echo] Executing Table target: install

prepare:

check_packages:

build:

jars:
      [jar] Building jar: /apps/cvsbuild/java/source/table/lib/table/table.jar
  [signjar] Signing Jar : /apps/cvsbuild/java/source/table/lib/table/table.jar

javadoc_check:

javadocs:

webstart:

dist:
    [mkdir] Created dir: /apps/cvsbuild/java/source/table/bin
     [copy] Copying 1 file to /apps/cvsbuild/java/source/table/bin

install:
    [mkdir] Created dir: /apps/cvsbuild/starjava/lib/table
    [mkdir] Created dir: /apps/cvsbuild/starjava/docs/table
[loggedcopy] Copying 4 files to /apps/cvsbuild/starjava/lib
[loggedcopy] Copying 1 file to /apps/cvsbuild/starjava/bin
[loggedcopy] Copying 131 files to /apps/cvsbuild/starjava/docs
     [echo] Executing NDTools target: install

prepare:

check_packages:

build:

jars:
    [mkdir] Created dir: /apps/cvsbuild/java/source/ndtools/lib/ndtools
      [jar] Building jar: /apps/cvsbuild/java/source/ndtools/lib/ndtools/ndtools.jar
      [zip] Building zip: /apps/cvsbuild/java/source/ndtools/lib/ndtools/ndtools_src.zip
  [signjar] Signing Jar : /apps/cvsbuild/java/source/ndtools/lib/ndtools/ndtools.jar

javadoc_check:

javadocs:

webstart:

dist:
    [mkdir] Created dir: /apps/cvsbuild/java/source/ndtools/bin/ndtools
     [copy] Copying 1 file to /apps/cvsbuild/java/source/ndtools/bin/ndtools

install:
    [mkdir] Created dir: /apps/cvsbuild/starjava/bin/ndtools
    [mkdir] Created dir: /apps/cvsbuild/starjava/lib/ndtools
    [mkdir] Created dir: /apps/cvsbuild/starjava/etc/ndtools
    [mkdir] Created dir: /apps/cvsbuild/starjava/docs/ndtools
[loggedcopy] Copying 1 file to /apps/cvsbuild/starjava/bin
[loggedcopy] Copying 3 files to /apps/cvsbuild/starjava/lib
[loggedcopy] Copying 15 files to /apps/cvsbuild/starjava/docs
     [echo] Executing HDS target: install

prepare:

check_packages:

build:

jars:
    [mkdir] Created dir: /apps/cvsbuild/java/source/hds/lib/hds
      [jar] Building jar: /apps/cvsbuild/java/source/hds/lib/hds/hds.jar
      [zip] Building zip: /apps/cvsbuild/java/source/hds/lib/hds/hds_src.zip
  [signjar] Signing Jar : /apps/cvsbuild/java/source/hds/lib/hds/hds.jar

javadoc_check:

javadocs:

webstart:

dist:

install:
    [mkdir] Created dir: /apps/cvsbuild/starjava/lib/hds
    [mkdir] Created dir: /apps/cvsbuild/starjava/docs/hds
[loggedcopy] Copying 3 files to /apps/cvsbuild/starjava/lib
[loggedcopy] Copying 20 files to /apps/cvsbuild/starjava/docs
     [echo] Executing FITS target: install

prepare:

check_packages:

build:

jars:
    [mkdir] Created dir: /apps/cvsbuild/java/source/fits/lib/fits
      [jar] Building jar: /apps/cvsbuild/java/source/fits/lib/fits/fits.jar
      [zip] Building zip: /apps/cvsbuild/java/source/fits/lib/fits/fits_src.zip
  [signjar] Signing Jar : /apps/cvsbuild/java/source/fits/lib/fits/fits.jar

javadoc_check:

javadocs:

webstart:

dist:

install:
    [mkdir] Created dir: /apps/cvsbuild/starjava/lib/fits
    [mkdir] Created dir: /apps/cvsbuild/starjava/docs/fits
[loggedcopy] Copying 3 files to /apps/cvsbuild/starjava/lib
[loggedcopy] Copying 23 files to /apps/cvsbuild/starjava/docs
     [echo] Executing JSky target: install

prepare:

check_packages:

build:

jars:
      [jar] Building jar: /apps/cvsbuild/java/source/jsky/lib/jsky/jsky.jar
  [signjar] Signing Jar : /apps/cvsbuild/java/source/jsky/lib/jsky/jfreechart.jar
  [signjar] Signing Jar : /apps/cvsbuild/java/source/jsky/lib/jsky/jcommon.jar
  [signjar] Signing Jar : /apps/cvsbuild/java/source/jsky/lib/jsky/log4j.jar
  [signjar] Signing Jar : /apps/cvsbuild/java/source/jsky/lib/jsky/dom4j.jar
  [signjar] Signing Jar : /apps/cvsbuild/java/source/jsky/lib/jsky/jel.jar
  [signjar] Signing Jar : /apps/cvsbuild/java/source/jsky/lib/jsky/hcompress.jar
  [signjar] Signing Jar : /apps/cvsbuild/java/source/jsky/lib/jsky/jsky.jar

javadoc_check:

javadocs:

webstart:

dist:
     [copy] Copying 3 files to /apps/cvsbuild/java/source/jsky/bin/jsky
     [copy] Copying 4 files to /apps/cvsbuild/java/source/jsky/docs/jsky

install:
    [mkdir] Created dir: /apps/cvsbuild/starjava/bin/jsky
    [mkdir] Created dir: /apps/cvsbuild/starjava/lib/jsky
    [mkdir] Created dir: /apps/cvsbuild/starjava/docs/jsky
[loggedcopy] Copying 3 files to /apps/cvsbuild/starjava/bin
[loggedcopy] Copying 9 files to /apps/cvsbuild/starjava/lib
[loggedcopy] Copying 434 files to /apps/cvsbuild/starjava/docs
[loggedcopy] Copied 17 empty directories to /apps/cvsbuild/starjava/docs
     [echo] Executing Pal target: install

prepare:

check_packages:

build:

jars:
      [jar] Building jar: /apps/cvsbuild/java/source/pal/lib/pal/pal.jar
  [signjar] Signing Jar : /apps/cvsbuild/java/source/pal/lib/pal/pal.jar

javadoc_check:

javadocs:

webstart:

dist:

install:
    [mkdir] Created dir: /apps/cvsbuild/starjava/lib/pal
    [mkdir] Created dir: /apps/cvsbuild/starjava/docs/pal
[loggedcopy] Copying 2 files to /apps/cvsbuild/starjava/lib
[loggedcopy] Copying 30 files to /apps/cvsbuild/starjava/docs
     [echo] Executing VOTable target: install

prepare:

check_packages:

build:
    [javac] Compiling 23 source files to /apps/cvsbuild/java/source/votable/build/classes
    [javac] /apps/cvsbuild/java/source/votable/src/main/uk/ac/starlink/votable/VODocument.java:91: cannot resolve symbol
    [javac] symbol  : constructor FieldElement (org.w3c.dom.Element,uk.ac.starlink.votable.VODocument)
    [javac] location: class uk.ac.starlink.votable.FieldElement
    [javac]             return new FieldElement( node, this );
    [javac]                    ^
    [javac] /apps/cvsbuild/java/source/votable/src/main/uk/ac/starlink/votable/VODocument.java:94: cannot resolve symbol
    [javac] symbol  : constructor LinkElement (org.w3c.dom.Element,uk.ac.starlink.votable.VODocument)
    [javac] location: class uk.ac.starlink.votable.LinkElement
    [javac]             return new LinkElement( node, this );
    [javac]                    ^
    [javac] /apps/cvsbuild/java/source/votable/src/main/uk/ac/starlink/votable/VODocument.java:97: cannot resolve symbol
    [javac] symbol  : constructor ParamElement (org.w3c.dom.Element,uk.ac.starlink.votable.VODocument)
    [javac] location: class uk.ac.starlink.votable.ParamElement
    [javac]             return new ParamElement( node, this );
    [javac]                    ^
    [javac] /apps/cvsbuild/java/source/votable/src/main/uk/ac/starlink/votable/VODocument.java:100: cannot resolve symbol
    [javac] symbol  : constructor TableElement (org.w3c.dom.Element,uk.ac.starlink.votable.VODocument)
    [javac] location: class uk.ac.starlink.votable.TableElement
    [javac]             return new TableElement( node, this );
    [javac]                    ^
    [javac] /apps/cvsbuild/java/source/votable/src/main/uk/ac/starlink/votable/VODocument.java:103: cannot resolve symbol
    [javac] symbol  : constructor ValuesElement (org.w3c.dom.Element,uk.ac.starlink.votable.VODocument)
    [javac] location: class uk.ac.starlink.votable.ValuesElement
    [javac]             return new ValuesElement( node, this );
    [javac]                    ^
    [javac] /apps/cvsbuild/java/source/votable/src/main/uk/ac/starlink/votable/VODocument.java:106: cannot resolve symbol
    [javac] symbol  : constructor VOElement (org.w3c.dom.Element,uk.ac.starlink.votable.VODocument)
    [javac] location: class uk.ac.starlink.votable.VOElement
    [javac]             return new VOElement( node, this );
    [javac]                    ^
    [javac] 6 errors

BUILD FAILED
file:/apps/cvsbuild/java/source/votable/build.xml:362: Compile failed; see the compiler error output for details.

Total time: 2 minutes 33 seconds
