/apps/jdk
Buildfile: build.xml

prepare:

javadocs:

call_package_ant:
     [echo] Executing JUnit target: javadocs

javadocs:
     [echo] Executing tamfits target: javadocs

prepare:

javadoc_check:

javadocs:
    [mkdir] Created dir: /apps/cvsbuild/java/source/tamfits/docs/tamfits/javadocs
  [javadoc] Generating Javadoc
  [javadoc] Javadoc execution
  [javadoc] Loading source files for package nom.tam.fits...
  [javadoc] Loading source files for package nom.tam.image...
  [javadoc] Loading source files for package nom.tam.util...
  [javadoc] Constructing Javadoc information...
  [javadoc] Standard Doclet version 1.4.1

  [javadoc] Building tree for all the packages and classes...
  [javadoc] Building index for all the packages and classes...
  [javadoc] Building index for all classes...
  [javadoc] /apps/cvsbuild/java/source/tamfits/src/main/nom/tam/fits/FitsDate.java:39: warning - Tag @return cannot be used in constructor documentation.  It can only be used in the following types of documentation: method.
  [javadoc] /apps/cvsbuild/java/source/tamfits/src/main/nom/tam/util/BufferedDataInputStream.java:349: warning - @returns is an unknown tag.
  [javadoc] /apps/cvsbuild/java/source/tamfits/src/main/nom/tam/util/ColumnTable.java:254: warning - Tag @see: reference not found: ColumnTable.getColumn.
  [javadoc] Generating /apps/cvsbuild/java/source/tamfits/docs/tamfits/javadocs/stylesheet.css...
  [javadoc] 3 warnings
     [echo] Executing axis target: javadocs

javadocs:
     [echo] Executing Jetty target: javadocs

javadocs:
     [echo] Executing UTIL target: javadocs

prepare:

javadoc_check:

javadocs:
    [mkdir] Created dir: /apps/cvsbuild/java/source/util/docs/util/javadocs
  [javadoc] Generating Javadoc
  [javadoc] Javadoc execution
  [javadoc] Loading source files for package uk.ac.starlink.util...
  [javadoc] Loading source files for package uk.ac.starlink.util.gui...
  [javadoc] Loading source files for package uk.ac.starlink.util.images...
  [javadoc] Constructing Javadoc information...
  [javadoc] /apps/cvsbuild/java/source/util/src/main/uk/ac/starlink/util/Compression.java:7: package org.apache.tools.bzip2 does not exist
  [javadoc] import org.apache.tools.bzip2.CBZip2InputStream;
  [javadoc]                               ^
  [javadoc] Standard Doclet version 1.4.1

  [javadoc] /apps/cvsbuild/java/source/util/src/main/uk/ac/starlink/util/Compression.java:148: cannot resolve symbol
  [javadoc] symbol: class CBZip2InputStream 
  [javadoc]             return new CBZip2InputStream( raw );
  [javadoc]                        ^
  [javadoc] Building tree for all the packages and classes...
  [javadoc] Building index for all the packages and classes...
  [javadoc] /apps/cvsbuild/java/source/util/src/main/uk/ac/starlink/util/gui/SelectCharacters.java:50: warning - Tag @see: malformed: "InsertCharacters, SelectCharactersModel"
  [javadoc] /apps/cvsbuild/java/source/util/src/main/uk/ac/starlink/util/gui/BasicFileFilter.java:46: warning - Tag @link: reference not found: JFileChooser
  [javadoc] /apps/cvsbuild/java/source/util/src/main/uk/ac/starlink/util/gui/StoreConfiguration.java:295: warning - The first sentence is interpreted to be:
  [javadoc] Generating /apps/cvsbuild/java/source/util/docs/util/javadocs/index-all.html...
  [javadoc] "Create a new Element ready for attaching a configuration state
  [javadoc]  to (i.e."
  [javadoc] This sentence is different from what will be interpreted as the first sentence in the
  [javadoc] next major release (when that interpretation will be internationalized), which is:
  [javadoc] "Create a new Element ready for attaching a configuration state
  [javadoc]  to (i.e. get this Element then write the configuration data
  [javadoc]  attached to it). "
  [javadoc] To avoid this note, change the doc comment to make this a proper first sentence, then
  [javadoc] use -breakiterator from that point forward, which will output this new sentence.
  [javadoc] Building index for all classes...
  [javadoc] /apps/cvsbuild/java/source/util/src/main/uk/ac/starlink/util/gui/BasicFileFilter.java:46: warning - Tag @link: reference not found: JFileChooser
  [javadoc] /apps/cvsbuild/java/source/util/src/main/uk/ac/starlink/util/XMLEncodeDecode.java:25: warning - Tag @link: reference not found: uk.ac.starlink.ast.gui.AbstractPlotControlsModel
  [javadoc] /apps/cvsbuild/java/source/util/src/main/uk/ac/starlink/util/XMLEncodeDecode.java:25: warning - @copyright is an unknown tag.
  [javadoc] /apps/cvsbuild/java/source/util/src/main/uk/ac/starlink/util/PrimitiveXMLEncodeDecode.java:37: warning - Tag @link: reference not found: ChangeEvents
  [javadoc] /apps/cvsbuild/java/source/util/src/main/uk/ac/starlink/util/gui/SelectCharactersListener.java:15: warning - @copyright is an unknown tag.
  [javadoc] /apps/cvsbuild/java/source/util/src/main/uk/ac/starlink/util/gui/BasicFileFilter.java:46: warning - Tag @link: reference not found: JFileChooser
  [javadoc] /apps/cvsbuild/java/source/util/src/main/uk/ac/starlink/util/gui/BasicFileFilter.java:46: warning - Tag @link: reference not found: File.listFiles
  [javadoc] /apps/cvsbuild/java/source/util/src/main/uk/ac/starlink/util/gui/SelectCharacters.java:50: warning - @copyright is an unknown tag.
  [javadoc] Generating /apps/cvsbuild/java/source/util/docs/util/javadocs/uk/ac/starlink/util/gui/SelectCharacters.html...
  [javadoc] /apps/cvsbuild/java/source/util/src/main/uk/ac/starlink/util/gui/SelectCharacters.java:50: Tag @see: Malformed: InsertCharacters, SelectCharactersModel
  [javadoc] /apps/cvsbuild/java/source/util/src/main/uk/ac/starlink/util/gui/SelectCharactersEvent.java:15: warning - @copyright is an unknown tag.
  [javadoc] /apps/cvsbuild/java/source/util/src/main/uk/ac/starlink/util/gui/SelectCharactersModel.java:18: warning - @copyright is an unknown tag.
  [javadoc] /apps/cvsbuild/java/source/util/src/main/uk/ac/starlink/util/gui/SelectTextField.java:33: warning - @copyright is an unknown tag.
  [javadoc] /apps/cvsbuild/java/source/util/src/main/uk/ac/starlink/util/gui/StoreConfiguration.java:70: warning - @copyright is an unknown tag.
  [javadoc] /apps/cvsbuild/java/source/util/src/main/uk/ac/starlink/util/gui/StoreConfiguration.java:295: warning - The first sentence is interpreted to be:
  [javadoc] Generating /apps/cvsbuild/java/source/util/docs/util/javadocs/uk/ac/starlink/util/gui/StoreConfiguration.html...
  [javadoc] "Create a new Element ready for attaching a configuration state
  [javadoc]  to (i.e."
  [javadoc] This sentence is different from what would be generated using -breakiterator: 
  [javadoc] "Create a new Element ready for attaching a configuration state
  [javadoc]  to (i.e. get this Element then write the configuration data
  [javadoc]  attached to it). "
  [javadoc] /apps/cvsbuild/java/source/util/src/main/uk/ac/starlink/util/gui/StoreControlFrame.java:56: warning - Tag @link: reference not found: SourceSource
  [javadoc] /apps/cvsbuild/java/source/util/src/main/uk/ac/starlink/util/gui/StoreFileUtils.java:68: warning - Tag @link: reference not found: getConfigDirectory
  [javadoc] Generating /apps/cvsbuild/java/source/util/docs/util/javadocs/stylesheet.css...
  [javadoc] 1 error
  [javadoc] 19 warnings
     [echo] Executing Task target: javadocs

prepare:

javadoc_check:

javadocs:
    [mkdir] Created dir: /apps/cvsbuild/java/source/task/docs/task/javadocs
  [javadoc] Generating Javadoc
  [javadoc] Javadoc execution
  [javadoc] Loading source files for package uk.ac.starlink.task...
  [javadoc] Constructing Javadoc information...
  [javadoc] Standard Doclet version 1.4.1

  [javadoc] Building tree for all the packages and classes...
  [javadoc] Building index for all the packages and classes...
  [javadoc] Building index for all classes...
     [echo] Executing JNIAST target: javadocs

prepare:

javadoc_check:

get_ast_source:
    [untar] Expanding: /apps/cvsbuild/java/source/jniast/src/ast/ast_source.tar into /apps/cvsbuild/java/source/jniast/build/ast

assemble_java:

javadocs:
    [mkdir] Created dir: /apps/cvsbuild/java/source/jniast/docs/jniast/javadocs
  [javadoc] Generating Javadoc
  [javadoc] Javadoc execution
  [javadoc] Loading source files for package uk.ac.starlink.ast...
  [javadoc] Loading source files for package uk.ac.starlink.ast.grf...
  [javadoc] Loading source files for package uk.ac.starlink.ast.xml...
  [javadoc] Constructing Javadoc information...
  [javadoc] Standard Doclet version 1.4.1

  [javadoc] Building tree for all the packages and classes...
  [javadoc] Building index for all the packages and classes...
  [javadoc] Building index for all classes...
     [echo] Executing ASTGUI target: javadocs

prepare:

javadoc_check:

javadocs:
    [mkdir] Created dir: /apps/cvsbuild/java/source/astgui/docs/astgui/javadocs
  [javadoc] Generating Javadoc
  [javadoc] Javadoc execution
  [javadoc] Loading source files for package uk.ac.starlink.ast.gui...
  [javadoc] Constructing Javadoc information...
  [javadoc] /apps/cvsbuild/java/source/astgui/src/main/uk/ac/starlink/ast/gui/AstFigureProps.java:18: package uk.ac.starlink.diva does not exist
  [javadoc] import uk.ac.starlink.diva.FigureProps;
  [javadoc]                            ^
  [javadoc] /apps/cvsbuild/java/source/astgui/src/main/uk/ac/starlink/ast/gui/AstFigureProps.java:19: package uk.ac.starlink.diva.interp does not exist
  [javadoc] import uk.ac.starlink.diva.interp.Interpolator;
  [javadoc]                                   ^
  [javadoc] /apps/cvsbuild/java/source/astgui/src/main/uk/ac/starlink/ast/gui/AstFigureProps.java:35: cannot resolve symbol
  [javadoc] symbol  : class FigureProps 
  [javadoc] location: class uk.ac.starlink.ast.gui.AstFigureProps
  [javadoc]     extends FigureProps
  [javadoc]             ^
  [javadoc] /apps/cvsbuild/java/source/astgui/src/main/uk/ac/starlink/ast/gui/AstFigureProps.java:48: cannot resolve symbol
  [javadoc] symbol  : class FigureProps 
  [javadoc] location: class uk.ac.starlink.ast.gui.AstFigureProps
  [javadoc]     public AstFigureProps( FigureProps props )
  [javadoc]                            ^
  [javadoc] /apps/cvsbuild/java/source/astgui/src/main/uk/ac/starlink/ast/gui/AstFigureStore.java:24: package uk.ac.starlink.diva does not exist
  [javadoc] import uk.ac.starlink.diva.DrawFigure;
  [javadoc]                            ^
  [javadoc] /apps/cvsbuild/java/source/astgui/src/main/uk/ac/starlink/ast/gui/AstFigureStore.java:25: package uk.ac.starlink.diva does not exist
  [javadoc] import uk.ac.starlink.diva.DrawFigureStore;
  [javadoc]                            ^
  [javadoc] /apps/cvsbuild/java/source/astgui/src/main/uk/ac/starlink/ast/gui/AstFigureStore.java:41: cannot resolve symbol
  [javadoc] symbol  : class DrawFigureStore 
  [javadoc] location: class uk.ac.starlink.ast.gui.AstFigureStore
  [javadoc]     extends DrawFigureStore
  [javadoc]             ^
  [javadoc] Standard Doclet version 1.4.1

  [javadoc] Building tree for all the packages and classes...
  [javadoc] Building index for all the packages and classes...
  [javadoc] /apps/cvsbuild/java/source/astgui/src/main/uk/ac/starlink/ast/gui/PlotConfiguration.java:56: warning - Tag @see: malformed: "AstAxisLabels,"
  [javadoc] /apps/cvsbuild/java/source/astgui/src/main/uk/ac/starlink/ast/gui/GraphicsHints.java:20: warning - Tag @see: malformed: "Plot, PlotConfig."
  [javadoc] /apps/cvsbuild/java/source/astgui/src/main/uk/ac/starlink/ast/gui/PlotConfiguration.java:112: warning - The first sentence is interpreted to be:
  [javadoc] Generating /apps/cvsbuild/java/source/astgui/docs/astgui/javadocs/index-all.html...
  [javadoc] "Array of AbstractPlotControlsModel objects that are genuine Ast
  [javadoc]  related parts (i.e."
  [javadoc] This sentence is different from what will be interpreted as the first sentence in the
  [javadoc] next major release (when that interpretation will be internationalized), which is:
  [javadoc] "Array of AbstractPlotControlsModel objects that are genuine Ast
  [javadoc]  related parts (i.e. can be passed to an Ast Plot as
  [javadoc]  configuration options, these are the default list and cannot be
  [javadoc]  extended)."
  [javadoc] To avoid this note, change the doc comment to make this a proper first sentence, then
  [javadoc] use -breakiterator from that point forward, which will output this new sentence.
  [javadoc] /apps/cvsbuild/java/source/astgui/src/main/uk/ac/starlink/ast/gui/AstFigureProps.java:34: warning - Tag @link: reference not found: FigureProps
  [javadoc] /apps/cvsbuild/java/source/astgui/src/main/uk/ac/starlink/ast/gui/AstFigureStore.java:40: warning - Tag @link: reference not found: DrawFigureStore
  [javadoc] /apps/cvsbuild/java/source/astgui/src/main/uk/ac/starlink/ast/gui/AstStrings.java:27: warning - The first sentence is interpreted to be:
  [javadoc] "AstStrings is a model for all the general text elements shown in
  [javadoc]  an AST Plot (i.e."
  [javadoc] This sentence is different from what would be generated using -breakiterator: 
  [javadoc] "AstStrings is a model for all the general text elements shown in
  [javadoc]  an AST Plot (i.e. those with element name "strings"). "
  [javadoc] /apps/cvsbuild/java/source/astgui/src/main/uk/ac/starlink/ast/gui/AstDouble.java:233: warning - Tag @see: missing #: "java.lang.Double.compareTo()"
  [javadoc] /apps/cvsbuild/java/source/astgui/src/main/uk/ac/starlink/ast/gui/AstDouble.java:233: warning - Tag @see: can't find java.lang.Double.compareTo() in uk.ac.starlink.ast.gui.AstDouble
  [javadoc] /apps/cvsbuild/java/source/astgui/src/main/uk/ac/starlink/ast/gui/AstDoubleField.java:29: warning - Tag @link: reference not found: Frame
  [javadoc] /apps/cvsbuild/java/source/astgui/src/main/uk/ac/starlink/ast/gui/DecimalField.java:19: warning - The first sentence is interpreted to be:
  [javadoc] "DecimalField extends JTextField to force the entry of valid decimal
  [javadoc]  (i.e."
  [javadoc] This sentence is different from what would be generated using -breakiterator: 
  [javadoc] "DecimalField extends JTextField to force the entry of valid decimal
  [javadoc]  (i.e. floating point and integer) numbers. "
  [javadoc] /apps/cvsbuild/java/source/astgui/src/main/uk/ac/starlink/ast/gui/PlotConfiguration.java:225: warning - The first sentence is interpreted to be:
  [javadoc] "Decode (i.e."
  [javadoc] This sentence is different from what would be generated using -breakiterator: 
  [javadoc] "Decode (i.e. restore) the internal state of this object from an
  [javadoc]  XML Element."
  [javadoc] /apps/cvsbuild/java/source/astgui/src/main/uk/ac/starlink/ast/gui/AstNumberLabels.java:74: warning - The first sentence is interpreted to be:
  [javadoc] "The number of digits used to determine gap between major axes."
  [javadoc] This sentence is different from what would be generated using -breakiterator: 
  [javadoc] "The number of digits used to determine gap between major axes. (-1 for
  [javadoc]  not set)."
  [javadoc] /apps/cvsbuild/java/source/astgui/src/main/uk/ac/starlink/ast/gui/GraphicsEdges.java:54: warning - The first sentence is interpreted to be:
  [javadoc] "The suggested fraction resolution (i.e."
  [javadoc] This sentence is different from what would be generated using -breakiterator: 
  [javadoc] "The suggested fraction resolution (i.e. interval between steps)."
  [javadoc] /apps/cvsbuild/java/source/astgui/src/main/uk/ac/starlink/ast/gui/AstTitle.java:71: warning - The first sentence is interpreted to be:
  [javadoc] "The suggested gap resolution (i.e."
  [javadoc] This sentence is different from what would be generated using -breakiterator: 
  [javadoc] "The suggested gap resolution (i.e. interval between steps)."
  [javadoc] /apps/cvsbuild/java/source/astgui/src/main/uk/ac/starlink/ast/gui/AstNumberLabels.java:99: warning - The first sentence is interpreted to be:
  [javadoc] "The suggested gap resolution (i.e."
  [javadoc] This sentence is different from what would be generated using -breakiterator: 
  [javadoc] "The suggested gap resolution (i.e. interval between steps)."
  [javadoc] /apps/cvsbuild/java/source/astgui/src/main/uk/ac/starlink/ast/gui/AstAxisLabels.java:93: warning - The first sentence is interpreted to be:
  [javadoc] "The suggested gap resolution (i.e."
  [javadoc] This sentence is different from what would be generated using -breakiterator: 
  [javadoc] "The suggested gap resolution (i.e. interval between steps)."
  [javadoc] /apps/cvsbuild/java/source/astgui/src/main/uk/ac/starlink/ast/gui/PlotConfiguration.java:56: warning - The first sentence is interpreted to be:
  [javadoc] "PlotConfiguration is a repository for all the configuration information
  [javadoc]  related to a Plot (i.e."
  [javadoc] This sentence is different from what would be generated using -breakiterator: 
  [javadoc] "PlotConfiguration is a repository for all the configuration information
  [javadoc]  related to a Plot (i.e. the AST graphics configuration, plus
  [javadoc]  addition information such as data limits and antialiasing state,
  [javadoc]  which may be added).
  [javadoc]  "
  [javadoc] /apps/cvsbuild/java/source/astgui/src/main/uk/ac/starlink/ast/gui/AstAxes.java:235: warning - The first sentence is interpreted to be:
  [javadoc] "Set position along the X axis at which to start labelling
  [javadoc]  (i.e."
  [javadoc] This sentence is different from what would be generated using -breakiterator: 
  [javadoc] "Set position along the X axis at which to start labelling
  [javadoc]  (i.e. the Y axis intersection with the X axis). "
  [javadoc] /apps/cvsbuild/java/source/astgui/src/main/uk/ac/starlink/ast/gui/AstAxes.java:266: warning - The first sentence is interpreted to be:
  [javadoc] "Set position along the Y axis at which to start labelling
  [javadoc]  (i.e."
  [javadoc] This sentence is different from what would be generated using -breakiterator: 
  [javadoc] "Set position along the Y axis at which to start labelling
  [javadoc]  (i.e. the X axis intersection with the Y axis). "
  [javadoc] /apps/cvsbuild/java/source/astgui/src/main/uk/ac/starlink/ast/gui/package.html: warning - Tag @link: reference not found: uk.ac.starlink.ast
  [javadoc] Building index for all classes...
  [javadoc] /apps/cvsbuild/java/source/astgui/src/main/uk/ac/starlink/ast/gui/package.html: warning - Tag @link: reference not found: uk.ac.starlink.ast
  [javadoc] /apps/cvsbuild/java/source/astgui/src/main/uk/ac/starlink/ast/gui/AstFigureProps.java:34: warning - Tag @link: reference not found: FigureProps
  [javadoc] /apps/cvsbuild/java/source/astgui/src/main/uk/ac/starlink/ast/gui/AstFigureStore.java:40: warning - Tag @link: reference not found: DrawFigureStore
  [javadoc] /apps/cvsbuild/java/source/astgui/src/main/uk/ac/starlink/ast/gui/AstStrings.java:27: warning - The first sentence is interpreted to be:
  [javadoc] Generating /apps/cvsbuild/java/source/astgui/docs/astgui/javadocs/uk/ac/starlink/ast/gui/package-summary.html...
  [javadoc] "AstStrings is a model for all the general text elements shown in
  [javadoc]  an AST Plot (i.e."
  [javadoc] This sentence is different from what would be generated using -breakiterator: 
  [javadoc] "AstStrings is a model for all the general text elements shown in
  [javadoc]  an AST Plot (i.e. those with element name "strings"). "
  [javadoc] /apps/cvsbuild/java/source/astgui/src/main/uk/ac/starlink/ast/gui/DecimalField.java:19: warning - The first sentence is interpreted to be:
  [javadoc] "DecimalField extends JTextField to force the entry of valid decimal
  [javadoc]  (i.e."
  [javadoc] This sentence is different from what would be generated using -breakiterator: 
  [javadoc] "DecimalField extends JTextField to force the entry of valid decimal
  [javadoc]  (i.e. floating point and integer) numbers. "
  [javadoc] /apps/cvsbuild/java/source/astgui/src/main/uk/ac/starlink/ast/gui/PlotConfiguration.java:56: warning - The first sentence is interpreted to be:
  [javadoc] "PlotConfiguration is a repository for all the configuration information
  [javadoc]  related to a Plot (i.e."
  [javadoc] This sentence is different from what would be generated using -breakiterator: 
  [javadoc] "PlotConfiguration is a repository for all the configuration information
  [javadoc]  related to a Plot (i.e. the AST graphics configuration, plus
  [javadoc]  addition information such as data limits and antialiasing state,
  [javadoc]  which may be added).
  [javadoc]  "
  [javadoc] /apps/cvsbuild/java/source/astgui/src/main/uk/ac/starlink/ast/gui/package.html: warning - Tag @link: reference not found: uk.ac.starlink.ast
  [javadoc] /apps/cvsbuild/java/source/astgui/src/main/uk/ac/starlink/ast/gui/package.html: warning - Tag @link: reference not found: PlotConfigurator
  [javadoc] /apps/cvsbuild/java/source/astgui/src/main/uk/ac/starlink/ast/gui/package.html: warning - Tag @link: reference not found: PlotConfiguration
  [javadoc] /apps/cvsbuild/java/source/astgui/src/main/uk/ac/starlink/ast/gui/package.html: warning - Tag @link: reference not found: StoreConfigurator
  [javadoc] /apps/cvsbuild/java/source/astgui/src/main/uk/ac/starlink/ast/gui/package.html: warning - Tag @link: reference not found: ConfigurationStore
  [javadoc] /apps/cvsbuild/java/source/astgui/src/main/uk/ac/starlink/ast/gui/package.html: warning - Tag @link: reference not found: XMLEncodeAndDecode
  [javadoc] /apps/cvsbuild/java/source/astgui/src/main/uk/ac/starlink/ast/gui/package.html: warning - Tag @link: reference not found: PlotConfigurator
  [javadoc] /apps/cvsbuild/java/source/astgui/src/main/uk/ac/starlink/ast/gui/package.html: warning - Tag @link: reference not found: GraphicsHints
  [javadoc] /apps/cvsbuild/java/source/astgui/src/main/uk/ac/starlink/ast/gui/package.html: warning - Tag @link: reference not found: GraphicsEdges
  [javadoc] /apps/cvsbuild/java/source/astgui/src/main/uk/ac/starlink/ast/gui/package.html: warning - Tag @link: reference not found: ColourStore
  [javadoc] /apps/cvsbuild/java/source/astgui/src/main/uk/ac/starlink/ast/gui/package.html: warning - Tag @link: reference not found: AstDouble
  [javadoc] /apps/cvsbuild/java/source/astgui/src/main/uk/ac/starlink/ast/gui/package.html: warning - Tag @link: reference not found: AstDoubleField
  [javadoc] /apps/cvsbuild/java/source/astgui/src/main/uk/ac/starlink/ast/gui/package.html: warning - Tag @link: reference not found: AstCellEditor
  [javadoc] /apps/cvsbuild/java/source/astgui/src/main/uk/ac/starlink/ast/gui/package.html: warning - Tag @link: reference not found: AstDoubleDocument
  [javadoc] /apps/cvsbuild/java/source/astgui/src/main/uk/ac/starlink/ast/gui/package.html: warning - Tag @link: reference not found: DecimalField
  [javadoc] /apps/cvsbuild/java/source/astgui/src/main/uk/ac/starlink/ast/gui/package.html: warning - Tag @link: reference not found: SelectCharacters
  [javadoc] /apps/cvsbuild/java/source/astgui/src/main/uk/ac/starlink/ast/gui/package.html: warning - Tag @link: reference not found: uk.ac.starlink.ast
  [javadoc] /apps/cvsbuild/java/source/astgui/src/main/uk/ac/starlink/ast/gui/FontChangedListener.java:15: warning - @copyright is an unknown tag.
  [javadoc] /apps/cvsbuild/java/source/astgui/src/main/uk/ac/starlink/ast/gui/PlotController.java:36: warning - Tag @link: reference not found: PlotConfiguration.getAst
  [javadoc] /apps/cvsbuild/java/source/astgui/src/main/uk/ac/starlink/ast/gui/PlotControls.java:27: warning - Tag @link: reference not found: Plot
  [javadoc] /apps/cvsbuild/java/source/astgui/src/main/uk/ac/starlink/ast/gui/AbstractPlotControlsModel.java:48: warning - Tag @link: reference not found: Plot
  [javadoc] /apps/cvsbuild/java/source/astgui/src/main/uk/ac/starlink/ast/gui/AbstractPlotControlsModel.java:48: warning - Tag @link: reference not found: Changelistener
  [javadoc] /apps/cvsbuild/java/source/astgui/src/main/uk/ac/starlink/ast/gui/AbstractPlotControlsModel.java:48: warning - Tag @link: reference not found: ChangeEvents
  [javadoc] /apps/cvsbuild/java/source/astgui/src/main/uk/ac/starlink/ast/gui/AstAxes.java:235: warning - The first sentence is interpreted to be:
  [javadoc] Generating /apps/cvsbuild/java/source/astgui/docs/astgui/javadocs/uk/ac/starlink/ast/gui/AstAxes.html...
  [javadoc] "Set position along the X axis at which to start labelling
  [javadoc]  (i.e."
  [javadoc] This sentence is different from what would be generated using -breakiterator: 
  [javadoc] "Set position along the X axis at which to start labelling
  [javadoc]  (i.e. the Y axis intersection with the X axis). "
  [javadoc] /apps/cvsbuild/java/source/astgui/src/main/uk/ac/starlink/ast/gui/AstAxes.java:266: warning - The first sentence is interpreted to be:
  [javadoc] "Set position along the Y axis at which to start labelling
  [javadoc]  (i.e."
  [javadoc] This sentence is different from what would be generated using -breakiterator: 
  [javadoc] "Set position along the Y axis at which to start labelling
  [javadoc]  (i.e. the X axis intersection with the Y axis). "
  [javadoc] /apps/cvsbuild/java/source/astgui/src/main/uk/ac/starlink/ast/gui/AstAxisLabels.java:93: warning - The first sentence is interpreted to be:
  [javadoc] Generating /apps/cvsbuild/java/source/astgui/docs/astgui/javadocs/uk/ac/starlink/ast/gui/AstAxisLabels.html...
  [javadoc] "The suggested gap resolution (i.e."
  [javadoc] This sentence is different from what would be generated using -breakiterator: 
  [javadoc] "The suggested gap resolution (i.e. interval between steps)."
  [javadoc] /apps/cvsbuild/java/source/astgui/src/main/uk/ac/starlink/ast/gui/AstDoubleField.java:29: warning - Tag @link: reference not found: Frame
  [javadoc] /apps/cvsbuild/java/source/astgui/src/main/uk/ac/starlink/ast/gui/AstDoubleField.java:29: warning - Tag @link: reference not found: Frame
  [javadoc] /apps/cvsbuild/java/source/astgui/src/main/uk/ac/starlink/ast/gui/AstFigureProps.java:34: warning - Tag @link: reference not found: FigureProps
  [javadoc] /apps/cvsbuild/java/source/astgui/src/main/uk/ac/starlink/ast/gui/AstFigureProps.java:34: warning - Tag @link: reference not found: FigureProps
  [javadoc] /apps/cvsbuild/java/source/astgui/src/main/uk/ac/starlink/ast/gui/AstFigureStore.java:40: warning - Tag @link: reference not found: DrawFigureStore
  [javadoc] /apps/cvsbuild/java/source/astgui/src/main/uk/ac/starlink/ast/gui/AstNumberLabels.java:74: warning - The first sentence is interpreted to be:
  [javadoc] Generating /apps/cvsbuild/java/source/astgui/docs/astgui/javadocs/uk/ac/starlink/ast/gui/AstNumberLabels.html...
  [javadoc] "The number of digits used to determine gap between major axes."
  [javadoc] This sentence is different from what would be generated using -breakiterator: 
  [javadoc] "The number of digits used to determine gap between major axes. (-1 for
  [javadoc]  not set)."
  [javadoc] /apps/cvsbuild/java/source/astgui/src/main/uk/ac/starlink/ast/gui/AstNumberLabels.java:99: warning - The first sentence is interpreted to be:
  [javadoc] "The suggested gap resolution (i.e."
  [javadoc] This sentence is different from what would be generated using -breakiterator: 
  [javadoc] "The suggested gap resolution (i.e. interval between steps)."
  [javadoc] /apps/cvsbuild/java/source/astgui/src/main/uk/ac/starlink/ast/gui/AstStyleBox.java:16: warning - @copyright is an unknown tag.
  [javadoc] /apps/cvsbuild/java/source/astgui/src/main/uk/ac/starlink/ast/gui/AstTitle.java:71: warning - The first sentence is interpreted to be:
  [javadoc] Generating /apps/cvsbuild/java/source/astgui/docs/astgui/javadocs/uk/ac/starlink/ast/gui/AstTitle.html...
  [javadoc] "The suggested gap resolution (i.e."
  [javadoc] This sentence is different from what would be generated using -breakiterator: 
  [javadoc] "The suggested gap resolution (i.e. interval between steps)."
  [javadoc] /apps/cvsbuild/java/source/astgui/src/main/uk/ac/starlink/ast/gui/AxisLabelControls.java:51: warning - Tag @see: reference not found: AstAxisLabel
  [javadoc] /apps/cvsbuild/java/source/astgui/src/main/uk/ac/starlink/ast/gui/AxisNumLabControls.java:46: warning - Tag @see: reference not found: AstNumerLabels
  [javadoc] /apps/cvsbuild/java/source/astgui/src/main/uk/ac/starlink/ast/gui/FontChangedEvent.java:15: warning - @copyright is an unknown tag.
  [javadoc] /apps/cvsbuild/java/source/astgui/src/main/uk/ac/starlink/ast/gui/FontControls.java:30: warning - @copyright is an unknown tag.
  [javadoc] /apps/cvsbuild/java/source/astgui/src/main/uk/ac/starlink/ast/gui/GraphicsEdges.java:54: warning - The first sentence is interpreted to be:
  [javadoc] Generating /apps/cvsbuild/java/source/astgui/docs/astgui/javadocs/uk/ac/starlink/ast/gui/GraphicsEdges.html...
  [javadoc] "The suggested fraction resolution (i.e."
  [javadoc] This sentence is different from what would be generated using -breakiterator: 
  [javadoc] "The suggested fraction resolution (i.e. interval between steps)."
  [javadoc] /apps/cvsbuild/java/source/astgui/src/main/uk/ac/starlink/ast/gui/GraphicsHints.java:20: warning - @copyright is an unknown tag.
  [javadoc] Generating /apps/cvsbuild/java/source/astgui/docs/astgui/javadocs/uk/ac/starlink/ast/gui/GraphicsHints.html...
  [javadoc] /apps/cvsbuild/java/source/astgui/src/main/uk/ac/starlink/ast/gui/GraphicsHints.java:20: Tag @see: Malformed: Plot, PlotConfig.
  [javadoc] /apps/cvsbuild/java/source/astgui/src/main/uk/ac/starlink/ast/gui/LineControls.java:38: warning - @copyright is an unknown tag.
  [javadoc] Generating /apps/cvsbuild/java/source/astgui/docs/astgui/javadocs/uk/ac/starlink/ast/gui/PlotConfiguration.html...
  [javadoc] /apps/cvsbuild/java/source/astgui/src/main/uk/ac/starlink/ast/gui/PlotConfiguration.java:56: Tag @see: Malformed: AstAxisLabels,
  [javadoc] /apps/cvsbuild/java/source/astgui/src/main/uk/ac/starlink/ast/gui/PlotConfiguration.java:112: warning - The first sentence is interpreted to be:
  [javadoc] "Array of AbstractPlotControlsModel objects that are genuine Ast
  [javadoc]  related parts (i.e."
  [javadoc] This sentence is different from what would be generated using -breakiterator: 
  [javadoc] "Array of AbstractPlotControlsModel objects that are genuine Ast
  [javadoc]  related parts (i.e. can be passed to an Ast Plot as
  [javadoc]  configuration options, these are the default list and cannot be
  [javadoc]  extended)."
  [javadoc] /apps/cvsbuild/java/source/astgui/src/main/uk/ac/starlink/ast/gui/PlotConfiguration.java:225: warning - The first sentence is interpreted to be:
  [javadoc] "Decode (i.e."
  [javadoc] This sentence is different from what would be generated using -breakiterator: 
  [javadoc] "Decode (i.e. restore) the internal state of this object from an
  [javadoc]  XML Element."
  [javadoc] /apps/cvsbuild/java/source/astgui/src/main/uk/ac/starlink/ast/gui/AstDoubleDocument.java:33: warning - Tag @link: reference not found: Plot
  [javadoc] /apps/cvsbuild/java/source/astgui/src/main/uk/ac/starlink/ast/gui/AstDoubleField.java:29: warning - Tag @link: reference not found: Frame
  [javadoc] Generating /apps/cvsbuild/java/source/astgui/docs/astgui/javadocs/stylesheet.css...
  [javadoc] 79 warnings
     [echo] Executing JNIHDS target: javadocs

prepare:

javadoc_check:

javadocs:
    [mkdir] Created dir: /apps/cvsbuild/java/source/jnihds/docs/jnihds/javadocs
  [javadoc] Generating Javadoc
  [javadoc] Javadoc execution
  [javadoc] Loading source files for package uk.ac.starlink.hds...
  [javadoc] Constructing Javadoc information...
  [javadoc] Standard Doclet version 1.4.1

  [javadoc] Building tree for all the packages and classes...
  [javadoc] Building index for all the packages and classes...
  [javadoc] Building index for all classes...
     [echo] Executing HDX target: javadocs

prepare:

javadoc_check:

javadocs:
    [mkdir] Created dir: /apps/cvsbuild/java/source/hdx/docs/hdx/javadocs
  [javadoc] Generating Javadoc
  [javadoc] Javadoc execution
  [javadoc] Loading source files for package uk.ac.starlink.hdx...
  [javadoc] Constructing Javadoc information...
  [javadoc] /apps/cvsbuild/java/source/hdx/src/main/uk/ac/starlink/hdx/AbstractHdxFacade.java:9: package uk.ac.starlink.util does not exist
  [javadoc] import uk.ac.starlink.util.URLUtils;
  [javadoc]                            ^
  [javadoc] /apps/cvsbuild/java/source/hdx/src/main/uk/ac/starlink/hdx/DomHdxContainer.java:3: package uk.ac.starlink.util does not exist
  [javadoc] import uk.ac.starlink.util.DOMUtils;
  [javadoc]                            ^
  [javadoc] /apps/cvsbuild/java/source/hdx/src/main/uk/ac/starlink/hdx/DomHdxContainer.java:4: package uk.ac.starlink.util does not exist
  [javadoc] import uk.ac.starlink.util.NodeDescendants;
  [javadoc]                            ^
  [javadoc] /apps/cvsbuild/java/source/hdx/src/main/uk/ac/starlink/hdx/HdxDocument.java:5: package uk.ac.starlink.util does not exist
  [javadoc] import uk.ac.starlink.util.DOMUtils;
  [javadoc]                            ^
  [javadoc] /apps/cvsbuild/java/source/hdx/src/main/uk/ac/starlink/hdx/HdxElement.java:5: package uk.ac.starlink.util does not exist
  [javadoc] import uk.ac.starlink.util.NodeDescendants;
  [javadoc]                            ^
  [javadoc] /apps/cvsbuild/java/source/hdx/src/main/uk/ac/starlink/hdx/HdxFactory.java:3: package uk.ac.starlink.util does not exist
  [javadoc] import uk.ac.starlink.util.DOMUtils;
  [javadoc]                            ^
  [javadoc] /apps/cvsbuild/java/source/hdx/src/main/uk/ac/starlink/hdx/HdxFactory.java:4: package uk.ac.starlink.util does not exist
  [javadoc] import uk.ac.starlink.util.URLUtils;
  [javadoc]                            ^
  [javadoc] Standard Doclet version 1.4.1

  [javadoc] Building tree for all the packages and classes...
  [javadoc] Building index for all the packages and classes...
  [javadoc] Building index for all classes...
  [javadoc] /apps/cvsbuild/java/source/hdx/src/main/uk/ac/starlink/hdx/package.html: warning - Tag @link: reference not found: uk.ac.starlink.ndx.Ndx
  [javadoc] /apps/cvsbuild/java/source/hdx/src/main/uk/ac/starlink/hdx/package.html: warning - Tag @link: reference not found: uk.ac.starlink.array.NDArray
  [javadoc] /apps/cvsbuild/java/source/hdx/src/main/uk/ac/starlink/hdx/HdxDocumentFactory.java:104: warning - Tag @link: reference not found: uk.ac.starlink.ndx.NdxHandler
  [javadoc] /apps/cvsbuild/java/source/hdx/src/main/uk/ac/starlink/hdx/HdxDocumentFactory.java:104: warning - Tag @link: reference not found: uk.ac.starlink.ndx.BridgeNdx
  [javadoc] /apps/cvsbuild/java/source/hdx/src/main/uk/ac/starlink/hdx/HdxFacade.java:179: warning - Tag @link: can't find getDOM in uk.ac.starlink.hdx.HdxFacade
  [javadoc] /apps/cvsbuild/java/source/hdx/src/main/uk/ac/starlink/hdx/HdxFacade.java:179: warning - Tag @link: can't find getDOM in uk.ac.starlink.hdx.HdxFacade
  [javadoc] /apps/cvsbuild/java/source/hdx/src/main/uk/ac/starlink/hdx/HdxFacade.java:179: warning - Tag @link: can't find getDOM in uk.ac.starlink.hdx.HdxFacade
  [javadoc] /apps/cvsbuild/java/source/hdx/src/main/uk/ac/starlink/hdx/HdxFacade.java:179: warning - Tag @link: can't find getDOM in uk.ac.starlink.hdx.HdxFacade
  [javadoc] /apps/cvsbuild/java/source/hdx/src/main/uk/ac/starlink/hdx/HdxFacade.java:179: warning - Tag @see: reference not found: uk.ac.starlink.util.SourceReader
  [javadoc] /apps/cvsbuild/java/source/hdx/src/main/uk/ac/starlink/hdx/HdxFacade.java:179: warning - Tag @see: reference not found: uk.ac.starlink.util.SourceReader
  [javadoc] Generating /apps/cvsbuild/java/source/hdx/docs/hdx/javadocs/stylesheet.css...
  [javadoc] 17 warnings
     [echo] Executing NDArray target: javadocs

prepare:

javadoc_check:

javadocs:
    [mkdir] Created dir: /apps/cvsbuild/java/source/array/docs/array/javadocs

BUILD FAILED
file:/apps/cvsbuild/java/source/array/build.xml:804: /apps/cvsbuild/java/source/array/build/java not found.

Total time: 1 minute 13 seconds
