<CAT General>

NUMITER
MAPTOL

MODELORDER

HITSLIMIT

<CAT Diagnostics>

FAKEMAP
FAKESCALE

EXPORTNDF
ITERMAP
BOLOMAP
SHORTMAP

DIAG.OUT

<CAT Pre-processing label=cat:preproc>

DOWNSAMPSCALE

MAXLEN

DOCLEAN
EXPORTCLEAN

ORDER
BADFRAC
COMPREPROCESS

DCTHRESH
DCFITBOX
DCMAXSTEPS
DCLIMCORR
DCSMOOTH

SPIKETHRESH
SPIKEBOX

WHITEN

NOISECLIPHIGH
NOISECLIPLOW
NOISECLIPPRECOM

FLAGSLOW
FLAGFAST

FILT_EDGELOW
FILT_EDGE_LARGESCALE
FILT_ORDER

<CAT Iterative: COM model>

COM.PERARRAY
COM.SIG_LIMIT

COM.NOFLAG
COM.CORR_TOL
COM.CORR_ABSTOL
COM.FREEZE_FLAGS
COM.GAIN_TOL
COM.GAIN_ABSTOL
COM.GAIN_BOX
COM.GAIN_FGOOD
COM.GAIN_RAT

COM.ZERO_MASK
COM.ZERO_CIRCLE
COM.ZERO_LOWHITS
COM.ZERO_SNR
COM.ZERO_SNR_FFCLEAN
COM.ZERO_SNRLO
COM.ZERO_UNION
COM.ZERO_FREEZE

<CAT Iterative: NOI model>

NOI.CALCFIRST
NOI.BOX_SIZE
NOI.BOX_TYPE

<CAT Iterative: FLT model>

FLT.FILT_EDGE_LARGESCALE
FLT.FILT_EDGE_LARGESCALE_LAST

FLT.FILT_ORDER
FLT.RING_BOX1

FLT.ZERO_MASK
FLT.ZERO_CIRCLE
FLT.ZERO_LOWHITS
FLT.ZERO_SNR
FLT.ZERO_SNR_FFCLEAN
FLT.ZERO_SNRLO
FLT.ZERO_NITER
FLT.ZERO_UNION
FLT.ZERO_FREEZE

FLT.NOTFIRST

<CAT Iterative: EXT model>

EXT.TAUSRC
EXT.TAUMETHOD
EXT.TAURELATION.450
EXT.TAURELATION.850

EXT.CSOTAU
EXT.FILTERTAU

<CAT Iterative: AST model>

AST.MAPSPIKE

AST.SKIP

AST.ZERO_MASK
AST.ZERO_CIRCLE
AST.ZERO_LOWHITS
AST.ZERO_SNR
AST.ZERO_SNR_FFCLEAN
AST.ZERO_SNRLO
AST.ZERO_SNR_FWHM
AST.ZERO_SNR_LOW
AST.ZERO_UNION
AST.ZERO_FREEZE
AST.ZERO_NITER
AST.ZERO_NOTLAST
