
Summary of AutoFred fibre placement.  Date 06/29/98  Time 16:29:33
Field 454. For F/88 Smartt et al

Fibred-up by S.Smartt

29/6/98

Fibre:   0   Ferrule:   0   Object: 0
Fibre:   1   Ferrule:  80   Object: 0
Fibre:   2   Ferrule:  25   Object: 12
Fibre:   3   Ferrule:  33   Object: 0
Fibre:   4   Ferrule:  79   Object: 1
Fibre:   5   Ferrule:   5   Object: 0
Fibre:   6   Ferrule:  57   Object: 5
Fibre:   7   Ferrule:  36   Object: 0
Fibre:   8   Ferrule:  42   Object: 999
Fibre:   9   Ferrule:  20   Object: 0
Fibre:  10   Ferrule:  76   Object: 18
Fibre:  11   Ferrule:  73   Object: 0
Fibre:  12   Ferrule:  47   Object: 0
Fibre:  13   Ferrule:  44   Object: 0
Fibre:  14   Ferrule:   7   Object: 34
Fibre:  15   Ferrule:  55   Object: 0
Fibre:  16   Ferrule:  40   Object: 0
Fibre:  17   Ferrule:  10   Object: 0
Fibre:  18   Ferrule:   9   Object: 27
Fibre:  19   Ferrule:  61   Object: 0
Fibre:  20   Ferrule:  70   Object: 0
Fibre:  21   Ferrule:  50   Object: 22
Fibre:  22   Ferrule:   8   Object: 2
Fibre:  23   Ferrule:  22   Object: 0
Fibre:  24   Ferrule:  46   Object: 999
Fibre:  25   Ferrule:  32   Object: 0
Fibre:  26   Ferrule:  86   Object: 0
Fibre:  27   Ferrule:  71   Object: 0
Fibre:  28   Ferrule:  69   Object: 38
Fibre:  29   Ferrule:  75   Object: 0
Fibre:  30   Ferrule:  59   Object: 10
Fibre:  31   Ferrule:  58   Object: 0
Fibre:  32   Ferrule:  48   Object: 39
Fibre:  33   Ferrule:  92   Object: 0
Fibre:  34   Ferrule:  17   Object: 999
Fibre:  35   Ferrule:  89   Object: 0
Fibre:  36   Ferrule:  60   Object: 0
Fibre:  37   Ferrule:  88   Object: 0
Fibre:  38   Ferrule:  83   Object: 11
Fibre:  39   Ferrule:  13   Object: 0
Fibre:  40   Ferrule:  14   Object: 16
Fibre:  41   Ferrule:  68   Object: 0
Fibre:  42   Ferrule:   1   Object: 8
Fibre:  43   Ferrule:  67   Object: 0
Fibre:  44   Ferrule:  21   Object: 36
Fibre:  45   Ferrule:  64   Object: 0
Fibre:  46   Ferrule:  27   Object: 24
Fibre:  47   Ferrule:  56   Object: 0
Fibre:  48   Ferrule:  53   Object: 0
Fibre:  49   Ferrule:  45   Object: 0
Fibre:  50   Ferrule:  37   Object: 28
Fibre:  51   Ferrule:  16   Object: 0
Fibre:  52   Ferrule:   6   Object: 4
Fibre:  53   Ferrule:  26   Object: 0
Fibre:  54   Ferrule:  66   Object: 0
Fibre:  55   Ferrule:  19   Object: 0
Fibre:  56   Ferrule:  31   Object: 13
Fibre:  57   Ferrule:  29   Object: 0
Fibre:  58   Ferrule:  49   Object: 9
Fibre:  59   Ferrule:  81   Object: 0
Fibre:  60   Ferrule:  34   Object: 32
Fibre:  61   Ferrule:  84   Object: 0
Fibre:  62   Ferrule:  78   Object: 15
Fibre:  63   Ferrule:  23   Object: 0
Fibre:  64   Ferrule:   3   Object: 25
Fibre:  65   Ferrule:  63   Object: 0
Fibre:  66   Ferrule:  28   Object: 29
Fibre:  67   Ferrule:  82   Object: 0
Fibre:  68   Ferrule:  15   Object: 999
Fibre:  69   Ferrule:  62   Object: 0
Fibre:  70   Ferrule:  51   Object: 26
Fibre:  71   Ferrule:  72   Object: 0
Fibre:  72   Ferrule:  30   Object: 17
Fibre:  73   Ferrule:  74   Object: 0
Fibre:  74   Ferrule:  54   Object: 30
Fibre:  75   Ferrule:  65   Object: 0
Fibre:  76   Ferrule:  90   Object: 3
Fibre:  77   Ferrule:  24   Object: 0
Fibre:  78   Ferrule:  35   Object: 50
Fibre:  79   Ferrule:  11   Object: 0
Fibre:  80   Ferrule:  41   Object: 999
Fibre:  81   Ferrule:  87   Object: 0
Fibre:  82   Ferrule:  52   Object: 0
Fibre:  83   Ferrule:   4   Object: 0
Fibre:  84   Ferrule:  39   Object: 0
Fibre:  85   Ferrule:  38   Object: 0
Fibre:  86   Ferrule:  85   Object: 0
Fibre:  87   Ferrule:  91   Object: 0
Fibre:  88   Ferrule:  18   Object: 999
Fibre:  89   Ferrule:  43   Object: 0
Fibre:  90   Ferrule:  77   Object: 14
Fibre:  91   Ferrule:   2   Object: 33
Fibre:  92   Ferrule:  12   Object: 6

