mk: Environment variables defined for ix86_Linux system
make -e install
make[1]: Entering directory `/apps/cvsbuild/BUILDTEST/ary'
for f in ary_link ary_link_adam ""; do \
           if test -n "$f"; then \
              cp -p $f /apps/cvsbuild/star/bin;\
              chmod 755 /apps/cvsbuild/star/bin/$f;\
              rm -f $f;\
              ln -s /apps/cvsbuild/star/bin/$f $f;\
           else :; fi;\
        done
for f in ary_err ary_par ""; do \
           if test -n "$f"; then \
              cp -p $f /apps/cvsbuild/star/include;\
              chmod 644 /apps/cvsbuild/star/include/$f;\
              rm -f $f;\
              ln -s /apps/cvsbuild/star/include/$f $f;\
           else :; fi;\
        done
for f in libary.a libary_adam.a ""; do \
           if test -n "$f"; then \
              cp -p $f /apps/cvsbuild/star/lib;\
              chmod 644 /apps/cvsbuild/star/lib/$f;\
              rm -f $f;\
              ln -s /apps/cvsbuild/star/lib/$f $f;\
           else :; fi;\
        done
for f in libary.so libary_adam.so ""; do \
           if test -n "$f" -a -s "$f"; then \
              cp -p $f /apps/cvsbuild/star/share;\
              chmod 755 /apps/cvsbuild/star/share/$f;\
              rm -f $f;\
              ln -s /apps/cvsbuild/star/share/$f $f;\
           else :; fi;\
        done
if test -n "ary_dev"; then \
           sed -e 's#LINK#ln -s#' -e s#INSTALL_INC#/apps/cvsbuild/star/include# \
              ary_dev >/apps/cvsbuild/star/bin/ary_dev ;\
           chmod 755 /apps/cvsbuild/star/bin/ary_dev ;\
        else :; fi
if test -n "fac_1503_err"; then \
           cp -p fac_1503_err /apps/cvsbuild/star/help;\
           chmod 644 /apps/cvsbuild/star/help/fac_1503_err;\
           rm -f fac_1503_err;\
           ln -s /apps/cvsbuild/star/help/fac_1503_err fac_1503_err;\
        else :; fi
for f in sun11.tex ""; do \
           if test -n "$f"; then \
              cp -p $f /apps/cvsbuild/star/docs;\
              chmod 644 /apps/cvsbuild/star/docs/$f;\
           else :; fi;\
        done
if test -n "sun11.htx"; then \
           pwd=`pwd`;\
           (cd /apps/cvsbuild/star/docs;\
           for f in sun11.htx ""; do \
              if test -n "$f"; then\
                 tar -xf $pwd/${f}_tar;\
                 chmod 755 `find $f -type d -print`;\
                 chmod 644 `find $f ! -type d -print`;\
                 touch $f;\
              else :; fi;\
           done);\
           HTX_PATH='/apps/cvsbuild/star/docs:/apps/cvsbuild/star/help';\
           export HTX_PATH;\
           /apps/cvsbuild/star/bin/hlink /apps/cvsbuild/star/docs /apps/cvsbuild/star/help;\
        fi;
Updating index file for document: sun11
1 hypertext document needs re-linking
   updating cross-references in document sun11 (1 files to modify)...
   replacing original files with re-linked versions...
      ...document sun11 linked
cp -p ary_datestamp /apps/cvsbuild/star/dates
chmod 444 /apps/cvsbuild/star/dates/ary_datestamp
chmod 644 ary_datestamp
rm ary_datestamp
ln -s /apps/cvsbuild/star/dates/ary_datestamp ary_datestamp
make[1]: Leaving directory `/apps/cvsbuild/BUILDTEST/ary'

*** The ARY package has been installed in directory /apps/cvsbuild/star

