mk: Environment variables defined for ix86_Linux system
make -e build
make[1]: Entering directory `/apps/cvsbuild/BUILDTEST/ary'
tar -xf ary_source.tar ary_link
tar -xf ary_source.tar ary_link_adam
tar -xf ary_source.tar ary_err
tar -xf ary_source.tar ary_par
tar -xf ary_source.tar ary1_accok.f
tar -xf ary_source.tar ary_acb
ln -s ary_acb ARY_ACB
tar -xf ary_source.tar ary_const
ln -s ary_const ARY_CONST
ln -s ary_err ARY_ERR
ln -s ary_par ARY_PAR
ln -s /apps/cvsbuild/star/include/dat_par DAT_PAR
ln -s /apps/cvsbuild/star/include/sae_par SAE_PAR
g77 -fno-second-underscore -O -c ary1_accok.f
tar -xf ary_source.tar ary1_adiag.f
g77 -fno-second-underscore -O -c ary1_adiag.f
tar -xf ary_source.tar ary1_anl.f
g77 -fno-second-underscore -O -c ary1_anl.f
tar -xf ary_source.tar ary1_annpl.f
tar -xf ary_source.tar ary_pcb
ln -s ary_pcb ARY_PCB
g77 -fno-second-underscore -O -c ary1_annpl.f
tar -xf ary_source.tar ary1_antmp.f
g77 -fno-second-underscore -O -c ary1_antmp.f
tar -xf ary_source.tar ary1_bad.f
tar -xf ary_source.tar ary_dcb
ln -s ary_dcb ARY_DCB
tar -xf ary_source.tar ary_mcb
ln -s ary_mcb ARY_MCB
g77 -fno-second-underscore -O -c ary1_bad.f
tar -xf ary_source.tar ary1_badb.f
ln -s /apps/cvsbuild/star/include/prm_par PRM_PAR
g77 -fno-second-underscore -O -c ary1_badb.f
tar -xf ary_source.tar ary1_badd.f
g77 -fno-second-underscore -O -c ary1_badd.f
tar -xf ary_source.tar ary1_badi.f
g77 -fno-second-underscore -O -c ary1_badi.f
tar -xf ary_source.tar ary1_badr.f
g77 -fno-second-underscore -O -c ary1_badr.f
tar -xf ary_source.tar ary1_badub.f
g77 -fno-second-underscore -O -c ary1_badub.f
tar -xf ary_source.tar ary1_baduw.f
g77 -fno-second-underscore -O -c ary1_baduw.f
tar -xf ary_source.tar ary1_badw.f
g77 -fno-second-underscore -O -c ary1_badw.f
tar -xf ary_source.tar ary1_bpp.f
ln -s /apps/cvsbuild/star/include/cnf_par CNF_PAR
g77 -fno-second-underscore -O -c ary1_bpp.f
tar -xf ary_source.tar ary1_bppb.f
g77 -fno-second-underscore -O -c ary1_bppb.f
tar -xf ary_source.tar ary1_bppd.f
g77 -fno-second-underscore -O -c ary1_bppd.f
tar -xf ary_source.tar ary1_bppi.f
g77 -fno-second-underscore -O -c ary1_bppi.f
tar -xf ary_source.tar ary1_bppr.f
g77 -fno-second-underscore -O -c ary1_bppr.f
tar -xf ary_source.tar ary1_bppub.f
g77 -fno-second-underscore -O -c ary1_bppub.f
tar -xf ary_source.tar ary1_bppuw.f
g77 -fno-second-underscore -O -c ary1_bppuw.f
tar -xf ary_source.tar ary1_bppw.f
g77 -fno-second-underscore -O -c ary1_bppw.f
tar -xf ary_source.tar ary1_ccpy.f
g77 -fno-second-underscore -O -c ary1_ccpy.f
tar -xf ary_source.tar ary1_chacc.f
g77 -fno-second-underscore -O -c ary1_chacc.f
tar -xf ary_source.tar ary1_chbpp.f
g77 -fno-second-underscore -O -c ary1_chbpp.f
tar -xf ary_source.tar ary1_chcma.f
g77 -fno-second-underscore -O -c ary1_chcma.f
tar -xf ary_source.tar ary1_chmod.f
g77 -fno-second-underscore -O -c ary1_chmod.f
tar -xf ary_source.tar ary1_chscn.f
g77 -fno-second-underscore -O -c ary1_chscn.f
tar -xf ary_source.tar ary1_chsta.f
g77 -fno-second-underscore -O -c ary1_chsta.f
tar -xf ary_source.tar ary1_cln.f
g77 -fno-second-underscore -O -c ary1_cln.f
tar -xf ary_source.tar ary1_cmtmp.f
g77 -fno-second-underscore -O -c ary1_cmtmp.f
tar -xf ary_source.tar ary1_cpy.f
g77 -fno-second-underscore -O -c ary1_cpy.f
tar -xf ary_source.tar ary1_cpync.f
g77 -fno-second-underscore -O -c ary1_cpync.f
tar -xf ary_source.tar ary1_crnba.f
g77 -fno-second-underscore -O -c ary1_crnba.f
tar -xf ary_source.tar ary1_cut.f
g77 -fno-second-underscore -O -c ary1_cut.f
tar -xf ary_source.tar ary1_cvfb.f
g77 -fno-second-underscore -O -c ary1_cvfb.f
tar -xf ary_source.tar ary1_cvfd.f
g77 -fno-second-underscore -O -c ary1_cvfd.f
tar -xf ary_source.tar ary1_cvfi.f
g77 -fno-second-underscore -O -c ary1_cvfi.f
tar -xf ary_source.tar ary1_cvfr.f
g77 -fno-second-underscore -O -c ary1_cvfr.f
tar -xf ary_source.tar ary1_cvfub.f
g77 -fno-second-underscore -O -c ary1_cvfub.f
tar -xf ary_source.tar ary1_cvfuw.f
g77 -fno-second-underscore -O -c ary1_cvfuw.f
tar -xf ary_source.tar ary1_cvfw.f
g77 -fno-second-underscore -O -c ary1_cvfw.f
tar -xf ary_source.tar ary1_cvtb.f
g77 -fno-second-underscore -O -c ary1_cvtb.f
tar -xf ary_source.tar ary1_cvtd.f
g77 -fno-second-underscore -O -c ary1_cvtd.f
tar -xf ary_source.tar ary1_cvti.f
g77 -fno-second-underscore -O -c ary1_cvti.f
tar -xf ary_source.tar ary1_cvtr.f
g77 -fno-second-underscore -O -c ary1_cvtr.f
tar -xf ary_source.tar ary1_cvtub.f
g77 -fno-second-underscore -O -c ary1_cvtub.f
tar -xf ary_source.tar ary1_cvtuw.f
g77 -fno-second-underscore -O -c ary1_cvtuw.f
tar -xf ary_source.tar ary1_cvtw.f
g77 -fno-second-underscore -O -c ary1_cvtw.f
tar -xf ary_source.tar ary1_danl.f
g77 -fno-second-underscore -O -c ary1_danl.f
tar -xf ary_source.tar ary1_dbad.f
g77 -fno-second-underscore -O -c ary1_dbad.f
tar -xf ary_source.tar ary1_dbnd.f
g77 -fno-second-underscore -O -c ary1_dbnd.f
tar -xf ary_source.tar ary1_dcpy.f
g77 -fno-second-underscore -O -c ary1_dcpy.f
tar -xf ary_source.tar ary1_dcre.f
g77 -fno-second-underscore -O -c ary1_dcre.f
tar -xf ary_source.tar ary1_dcrep.f
g77 -fno-second-underscore -O -c ary1_dcrep.f
tar -xf ary_source.tar ary1_ddiag.f
g77 -fno-second-underscore -O -c ary1_ddiag.f
tar -xf ary_source.tar ary1_del.f
g77 -fno-second-underscore -O -c ary1_del.f
tar -xf ary_source.tar ary1_dfrm.f
g77 -fno-second-underscore -O -c ary1_dfrm.f
tar -xf ary_source.tar ary1_diag.f
g77 -fno-second-underscore -O -c ary1_diag.f
tar -xf ary_source.tar ary1_dimp.f
g77 -fno-second-underscore -O -c ary1_dimp.f
tar -xf ary_source.tar ary1_dmod.f
ln -s /apps/cvsbuild/star/include/dat_err DAT_ERR
g77 -fno-second-underscore -O -c ary1_dmod.f
tar -xf ary_source.tar ary1_dp2s.f
g77 -fno-second-underscore -O -c ary1_dp2s.f
tar -xf ary_source.tar ary1_drst.f
g77 -fno-second-underscore -O -c ary1_drst.f
tar -xf ary_source.tar ary1_ds2p.f
g77 -fno-second-underscore -O -c ary1_ds2p.f
tar -xf ary_source.tar ary1_dsbd.f
g77 -fno-second-underscore -O -c ary1_dsbd.f
tar -xf ary_source.tar ary1_dsbnd.f
g77 -fno-second-underscore -O -c ary1_dsbnd.f
tar -xf ary_source.tar ary1_dsft.f
g77 -fno-second-underscore -O -c ary1_dsft.f
tar -xf ary_source.tar ary1_dsta.f
g77 -fno-second-underscore -O -c ary1_dsta.f
tar -xf ary_source.tar ary1_dstp.f
g77 -fno-second-underscore -O -c ary1_dstp.f
tar -xf ary_source.tar ary1_dtyp.f
g77 -fno-second-underscore -O -c ary1_dtyp.f
tar -xf ary_source.tar ary1_dvfy.f
g77 -fno-second-underscore -O -c ary1_dvfy.f
tar -xf ary_source.tar ary1_eqbnd.f
g77 -fno-second-underscore -O -c ary1_eqbnd.f
tar -xf ary_source.tar ary1_expid.f
g77 -fno-second-underscore -O -c ary1_expid.f
tar -xf ary_source.tar ary1_ffs.f
g77 -fno-second-underscore -O -c ary1_ffs.f
tar -xf ary_source.tar ary1_gmrb.f
g77 -fno-second-underscore -O -c ary1_gmrb.f
tar -xf ary_source.tar ary1_gt1b.f
g77 -fno-second-underscore -O -c ary1_gt1b.f
tar -xf ary_source.tar ary1_gt1d.f
g77 -fno-second-underscore -O -c ary1_gt1d.f
tar -xf ary_source.tar ary1_gt1i.f
g77 -fno-second-underscore -O -c ary1_gt1i.f
tar -xf ary_source.tar ary1_gt1r.f
g77 -fno-second-underscore -O -c ary1_gt1r.f
tar -xf ary_source.tar ary1_gt1ub.f
g77 -fno-second-underscore -O -c ary1_gt1ub.f
tar -xf ary_source.tar ary1_gt1uw.f
g77 -fno-second-underscore -O -c ary1_gt1uw.f
tar -xf ary_source.tar ary1_gt1w.f
g77 -fno-second-underscore -O -c ary1_gt1w.f
tar -xf ary_source.tar ary1_gtn.f
g77 -fno-second-underscore -O -c ary1_gtn.f
tar -xf ary_source.tar ary1_gtnb.f
g77 -fno-second-underscore -O -c ary1_gtnb.f
tar -xf ary_source.tar ary1_gtnd.f
g77 -fno-second-underscore -O -c ary1_gtnd.f
tar -xf ary_source.tar ary1_gtni.f
g77 -fno-second-underscore -O -c ary1_gtni.f
tar -xf ary_source.tar ary1_gtnr.f
g77 -fno-second-underscore -O -c ary1_gtnr.f
tar -xf ary_source.tar ary1_gtnub.f
g77 -fno-second-underscore -O -c ary1_gtnub.f
tar -xf ary_source.tar ary1_gtnuw.f
g77 -fno-second-underscore -O -c ary1_gtnuw.f
tar -xf ary_source.tar ary1_gtnw.f
g77 -fno-second-underscore -O -c ary1_gtnw.f
tar -xf ary_source.tar ary1_hunmp.f
g77 -fno-second-underscore -O -c ary1_hunmp.f
tar -xf ary_source.tar ary1_id2ac.f
g77 -fno-second-underscore -O -c ary1_id2ac.f
tar -xf ary_source.tar ary1_imp.f
g77 -fno-second-underscore -O -c ary1_imp.f
tar -xf ary_source.tar ary1_impid.f
g77 -fno-second-underscore -O -c ary1_impid.f
tar -xf ary_source.tar ary1_imppl.f
g77 -fno-second-underscore -O -c ary1_imppl.f
tar -xf ary_source.tar ary1_inbnd.f
g77 -fno-second-underscore -O -c ary1_inbnd.f
tar -xf ary_source.tar ary1_intyp.f
g77 -fno-second-underscore -O -c ary1_intyp.f
tar -xf ary_source.tar ary1_iobw.f
g77 -fno-second-underscore -O -c ary1_iobw.f
tar -xf ary_source.tar ary1_maps.f
g77 -fno-second-underscore -O -c ary1_maps.f
tar -xf ary_source.tar ary1_mdiag.f
g77 -fno-second-underscore -O -c ary1_mdiag.f
tar -xf ary_source.tar ary1_mpsr.f
g77 -fno-second-underscore -O -c ary1_mpsr.f
tar -xf ary_source.tar ary1_mpsw.f
g77 -fno-second-underscore -O -c ary1_mpsw.f
tar -xf ary_source.tar ary1_nel.f
g77 -fno-second-underscore -O -c ary1_nel.f
tar -xf ary_source.tar ary1_nxtsl.f
g77 -fno-second-underscore -O -c ary1_nxtsl.f
tar -xf ary_source.tar ary1_pbnd.f
g77 -fno-second-underscore -O -c ary1_pbnd.f
tar -xf ary_source.tar ary1_pt1b.f
g77 -fno-second-underscore -O -c ary1_pt1b.f
tar -xf ary_source.tar ary1_pt1d.f
g77 -fno-second-underscore -O -c ary1_pt1d.f
tar -xf ary_source.tar ary1_pt1i.f
g77 -fno-second-underscore -O -c ary1_pt1i.f
tar -xf ary_source.tar ary1_pt1r.f
g77 -fno-second-underscore -O -c ary1_pt1r.f
tar -xf ary_source.tar ary1_pt1ub.f
g77 -fno-second-underscore -O -c ary1_pt1ub.f
tar -xf ary_source.tar ary1_pt1uw.f
g77 -fno-second-underscore -O -c ary1_pt1uw.f
tar -xf ary_source.tar ary1_pt1w.f
g77 -fno-second-underscore -O -c ary1_pt1w.f
tar -xf ary_source.tar ary1_ptn.f
g77 -fno-second-underscore -O -c ary1_ptn.f
tar -xf ary_source.tar ary1_ptnb.f
g77 -fno-second-underscore -O -c ary1_ptnb.f
tar -xf ary_source.tar ary1_ptnd.f
g77 -fno-second-underscore -O -c ary1_ptnd.f
tar -xf ary_source.tar ary1_ptni.f
g77 -fno-second-underscore -O -c ary1_ptni.f
tar -xf ary_source.tar ary1_ptnr.f
g77 -fno-second-underscore -O -c ary1_ptnr.f
tar -xf ary_source.tar ary1_ptnub.f
g77 -fno-second-underscore -O -c ary1_ptnub.f
tar -xf ary_source.tar ary1_ptnuw.f
g77 -fno-second-underscore -O -c ary1_ptnuw.f
tar -xf ary_source.tar ary1_ptnw.f
g77 -fno-second-underscore -O -c ary1_ptnw.f
tar -xf ary_source.tar ary1_rebnd.f
g77 -fno-second-underscore -O -c ary1_rebnd.f
tar -xf ary_source.tar ary1_retyp.f
g77 -fno-second-underscore -O -c ary1_retyp.f
tar -xf ary_source.tar ary1_rls.f
g77 -fno-second-underscore -O -c ary1_rls.f
tar -xf ary_source.tar ary1_sbd.f
g77 -fno-second-underscore -O -c ary1_sbd.f
tar -xf ary_source.tar ary1_sbnd.f
g77 -fno-second-underscore -O -c ary1_sbnd.f
tar -xf ary_source.tar ary1_setc.f
g77 -fno-second-underscore -O -c ary1_setc.f
tar -xf ary_source.tar ary1_sft.f
g77 -fno-second-underscore -O -c ary1_sft.f
tar -xf ary_source.tar ary1_stp.f
g77 -fno-second-underscore -O -c ary1_stp.f
tar -xf ary_source.tar ary1_tcnam.f
g77 -fno-second-underscore -O -c ary1_tcnam.f
tar -xf ary_source.tar ary1_temp.f
g77 -fno-second-underscore -O -c ary1_temp.f
tar -xf ary_source.tar ary1_trace.f
tar -xf ary_source.tar ary_tcb
ln -s ary_tcb ARY_TCB
g77 -fno-second-underscore -O -c ary1_trace.f
tar -xf ary_source.tar ary1_ump.f
g77 -fno-second-underscore -O -c ary1_ump.f
tar -xf ary_source.tar ary1_umps.f
g77 -fno-second-underscore -O -c ary1_umps.f
tar -xf ary_source.tar ary1_upsr.f
g77 -fno-second-underscore -O -c ary1_upsr.f
tar -xf ary_source.tar ary1_upsw.f
g77 -fno-second-underscore -O -c ary1_upsw.f
tar -xf ary_source.tar ary1_vbad.f
g77 -fno-second-underscore -O -c ary1_vbad.f
tar -xf ary_source.tar ary1_vbnd.f
g77 -fno-second-underscore -O -c ary1_vbnd.f
tar -xf ary_source.tar ary1_vftp.f
g77 -fno-second-underscore -O -c ary1_vftp.f
tar -xf ary_source.tar ary1_vmmd.f
g77 -fno-second-underscore -O -c ary1_vmmd.f
tar -xf ary_source.tar ary1_vtyp.f
g77 -fno-second-underscore -O -c ary1_vtyp.f
tar -xf ary_source.tar ary1_vzero.f
g77 -fno-second-underscore -O -c ary1_vzero.f
tar -xf ary_source.tar ary1_xsbnd.f
g77 -fno-second-underscore -O -c ary1_xsbnd.f
tar -xf ary_source.tar ary1_zerb.f
g77 -fno-second-underscore -O -c ary1_zerb.f
tar -xf ary_source.tar ary1_zerd.f
g77 -fno-second-underscore -O -c ary1_zerd.f
tar -xf ary_source.tar ary1_zeri.f
g77 -fno-second-underscore -O -c ary1_zeri.f
tar -xf ary_source.tar ary1_zerr.f
g77 -fno-second-underscore -O -c ary1_zerr.f
tar -xf ary_source.tar ary1_zerub.f
g77 -fno-second-underscore -O -c ary1_zerub.f
tar -xf ary_source.tar ary1_zeruw.f
g77 -fno-second-underscore -O -c ary1_zeruw.f
tar -xf ary_source.tar ary1_zerw.f
g77 -fno-second-underscore -O -c ary1_zerw.f
tar -xf ary_source.tar ary_annul.f
g77 -fno-second-underscore -O -c ary_annul.f
tar -xf ary_source.tar ary_bad.f
g77 -fno-second-underscore -O -c ary_bad.f
tar -xf ary_source.tar ary_base.f
g77 -fno-second-underscore -O -c ary_base.f
tar -xf ary_source.tar ary_bound.f
g77 -fno-second-underscore -O -c ary_bound.f
tar -xf ary_source.tar ary_clone.f
g77 -fno-second-underscore -O -c ary_clone.f
tar -xf ary_source.tar ary_cmplx.f
g77 -fno-second-underscore -O -c ary_cmplx.f
tar -xf ary_source.tar ary_copy.f
g77 -fno-second-underscore -O -c ary_copy.f
tar -xf ary_source.tar ary_delet.f
g77 -fno-second-underscore -O -c ary_delet.f
tar -xf ary_source.tar ary_dim.f
g77 -fno-second-underscore -O -c ary_dim.f
tar -xf ary_source.tar ary_dupe.f
g77 -fno-second-underscore -O -c ary_dupe.f
tar -xf ary_source.tar ary_find.f
g77 -fno-second-underscore -O -c ary_find.f
tar -xf ary_source.tar ary_form.f
g77 -fno-second-underscore -O -c ary_form.f
tar -xf ary_source.tar ary_ftype.f
g77 -fno-second-underscore -O -c ary_ftype.f
tar -xf ary_source.tar ary_imprt.f
g77 -fno-second-underscore -O -c ary_imprt.f
tar -xf ary_source.tar ary_isacc.f
g77 -fno-second-underscore -O -c ary_isacc.f
tar -xf ary_source.tar ary_isbas.f
g77 -fno-second-underscore -O -c ary_isbas.f
tar -xf ary_source.tar ary_ismap.f
g77 -fno-second-underscore -O -c ary_ismap.f
tar -xf ary_source.tar ary_istmp.f
g77 -fno-second-underscore -O -c ary_istmp.f
tar -xf ary_source.tar ary_map.f
g77 -fno-second-underscore -O -c ary_map.f
tar -xf ary_source.tar ary_mapz.f
g77 -fno-second-underscore -O -c ary_mapz.f
tar -xf ary_source.tar ary_msg.f
g77 -fno-second-underscore -O -c ary_msg.f
tar -xf ary_source.tar ary_ndim.f
g77 -fno-second-underscore -O -c ary_ndim.f
tar -xf ary_source.tar ary_new.f
g77 -fno-second-underscore -O -c ary_new.f
tar -xf ary_source.tar ary_newp.f
g77 -fno-second-underscore -O -c ary_newp.f
tar -xf ary_source.tar ary_noacc.f
g77 -fno-second-underscore -O -c ary_noacc.f
tar -xf ary_source.tar ary_offs.f
g77 -fno-second-underscore -O -c ary_offs.f
tar -xf ary_source.tar ary_place.f
g77 -fno-second-underscore -O -c ary_place.f
tar -xf ary_source.tar ary_reset.f
g77 -fno-second-underscore -O -c ary_reset.f
tar -xf ary_source.tar ary_same.f
g77 -fno-second-underscore -O -c ary_same.f
tar -xf ary_source.tar ary_sbad.f
g77 -fno-second-underscore -O -c ary_sbad.f
tar -xf ary_source.tar ary_sbnd.f
g77 -fno-second-underscore -O -c ary_sbnd.f
tar -xf ary_source.tar ary_sect.f
g77 -fno-second-underscore -O -c ary_sect.f
tar -xf ary_source.tar ary_shift.f
g77 -fno-second-underscore -O -c ary_shift.f
tar -xf ary_source.tar ary_size.f
g77 -fno-second-underscore -O -c ary_size.f
tar -xf ary_source.tar ary_ssect.f
g77 -fno-second-underscore -O -c ary_ssect.f
tar -xf ary_source.tar ary_state.f
g77 -fno-second-underscore -O -c ary_state.f
tar -xf ary_source.tar ary_stype.f
g77 -fno-second-underscore -O -c ary_stype.f
tar -xf ary_source.tar ary_temp.f
g77 -fno-second-underscore -O -c ary_temp.f
tar -xf ary_source.tar ary_trace.f
g77 -fno-second-underscore -O -c ary_trace.f
tar -xf ary_source.tar ary_type.f
g77 -fno-second-underscore -O -c ary_type.f
tar -xf ary_source.tar ary_unmap.f
g77 -fno-second-underscore -O -c ary_unmap.f
tar -xf ary_source.tar ary_valid.f
g77 -fno-second-underscore -O -c ary_valid.f
tar -xf ary_source.tar ary_verfy.f
g77 -fno-second-underscore -O -c ary_verfy.f
tar -xf ary_source.tar ary1_init.f
g77 -fno-second-underscore -O -c ary1_init.f
ary1_init.f: In block-data `ary1_init':
ARY_ACB:153: warning:
         COMMON /ARY1_ACB1/ ACB_ACC, ACB_BAD, ACB_CHK, ACB_CUT, ACB_DTWEX,
                 ^
Initialization of large (196612-unit) aggregate area `ary1_acb1' at (^) currently very slow and takes lots of memory during g77 compile -- to be improved in 0.6
ar r libary.a ary1_accok.o ary1_adiag.o ary1_anl.o ary1_annpl.o ary1_antmp.o ary1_bad.o ary1_badb.o ary1_badd.o ary1_badi.o ary1_badr.o ary1_badub.o ary1_baduw.o ary1_badw.o ary1_bpp.o ary1_bppb.o ary1_bppd.o ary1_bppi.o ary1_bppr.o ary1_bppub.o ary1_bppuw.o ary1_bppw.o ary1_ccpy.o ary1_chacc.o ary1_chbpp.o ary1_chcma.o ary1_chmod.o ary1_chscn.o ary1_chsta.o ary1_cln.o ary1_cmtmp.o ary1_cpy.o ary1_cpync.o ary1_crnba.o ary1_cut.o ary1_cvfb.o ary1_cvfd.o ary1_cvfi.o ary1_cvfr.o ary1_cvfub.o ary1_cvfuw.o ary1_cvfw.o ary1_cvtb.o ary1_cvtd.o ary1_cvti.o ary1_cvtr.o ary1_cvtub.o ary1_cvtuw.o ary1_cvtw.o ary1_danl.o ary1_dbad.o ary1_dbnd.o ary1_dcpy.o ary1_dcre.o ary1_dcrep.o ary1_ddiag.o ary1_del.o ary1_dfrm.o ary1_diag.o ary1_dimp.o ary1_dmod.o ary1_dp2s.o ary1_drst.o ary1_ds2p.o ary1_dsbd.o ary1_dsbnd.o ary1_dsft.o ary1_dsta.o ary1_dstp.o ary1_dtyp.o ary1_dvfy.o ary1_eqbnd.o ary1_expid.o ary1_ffs.o ary1_gmrb.o ary1_gt1b.o ary1_gt1d.o ary1_gt1i.o ary1_gt1r.o ary1_gt1ub.o ary1_gt1uw.o ary1_gt1w.o ary1_gtn.o ary1_gtnb.o ary1_gtnd.o ary1_gtni.o ary1_gtnr.o ary1_gtnub.o ary1_gtnuw.o ary1_gtnw.o ary1_hunmp.o ary1_id2ac.o ary1_imp.o ary1_impid.o ary1_imppl.o ary1_inbnd.o ary1_intyp.o ary1_iobw.o ary1_maps.o ary1_mdiag.o ary1_mpsr.o ary1_mpsw.o ary1_nel.o ary1_nxtsl.o ary1_pbnd.o ary1_pt1b.o ary1_pt1d.o ary1_pt1i.o ary1_pt1r.o ary1_pt1ub.o ary1_pt1uw.o ary1_pt1w.o ary1_ptn.o ary1_ptnb.o ary1_ptnd.o ary1_ptni.o ary1_ptnr.o ary1_ptnub.o ary1_ptnuw.o ary1_ptnw.o ary1_rebnd.o ary1_retyp.o ary1_rls.o ary1_sbd.o ary1_sbnd.o ary1_setc.o ary1_sft.o ary1_stp.o ary1_tcnam.o ary1_temp.o ary1_trace.o ary1_ump.o ary1_umps.o ary1_upsr.o ary1_upsw.o ary1_vbad.o ary1_vbnd.o ary1_vftp.o ary1_vmmd.o ary1_vtyp.o ary1_vzero.o ary1_xsbnd.o ary1_zerb.o ary1_zerd.o ary1_zeri.o ary1_zerr.o ary1_zerub.o ary1_zeruw.o ary1_zerw.o ary_annul.o ary_bad.o ary_base.o ary_bound.o ary_clone.o ary_cmplx.o ary_copy.o ary_delet.o ary_dim.o ary_dupe.o ary_find.o ary_form.o ary_ftype.o ary_imprt.o ary_isacc.o ary_isbas.o ary_ismap.o ary_istmp.o ary_map.o ary_mapz.o ary_msg.o ary_ndim.o ary_new.o ary_newp.o ary_noacc.o ary_offs.o ary_place.o ary_reset.o ary_same.o ary_sbad.o ary_sbnd.o ary_sect.o ary_shift.o ary_size.o ary_ssect.o ary_state.o ary_stype.o ary_temp.o ary_trace.o ary_type.o ary_unmap.o ary_valid.o ary_verfy.o ary1_init.o
ranlib libary.a
ar r libary_adam.a ary1_accok.o ary1_adiag.o ary1_anl.o ary1_annpl.o ary1_antmp.o ary1_bad.o ary1_badb.o ary1_badd.o ary1_badi.o ary1_badr.o ary1_badub.o ary1_baduw.o ary1_badw.o ary1_bpp.o ary1_bppb.o ary1_bppd.o ary1_bppi.o ary1_bppr.o ary1_bppub.o ary1_bppuw.o ary1_bppw.o ary1_ccpy.o ary1_chacc.o ary1_chbpp.o ary1_chcma.o ary1_chmod.o ary1_chscn.o ary1_chsta.o ary1_cln.o ary1_cmtmp.o ary1_cpy.o ary1_cpync.o ary1_crnba.o ary1_cut.o ary1_cvfb.o ary1_cvfd.o ary1_cvfi.o ary1_cvfr.o ary1_cvfub.o ary1_cvfuw.o ary1_cvfw.o ary1_cvtb.o ary1_cvtd.o ary1_cvti.o ary1_cvtr.o ary1_cvtub.o ary1_cvtuw.o ary1_cvtw.o ary1_danl.o ary1_dbad.o ary1_dbnd.o ary1_dcpy.o ary1_dcre.o ary1_dcrep.o ary1_ddiag.o ary1_del.o ary1_dfrm.o ary1_diag.o ary1_dimp.o ary1_dmod.o ary1_dp2s.o ary1_drst.o ary1_ds2p.o ary1_dsbd.o ary1_dsbnd.o ary1_dsft.o ary1_dsta.o ary1_dstp.o ary1_dtyp.o ary1_dvfy.o ary1_eqbnd.o ary1_expid.o ary1_ffs.o ary1_gmrb.o ary1_gt1b.o ary1_gt1d.o ary1_gt1i.o ary1_gt1r.o ary1_gt1ub.o ary1_gt1uw.o ary1_gt1w.o ary1_gtn.o ary1_gtnb.o ary1_gtnd.o ary1_gtni.o ary1_gtnr.o ary1_gtnub.o ary1_gtnuw.o ary1_gtnw.o ary1_hunmp.o ary1_id2ac.o ary1_imp.o ary1_impid.o ary1_imppl.o ary1_inbnd.o ary1_intyp.o ary1_iobw.o ary1_maps.o ary1_mdiag.o ary1_mpsr.o ary1_mpsw.o ary1_nel.o ary1_nxtsl.o ary1_pbnd.o ary1_pt1b.o ary1_pt1d.o ary1_pt1i.o ary1_pt1r.o ary1_pt1ub.o ary1_pt1uw.o ary1_pt1w.o ary1_ptn.o ary1_ptnb.o ary1_ptnd.o ary1_ptni.o ary1_ptnr.o ary1_ptnub.o ary1_ptnuw.o ary1_ptnw.o ary1_rebnd.o ary1_retyp.o ary1_rls.o ary1_sbd.o ary1_sbnd.o ary1_setc.o ary1_sft.o ary1_stp.o ary1_tcnam.o ary1_temp.o ary1_trace.o ary1_ump.o ary1_umps.o ary1_upsr.o ary1_upsw.o ary1_vbad.o ary1_vbnd.o ary1_vftp.o ary1_vmmd.o ary1_vtyp.o ary1_vzero.o ary1_xsbnd.o ary1_zerb.o ary1_zerd.o ary1_zeri.o ary1_zerr.o ary1_zerub.o ary1_zeruw.o ary1_zerw.o ary_annul.o ary_bad.o ary_base.o ary_bound.o ary_clone.o ary_cmplx.o ary_copy.o ary_delet.o ary_dim.o ary_dupe.o ary_find.o ary_form.o ary_ftype.o ary_imprt.o ary_isacc.o ary_isbas.o ary_ismap.o ary_istmp.o ary_map.o ary_mapz.o ary_msg.o ary_ndim.o ary_new.o ary_newp.o ary_noacc.o ary_offs.o ary_place.o ary_reset.o ary_same.o ary_sbad.o ary_sbnd.o ary_sect.o ary_shift.o ary_size.o ary_ssect.o ary_state.o ary_stype.o ary_temp.o ary_trace.o ary_type.o ary_unmap.o ary_valid.o ary_verfy.o ary1_init.o
ranlib libary_adam.a
touch libary.so
: libary.so 'ary1_accok.o ary1_adiag.o ary1_anl.o ary1_annpl.o ary1_antmp.o ary1_bad.o ary1_badb.o ary1_badd.o ary1_badi.o ary1_badr.o ary1_badub.o ary1_baduw.o ary1_badw.o ary1_bpp.o ary1_bppb.o ary1_bppd.o ary1_bppi.o ary1_bppr.o ary1_bppub.o ary1_bppuw.o ary1_bppw.o ary1_ccpy.o ary1_chacc.o ary1_chbpp.o ary1_chcma.o ary1_chmod.o ary1_chscn.o ary1_chsta.o ary1_cln.o ary1_cmtmp.o ary1_cpy.o ary1_cpync.o ary1_crnba.o ary1_cut.o ary1_cvfb.o ary1_cvfd.o ary1_cvfi.o ary1_cvfr.o ary1_cvfub.o ary1_cvfuw.o ary1_cvfw.o ary1_cvtb.o ary1_cvtd.o ary1_cvti.o ary1_cvtr.o ary1_cvtub.o ary1_cvtuw.o ary1_cvtw.o ary1_danl.o ary1_dbad.o ary1_dbnd.o ary1_dcpy.o ary1_dcre.o ary1_dcrep.o ary1_ddiag.o ary1_del.o ary1_dfrm.o ary1_diag.o ary1_dimp.o ary1_dmod.o ary1_dp2s.o ary1_drst.o ary1_ds2p.o ary1_dsbd.o ary1_dsbnd.o ary1_dsft.o ary1_dsta.o ary1_dstp.o ary1_dtyp.o ary1_dvfy.o ary1_eqbnd.o ary1_expid.o ary1_ffs.o ary1_gmrb.o ary1_gt1b.o ary1_gt1d.o ary1_gt1i.o ary1_gt1r.o ary1_gt1ub.o ary1_gt1uw.o ary1_gt1w.o ary1_gtn.o ary1_gtnb.o ary1_gtnd.o ary1_gtni.o ary1_gtnr.o ary1_gtnub.o ary1_gtnuw.o ary1_gtnw.o ary1_hunmp.o ary1_id2ac.o ary1_imp.o ary1_impid.o ary1_imppl.o ary1_inbnd.o ary1_intyp.o ary1_iobw.o ary1_maps.o ary1_mdiag.o ary1_mpsr.o ary1_mpsw.o ary1_nel.o ary1_nxtsl.o ary1_pbnd.o ary1_pt1b.o ary1_pt1d.o ary1_pt1i.o ary1_pt1r.o ary1_pt1ub.o ary1_pt1uw.o ary1_pt1w.o ary1_ptn.o ary1_ptnb.o ary1_ptnd.o ary1_ptni.o ary1_ptnr.o ary1_ptnub.o ary1_ptnuw.o ary1_ptnw.o ary1_rebnd.o ary1_retyp.o ary1_rls.o ary1_sbd.o ary1_sbnd.o ary1_setc.o ary1_sft.o ary1_stp.o ary1_tcnam.o ary1_temp.o ary1_trace.o ary1_ump.o ary1_umps.o ary1_upsr.o ary1_upsw.o ary1_vbad.o ary1_vbnd.o ary1_vftp.o ary1_vmmd.o ary1_vtyp.o ary1_vzero.o ary1_xsbnd.o ary1_zerb.o ary1_zerd.o ary1_zeri.o ary1_zerr.o ary1_zerub.o ary1_zeruw.o ary1_zerw.o ary_annul.o ary_bad.o ary_base.o ary_bound.o ary_clone.o ary_cmplx.o ary_copy.o ary_delet.o ary_dim.o ary_dupe.o ary_find.o ary_form.o ary_ftype.o ary_imprt.o ary_isacc.o ary_isbas.o ary_ismap.o ary_istmp.o ary_map.o ary_mapz.o ary_msg.o ary_ndim.o ary_new.o ary_newp.o ary_noacc.o ary_offs.o ary_place.o ary_reset.o ary_same.o ary_sbad.o ary_sbnd.o ary_sect.o ary_shift.o ary_size.o ary_ssect.o ary_state.o ary_stype.o ary_temp.o ary_trace.o ary_type.o ary_unmap.o ary_valid.o ary_verfy.o  ary1_init.o' \
           '-L/apps/cvsbuild/star/lib -lhds -lerr -lchr -lprm'
touch libary_adam.so
: libary_adam.so \
           '  ary1_accok.o ary1_adiag.o ary1_anl.o ary1_annpl.o ary1_antmp.o ary1_bad.o ary1_badb.o ary1_badd.o ary1_badi.o ary1_badr.o ary1_badub.o ary1_baduw.o ary1_badw.o ary1_bpp.o ary1_bppb.o ary1_bppd.o ary1_bppi.o ary1_bppr.o ary1_bppub.o ary1_bppuw.o ary1_bppw.o ary1_ccpy.o ary1_chacc.o ary1_chbpp.o ary1_chcma.o ary1_chmod.o ary1_chscn.o ary1_chsta.o ary1_cln.o ary1_cmtmp.o ary1_cpy.o ary1_cpync.o ary1_crnba.o ary1_cut.o ary1_cvfb.o ary1_cvfd.o ary1_cvfi.o ary1_cvfr.o ary1_cvfub.o ary1_cvfuw.o ary1_cvfw.o ary1_cvtb.o ary1_cvtd.o ary1_cvti.o ary1_cvtr.o ary1_cvtub.o ary1_cvtuw.o ary1_cvtw.o ary1_danl.o ary1_dbad.o ary1_dbnd.o ary1_dcpy.o ary1_dcre.o ary1_dcrep.o ary1_ddiag.o ary1_del.o ary1_dfrm.o ary1_diag.o ary1_dimp.o ary1_dmod.o ary1_dp2s.o ary1_drst.o ary1_ds2p.o ary1_dsbd.o ary1_dsbnd.o ary1_dsft.o ary1_dsta.o ary1_dstp.o ary1_dtyp.o ary1_dvfy.o ary1_eqbnd.o ary1_expid.o ary1_ffs.o ary1_gmrb.o ary1_gt1b.o ary1_gt1d.o ary1_gt1i.o ary1_gt1r.o ary1_gt1ub.o ary1_gt1uw.o ary1_gt1w.o ary1_gtn.o ary1_gtnb.o ary1_gtnd.o ary1_gtni.o ary1_gtnr.o ary1_gtnub.o ary1_gtnuw.o ary1_gtnw.o ary1_hunmp.o ary1_id2ac.o ary1_imp.o ary1_impid.o ary1_imppl.o ary1_inbnd.o ary1_intyp.o ary1_iobw.o ary1_maps.o ary1_mdiag.o ary1_mpsr.o ary1_mpsw.o ary1_nel.o ary1_nxtsl.o ary1_pbnd.o ary1_pt1b.o ary1_pt1d.o ary1_pt1i.o ary1_pt1r.o ary1_pt1ub.o ary1_pt1uw.o ary1_pt1w.o ary1_ptn.o ary1_ptnb.o ary1_ptnd.o ary1_ptni.o ary1_ptnr.o ary1_ptnub.o ary1_ptnuw.o ary1_ptnw.o ary1_rebnd.o ary1_retyp.o ary1_rls.o ary1_sbd.o ary1_sbnd.o ary1_setc.o ary1_sft.o ary1_stp.o ary1_tcnam.o ary1_temp.o ary1_trace.o ary1_ump.o ary1_umps.o ary1_upsr.o ary1_upsw.o ary1_vbad.o ary1_vbnd.o ary1_vftp.o ary1_vmmd.o ary1_vtyp.o ary1_vzero.o ary1_xsbnd.o ary1_zerb.o ary1_zerd.o ary1_zeri.o ary1_zerr.o ary1_zerub.o ary1_zeruw.o ary1_zerw.o ary_annul.o ary_bad.o ary_base.o ary_bound.o ary_clone.o ary_cmplx.o ary_copy.o ary_delet.o ary_dim.o ary_dupe.o ary_find.o ary_form.o ary_ftype.o ary_imprt.o ary_isacc.o ary_isbas.o ary_ismap.o ary_istmp.o ary_map.o ary_mapz.o ary_msg.o ary_ndim.o ary_new.o ary_newp.o ary_noacc.o ary_offs.o ary_place.o ary_reset.o ary_same.o ary_sbad.o ary_sbnd.o ary_sect.o ary_shift.o ary_size.o ary_ssect.o ary_state.o ary_stype.o ary_temp.o ary_trace.o ary_type.o ary_unmap.o ary_valid.o ary_verfy.o  ary1_init.o' \
           '-L/apps/cvsbuild/star/lib -lhds_adam -lerr_adam -lchr_adam -lprm_adam'
tar -xf ary_source.tar ary_dev
tar -xf ary_source.tar fac_1503_err
make[1]: Leaving directory `/apps/cvsbuild/BUILDTEST/ary'

*** The ARY package has been built

