mk: Environment variables defined for ix86_Linux system
make -e install
make[1]: Entering directory `/apps/cvsbuild/BUILDTEST/ast'
for f in ast_link ast_link_adam ""; do \
           if test -n "$f"; then \
              sed -e 's#FLIBS#-lg2c#' $f >/apps/cvsbuild/star/bin/$f;\
              chmod 755 /apps/cvsbuild/star/bin/$f;\
           else :; fi;\
        done
for f in ast.h ast_err grf_par ast_par; do \
           if test -n "$f"; then \
              cp -p $f /apps/cvsbuild/star/include;\
              chmod 644 /apps/cvsbuild/star/include/$f;\
              rm -f $f;\
              ln -s /apps/cvsbuild/star/include/$f $f;\
           else :; fi;\
        done
for f in libast.a libast_ems.a libast_err.a libast_grf.a libast_pgplot.a libast_slalib.a libast_wcslib.a ""; do \
           if test -n "$f"; then \
              cp -p $f /apps/cvsbuild/star/lib;\
              chmod 644 /apps/cvsbuild/star/lib/$f;\
              rm -f $f;\
              ln -s /apps/cvsbuild/star/lib/$f $f;\
           else :; fi;\
        done
rm -f /apps/cvsbuild/star/lib/libast_pass2.a
cd /apps/cvsbuild/star/lib; ln -s libast.a libast_pass2.a
for f in  ""; do \
           if test -n "$f" -a -s "$f"; then \
              cp -p $f /apps/cvsbuild/star/share;\
              chmod 755 /apps/cvsbuild/star/share/$f;\
              rm -f $f;\
              ln -s /apps/cvsbuild/star/share/$f $f;\
           else :; fi;\
        done
if test -n "ast_dev"; then \
           sed -e 's#LINK#ln -s#' -e s#INSTALL_INC#/apps/cvsbuild/star/include# \
              ast_dev >/apps/cvsbuild/star/bin/ast_dev ;\
           chmod 755 /apps/cvsbuild/star/bin/ast_dev ;\
        else :; fi
if test -n "fac_1521_err"; then \
           cp -p fac_1521_err /apps/cvsbuild/star/help;\
           chmod 644 /apps/cvsbuild/star/help/fac_1521_err;\
           rm -f fac_1521_err;\
           ln -s /apps/cvsbuild/star/help/fac_1521_err fac_1521_err;\
        else :; fi
for f in sun210 sun211 ""; do \
           if test -n "$f"; then \
              cp -p ${f}.tex /apps/cvsbuild/star/docs;\
              chmod 644 /apps/cvsbuild/star/docs/${f}.tex;\
              tar -cvhf - ${f}_figures | (cd /apps/cvsbuild/star/docs; tar -xf -);\
              chmod 644 /apps/cvsbuild/star/docs/${f}_figures/*;\
              chmod 755 /apps/cvsbuild/star/docs/${f}_figures;\
           else :; fi;\
        done
sun210_figures/
sun210_figures/cmpframe.eps
sun210_figures/complex.eps
sun210_figures/frames.eps
sun210_figures/frameset.eps
sun210_figures/fronta_bw.eps
sun210_figures/fronta.eps
sun210_figures/frontb_bw.eps
sun210_figures/frontb.eps
sun210_figures/frontc_bw.eps
sun210_figures/frontc.eps
sun210_figures/fsalign.eps
sun210_figures/fsconvert.eps
sun210_figures/fsexample.eps
sun210_figures/fsmerge.eps
sun210_figures/fsremap.eps
sun210_figures/gridplot_bw.eps
sun210_figures/gridplot.eps
sun210_figures/mapping.eps
sun210_figures/overgrid_bw.eps
sun210_figures/overgrid.eps
sun210_figures/parallel.eps
sun210_figures/series.eps
sun210_figures/simpexamp.eps
sun211_figures/
sun211_figures/cmpframe.eps
sun211_figures/complex.eps
sun211_figures/frames.eps
sun211_figures/frameset.eps
sun211_figures/fronta_bw.eps
sun211_figures/fronta.eps
sun211_figures/frontb_bw.eps
sun211_figures/frontb.eps
sun211_figures/frontc_bw.eps
sun211_figures/frontc.eps
sun211_figures/fsalign.eps
sun211_figures/fsconvert.eps
sun211_figures/fsexample.eps
sun211_figures/fsmerge.eps
sun211_figures/fsremap.eps
sun211_figures/gridplot_bw.eps
sun211_figures/gridplot.eps
sun211_figures/mapping.eps
sun211_figures/overgrid_bw.eps
sun211_figures/overgrid.eps
sun211_figures/parallel.eps
sun211_figures/series.eps
sun211_figures/simpexamp.eps
if test -n "sun210.htx sun211.htx"; then \
           pwd=`pwd`;\
           (cd /apps/cvsbuild/star/docs;\
           for f in sun210.htx sun211.htx ""; do \
              if test -n "$f"; then\
                 tar -xf $pwd/${f}_tar;\
                 chmod 755 `find $f -type d -print`;\
                 chmod 644 `find $f ! -type d -print`;\
                 touch $f;\
              else :; fi;\
           done);\
           HTX_PATH='/apps/cvsbuild/star/docs:/apps/cvsbuild/star/help';\
           export HTX_PATH;\
           if test -x /apps/cvsbuild/star/bin/hlink; then \
              /apps/cvsbuild/star/bin/hlink /apps/cvsbuild/star/docs /apps/cvsbuild/star/help;\
           else :; fi;\
        fi;
Updating index file for document: sun210
Updating index file for document: sun211
2 hypertext documents need re-linking
   updating cross-references in document sun210 (8 files to modify)...
   replacing original files with re-linked versions...
      ...document sun210 linked
   updating cross-references in document sun211 (8 files to modify)...
   replacing original files with re-linked versions...
      ...document sun211 linked
cp -p AST_CONDITIONS /apps/cvsbuild/star/dates
chmod 444 /apps/cvsbuild/star/dates/AST_CONDITIONS
cp -p ast_datestamp /apps/cvsbuild/star/dates
chmod 444 /apps/cvsbuild/star/dates/ast_datestamp
chmod 644 ast_datestamp
rm ast_datestamp
ln -s /apps/cvsbuild/star/dates/ast_datestamp ast_datestamp
make[1]: Leaving directory `/apps/cvsbuild/BUILDTEST/ast'

*** The AST package has been installed in directory /apps/cvsbuild/star

