mk: Environment variables defined for ix86_Linux system
make -e build
make[1]: Entering directory `/apps/cvsbuild/BUILDTEST/chr'
tar -xf chr_source.tar chr_link
tar -xf chr_source.tar chr_link_adam
tar -xf chr_source.tar chr_err
tar -xf chr_source.tar chr_abbrv.f
g77 -fno-second-underscore -O -c chr_abbrv.f
tar -xf chr_source.tar chr_achr.f
g77 -fno-second-underscore -O -c chr_achr.f
tar -xf chr_source.tar chr_appnd.f
g77 -fno-second-underscore -O -c chr_appnd.f
tar -xf chr_source.tar chr_atok.f
g77 -fno-second-underscore -O -c chr_atok.f
tar -xf chr_source.tar chr_atom.f
g77 -fno-second-underscore -O -c chr_atom.f
tar -xf chr_source.tar chr_btoi.f
ln -s /apps/cvsbuild/star/include/sae_par SAE_PAR
g77 -fno-second-underscore -O -c chr_btoi.f
tar -xf chr_source.tar chr_clean.f
g77 -fno-second-underscore -O -c chr_clean.f
tar -xf chr_source.tar chr_copy.f
g77 -fno-second-underscore -O -c chr_copy.f
tar -xf chr_source.tar chr_ctoc.f
g77 -fno-second-underscore -O -c chr_ctoc.f
tar -xf chr_source.tar chr_ctod.f
g77 -fno-second-underscore -O -c chr_ctod.f
tar -xf chr_source.tar chr_ctoi.f
g77 -fno-second-underscore -O -c chr_ctoi.f
tar -xf chr_source.tar chr_ctol.f
g77 -fno-second-underscore -O -c chr_ctol.f
tar -xf chr_source.tar chr_ctor.f
g77 -fno-second-underscore -O -c chr_ctor.f
tar -xf chr_source.tar chr_dcwrd.f
g77 -fno-second-underscore -O -c chr_dcwrd.f
tar -xf chr_source.tar chr_delim.f
g77 -fno-second-underscore -O -c chr_delim.f
tar -xf chr_source.tar chr_dtoan.f
g77 -fno-second-underscore -O -c chr_dtoan.f
tar -xf chr_source.tar chr_dtoc.f
g77 -fno-second-underscore -O -c chr_dtoc.f
tar -xf chr_source.tar chr_equal.f
g77 -fno-second-underscore -O -c chr_equal.f
tar -xf chr_source.tar chr_fandl.f
g77 -fno-second-underscore -O -c chr_fandl.f
tar -xf chr_source.tar chr_fill.f
g77 -fno-second-underscore -O -c chr_fill.f
tar -xf chr_source.tar chr_find.f
g77 -fno-second-underscore -O -c chr_find.f
tar -xf chr_source.tar chr_fiwe.f
ln -s chr_err CHR_ERR
g77 -fno-second-underscore -O -c chr_fiwe.f
tar -xf chr_source.tar chr_fiws.f
g77 -fno-second-underscore -O -c chr_fiws.f
tar -xf chr_source.tar chr_htoi.f
g77 -fno-second-underscore -O -c chr_htoi.f
tar -xf chr_source.tar chr_iachr.f
g77 -fno-second-underscore -O -c chr_iachr.f
tar -xf chr_source.tar chr_index.f
g77 -fno-second-underscore -O -c chr_index.f
tar -xf chr_source.tar chr_inset.f
g77 -fno-second-underscore -O -c chr_inset.f
tar -xf chr_source.tar chr_isalf.f
g77 -fno-second-underscore -O -c chr_isalf.f
tar -xf chr_source.tar chr_isalm.f
g77 -fno-second-underscore -O -c chr_isalm.f
tar -xf chr_source.tar chr_isdig.f
g77 -fno-second-underscore -O -c chr_isdig.f
tar -xf chr_source.tar chr_isnam.f
g77 -fno-second-underscore -O -c chr_isnam.f
tar -xf chr_source.tar chr_itob.f
g77 -fno-second-underscore -O -c chr_itob.f
tar -xf chr_source.tar chr_itoc.f
g77 -fno-second-underscore -O -c chr_itoc.f
tar -xf chr_source.tar chr_itoh.f
g77 -fno-second-underscore -O -c chr_itoh.f
tar -xf chr_source.tar chr_itoo.f
g77 -fno-second-underscore -O -c chr_itoo.f
tar -xf chr_source.tar chr_lcase.f
g77 -fno-second-underscore -O -c chr_lcase.f
tar -xf chr_source.tar chr_ldblk.f
g77 -fno-second-underscore -O -c chr_ldblk.f
tar -xf chr_source.tar chr_len.f
g77 -fno-second-underscore -O -c chr_len.f
tar -xf chr_source.tar chr_linbr.f
g77 -fno-second-underscore -O -c chr_linbr.f
tar -xf chr_source.tar chr_lower.f
g77 -fno-second-underscore -O -c chr_lower.f
tar -xf chr_source.tar chr_ltoc.f
g77 -fno-second-underscore -O -c chr_ltoc.f
tar -xf chr_source.tar chr_move.f
g77 -fno-second-underscore -O -c chr_move.f
tar -xf chr_source.tar chr_mtoa.f
g77 -fno-second-underscore -O -c chr_mtoa.f
tar -xf chr_source.tar chr_nth.f
g77 -fno-second-underscore -O -c chr_nth.f
tar -xf chr_source.tar chr_otoi.f
g77 -fno-second-underscore -O -c chr_otoi.f
tar -xf chr_source.tar chr_pform.f
g77 -fno-second-underscore -O -c chr_pform.f
tar -xf chr_source.tar chr_prefx.f
g77 -fno-second-underscore -O -c chr_prefx.f
tar -xf chr_source.tar chr_putc.f
g77 -fno-second-underscore -O -c chr_putc.f
tar -xf chr_source.tar chr_putd.f
g77 -fno-second-underscore -O -c chr_putd.f
tar -xf chr_source.tar chr_puti.f
g77 -fno-second-underscore -O -c chr_puti.f
tar -xf chr_source.tar chr_putl.f
g77 -fno-second-underscore -O -c chr_putl.f
tar -xf chr_source.tar chr_putr.f
g77 -fno-second-underscore -O -c chr_putr.f
tar -xf chr_source.tar chr_rjust.f
g77 -fno-second-underscore -O -c chr_rjust.f
tar -xf chr_source.tar chr_rmblk.f
g77 -fno-second-underscore -O -c chr_rmblk.f
tar -xf chr_source.tar chr_rmchr.f
g77 -fno-second-underscore -O -c chr_rmchr.f
tar -xf chr_source.tar chr_rtoan.f
g77 -fno-second-underscore -O -c chr_rtoan.f
tar -xf chr_source.tar chr_rtoc.f
g77 -fno-second-underscore -O -c chr_rtoc.f
tar -xf chr_source.tar chr_scomp.f
g77 -fno-second-underscore -O -c chr_scomp.f
tar -xf chr_source.tar chr_simlr.f
g77 -fno-second-underscore -O -c chr_simlr.f
tar -xf chr_source.tar chr_size.f
g77 -fno-second-underscore -O -c chr_size.f
tar -xf chr_source.tar chr_skchr.f
g77 -fno-second-underscore -O -c chr_skchr.f
tar -xf chr_source.tar chr_sort.f
g77 -fno-second-underscore -O -c chr_sort.f
tar -xf chr_source.tar chr_swap.f
g77 -fno-second-underscore -O -c chr_swap.f
tar -xf chr_source.tar chr_term.f
g77 -fno-second-underscore -O -c chr_term.f
tar -xf chr_source.tar chr_tochr.f
g77 -fno-second-underscore -O -c chr_tochr.f
tar -xf chr_source.tar chr_trchr.f
g77 -fno-second-underscore -O -c chr_trchr.f
tar -xf chr_source.tar chr_trunc.f
g77 -fno-second-underscore -O -c chr_trunc.f
tar -xf chr_source.tar chr_ucase.f
g77 -fno-second-underscore -O -c chr_ucase.f
tar -xf chr_source.tar chr_upper.f
g77 -fno-second-underscore -O -c chr_upper.f
tar -xf chr_source.tar chr_wild.f
tar -xf chr_source.tar chr_sys
ln -s chr_sys CHR_SYS
g77 -fno-second-underscore -O -c chr_wild.f
tar -xf chr_source.tar chr1_wild1.f
g77 -fno-second-underscore -O -c chr1_wild1.f
tar -xf chr_source.tar chr1_wild2.f
g77 -fno-second-underscore -O -c chr1_wild2.f
tar -xf chr_source.tar chr1_wild3.f
g77 -fno-second-underscore -O -c chr1_wild3.f
tar -xf chr_source.tar chr1_wild4.f
g77 -fno-second-underscore -O -c chr1_wild4.f
tar -xf chr_source.tar chr1_wild5.f
g77 -fno-second-underscore -O -c chr1_wild5.f
tar -xf chr_source.tar chr1_wild6.f
g77 -fno-second-underscore -O -c chr1_wild6.f
tar -xf chr_source.tar chr1_wild7.f
g77 -fno-second-underscore -O -c chr1_wild7.f
tar -xf chr_source.tar chr_etom.c
gcc -I/apps/cvsbuild/star/include -O -c chr_etom.c
tar -xf chr_source.tar chr_mtoe.c
gcc -I/apps/cvsbuild/star/include -O -c chr_mtoe.c
ar r libchr.a chr_abbrv.o chr_achr.o chr_appnd.o chr_atok.o chr_atom.o chr_btoi.o chr_clean.o chr_copy.o chr_ctoc.o chr_ctod.o chr_ctoi.o chr_ctol.o chr_ctor.o chr_dcwrd.o chr_delim.o chr_dtoan.o chr_dtoc.o chr_equal.o chr_fandl.o chr_fill.o chr_find.o chr_fiwe.o chr_fiws.o chr_htoi.o chr_iachr.o chr_index.o chr_inset.o chr_isalf.o chr_isalm.o chr_isdig.o chr_isnam.o chr_itob.o chr_itoc.o chr_itoh.o chr_itoo.o chr_lcase.o chr_ldblk.o chr_len.o chr_linbr.o chr_lower.o chr_ltoc.o chr_move.o chr_mtoa.o chr_nth.o chr_otoi.o chr_pform.o chr_prefx.o chr_putc.o chr_putd.o chr_puti.o chr_putl.o chr_putr.o chr_rjust.o chr_rmblk.o chr_rmchr.o chr_rtoan.o chr_rtoc.o chr_scomp.o chr_simlr.o chr_size.o chr_skchr.o chr_sort.o chr_swap.o chr_term.o chr_tochr.o chr_trchr.o chr_trunc.o chr_ucase.o chr_upper.o chr_wild.o chr1_wild1.o chr1_wild2.o chr1_wild3.o chr1_wild4.o chr1_wild5.o chr1_wild6.o chr1_wild7.o chr_etom.o chr_mtoe.o
ranlib libchr.a
touch libchr.so
f() { ld -shared -soname $1 -o $1 $2;}; f libchr.so ' chr_abbrv.o chr_achr.o chr_appnd.o chr_atok.o chr_atom.o  chr_btoi.o  chr_clean.o chr_copy.o  chr_ctoc.o chr_ctod.o  chr_ctoi.o  chr_ctol.o  chr_ctor.o  chr_dcwrd.o chr_delim.o chr_dtoan.o chr_dtoc.o  chr_equal.o chr_fandl.o chr_fill.o  chr_find.o  chr_fiwe.o  chr_fiws.o chr_htoi.o  chr_iachr.o chr_index.o chr_inset.o chr_isalf.o chr_isalm.o chr_isdig.o chr_isnam.o chr_itob.o  chr_itoc.o chr_itoh.o  chr_itoo.o  chr_lcase.o chr_ldblk.o chr_len.o chr_linbr.o chr_lower.o chr_ltoc.o  chr_move.o  chr_mtoa.o chr_nth.o   chr_otoi.o  chr_pform.o chr_prefx.o chr_putc.o  chr_putd.o  chr_puti.o  chr_putl.o  chr_putr.o chr_rjust.o chr_rmblk.o chr_rmchr.o chr_rtoan.o chr_rtoc.o chr_scomp.o chr_simlr.o chr_size.o  chr_skchr.o chr_sort.o chr_swap.o  chr_term.o  chr_tochr.o chr_trchr.o chr_trunc.o chr_ucase.o chr_upper.o chr_wild.o  chr1_wild1.o chr1_wild2.o chr1_wild3.o chr1_wild4.o chr1_wild5.o chr1_wild6.o chr1_wild7.o   chr_etom.o chr_mtoe.o' '-L/apps/cvsbuild/star/lib -lems'
tar -xf chr_source.tar chr_dev
tar -xf chr_source.tar fac_1505_err
make[1]: Leaving directory `/apps/cvsbuild/BUILDTEST/chr'

*** The CHR package has been built

