mk: Environment variables defined for ix86_Linux system
make -e install
make[1]: Entering directory `/apps/cvsbuild/BUILDTEST/chr'
for f in chr_link chr_link_adam ""; do \
           if test -n "$f"; then \
              cp -p $f /apps/cvsbuild/star/bin;\
              chmod 755 /apps/cvsbuild/star/bin/$f;\
              rm -f $f;\
              ln -s /apps/cvsbuild/star/bin/$f $f;\
           else :; fi;\
        done
for f in chr_err ""; do \
           if test -n "$f"; then \
              cp -p $f /apps/cvsbuild/star/include;\
              chmod 644 /apps/cvsbuild/star/include/$f;\
              rm -f $f;\
              ln -s /apps/cvsbuild/star/include/$f $f;\
           else :; fi;\
        done
for f in libchr.a ""; do \
           if test -n "$f"; then \
              cp -p $f /apps/cvsbuild/star/lib;\
              chmod 644 /apps/cvsbuild/star/lib/$f;\
              rm -f $f;\
              ln -s /apps/cvsbuild/star/lib/$f $f;\
           else :; fi;\
        done
for f in libchr.so ""; do \
           if test -n "$f" -a -s "$f"; then \
              cp -p $f /apps/cvsbuild/star/share;\
              chmod 755 /apps/cvsbuild/star/share/$f;\
              rm -f $f;\
              ln -s /apps/cvsbuild/star/share/$f $f;\
           else :; fi;\
        done
if test -n "chr_dev"; then \
           sed -e 's#LINK#ln -s#' -e s#INSTALL_INC#/apps/cvsbuild/star/include# \
              chr_dev >/apps/cvsbuild/star/bin/chr_dev ;\
           chmod 755 /apps/cvsbuild/star/bin/chr_dev ;\
        else :; fi
if test -n "fac_1505_err"; then \
           cp -p fac_1505_err /apps/cvsbuild/star/help;\
           chmod 644 /apps/cvsbuild/star/help/fac_1505_err;\
           rm -f fac_1505_err;\
           ln -s /apps/cvsbuild/star/help/fac_1505_err fac_1505_err;\
        else :; fi
for f in sun40.tex ""; do \
           if test -n "$f"; then \
              cp -p $f /apps/cvsbuild/star/docs;\
              chmod 644 /apps/cvsbuild/star/docs/$f;\
           else :; fi;\
        done
if test -n "sun40.htx"; then \
           pwd=`pwd`;\
           (cd /apps/cvsbuild/star/docs;\
           for f in sun40.htx ""; do \
              if test -n "$f"; then\
                 tar -xf $pwd/${f}_tar;\
                 chmod 755 `find $f -type d -print`;\
                 chmod 644 `find $f ! -type d -print`;\
                 touch $f;\
              else :; fi;\
           done);\
           HTX_PATH='/apps/cvsbuild/star/docs:/apps/cvsbuild/star/help';\
           export HTX_PATH;\
           /apps/cvsbuild/star/bin/hlink /apps/cvsbuild/star/docs /apps/cvsbuild/star/help;\
        fi;
Updating index file for document: sun40
1 hypertext document needs re-linking
   updating cross-references in document sun40 (1 files to modify)...
   replacing original files with re-linked versions...
      ...document sun40 linked
cp -p chr_datestamp /apps/cvsbuild/star/dates
chmod 444 /apps/cvsbuild/star/dates/chr_datestamp
chmod 644 chr_datestamp
rm chr_datestamp
ln -s /apps/cvsbuild/star/dates/chr_datestamp chr_datestamp
make[1]: Leaving directory `/apps/cvsbuild/BUILDTEST/chr'

*** The CHR package has been installed in directory /apps/cvsbuild/star

