mk: Environment variables defined for ix86_Linux system
make -e install
make[1]: Entering directory `/apps/cvsbuild/BUILDTEST/cnf'
for f in cnf_link cnf_link_adam ""; do \
           if test -n "$f"; then \
              cp -p $f /apps/cvsbuild/star/bin;\
              chmod 755 /apps/cvsbuild/star/bin/$f;\
              rm -f $f;\
              ln -s /apps/cvsbuild/star/bin/$f $f;\
           else :; fi;\
        done
for f in cnf.h f77.h cnf_par ""; do \
           if test -n "$f"; then \
              cp -p $f /apps/cvsbuild/star/include;\
              chmod 644 /apps/cvsbuild/star/include/$f;\
              rm -f $f;\
              ln -s /apps/cvsbuild/star/include/$f $f;\
           else :; fi;\
        done
for f in libcnf.a ""; do \
           if test -n "$f"; then \
              cp -p $f /apps/cvsbuild/star/lib;\
              chmod 644 /apps/cvsbuild/star/lib/$f;\
              rm -f $f;\
              ln -s /apps/cvsbuild/star/lib/$f $f;\
           else :; fi;\
        done
for f in libcnf.so ""; do \
           if test -n "$f" -a -s "$f"; then \
              cp -p $f /apps/cvsbuild/star/share;\
              chmod 755 /apps/cvsbuild/star/share/$f;\
              rm -f $f;\
              ln -s /apps/cvsbuild/star/share/$f $f;\
           else :; fi;\
        done
if test -n "cnf_dev"; then \
           sed -e 's#LINK#ln -s#' -e s#INSTALL_INC#/apps/cvsbuild/star/include# \
              cnf_dev >/apps/cvsbuild/star/bin/cnf_dev ;\
           chmod 755 /apps/cvsbuild/star/bin/cnf_dev ;\
        else :; fi
if test -n ""; then \
           cp -p  /apps/cvsbuild/star/help;\
           chmod 644 /apps/cvsbuild/star/help/;\
           rm -f ;\
           ln -s /apps/cvsbuild/star/help/ ;\
        else :; fi
for f in sun209.tex ""; do \
           if test -n "$f"; then \
              cp -p $f /apps/cvsbuild/star/docs;\
              chmod 644 /apps/cvsbuild/star/docs/$f;\
           else :; fi;\
        done
if test -n "sun209.htx"; then \
           pwd=`pwd`;\
           (cd /apps/cvsbuild/star/docs;\
           for f in sun209.htx ""; do \
              if test -n "$f"; then\
                 tar -xf $pwd/${f}_tar;\
                 chmod 755 `find $f -type d -print`;\
                 chmod 644 `find $f ! -type d -print`;\
                 touch $f;\
              else :; fi;\
           done);\
           HTX_PATH='/apps/cvsbuild/star/docs:/apps/cvsbuild/star/help';\
           export HTX_PATH;\
           /apps/cvsbuild/star/bin/hlink /apps/cvsbuild/star/docs /apps/cvsbuild/star/help;\
        fi;
Updating index file for document: sun209
1 hypertext document needs re-linking
   updating cross-references in document sun209 (5 files to modify)...
   replacing original files with re-linked versions...
      ...document sun209 linked
cp -p cnf_datestamp /apps/cvsbuild/star/dates
chmod 444 /apps/cvsbuild/star/dates/cnf_datestamp
chmod 644 cnf_datestamp
rm cnf_datestamp
ln -s /apps/cvsbuild/star/dates/cnf_datestamp cnf_datestamp
make[1]: Leaving directory `/apps/cvsbuild/BUILDTEST/cnf'

*** The CNF package has been installed in directory /apps/cvsbuild/star

