mk: Environment variables defined for ix86_Linux system
make -e build
make[1]: Entering directory `/apps/cvsbuild/BUILDTEST/cnf'
tar -xf cnf_source.tar cnf_link
tar -xf cnf_source.tar cnf_link_adam
tar -xf cnf_source.tar cnf.h
tar -xf cnf_source.tar f77.h
tar -xf cnf_source.tar cnf_par_ix86_Linux
mv cnf_par_ix86_Linux cnf_par
tar -xf cnf_source.tar cnfCopyf.c
gcc -I/apps/cvsbuild/star/include -O -c cnfCopyf.c
tar -xf cnf_source.tar cnfCreat.c
gcc -I/apps/cvsbuild/star/include -O -c cnfCreat.c
tar -xf cnf_source.tar cnfCref.c
gcc -I/apps/cvsbuild/star/include -O -c cnfCref.c
tar -xf cnf_source.tar cnfCrefa.c
gcc -I/apps/cvsbuild/star/include -O -c cnfCrefa.c
tar -xf cnf_source.tar cnfCreib.c
gcc -I/apps/cvsbuild/star/include -O -c cnfCreib.c
tar -xf cnf_source.tar cnfCreim.c
gcc -I/apps/cvsbuild/star/include -O -c cnfCreim.c
tar -xf cnf_source.tar cnfCrela.c
gcc -I/apps/cvsbuild/star/include -O -c cnfCrela.c
tar -xf cnf_source.tar cnfExpch.c
gcc -I/apps/cvsbuild/star/include -O -c cnfExpch.c
tar -xf cnf_source.tar cnfExpla.c
gcc -I/apps/cvsbuild/star/include -O -c cnfExpla.c
tar -xf cnf_source.tar cnfExpn.c
gcc -I/apps/cvsbuild/star/include -O -c cnfExpn.c
tar -xf cnf_source.tar cnfExprt.c
gcc -I/apps/cvsbuild/star/include -O -c cnfExprt.c
tar -xf cnf_source.tar cnfExprta.c
gcc -I/apps/cvsbuild/star/include -O -c cnfExprta.c
tar -xf cnf_source.tar cnfExprtap.c
gcc -I/apps/cvsbuild/star/include -O -c cnfExprtap.c
tar -xf cnf_source.tar cnfFreef.c
gcc -I/apps/cvsbuild/star/include -O -c cnfFreef.c
tar -xf cnf_source.tar cnfImpb.c
gcc -I/apps/cvsbuild/star/include -O -c cnfImpb.c
tar -xf cnf_source.tar cnfImpbn.c
gcc -I/apps/cvsbuild/star/include -O -c cnfImpbn.c
tar -xf cnf_source.tar cnfImpch.c
gcc -I/apps/cvsbuild/star/include -O -c cnfImpch.c
tar -xf cnf_source.tar cnfImpla.c
gcc -I/apps/cvsbuild/star/include -O -c cnfImpla.c
tar -xf cnf_source.tar cnfImpn.c
gcc -I/apps/cvsbuild/star/include -O -c cnfImpn.c
tar -xf cnf_source.tar cnfImprt.c
gcc -I/apps/cvsbuild/star/include -O -c cnfImprt.c
tar -xf cnf_source.tar cnfImprta.c
gcc -I/apps/cvsbuild/star/include -O -c cnfImprta.c
tar -xf cnf_source.tar cnfImprtap.c
gcc -I/apps/cvsbuild/star/include -O -c cnfImprtap.c
tar -xf cnf_source.tar cnfLenc.c
gcc -I/apps/cvsbuild/star/include -O -c cnfLenc.c
tar -xf cnf_source.tar cnfLenf.c
gcc -I/apps/cvsbuild/star/include -O -c cnfLenf.c
tar -xf cnf_source.tar cnfMem.c
gcc -I/apps/cvsbuild/star/include -O -c cnfMem.c
tar -xf cnf_source.tar oldnames.c
gcc -I/apps/cvsbuild/star/include -O -c oldnames.c
ar r libcnf.a cnfCopyf.o cnfCreat.o cnfCref.o cnfCrefa.o cnfCreib.o cnfCreim.o cnfCrela.o cnfExpch.o cnfExpla.o cnfExpn.o cnfExprt.o cnfExprta.o cnfExprtap.o cnfFreef.o cnfImpb.o cnfImpbn.o cnfImpch.o cnfImpla.o cnfImpn.o cnfImprt.o cnfImprta.o cnfImprtap.o cnfLenc.o cnfLenf.o cnfMem.o oldnames.o
ranlib libcnf.a
touch libcnf.so
f() { ld -shared -soname $1 -o $1 $2;}; f libcnf.so '   cnfCopyf.o cnfCreat.o cnfCref.o cnfCrefa.o cnfCreib.o cnfCreim.o cnfCrela.o cnfExpch.o cnfExpla.o cnfExpn.o cnfExprt.o cnfExprta.o cnfExprtap.o cnfFreef.o cnfImpb.o cnfImpbn.o cnfImpch.o cnfImpla.o cnfImpn.o cnfImprt.o cnfImprta.o cnfImprtap.o cnfLenc.o cnfLenf.o cnfMem.o oldnames.o'
tar -xf cnf_source.tar cnf_dev
make[1]: Leaving directory `/apps/cvsbuild/BUILDTEST/cnf'

*** The CNF package has been built

