mk: Environment variables defined for ix86_Linux system
make -e install
make[1]: Entering directory `/apps/cvsbuild/BUILDTEST/ems'
for f in ems_link ems_link_adam ""; do \
           if test -n "$f"; then \
              cp -p $f /apps/cvsbuild/star/bin;\
              chmod 755 /apps/cvsbuild/star/bin/$f;\
              rm -f $f;\
              ln -s /apps/cvsbuild/star/bin/$f $f;\
           else :; fi;\
        done
for f in ems.h ems_err.h ems_par.h ems_err ems_par ""; do \
           if test -n "$f"; then \
              cp -p $f /apps/cvsbuild/star/include;\
              chmod 644 /apps/cvsbuild/star/include/$f;\
              rm -f $f;\
              ln -s /apps/cvsbuild/star/include/$f $f;\
           else :; fi;\
        done
for f in libems.a libemsf.a ""; do \
           if test -n "$f"; then \
              cp -p $f /apps/cvsbuild/star/lib;\
              chmod 644 /apps/cvsbuild/star/lib/$f;\
              rm -f $f;\
              ln -s /apps/cvsbuild/star/lib/$f $f;\
           else :; fi;\
        done
for f in libems.so libemsf.so ""; do \
           if test -n "$f" -a -s "$f"; then \
              cp -p $f /apps/cvsbuild/star/share;\
              chmod 755 /apps/cvsbuild/star/share/$f;\
              rm -f $f;\
              ln -s /apps/cvsbuild/star/share/$f $f;\
           else :; fi;\
        done
if test -n "ems_dev"; then \
           sed -e 's#LINK#ln -s#' -e s#INSTALL_INC#/apps/cvsbuild/star/include# \
              ems_dev >/apps/cvsbuild/star/bin/ems_dev ;\
           chmod 755 /apps/cvsbuild/star/bin/ems_dev ;\
        else :; fi
if test -n "fac_104_err"; then \
           cp -p fac_104_err /apps/cvsbuild/star/help;\
           chmod 644 /apps/cvsbuild/star/help/fac_104_err;\
           rm -f fac_104_err;\
           ln -s /apps/cvsbuild/star/help/fac_104_err fac_104_err;\
        else :; fi
for f in ssn4.tex ""; do \
           if test -n "$f"; then \
              cp -p $f /apps/cvsbuild/star/docs;\
              chmod 644 /apps/cvsbuild/star/docs/$f;\
           else :; fi;\
        done
if test -n "ssn4.htx"; then \
           pwd=`pwd`;\
           (cd /apps/cvsbuild/star/docs;\
           for f in ssn4.htx ""; do \
              if test -n "$f"; then\
                 tar -xf $pwd/${f}_tar;\
                 chmod 755 `find $f -type d -print`;\
                 chmod 644 `find $f ! -type d -print`;\
                 touch $f;\
              else :; fi;\
           done);\
           HTX_PATH='/apps/cvsbuild/star/docs:/apps/cvsbuild/star/help';\
           export HTX_PATH;\
           /apps/cvsbuild/star/bin/hlink /apps/cvsbuild/star/docs /apps/cvsbuild/star/help;\
        fi;
Updating index file for document: ssn4
1 hypertext document needs re-linking
   updating cross-references in document ssn4 (15 files to modify)...
   replacing original files with re-linked versions...
      ...document ssn4 linked
cp -p EMS_CONDITIONS /apps/cvsbuild/star/dates
chmod 444 /apps/cvsbuild/star/dates/EMS_CONDITIONS
cp -p ems_datestamp /apps/cvsbuild/star/dates
chmod 444 /apps/cvsbuild/star/dates/ems_datestamp
chmod 644 ems_datestamp
rm ems_datestamp
ln -s /apps/cvsbuild/star/dates/ems_datestamp ems_datestamp
make[1]: Leaving directory `/apps/cvsbuild/BUILDTEST/ems'

*** The EMS package has been installed in directory /apps/cvsbuild/star

