mk: Environment variables defined for ix86_Linux system
make -e build
make: *** Warning: File `makefile' has modification time in the future (2003-05-01 11:11:23 > 2002-10-10 04:00:33.510225)
make[1]: Entering directory `/apps/cvsbuild/BUILDTEST/ems'
make[1]: *** Warning: File `makefile' has modification time in the future (2003-05-01 11:11:23 > 2002-10-10 04:00:33.518519)
tar -xf ems_source.tar ems_link
tar -xf ems_source.tar ems_link_adam
tar -xf ems_source.tar ems.h
tar -xf ems_source.tar ems_err.h
tar -xf ems_source.tar ems_par.h
tar -xf ems_source.tar ems_err
tar -xf ems_source.tar ems_par
tar -xf ems_source.tar emsAnnul.c
tar -xf ems_source.tar ems_sys.h
tar -xf ems_source.tar ems1.h
gcc -I/apps/cvsbuild/star/include -I/apps/cvsbuild/star/include -O -c emsAnnul.c
tar -xf ems_source.tar emsBegin.c
tar -xf ems_source.tar ems_msgtb.h
gcc -I/apps/cvsbuild/star/include -I/apps/cvsbuild/star/include -O -c emsBegin.c
tar -xf ems_source.tar emsEload.c
gcc -I/apps/cvsbuild/star/include -I/apps/cvsbuild/star/include -O -c emsEload.c
tar -xf ems_source.tar emsEnd.c
gcc -I/apps/cvsbuild/star/include -I/apps/cvsbuild/star/include -O -c emsEnd.c
tar -xf ems_source.tar emsErrno.c
gcc -I/apps/cvsbuild/star/include -I/apps/cvsbuild/star/include -O -c emsErrno.c
tar -xf ems_source.tar emsExpnd.c
gcc -I/apps/cvsbuild/star/include -I/apps/cvsbuild/star/include -O -c emsExpnd.c
tar -xf ems_source.tar emsFacer.c
gcc -I/apps/cvsbuild/star/include -I/apps/cvsbuild/star/include -O -c emsFacer.c
tar -xf ems_source.tar emsLevel.c
gcc -I/apps/cvsbuild/star/include -I/apps/cvsbuild/star/include -O -c emsLevel.c
tar -xf ems_source.tar emsMark.c
gcc -I/apps/cvsbuild/star/include -I/apps/cvsbuild/star/include -O -c emsMark.c
tar -xf ems_source.tar emsMload.c
gcc -I/apps/cvsbuild/star/include -I/apps/cvsbuild/star/include -O -c emsMload.c
tar -xf ems_source.tar emsRenew.c
tar -xf ems_source.tar ems_toktb.h
gcc -I/apps/cvsbuild/star/include -I/apps/cvsbuild/star/include -O -c emsRenew.c
tar -xf ems_source.tar emsRep.c
tar: emsRep.c: time stamp 2003-03-05 14:51:42 is 12657068 s in the future
gcc -I/apps/cvsbuild/star/include -I/apps/cvsbuild/star/include -O -c emsRep.c
tar -xf ems_source.tar emsRlse.c
gcc -I/apps/cvsbuild/star/include -I/apps/cvsbuild/star/include -O -c emsRlse.c
tar -xf ems_source.tar emsSetc.c
gcc -I/apps/cvsbuild/star/include -I/apps/cvsbuild/star/include -O -c emsSetc.c
tar -xf ems_source.tar emsSetnc.c
gcc -I/apps/cvsbuild/star/include -I/apps/cvsbuild/star/include -O -c emsSetnc.c
tar -xf ems_source.tar emsSetd.c
gcc -I/apps/cvsbuild/star/include -I/apps/cvsbuild/star/include -O -c emsSetd.c
tar -xf ems_source.tar emsSeti.c
gcc -I/apps/cvsbuild/star/include -I/apps/cvsbuild/star/include -O -c emsSeti.c
tar -xf ems_source.tar emsSetl.c
gcc -I/apps/cvsbuild/star/include -I/apps/cvsbuild/star/include -O -c emsSetl.c
tar -xf ems_source.tar emsSetr.c
gcc -I/apps/cvsbuild/star/include -I/apps/cvsbuild/star/include -O -c emsSetr.c
tar -xf ems_source.tar emsStat.c
gcc -I/apps/cvsbuild/star/include -I/apps/cvsbuild/star/include -O -c emsStat.c
tar -xf ems_source.tar emsSyser.c
gcc -I/apps/cvsbuild/star/include -I/apps/cvsbuild/star/include -O -c emsSyser.c
tar -xf ems_source.tar emsTune.c
gcc -I/apps/cvsbuild/star/include -I/apps/cvsbuild/star/include -O -c emsTune.c
tar -xf ems_source.tar ems1Eblk.c
gcc -I/apps/cvsbuild/star/include -I/apps/cvsbuild/star/include -O -c ems1Eblk.c
tar -xf ems_source.tar ems1Emark.c
gcc -I/apps/cvsbuild/star/include -I/apps/cvsbuild/star/include -O -c ems1Emark.c
tar -xf ems_source.tar ems1Erlse.c
gcc -I/apps/cvsbuild/star/include -I/apps/cvsbuild/star/include -O -c ems1Erlse.c
tar -xf ems_source.tar ems1Estor.c
gcc -I/apps/cvsbuild/star/include -I/apps/cvsbuild/star/include -O -c ems1Estor.c
tar -xf ems_source.tar ems1Fcerr.c
gcc -I/apps/cvsbuild/star/include -I/apps/cvsbuild/star/include -O -c ems1Fcerr.c
tar -xf ems_source.tar ems1Flush.c
gcc -I/apps/cvsbuild/star/include -I/apps/cvsbuild/star/include -O -c ems1Flush.c
tar -xf ems_source.tar ems1Form.c
gcc -I/apps/cvsbuild/star/include -I/apps/cvsbuild/star/include -O -c ems1Form.c
tar -xf ems_source.tar ems1Gesc.c
gcc -I/apps/cvsbuild/star/include -I/apps/cvsbuild/star/include -O -c ems1Gesc.c
tar -xf ems_source.tar ems1Gnam.c
gcc -I/apps/cvsbuild/star/include -I/apps/cvsbuild/star/include -O -c ems1Gnam.c
tar -xf ems_source.tar ems1Gtok.c
gcc -I/apps/cvsbuild/star/include -I/apps/cvsbuild/star/include -O -c ems1Gtok.c
tar -xf ems_source.tar ems1Iepnd.c
gcc -I/apps/cvsbuild/star/include -I/apps/cvsbuild/star/include -O -c ems1Iepnd.c
tar -xf ems_source.tar ems1Kerr.c
gcc -I/apps/cvsbuild/star/include -I/apps/cvsbuild/star/include -O -c ems1Kerr.c
tar -xf ems_source.tar ems1Ktok.c
gcc -I/apps/cvsbuild/star/include -I/apps/cvsbuild/star/include -O -c ems1Ktok.c
tar -xf ems_source.tar ems1Mpop.c
gcc -I/apps/cvsbuild/star/include -I/apps/cvsbuild/star/include -O -c ems1Mpop.c
tar -xf ems_source.tar ems1Mpush.c
gcc -I/apps/cvsbuild/star/include -I/apps/cvsbuild/star/include -O -c ems1Mpush.c
tar -xf ems_source.tar ems1Prerr.c
gcc -I/apps/cvsbuild/star/include -I/apps/cvsbuild/star/include -O -c ems1Prerr.c
tar -xf ems_source.tar ems1Putc.c
gcc -I/apps/cvsbuild/star/include -I/apps/cvsbuild/star/include -O -c ems1Putc.c
tar -xf ems_source.tar ems1Rform.c
gcc -I/apps/cvsbuild/star/include -I/apps/cvsbuild/star/include -O -c ems1Rform.c
tar -xf ems_source.tar ems1Serr.c
tar: ems1Serr.c: time stamp 2003-04-30 17:22:55 is 17500940 s in the future
gcc -I/apps/cvsbuild/star/include -I/apps/cvsbuild/star/include -O -c ems1Serr.c
tar -xf ems_source.tar ems1Starf.c
gcc -I/apps/cvsbuild/star/include -I/apps/cvsbuild/star/include -O -c ems1Starf.c
tar -xf ems_source.tar ems1Stok.c
gcc -I/apps/cvsbuild/star/include -I/apps/cvsbuild/star/include -O -c ems1Stok.c
tar -xf ems_source.tar ems1Tblk.c
gcc -I/apps/cvsbuild/star/include -I/apps/cvsbuild/star/include -O -c ems1Tblk.c
ar r libems.a emsAnnul.o emsBegin.o emsEload.o emsEnd.o emsErrno.o emsExpnd.o emsFacer.o emsLevel.o emsMark.o emsMload.o emsRenew.o emsRep.o emsRlse.o emsSetc.o emsSetnc.o emsSetd.o emsSeti.o emsSetl.o emsSetr.o emsStat.o emsSyser.o emsTune.o ems1Eblk.o ems1Emark.o ems1Erlse.o ems1Estor.o ems1Fcerr.o ems1Flush.o ems1Form.o ems1Gesc.o ems1Gnam.o ems1Gtok.o ems1Iepnd.o ems1Kerr.o ems1Ktok.o ems1Mpop.o ems1Mpush.o ems1Prerr.o ems1Putc.o ems1Rform.o ems1Serr.o ems1Starf.o ems1Stok.o ems1Tblk.o
ranlib libems.a
tar -xf ems_source.tar ems_annul.c
gcc -I/apps/cvsbuild/star/include -I/apps/cvsbuild/star/include -O -c ems_annul.c
tar -xf ems_source.tar ems_begin.c
gcc -I/apps/cvsbuild/star/include -I/apps/cvsbuild/star/include -O -c ems_begin.c
tar -xf ems_source.tar ems_eload.c
gcc -I/apps/cvsbuild/star/include -I/apps/cvsbuild/star/include -O -c ems_eload.c
tar -xf ems_source.tar ems_end.c
gcc -I/apps/cvsbuild/star/include -I/apps/cvsbuild/star/include -O -c ems_end.c
tar -xf ems_source.tar ems_expnd.c
gcc -I/apps/cvsbuild/star/include -I/apps/cvsbuild/star/include -O -c ems_expnd.c
tar -xf ems_source.tar ems_facer.c
gcc -I/apps/cvsbuild/star/include -I/apps/cvsbuild/star/include -O -c ems_facer.c
tar -xf ems_source.tar ems_level.c
gcc -I/apps/cvsbuild/star/include -I/apps/cvsbuild/star/include -O -c ems_level.c
tar -xf ems_source.tar ems_mark.c
gcc -I/apps/cvsbuild/star/include -I/apps/cvsbuild/star/include -O -c ems_mark.c
tar -xf ems_source.tar ems_mload.c
gcc -I/apps/cvsbuild/star/include -I/apps/cvsbuild/star/include -O -c ems_mload.c
tar -xf ems_source.tar ems_renew.c
gcc -I/apps/cvsbuild/star/include -I/apps/cvsbuild/star/include -O -c ems_renew.c
tar -xf ems_source.tar ems_rep.c
gcc -I/apps/cvsbuild/star/include -I/apps/cvsbuild/star/include -O -c ems_rep.c
tar -xf ems_source.tar ems_rlse.c
gcc -I/apps/cvsbuild/star/include -I/apps/cvsbuild/star/include -O -c ems_rlse.c
tar -xf ems_source.tar ems_setc.c
tar: ems_setc.c: time stamp 2003-01-02 15:21:34 is 7302058 s in the future
gcc -I/apps/cvsbuild/star/include -I/apps/cvsbuild/star/include -O -c ems_setc.c
tar -xf ems_source.tar ems_setd.c
gcc -I/apps/cvsbuild/star/include -I/apps/cvsbuild/star/include -O -c ems_setd.c
tar -xf ems_source.tar ems_seti.c
gcc -I/apps/cvsbuild/star/include -I/apps/cvsbuild/star/include -O -c ems_seti.c
tar -xf ems_source.tar ems_setl.c
gcc -I/apps/cvsbuild/star/include -I/apps/cvsbuild/star/include -O -c ems_setl.c
tar -xf ems_source.tar ems_setr.c
gcc -I/apps/cvsbuild/star/include -I/apps/cvsbuild/star/include -O -c ems_setr.c
tar -xf ems_source.tar ems_stat.c
gcc -I/apps/cvsbuild/star/include -I/apps/cvsbuild/star/include -O -c ems_stat.c
tar -xf ems_source.tar ems_syser.c
gcc -I/apps/cvsbuild/star/include -I/apps/cvsbuild/star/include -O -c ems_syser.c
tar -xf ems_source.tar ems_tune.c
gcc -I/apps/cvsbuild/star/include -I/apps/cvsbuild/star/include -O -c ems_tune.c
tar -xf ems_source.tar ems_fioer.c_ix86_Linux
mv ems_fioer.c_ix86_Linux ems_fioer.c
gcc -I/apps/cvsbuild/star/include -I/apps/cvsbuild/star/include -O -c ems_fioer.c
ar r libemsf.a ems_annul.o ems_begin.o ems_eload.o ems_end.o ems_expnd.o ems_facer.o ems_level.o ems_mark.o ems_mload.o ems_renew.o ems_rep.o ems_rlse.o ems_setc.o ems_setd.o ems_seti.o ems_setl.o ems_setr.o ems_stat.o ems_syser.o ems_tune.o ems_fioer.o
ranlib libemsf.a
touch libems.so
f() { ld -shared -soname $1 -o $1 $2;}; f libems.so 'emsAnnul.o emsBegin.o emsEload.o emsEnd.o emsErrno.o emsExpnd.o emsFacer.o emsLevel.o emsMark.o emsMload.o emsRenew.o emsRep.o emsRlse.o emsSetc.o emsSetnc.o emsSetd.o emsSeti.o emsSetl.o emsSetr.o emsStat.o emsSyser.o emsTune.o ems1Eblk.o ems1Emark.o ems1Erlse.o ems1Estor.o ems1Fcerr.o ems1Flush.o ems1Form.o ems1Gesc.o ems1Gnam.o ems1Gtok.o ems1Iepnd.o ems1Kerr.o ems1Ktok.o ems1Mpop.o ems1Mpush.o ems1Prerr.o ems1Putc.o ems1Rform.o ems1Serr.o ems1Starf.o ems1Stok.o ems1Tblk.o ' '-L/apps/cvsbuild/star/lib'
touch libemsf.so
f() { ld -shared -soname $1 -o $1 $2;}; f libemsf.so 'ems_annul.o ems_begin.o ems_eload.o ems_end.o ems_expnd.o ems_facer.o ems_level.o ems_mark.o ems_mload.o ems_renew.o ems_rep.o ems_rlse.o ems_setc.o ems_setd.o ems_seti.o ems_setl.o ems_setr.o ems_stat.o ems_syser.o ems_tune.o  ems_fioer.o' '-L/apps/cvsbuild/star/lib'
tar -xf ems_source.tar ems_dev
tar -xf ems_source.tar fac_104_err
make[1]: warning:  Clock skew detected.  Your build may be incomplete.
make[1]: Leaving directory `/apps/cvsbuild/BUILDTEST/ems'

*** The EMS package has been built

make: warning:  Clock skew detected.  Your build may be incomplete.
