mk: Environment variables defined for ix86_Linux system
make -e build
make: *** Warning: File `makefile' has modification time in the future (2003-01-06 17:41:36 > 2002-10-10 04:02:10.327398)
make[1]: Entering directory `/apps/cvsbuild/BUILDTEST/err'
make[1]: *** Warning: File `makefile' has modification time in the future (2003-01-06 17:41:36 > 2002-10-10 04:02:10.340155)
tar -xf err_source.tar err_link
tar -xf err_source.tar err_link_adam
tar -xf err_source.tar err_err
tar -xf err_source.tar err_par
tar -xf err_source.tar msg_err
tar -xf err_source.tar msg_par
tar -xf err_source.tar err_err.h
tar -xf err_source.tar err_par.h
tar -xf err_source.tar msg_err.h
tar -xf err_source.tar msg_par.h
tar -xf err_source.tar merswrap.h
tar -xf err_source.tar mers.h
tar -xf err_source.tar msg1_blk.f
ln -s msg_par MSG_PAR
tar -xf err_source.tar msg_sys
ln -s msg_sys MSG_SYS
tar -xf err_source.tar msg_cmn
ln -s msg_cmn MSG_CMN
g77 -fno-second-underscore -O -c msg1_blk.f
tar -xf err_source.tar err1_blk.f
tar -xf err_source.tar err_sys
ln -s err_sys ERR_SYS
tar -xf err_source.tar err_cmn
ln -s err_cmn ERR_CMN
g77 -fno-second-underscore -O -c err1_blk.f
tar -xf err_source.tar err1_bell.f
ln -s /apps/cvsbuild/star/include/sae_par SAE_PAR
g77 -fno-second-underscore -O -c err1_bell.f
tar -xf err_source.tar err1_print.f
ln -s err_par ERR_PAR
g77 -fno-second-underscore -O -c err1_print.f
tar -xf err_source.tar err_annul.f
g77 -fno-second-underscore -O -c err_annul.f
tar -xf err_source.tar err_begin.f
g77 -fno-second-underscore -O -c err_begin.f
tar -xf err_source.tar err_end.f
g77 -fno-second-underscore -O -c err_end.f
tar -xf err_source.tar err_facer.f
g77 -fno-second-underscore -O -c err_facer.f
tar -xf err_source.tar err_fioer.f
g77 -fno-second-underscore -O -c err_fioer.f
tar -xf err_source.tar err_flbel.f
g77 -fno-second-underscore -O -c err_flbel.f
tar -xf err_source.tar err_flush.f
ln -s /apps/cvsbuild/star/include/ems_par EMS_PAR
ln -s /apps/cvsbuild/star/include/ems_err EMS_ERR
ln -s err_err ERR_ERR
g77 -fno-second-underscore -O -c err_flush.f
tar -xf err_source.tar err_level.f
g77 -fno-second-underscore -O -c err_level.f
tar -xf err_source.tar err_load.f
g77 -fno-second-underscore -O -c err_load.f
tar -xf err_source.tar err_mark.f
g77 -fno-second-underscore -O -c err_mark.f
tar -xf err_source.tar err_out.f
g77 -fno-second-underscore -O -c err_out.f
tar -xf err_source.tar err_rep.f
g77 -fno-second-underscore -O -c err_rep.f
tar -xf err_source.tar err_rlse.f
g77 -fno-second-underscore -O -c err_rlse.f
tar -xf err_source.tar err_stat.f
g77 -fno-second-underscore -O -c err_stat.f
tar -xf err_source.tar err_syser.f
g77 -fno-second-underscore -O -c err_syser.f
tar -xf err_source.tar err_tune.f
g77 -fno-second-underscore -O -c err_tune.f
tar -xf err_source.tar msg_blank.f
g77 -fno-second-underscore -O -c msg_blank.f
tar -xf err_source.tar msg_fmtc.f
g77 -fno-second-underscore -O -c msg_fmtc.f
tar -xf err_source.tar msg_fmtd.f
g77 -fno-second-underscore -O -c msg_fmtd.f
tar -xf err_source.tar msg_fmti.f
g77 -fno-second-underscore -O -c msg_fmti.f
tar -xf err_source.tar msg_fmtl.f
g77 -fno-second-underscore -O -c msg_fmtl.f
tar -xf err_source.tar msg_fmtr.f
g77 -fno-second-underscore -O -c msg_fmtr.f
tar -xf err_source.tar msg_iflev.f
g77 -fno-second-underscore -O -c msg_iflev.f
tar -xf err_source.tar msg_ifset.f
ln -s msg_err MSG_ERR
g77 -fno-second-underscore -O -c msg_ifset.f
tar -xf err_source.tar msg_load.f
g77 -fno-second-underscore -O -c msg_load.f
tar -xf err_source.tar msg_out.f
g77 -fno-second-underscore -O -c msg_out.f
tar -xf err_source.tar msg_outif.f
g77 -fno-second-underscore -O -c msg_outif.f
tar -xf err_source.tar msg_renew.f
g77 -fno-second-underscore -O -c msg_renew.f
tar -xf err_source.tar msg_setc.f
g77 -fno-second-underscore -O -c msg_setc.f
tar -xf err_source.tar msg_setd.f
g77 -fno-second-underscore -O -c msg_setd.f
tar -xf err_source.tar msg_seti.f
g77 -fno-second-underscore -O -c msg_seti.f
tar -xf err_source.tar msg_setl.f
g77 -fno-second-underscore -O -c msg_setl.f
tar -xf err_source.tar msg_setr.f
g77 -fno-second-underscore -O -c msg_setr.f
tar -xf err_source.tar msg_tune.f
g77 -fno-second-underscore -O -c msg_tune.f
tar -xf err_source.tar err.c
gcc -I/apps/cvsbuild/star/include -I/apps/cvsbuild/star/include -O -c err.c
ar r liberr.a msg1_blk.o err1_blk.o err1_bell.o err1_print.o err_annul.o err_begin.o err_end.o err_facer.o err_fioer.o err_flbel.o err_flush.o err_level.o err_load.o err_mark.o err_out.o err_rep.o err_rlse.o err_stat.o err_syser.o err_tune.o msg_blank.o msg_fmtc.o msg_fmtd.o msg_fmti.o msg_fmtl.o msg_fmtr.o msg_iflev.o msg_ifset.o msg_load.o msg_out.o msg_outif.o msg_renew.o msg_setc.o msg_setd.o msg_seti.o msg_setl.o msg_setr.o msg_tune.o err.o
ranlib liberr.a
tar -xf err_source.tar msg1_form_stand.f
g77 -fno-second-underscore -O -c msg1_form_stand.f
tar -xf err_source.tar msg_sync_stand.f
g77 -fno-second-underscore -O -c msg_sync_stand.f
tar -xf err_source.tar err1_prerr_stand.f
g77 -fno-second-underscore -O -c err1_prerr_stand.f
tar -xf err_source.tar msg1_print_stand.f
g77 -fno-second-underscore -O -c msg1_print_stand.f
tar -xf err_source.tar msg_bell_stand.f
g77 -fno-second-underscore -O -c msg_bell_stand.f
tar -xf err_source.tar err_stand.c
gcc -I/apps/cvsbuild/star/include -I/apps/cvsbuild/star/include -O -c err_stand.c
tar -xf err_source.tar msg1_gesc.f
g77 -fno-second-underscore -O -c msg1_gesc.f
tar -xf err_source.tar msg1_gnam.f
g77 -fno-second-underscore -O -c msg1_gnam.f
tar -xf err_source.tar msg1_putc.f
g77 -fno-second-underscore -O -c msg1_putc.f
tar -xf err_source.tar msg1_ktok.f
g77 -fno-second-underscore -O -c msg1_ktok.f
tar -xf err_source.tar msg1_rform.f
g77 -fno-second-underscore -O -c msg1_rform.f
ar r liberr_standalone.a msg1_form_stand.o msg_sync_stand.o err1_prerr_stand.o msg1_print_stand.o msg_bell_stand.o err_stand.o msg1_gesc.o msg1_gnam.o msg1_putc.o msg1_ktok.o msg1_rform.o
ranlib liberr_standalone.a
tar -xf err_source.tar err1_prerr_adam.f
g77 -fno-second-underscore -O -c err1_prerr_adam.f
tar -xf err_source.tar err_clear_adam.f
g77 -fno-second-underscore -O -c err_clear_adam.f
tar -xf err_source.tar err_start_adam.f
g77 -fno-second-underscore -O -c err_start_adam.f
tar -xf err_source.tar err_stop_adam.f
g77 -fno-second-underscore -O -c err_stop_adam.f
tar -xf err_source.tar msg1_form_adam.f
g77 -fno-second-underscore -O -c msg1_form_adam.f
tar -xf err_source.tar msg1_genv_adam.f
g77 -fno-second-underscore -O -c msg1_genv_adam.f
tar -xf err_source.tar msg1_gkey_adam.f
g77 -fno-second-underscore -O -c msg1_gkey_adam.f
tar -xf err_source.tar msg1_gref_adam.f
tar: msg1_gref_adam.f: time stamp 2003-01-06 17:32:55 is 7655443 s in the future
g77 -fno-second-underscore -O -c msg1_gref_adam.f
tar -xf err_source.tar msg1_print_adam.f
g77 -fno-second-underscore -O -c msg1_print_adam.f
tar -xf err_source.tar msg_bell_adam.f
g77 -fno-second-underscore -O -c msg_bell_adam.f
tar -xf err_source.tar msg_ifget_adam.f
g77 -fno-second-underscore -O -c msg_ifget_adam.f
tar -xf err_source.tar msg_sync_adam.f
g77 -fno-second-underscore -O -c msg_sync_adam.f
tar -xf err_source.tar err_adam.c
gcc -I/apps/cvsbuild/star/include -I/apps/cvsbuild/star/include -O -c err_adam.c
ar r liberr_adam.a err1_prerr_adam.o err_clear_adam.o err_start_adam.o err_stop_adam.o msg1_form_adam.o msg1_genv_adam.o msg1_gkey_adam.o msg1_gref_adam.o msg1_print_adam.o msg_bell_adam.o msg_ifget_adam.o msg_sync_adam.o err_adam.o msg1_gesc.o msg1_gnam.o msg1_putc.o msg1_ktok.o msg1_rform.o
ranlib liberr_adam.a
touch liberr.so
f() { ld -shared -soname $1 -o $1 $2;}; f liberr.so 'msg1_blk.o err1_blk.o err1_bell.o err1_print.o err_annul.o err_begin.o err_end.o err_facer.o err_fioer.o err_flbel.o err_flush.o err_level.o err_load.o err_mark.o err_out.o err_rep.o err_rlse.o err_stat.o err_syser.o err_tune.o msg_blank.o msg_fmtc.o msg_fmtd.o msg_fmti.o msg_fmtl.o msg_fmtr.o msg_iflev.o msg_ifset.o msg_load.o msg_out.o msg_outif.o msg_renew.o msg_setc.o msg_setd.o msg_seti.o msg_setl.o msg_setr.o msg_tune.o   err.o' 
touch liberr_standalone.so
f() { ld -shared -soname $1 -o $1 $2;}; f liberr_standalone.so 'msg1_form_stand.o msg_sync_stand.o err1_prerr_stand.o msg1_print_stand.o msg_bell_stand.o err_stand.o msg1_gesc.o msg1_gnam.o msg1_putc.o msg1_ktok.o msg1_rform.o' 
touch liberr_adam.so
f() { ld -shared -soname $1 -o $1 $2;}; f liberr_adam.so 'err1_prerr_adam.o err_clear_adam.o err_start_adam.o err_stop_adam.o msg1_form_adam.o msg1_genv_adam.o msg1_gkey_adam.o msg1_gref_adam.o msg1_print_adam.o msg_bell_adam.o msg_ifget_adam.o msg_sync_adam.o  err_adam.o msg1_gesc.o msg1_gnam.o msg1_putc.o msg1_ktok.o msg1_rform.o' 
tar -xf err_source.tar err_dev
tar -xf err_source.tar fac_102_err
tar -xf err_source.tar fac_103_err
make[1]: warning:  Clock skew detected.  Your build may be incomplete.
make[1]: Leaving directory `/apps/cvsbuild/BUILDTEST/err'

*** The MERS package has been built

make: warning:  Clock skew detected.  Your build may be incomplete.
