mk: Environment variables defined for ix86_Linux system
make -e install
make[1]: Entering directory `/apps/cvsbuild/BUILDTEST/hds'
for f in hds_link hds_link_adam ""; do \
           if test -n "$f"; then \
              cp -p $f /apps/cvsbuild/star/bin;\
              chmod 755 /apps/cvsbuild/star/bin/$f;\
              rm -f $f;\
              ln -s /apps/cvsbuild/star/bin/$f $f;\
           else :; fi;\
        done
for f in cmp_err dat_err dat_par dat_par.h ""; do \
           if test -n "$f"; then \
              cp -p $f /apps/cvsbuild/star/include;\
              chmod 644 /apps/cvsbuild/star/include/$f;\
              rm -f $f;\
              ln -s /apps/cvsbuild/star/include/$f $f;\
           else :; fi;\
        done
for f in libhds.a ""; do \
           if test -n "$f"; then \
              cp -p $f /apps/cvsbuild/star/lib;\
              chmod 644 /apps/cvsbuild/star/lib/$f;\
              rm -f $f;\
              ln -s /apps/cvsbuild/star/lib/$f $f;\
           else :; fi;\
        done
for f in libhds.so ""; do \
           if test -n "$f" -a -s "$f"; then \
              cp -p $f /apps/cvsbuild/star/share;\
              chmod 755 /apps/cvsbuild/star/share/$f;\
              rm -f $f;\
              ln -s /apps/cvsbuild/star/share/$f $f;\
           else :; fi;\
        done
if test -n "hds_dev"; then \
           sed -e 's#LINK#ln -s#' -e 's#INSTALL_INC#/apps/cvsbuild/star/include#' \
              hds_dev >/apps/cvsbuild/star/bin/hds_dev ;\
           chmod 755 /apps/cvsbuild/star/bin/hds_dev ;\
        else :; fi
for f in fac_200_err fac_230_err ""; do \
           if test -n "$f"; then \
              cp -p $f /apps/cvsbuild/star/help;\
              chmod 644 /apps/cvsbuild/star/help/$f;\
              rm -f $f;\
              ln -s /apps/cvsbuild/star/help/$f $f;\
           else :; fi;\
        done
for f in sun92.tex ""; do \
           if test -n "$f"; then \
              cp -p $f /apps/cvsbuild/star/docs;\
              chmod 644 /apps/cvsbuild/star/docs/$f;\
           else :; fi;\
        done
pwd=`pwd`;\
        (cd /apps/cvsbuild/star/docs;\
        for f in sun92.htx ""; do \
           if test -n "$f"; then \
              tar -xf $pwd/${f}_tar;\
              chmod 755 `find $f -type d -print`;\
              chmod 644 `find $f ! -type d -print`;\
              touch $f;\
           else :; fi;\
        done)
HTX_PATH='/apps/cvsbuild/star/docs:/apps/cvsbuild/star/help';\
        export HTX_PATH;\
        /apps/cvsbuild/star/bin/hlink /apps/cvsbuild/star/docs /apps/cvsbuild/star/help
Updating index file for document: sun92
3 hypertext documents need re-linking
   updating cross-references in document ssn4 (15 files to modify)...
   replacing original files with re-linked versions...
      ...document ssn4 linked
   updating cross-references in document sun209 (5 files to modify)...
   replacing original files with re-linked versions...
      ...document sun209 linked
   updating cross-references in document sun92 (12 files to modify)...
   replacing original files with re-linked versions...
      ...document sun92 linked
cp -p hds_datestamp /apps/cvsbuild/star/dates
chmod 444 /apps/cvsbuild/star/dates/hds_datestamp
chmod 644 hds_datestamp
rm hds_datestamp
ln -s /apps/cvsbuild/star/dates/hds_datestamp hds_datestamp
make[1]: Leaving directory `/apps/cvsbuild/BUILDTEST/hds'

*** The HDS package has been installed in directory /apps/cvsbuild/star

