mk: Environment variables defined for ix86_Linux system
make -e build
make[1]: Entering directory `/apps/cvsbuild/BUILDTEST/hds'
tar -xf hds_source.tar hds_link
tar -xf hds_source.tar hds_link_adam
tar -xf hds_source.tar cmp_err
tar -xf hds_source.tar dat_err
tar -xf hds_source.tar dat_par_f.c
tar -xf hds_source.tar hds1_feature.h
tar -xf hds_source.tar hds1.h
tar -xf hds_source.tar rec.h
tar -xf hds_source.tar dat1.h
ln -s /apps/cvsbuild/star/include/f77.h f77.h
gcc -O2 -fPIC -D_noalign -D_vfork -D_mmap dat_par_f.c -o dat_par_f
./dat_par_f >dat_par
rm -f dat_par_f
tar -xf hds_source.tar dat_par_h.c
gcc -O2 -fPIC -D_noalign -D_vfork -D_mmap dat_par_h.c -o dat_par_h
./dat_par_h >dat_par.h
rm -f dat_par_h
tar -xf hds_source.tar cmp_blk.f
tar -xf hds_source.tar cmp_cct
ln -s cmp_cct CMP_CCT
tar -xf hds_source.tar cmp_const
ln -s cmp_const CMP_CONST
ln -s dat_par DAT_PAR
ln -s /apps/cvsbuild/star/include/sae_par SAE_PAR
g77 -fno-second-underscore -O2 -fPIC -c cmp_blk.f
tar -xf hds_source.tar cmp_activ.f
g77 -fno-second-underscore -O2 -fPIC -c cmp_activ.f
tar -xf hds_source.tar cmp_deact.f
g77 -fno-second-underscore -O2 -fPIC -c cmp_deact.f
tar -xf hds_source.tar cmp_erdsn.f
g77 -fno-second-underscore -O2 -fPIC -c cmp_erdsn.f
tar -xf hds_source.tar cmp_get0x.f
g77 -fno-second-underscore -O2 -fPIC -c cmp_get0x.f
tar -xf hds_source.tar cmp_get1x.f
g77 -fno-second-underscore -O2 -fPIC -c cmp_get1x.f
tar -xf hds_source.tar cmp_getnx.f
g77 -fno-second-underscore -O2 -fPIC -c cmp_getnx.f
tar -xf hds_source.tar cmp_getvx.f
g77 -fno-second-underscore -O2 -fPIC -c cmp_getvx.f
tar -xf hds_source.tar cmp_len.f
g77 -fno-second-underscore -O2 -fPIC -c cmp_len.f
tar -xf hds_source.tar cmp_mapn.f
ln -s cmp_err CMP_ERR
g77 -fno-second-underscore -O2 -fPIC -c cmp_mapn.f
tar -xf hds_source.tar cmp_mapv.f
g77 -fno-second-underscore -O2 -fPIC -c cmp_mapv.f
tar -xf hds_source.tar cmp_mod.f
ln -s dat_err DAT_ERR
g77 -fno-second-underscore -O2 -fPIC -c cmp_mod.f
tar -xf hds_source.tar cmp_modc.f
g77 -fno-second-underscore -O2 -fPIC -c cmp_modc.f
tar -xf hds_source.tar cmp_prim.f
g77 -fno-second-underscore -O2 -fPIC -c cmp_prim.f
tar -xf hds_source.tar cmp_put0x.f
g77 -fno-second-underscore -O2 -fPIC -c cmp_put0x.f
tar -xf hds_source.tar cmp_put1x.f
g77 -fno-second-underscore -O2 -fPIC -c cmp_put1x.f
tar -xf hds_source.tar cmp_putnx.f
g77 -fno-second-underscore -O2 -fPIC -c cmp_putnx.f
tar -xf hds_source.tar cmp_putvx.f
g77 -fno-second-underscore -O2 -fPIC -c cmp_putvx.f
tar -xf hds_source.tar cmp_shape.f
g77 -fno-second-underscore -O2 -fPIC -c cmp_shape.f
tar -xf hds_source.tar cmp_size.f
g77 -fno-second-underscore -O2 -fPIC -c cmp_size.f
tar -xf hds_source.tar cmp_struc.f
g77 -fno-second-underscore -O2 -fPIC -c cmp_struc.f
tar -xf hds_source.tar cmp_type.f
g77 -fno-second-underscore -O2 -fPIC -c cmp_type.f
tar -xf hds_source.tar cmp_unmap.f
g77 -fno-second-underscore -O2 -fPIC -c cmp_unmap.f
tar -xf hds_source.tar dat_ccopy.f
g77 -fno-second-underscore -O2 -fPIC -c dat_ccopy.f
tar -xf hds_source.tar dat_cctyp.f
g77 -fno-second-underscore -O2 -fPIC -c dat_cctyp.f
tar -xf hds_source.tar dat_erdsc.f
ln -s /apps/cvsbuild/star/include/ems_par EMS_PAR
g77 -fno-second-underscore -O2 -fPIC -c dat_erdsc.f
tar -xf hds_source.tar dat_erdsn.f
g77 -fno-second-underscore -O2 -fPIC -c dat_erdsn.f
tar -xf hds_source.tar dat_ertxt.f
g77 -fno-second-underscore -O2 -fPIC -c dat_ertxt.f
tar -xf hds_source.tar dat_get0x.f
g77 -fno-second-underscore -O2 -fPIC -c dat_get0x.f
tar -xf hds_source.tar dat_get1x.f
g77 -fno-second-underscore -O2 -fPIC -c dat_get1x.f
tar -xf hds_source.tar dat_getnx.f
g77 -fno-second-underscore -O2 -fPIC -c dat_getnx.f
tar -xf hds_source.tar dat_getvx.f
g77 -fno-second-underscore -O2 -fPIC -c dat_getvx.f
tar -xf hds_source.tar dat_mapn.f
g77 -fno-second-underscore -O2 -fPIC -c dat_mapn.f
tar -xf hds_source.tar dat_mapv.f
g77 -fno-second-underscore -O2 -fPIC -c dat_mapv.f
tar -xf hds_source.tar dat_msg.f
tar -xf hds_source.tar dat1_sys
ln -s dat1_sys DAT1_SYS
g77 -fno-second-underscore -O2 -fPIC -c dat_msg.f
tar -xf hds_source.tar dat_new0.f
g77 -fno-second-underscore -O2 -fPIC -c dat_new0.f
tar -xf hds_source.tar dat_new0c.f
g77 -fno-second-underscore -O2 -fPIC -c dat_new0c.f
tar -xf hds_source.tar dat_new0x.f
g77 -fno-second-underscore -O2 -fPIC -c dat_new0x.f
tar -xf hds_source.tar dat_new1.f
g77 -fno-second-underscore -O2 -fPIC -c dat_new1.f
tar -xf hds_source.tar dat_new1c.f
g77 -fno-second-underscore -O2 -fPIC -c dat_new1c.f
tar -xf hds_source.tar dat_new1x.f
g77 -fno-second-underscore -O2 -fPIC -c dat_new1x.f
tar -xf hds_source.tar dat_newc.f
g77 -fno-second-underscore -O2 -fPIC -c dat_newc.f
tar -xf hds_source.tar dat_prec.f
g77 -fno-second-underscore -O2 -fPIC -c dat_prec.f
tar -xf hds_source.tar dat_put0x.f
g77 -fno-second-underscore -O2 -fPIC -c dat_put0x.f
tar -xf hds_source.tar dat_put1x.f
g77 -fno-second-underscore -O2 -fPIC -c dat_put1x.f
tar -xf hds_source.tar dat_putnx.f
g77 -fno-second-underscore -O2 -fPIC -c dat_putnx.f
tar -xf hds_source.tar dat_putvx.f
g77 -fno-second-underscore -O2 -fPIC -c dat_putvx.f
tar -xf hds_source.tar dat_rcera.f
g77 -fno-second-underscore -O2 -fPIC -c dat_rcera.f
tar -xf hds_source.tar dat_rcopy.f
g77 -fno-second-underscore -O2 -fPIC -c dat_rcopy.f
tar -xf hds_source.tar dat_ref.f
g77 -fno-second-underscore -O2 -fPIC -c dat_ref.f
tar -xf hds_source.tar dat_tune.f
g77 -fno-second-underscore -O2 -fPIC -c dat_tune.f
tar -xf hds_source.tar dat1_alloc_lcp.c
ln -s /apps/cvsbuild/star/include/ems.h ems.h
tar -xf hds_source.tar dat_err.h
gcc -O2 -fPIC -D_noalign -D_vfork -D_mmap -c dat1_alloc_lcp.c
tar -xf hds_source.tar dat1_annul_lcp.c
tar -xf hds_source.tar rec1.h
gcc -O2 -fPIC -D_noalign -D_vfork -D_mmap -c dat1_annul_lcp.c
tar -xf hds_source.tar dat1_check_mode.c
gcc -O2 -fPIC -D_noalign -D_vfork -D_mmap -c dat1_check_mode.c
tar -xf hds_source.tar dat1_check_type.c
gcc -O2 -fPIC -D_noalign -D_vfork -D_mmap -c dat1_check_type.c
tar -xf hds_source.tar dat1_cvt_format.c
gcc -O2 -fPIC -D_noalign -D_vfork -D_mmap -c dat1_cvt_format.c
tar -xf hds_source.tar dat1_cvt_order.c
tar -xf hds_source.tar str.h
gcc -O2 -fPIC -D_noalign -D_vfork -D_mmap -c dat1_cvt_order.c
tar -xf hds_source.tar dat1_decoy.c
gcc -O2 -fPIC -D_noalign -D_vfork -D_mmap -c dat1_decoy.c
tar -xf hds_source.tar dat1_get_ncomp.c
gcc -O2 -fPIC -D_noalign -D_vfork -D_mmap -c dat1_get_ncomp.c
tar -xf hds_source.tar dat1_get_odl.c
gcc -O2 -fPIC -D_noalign -D_vfork -D_mmap -c dat1_get_odl.c
tar -xf hds_source.tar dat1_getenv.c
gcc -O2 -fPIC -D_noalign -D_vfork -D_mmap -c dat1_getenv.c
tar -xf hds_source.tar dat1_import_loc.c
gcc -O2 -fPIC -D_noalign -D_vfork -D_mmap -c dat1_import_loc.c
tar -xf hds_source.tar dat1_init.c
ln -s /apps/cvsbuild/star/include/ems_par.h ems_par.h
gcc -O2 -fPIC -D_noalign -D_vfork -D_mmap -c dat1_init.c
tar -xf hds_source.tar dat1_init_ndr.c
gcc -O2 -fPIC -D_noalign -D_vfork -D_mmap -c dat1_init_ndr.c
tar -xf hds_source.tar dat1_intune.c
gcc -O2 -fPIC -D_noalign -D_vfork -D_mmap -c dat1_intune.c
tar -xf hds_source.tar dat1_locate_name.c
gcc -O2 -fPIC -D_noalign -D_vfork -D_mmap -c dat1_locate_name.c
tar -xf hds_source.tar dat1_pack_crv.c
gcc -O2 -fPIC -D_noalign -D_vfork -D_mmap -c dat1_pack_crv.c
tar -xf hds_source.tar dat1_pack_odl.c
gcc -O2 -fPIC -D_noalign -D_vfork -D_mmap -c dat1_pack_odl.c
tar -xf hds_source.tar dat1_pack_srv.c
gcc -O2 -fPIC -D_noalign -D_vfork -D_mmap -c dat1_pack_srv.c
tar -xf hds_source.tar dat1_put_ncomp.c
gcc -O2 -fPIC -D_noalign -D_vfork -D_mmap -c dat1_put_ncomp.c
tar -xf hds_source.tar dat1_put_odl.c
gcc -O2 -fPIC -D_noalign -D_vfork -D_mmap -c dat1_put_odl.c
tar -xf hds_source.tar dat1_show_ndr.c
gcc -O2 -fPIC -D_noalign -D_vfork -D_mmap -c dat1_show_ndr.c
tar -xf hds_source.tar dat1_unpack_crv.c
gcc -O2 -fPIC -D_noalign -D_vfork -D_mmap -c dat1_unpack_crv.c
tar -xf hds_source.tar dat1_unpack_odl.c
gcc -O2 -fPIC -D_noalign -D_vfork -D_mmap -c dat1_unpack_odl.c
tar -xf hds_source.tar dat1_unpack_srv.c
gcc -O2 -fPIC -D_noalign -D_vfork -D_mmap -c dat1_unpack_srv.c
tar -xf hds_source.tar dat1_unpack_type.c
gcc -O2 -fPIC -D_noalign -D_vfork -D_mmap -c dat1_unpack_type.c
tar -xf hds_source.tar dat_clen.c
gcc -O2 -fPIC -D_noalign -D_vfork -D_mmap -c dat_clen.c
tar -xf hds_source.tar dat_copy.c
gcc -O2 -fPIC -D_noalign -D_vfork -D_mmap -c dat_copy.c
tar -xf hds_source.tar dat_drep.c
gcc -O2 -fPIC -D_noalign -D_vfork -D_mmap -c dat_drep.c
tar -xf hds_source.tar dat_ermsg.c
gcc -O2 -fPIC -D_noalign -D_vfork -D_mmap -c dat_ermsg.c
tar -xf hds_source.tar dat_paren.c
ln -s /apps/cvsbuild/star/include/cnf.h cnf.h
gcc -O2 -fPIC -D_noalign -D_vfork -D_mmap -c dat_paren.c
tar -xf hds_source.tar dat_prmry.c
gcc -O2 -fPIC -D_noalign -D_vfork -D_mmap -c dat_prmry.c
tar -xf hds_source.tar dat_refct.c
gcc -O2 -fPIC -D_noalign -D_vfork -D_mmap -c dat_refct.c
tar -xf hds_source.tar dat_where.c
gcc -O2 -fPIC -D_noalign -D_vfork -D_mmap -c dat_where.c
tar -xf hds_source.tar datalter.c
gcc -O2 -fPIC -D_noalign -D_vfork -D_mmap -c datalter.c
tar -xf hds_source.tar datannul.c
gcc -O2 -fPIC -D_noalign -D_vfork -D_mmap -c datannul.c
tar -xf hds_source.tar daterase.c
gcc -O2 -fPIC -D_noalign -D_vfork -D_mmap -c daterase.c
tar -xf hds_source.tar datfinind.c
gcc -O2 -fPIC -D_noalign -D_vfork -D_mmap -c datfinind.c
tar -xf hds_source.tar datget.c
gcc -O2 -fPIC -D_noalign -D_vfork -D_mmap -c datget.c
tar -xf hds_source.tar datinq.c
gcc -O2 -fPIC -D_noalign -D_vfork -D_mmap -c datinq.c
tar -xf hds_source.tar datlocops.c
gcc -O2 -fPIC -D_noalign -D_vfork -D_mmap -c datlocops.c
tar -xf hds_source.tar datmap.c
gcc -O2 -fPIC -D_noalign -D_vfork -D_mmap -c datmap.c
tar -xf hds_source.tar datmove.c
gcc -O2 -fPIC -D_noalign -D_vfork -D_mmap -c datmove.c
tar -xf hds_source.tar datnew.c
gcc -O2 -fPIC -D_noalign -D_vfork -D_mmap -c datnew.c
tar -xf hds_source.tar datput.c
gcc -O2 -fPIC -D_noalign -D_vfork -D_mmap -c datput.c
tar -xf hds_source.tar dattemp.c
gcc -O2 -fPIC -D_noalign -D_vfork -D_mmap -c dattemp.c
tar -xf hds_source.tar daucheck.c
gcc -O2 -fPIC -D_noalign -D_vfork -D_mmap -c daucheck.c
tar -xf hds_source.tar daucnv.c
gcc -O2 -fPIC -D_noalign -D_vfork -D_mmap -c daucnv.c
tar -xf hds_source.tar daucopy.c
gcc -O2 -fPIC -D_noalign -D_vfork -D_mmap -c daucopy.c
tar -xf hds_source.tar dauflush.c
gcc -O2 -fPIC -D_noalign -D_vfork -D_mmap -c dauflush.c
tar -xf hds_source.tar dauloc.c
gcc -O2 -fPIC -D_noalign -D_vfork -D_mmap -c dauloc.c
tar -xf hds_source.tar daumove.c
gcc -O2 -fPIC -D_noalign -D_vfork -D_mmap -c daumove.c
tar -xf hds_source.tar dauscatgath.c
gcc -O2 -fPIC -D_noalign -D_vfork -D_mmap -c dauscatgath.c
tar -xf hds_source.tar daushape.c
gcc -O2 -fPIC -D_noalign -D_vfork -D_mmap -c daushape.c
tar -xf hds_source.tar dautypes.c
gcc -O2 -fPIC -D_noalign -D_vfork -D_mmap -c dautypes.c
tar -xf hds_source.tar hds1_exit.c
gcc -O2 -fPIC -D_noalign -D_vfork -D_mmap -c hds1_exit.c
tar -xf hds_source.tar hds_copy.c
gcc -O2 -fPIC -D_noalign -D_vfork -D_mmap -c hds_copy.c
tar -xf hds_source.tar hds_ewild.c
gcc -O2 -fPIC -D_noalign -D_vfork -D_mmap -c hds_ewild.c
tar -xf hds_source.tar hds_globals.c
gcc -O2 -fPIC -D_noalign -D_vfork -D_mmap -c hds_globals.c
tar -xf hds_source.tar hds_gtune.c
gcc -O2 -fPIC -D_noalign -D_vfork -D_mmap -c hds_gtune.c
tar -xf hds_source.tar hds_run.c
gcc -O2 -fPIC -D_noalign -D_vfork -D_mmap -c hds_run.c
tar -xf hds_source.tar hds_start.c
gcc -O2 -fPIC -D_noalign -D_vfork -D_mmap -c hds_start.c
tar -xf hds_source.tar hds_state.c
gcc -O2 -fPIC -D_noalign -D_vfork -D_mmap -c hds_state.c
tar -xf hds_source.tar hds_stop.c
gcc -O2 -fPIC -D_noalign -D_vfork -D_mmap -c hds_stop.c
tar -xf hds_source.tar hds_tune.c
gcc -O2 -fPIC -D_noalign -D_vfork -D_mmap -c hds_tune.c
tar -xf hds_source.tar hds_wild.c
gcc -O2 -fPIC -D_noalign -D_vfork -D_mmap -c hds_wild.c
tar -xf hds_source.tar hdserase.c
gcc -O2 -fPIC -D_noalign -D_vfork -D_mmap -c hdserase.c
tar -xf hds_source.tar hdsgroup.c
gcc -O2 -fPIC -D_noalign -D_vfork -D_mmap -c hdsgroup.c
tar -xf hds_source.tar hdslock.c
gcc -O2 -fPIC -D_noalign -D_vfork -D_mmap -c hdslock.c
tar -xf hds_source.tar hdsnew.c
gcc -O2 -fPIC -D_noalign -D_vfork -D_mmap -c hdsnew.c
tar -xf hds_source.tar hdsnull.c
gcc -O2 -fPIC -D_noalign -D_vfork -D_mmap -c hdsnull.c
tar -xf hds_source.tar hdsopclos.c
gcc -O2 -fPIC -D_noalign -D_vfork -D_mmap -c hdsopclos.c
tar -xf hds_source.tar hdstools.c
gcc -O2 -fPIC -D_noalign -D_vfork -D_mmap -c hdstools.c
tar -xf hds_source.tar rec1_alloc_frame.c
gcc -O2 -fPIC -D_noalign -D_vfork -D_mmap -c rec1_alloc_frame.c
tar -xf hds_source.tar rec1_clear_cbm.c
gcc -O2 -fPIC -D_noalign -D_vfork -D_mmap -c rec1_clear_cbm.c
tar -xf hds_source.tar rec1_close_file.c
gcc -O2 -fPIC -D_noalign -D_vfork -D_mmap -c rec1_close_file.c
tar -xf hds_source.tar rec1_close_slot.c
gcc -O2 -fPIC -D_noalign -D_vfork -D_mmap -c rec1_close_slot.c
tar -xf hds_source.tar rec1_create_file.c
gcc -O2 -fPIC -D_noalign -D_vfork -D_mmap -c rec1_create_file.c
tar -xf hds_source.tar rec1_deall_frame.c
gcc -O2 -fPIC -D_noalign -D_vfork -D_mmap -c rec1_deall_frame.c
tar -xf hds_source.tar rec1_extend_file.c
gcc -O2 -fPIC -D_noalign -D_vfork -D_mmap -c rec1_extend_file.c
tar -xf hds_source.tar rec1_extend_frame.c
gcc -O2 -fPIC -D_noalign -D_vfork -D_mmap -c rec1_extend_frame.c
tar -xf hds_source.tar rec1_find_file.c
gcc -O2 -fPIC -D_noalign -D_vfork -D_mmap -c rec1_find_file.c
tar -xf hds_source.tar rec1_flush_block.c
gcc -O2 -fPIC -D_noalign -D_vfork -D_mmap -c rec1_flush_block.c
tar -xf hds_source.tar rec1_fmsg.c
gcc -O2 -fPIC -D_noalign -D_vfork -D_mmap -c rec1_fmsg.c
tar -xf hds_source.tar rec1_get_fid.c
gcc -O2 -fPIC -D_noalign -D_vfork -D_mmap -c rec1_get_fid.c
tar -xf hds_source.tar rec1_get_path.c
gcc -O2 -fPIC -D_noalign -D_vfork -D_mmap -c rec1_get_path.c
tar -xf hds_source.tar rec1_getcwd.c
gcc -O2 -fPIC -D_noalign -D_vfork -D_mmap -c rec1_getcwd.c
tar -xf hds_source.tar rec1_locate_hcb.c
gcc -O2 -fPIC -D_noalign -D_vfork -D_mmap -c rec1_locate_hcb.c
tar -xf hds_source.tar rec1_lock_slot.c
gcc -O2 -fPIC -D_noalign -D_vfork -D_mmap -c rec1_lock_slot.c
tar -xf hds_source.tar rec1_map_frame.c
gcc -O2 -fPIC -D_noalign -D_vfork -D_mmap -c rec1_map_frame.c
tar -xf hds_source.tar rec1_open_file.c
gcc -O2 -fPIC -D_noalign -D_vfork -D_mmap -c rec1_open_file.c
tar -xf hds_source.tar rec1_pack_chain.c
gcc -O2 -fPIC -D_noalign -D_vfork -D_mmap -c rec1_pack_chain.c
tar -xf hds_source.tar rec1_pack_hcb.c
gcc -O2 -fPIC -D_noalign -D_vfork -D_mmap -c rec1_pack_hcb.c
tar -xf hds_source.tar rec1_pack_ncomp.c
gcc -O2 -fPIC -D_noalign -D_vfork -D_mmap -c rec1_pack_ncomp.c
tar -xf hds_source.tar rec1_pack_rcl.c
gcc -O2 -fPIC -D_noalign -D_vfork -D_mmap -c rec1_pack_rcl.c
tar -xf hds_source.tar rec1_read_file.c
gcc -O2 -fPIC -D_noalign -D_vfork -D_mmap -c rec1_read_file.c
tar -xf hds_source.tar rec1_save_addr.c
gcc -O2 -fPIC -D_noalign -D_vfork -D_mmap -c rec1_save_addr.c
tar -xf hds_source.tar rec1_scan_cbm.c
gcc -O2 -fPIC -D_noalign -D_vfork -D_mmap -c rec1_scan_cbm.c
tar -xf hds_source.tar rec1_set_cbm.c
gcc -O2 -fPIC -D_noalign -D_vfork -D_mmap -c rec1_set_cbm.c
tar -xf hds_source.tar rec1_shell.c
gcc -O2 -fPIC -D_noalign -D_vfork -D_mmap -c rec1_shell.c
tar -xf hds_source.tar rec1_test_cbm.c
gcc -O2 -fPIC -D_noalign -D_vfork -D_mmap -c rec1_test_cbm.c
tar -xf hds_source.tar rec1_unlock_slot.c
gcc -O2 -fPIC -D_noalign -D_vfork -D_mmap -c rec1_unlock_slot.c
tar -xf hds_source.tar rec1_unmap_frame.c
gcc -O2 -fPIC -D_noalign -D_vfork -D_mmap -c rec1_unmap_frame.c
tar -xf hds_source.tar rec1_unpack_chain.c
gcc -O2 -fPIC -D_noalign -D_vfork -D_mmap -c rec1_unpack_chain.c
tar -xf hds_source.tar rec1_unpack_hcb.c
gcc -O2 -fPIC -D_noalign -D_vfork -D_mmap -c rec1_unpack_hcb.c
tar -xf hds_source.tar rec1_unpack_ncomp.c
gcc -O2 -fPIC -D_noalign -D_vfork -D_mmap -c rec1_unpack_ncomp.c
tar -xf hds_source.tar rec1_unpack_rcl.c
gcc -O2 -fPIC -D_noalign -D_vfork -D_mmap -c rec1_unpack_rcl.c
tar -xf hds_source.tar rec1_update_free.c
gcc -O2 -fPIC -D_noalign -D_vfork -D_mmap -c rec1_update_free.c
tar -xf hds_source.tar rec1_write_file.c
gcc -O2 -fPIC -D_noalign -D_vfork -D_mmap -c rec1_write_file.c
tar -xf hds_source.tar rec_adopt_record.c
gcc -O2 -fPIC -D_noalign -D_vfork -D_mmap -c rec_adopt_record.c
tar -xf hds_source.tar rec_alloc_mem.c
gcc -O2 -fPIC -D_noalign -D_vfork -D_mmap -c rec_alloc_mem.c
tar -xf hds_source.tar rec_alloc_xmem.c
gcc -O2 -fPIC -D_noalign -D_vfork -D_mmap -c rec_alloc_xmem.c
tar -xf hds_source.tar rec_attach_file.c
gcc -O2 -fPIC -D_noalign -D_vfork -D_mmap -c rec_attach_file.c
tar -xf hds_source.tar rec_close_file.c
gcc -O2 -fPIC -D_noalign -D_vfork -D_mmap -c rec_close_file.c
tar -xf hds_source.tar rec_create_record.c
gcc -O2 -fPIC -D_noalign -D_vfork -D_mmap -c rec_create_record.c
tar -xf hds_source.tar rec_deall_mem.c
gcc -O2 -fPIC -D_noalign -D_vfork -D_mmap -c rec_deall_mem.c
tar -xf hds_source.tar rec_deall_xmem.c
gcc -O2 -fPIC -D_noalign -D_vfork -D_mmap -c rec_deall_xmem.c
tar -xf hds_source.tar rec_delete_record.c
gcc -O2 -fPIC -D_noalign -D_vfork -D_mmap -c rec_delete_record.c
tar -xf hds_source.tar rec_end_wild.c
gcc -O2 -fPIC -D_noalign -D_vfork -D_mmap -c rec_end_wild.c
tar -xf hds_source.tar rec_extend_record.c
gcc -O2 -fPIC -D_noalign -D_vfork -D_mmap -c rec_extend_record.c
tar -xf hds_source.tar rec_get_handle.c
gcc -O2 -fPIC -D_noalign -D_vfork -D_mmap -c rec_get_handle.c
tar -xf hds_source.tar rec_get_rcl.c
gcc -O2 -fPIC -D_noalign -D_vfork -D_mmap -c rec_get_rcl.c
tar -xf hds_source.tar rec_get_rid.c
gcc -O2 -fPIC -D_noalign -D_vfork -D_mmap -c rec_get_rid.c
tar -xf hds_source.tar rec_list_files.c
gcc -O2 -fPIC -D_noalign -D_vfork -D_mmap -c rec_list_files.c
tar -xf hds_source.tar rec_locate_block.c
gcc -O2 -fPIC -D_noalign -D_vfork -D_mmap -c rec_locate_block.c
tar -xf hds_source.tar rec_locate_data.c
gcc -O2 -fPIC -D_noalign -D_vfork -D_mmap -c rec_locate_data.c
tar -xf hds_source.tar rec_locate_fns.c
gcc -O2 -fPIC -D_noalign -D_vfork -D_mmap -c rec_locate_fns.c
tar -xf hds_source.tar rec_lock.c
gcc -O2 -fPIC -D_noalign -D_vfork -D_mmap -c rec_lock.c
tar -xf hds_source.tar rec_mark_delete.c
gcc -O2 -fPIC -D_noalign -D_vfork -D_mmap -c rec_mark_delete.c
tar -xf hds_source.tar rec_reall_mem.c
gcc -O2 -fPIC -D_noalign -D_vfork -D_mmap -c rec_reall_mem.c
tar -xf hds_source.tar rec_refcnt.c
gcc -O2 -fPIC -D_noalign -D_vfork -D_mmap -c rec_refcnt.c
tar -xf hds_source.tar rec_release_block.c
gcc -O2 -fPIC -D_noalign -D_vfork -D_mmap -c rec_release_block.c
tar -xf hds_source.tar rec_release_data.c
gcc -O2 -fPIC -D_noalign -D_vfork -D_mmap -c rec_release_data.c
tar -xf hds_source.tar rec_reset_record.c
gcc -O2 -fPIC -D_noalign -D_vfork -D_mmap -c rec_reset_record.c
tar -xf hds_source.tar rec_same_file.c
gcc -O2 -fPIC -D_noalign -D_vfork -D_mmap -c rec_same_file.c
tar -xf hds_source.tar rec_shrink_record.c
gcc -O2 -fPIC -D_noalign -D_vfork -D_mmap -c rec_shrink_record.c
tar -xf hds_source.tar rec_start.c
gcc -O2 -fPIC -D_noalign -D_vfork -D_mmap -c rec_start.c
tar -xf hds_source.tar rec_stop.c
gcc -O2 -fPIC -D_noalign -D_vfork -D_mmap -c rec_stop.c
tar -xf hds_source.tar rec_unlock.c
gcc -O2 -fPIC -D_noalign -D_vfork -D_mmap -c rec_unlock.c
tar -xf hds_source.tar rec_where.c
gcc -O2 -fPIC -D_noalign -D_vfork -D_mmap -c rec_where.c
tar -xf hds_source.tar rec_wild_file.c
gcc -O2 -fPIC -D_noalign -D_vfork -D_mmap -c rec_wild_file.c
tar -xf hds_source.tar rtl_fixups.c
gcc -O2 -fPIC -D_noalign -D_vfork -D_mmap -c rtl_fixups.c
ar r libhds.a cmp_blk.o cmp_activ.o cmp_deact.o cmp_erdsn.o cmp_get0x.o cmp_get1x.o cmp_getnx.o cmp_getvx.o cmp_len.o cmp_mapn.o cmp_mapv.o cmp_mod.o cmp_modc.o cmp_prim.o cmp_put0x.o cmp_put1x.o cmp_putnx.o cmp_putvx.o cmp_shape.o cmp_size.o cmp_struc.o cmp_type.o cmp_unmap.o dat_ccopy.o dat_cctyp.o dat_erdsc.o dat_erdsn.o dat_ertxt.o dat_get0x.o dat_get1x.o dat_getnx.o dat_getvx.o dat_mapn.o dat_mapv.o dat_msg.o dat_new0.o dat_new0c.o dat_new0x.o dat_new1.o dat_new1c.o dat_new1x.o dat_newc.o dat_prec.o dat_put0x.o dat_put1x.o dat_putnx.o dat_putvx.o dat_rcera.o dat_rcopy.o dat_ref.o dat_tune.o dat1_alloc_lcp.o dat1_annul_lcp.o dat1_check_mode.o dat1_check_type.o dat1_cvt_format.o dat1_cvt_order.o dat1_decoy.o dat1_get_ncomp.o dat1_get_odl.o dat1_getenv.o dat1_import_loc.o dat1_init.o dat1_init_ndr.o dat1_intune.o dat1_locate_name.o dat1_pack_crv.o dat1_pack_odl.o dat1_pack_srv.o dat1_put_ncomp.o dat1_put_odl.o dat1_show_ndr.o dat1_unpack_crv.o dat1_unpack_odl.o dat1_unpack_srv.o dat1_unpack_type.o dat_clen.o dat_copy.o dat_drep.o dat_ermsg.o dat_paren.o dat_prmry.o dat_refct.o dat_where.o datalter.o datannul.o daterase.o datfinind.o datget.o datinq.o datlocops.o datmap.o datmove.o datnew.o datput.o dattemp.o daucheck.o daucnv.o daucopy.o dauflush.o dauloc.o daumove.o dauscatgath.o daushape.o dautypes.o hds1_exit.o hds_copy.o hds_ewild.o hds_globals.o hds_gtune.o hds_run.o hds_start.o hds_state.o hds_stop.o hds_tune.o hds_wild.o hdserase.o hdsgroup.o hdslock.o hdsnew.o hdsnull.o hdsopclos.o hdstools.o rec1_alloc_frame.o rec1_clear_cbm.o rec1_close_file.o rec1_close_slot.o rec1_create_file.o rec1_deall_frame.o rec1_extend_file.o rec1_extend_frame.o rec1_find_file.o rec1_flush_block.o rec1_fmsg.o rec1_get_fid.o rec1_get_path.o rec1_getcwd.o rec1_locate_hcb.o rec1_lock_slot.o rec1_map_frame.o rec1_open_file.o rec1_pack_chain.o rec1_pack_hcb.o rec1_pack_ncomp.o rec1_pack_rcl.o rec1_read_file.o rec1_save_addr.o rec1_scan_cbm.o rec1_set_cbm.o rec1_shell.o rec1_test_cbm.o rec1_unlock_slot.o rec1_unmap_frame.o rec1_unpack_chain.o rec1_unpack_hcb.o rec1_unpack_ncomp.o rec1_unpack_rcl.o rec1_update_free.o rec1_write_file.o rec_adopt_record.o rec_alloc_mem.o rec_alloc_xmem.o rec_attach_file.o rec_close_file.o rec_create_record.o rec_deall_mem.o rec_deall_xmem.o rec_delete_record.o rec_end_wild.o rec_extend_record.o rec_get_handle.o rec_get_rcl.o rec_get_rid.o rec_list_files.o rec_locate_block.o rec_locate_data.o rec_locate_fns.o rec_lock.o rec_mark_delete.o rec_reall_mem.o rec_refcnt.o rec_release_block.o rec_release_data.o rec_reset_record.o rec_same_file.o rec_shrink_record.o rec_start.o rec_stop.o rec_unlock.o rec_where.o rec_wild_file.o rtl_fixups.o
ranlib libhds.a
touch libhds.so
f() { ld -shared -soname $1 -o $1 $2;}; f libhds.so 'cmp_blk.o cmp_activ.o cmp_deact.o cmp_erdsn.o cmp_get0x.o cmp_get1x.o cmp_getnx.o cmp_getvx.o cmp_len.o cmp_mapn.o cmp_mapv.o cmp_mod.o cmp_modc.o cmp_prim.o cmp_put0x.o cmp_put1x.o cmp_putnx.o cmp_putvx.o cmp_shape.o cmp_size.o cmp_struc.o cmp_type.o cmp_unmap.o dat_ccopy.o dat_cctyp.o dat_erdsc.o dat_erdsn.o dat_ertxt.o dat_get0x.o dat_get1x.o dat_getnx.o dat_getvx.o dat_mapn.o dat_mapv.o dat_msg.o dat_new0.o dat_new0c.o dat_new0x.o dat_new1.o dat_new1c.o dat_new1x.o dat_newc.o dat_prec.o dat_put0x.o dat_put1x.o dat_putnx.o dat_putvx.o dat_rcera.o dat_rcopy.o dat_ref.o dat_tune.o  dat1_alloc_lcp.o dat1_annul_lcp.o dat1_check_mode.o dat1_check_type.o dat1_cvt_format.o dat1_cvt_order.o dat1_decoy.o dat1_get_ncomp.o dat1_get_odl.o dat1_getenv.o dat1_import_loc.o dat1_init.o dat1_init_ndr.o dat1_intune.o dat1_locate_name.o dat1_pack_crv.o dat1_pack_odl.o dat1_pack_srv.o dat1_put_ncomp.o dat1_put_odl.o dat1_show_ndr.o dat1_unpack_crv.o dat1_unpack_odl.o dat1_unpack_srv.o dat1_unpack_type.o dat_clen.o dat_copy.o dat_drep.o dat_ermsg.o dat_paren.o dat_prmry.o dat_refct.o dat_where.o datalter.o datannul.o daterase.o datfinind.o datget.o datinq.o datlocops.o datmap.o datmove.o datnew.o datput.o dattemp.o daucheck.o daucnv.o daucopy.o dauflush.o dauloc.o daumove.o dauscatgath.o daushape.o dautypes.o hds1_exit.o hds_copy.o hds_ewild.o hds_globals.o hds_gtune.o hds_run.o hds_start.o hds_state.o hds_stop.o hds_tune.o hds_wild.o hdserase.o hdsgroup.o hdslock.o hdsnew.o hdsnull.o hdsopclos.o hdstools.o rec1_alloc_frame.o rec1_clear_cbm.o rec1_close_file.o rec1_close_slot.o rec1_create_file.o rec1_deall_frame.o rec1_extend_file.o rec1_extend_frame.o rec1_find_file.o rec1_flush_block.o rec1_fmsg.o rec1_get_fid.o rec1_get_path.o rec1_getcwd.o rec1_locate_hcb.o rec1_lock_slot.o rec1_map_frame.o rec1_open_file.o rec1_pack_chain.o rec1_pack_hcb.o rec1_pack_ncomp.o rec1_pack_rcl.o rec1_read_file.o rec1_save_addr.o rec1_scan_cbm.o rec1_set_cbm.o rec1_shell.o rec1_test_cbm.o rec1_unlock_slot.o rec1_unmap_frame.o rec1_unpack_chain.o rec1_unpack_hcb.o rec1_unpack_ncomp.o rec1_unpack_rcl.o rec1_update_free.o rec1_write_file.o rec_adopt_record.o rec_alloc_mem.o rec_alloc_xmem.o rec_attach_file.o rec_close_file.o rec_create_record.o rec_deall_mem.o rec_deall_xmem.o rec_delete_record.o rec_end_wild.o rec_extend_record.o rec_get_handle.o rec_get_rcl.o rec_get_rid.o rec_list_files.o rec_locate_block.o rec_locate_data.o rec_locate_fns.o rec_lock.o rec_mark_delete.o rec_reall_mem.o rec_refcnt.o rec_release_block.o rec_release_data.o rec_reset_record.o rec_same_file.o rec_shrink_record.o rec_start.o rec_stop.o rec_unlock.o rec_where.o rec_wild_file.o rtl_fixups.o' '-L/apps/cvsbuild/star/lib -lems -lchr -lcnf'
tar -xf hds_source.tar hds_dev
tar -xf hds_source.tar fac_200_err
tar -xf hds_source.tar fac_230_err
tar -xf hds_source.tar hds_machine.f
g77 -fno-second-underscore -O2 -fPIC hds_machine.f -L/apps/cvsbuild/star/lib libhds.a \
              `/apps/cvsbuild/star/bin/ems_link` `/apps/cvsbuild/star/bin/chr_link` \
              `/apps/cvsbuild/star/bin/cnf_link` -o hds_machine
./hds_machine                 >>hds_datestamp
rm -f hds_machine
make[1]: Leaving directory `/apps/cvsbuild/BUILDTEST/hds'

*** The HDS package has been built

