mk: Environment variables defined for ix86_Linux system
make -e build
make[1]: Entering directory `/apps/cvsbuild/BUILDTEST/hlp'
tar -xf hlp_source.tar hlib
tar -xf hlp_source.tar hlp_link
tar -xf hlp_source.tar hlp_link_adam
tar -xf hlp_source.tar comstr.f
tar -xf hlp_source.tar comic_ix86_Linux
mv comic_ix86_Linux comic
g77 -fno-second-underscore -O -fPIC -c comstr.f
tar -xf hlp_source.tar creh.f
g77 -fno-second-underscore -O -fPIC -c creh.f
tar -xf hlp_source.tar dec.f
g77 -fno-second-underscore -O -fPIC -c dec.f
tar -xf hlp_source.tar errmes.f
g77 -fno-second-underscore -O -fPIC -c errmes.f
tar -xf hlp_source.tar hchkl.f
tar -xf hlp_source.tar helpic
g77 -fno-second-underscore -O -fPIC -c hchkl.f
tar -xf hlp_source.tar hclose.f
g77 -fno-second-underscore -O -fPIC -c hclose.f
tar -xf hlp_source.tar hdread.f
g77 -fno-second-underscore -O -fPIC -c hdread.f
tar -xf hlp_source.tar hdwrit.f
g77 -fno-second-underscore -O -fPIC -c hdwrit.f
tar -xf hlp_source.tar help.f
g77 -fno-second-underscore -O -fPIC -c help.f
tar -xf hlp_source.tar hinit.f
g77 -fno-second-underscore -O -fPIC -c hinit.f
tar -xf hlp_source.tar hleap.f
g77 -fno-second-underscore -O -fPIC -c hleap.f
tar -xf hlp_source.tar hopenr.f
g77 -fno-second-underscore -O -fPIC -c hopenr.f
tar -xf hlp_source.tar hopenw.f
g77 -fno-second-underscore -O -fPIC -c hopenw.f
tar -xf hlp_source.tar hreadd.f
g77 -fno-second-underscore -O -fPIC -c hreadd.f
tar -xf hlp_source.tar hreadx.f
g77 -fno-second-underscore -O -fPIC -c hreadx.f
tar -xf hlp_source.tar hseekx.f
g77 -fno-second-underscore -O -fPIC -c hseekx.f
tar -xf hlp_source.tar htellx.f
g77 -fno-second-underscore -O -fPIC -c htellx.f
tar -xf hlp_source.tar length.f
g77 -fno-second-underscore -O -fPIC -c length.f
tar -xf hlp_source.tar linout.f
g77 -fno-second-underscore -O -fPIC -c linout.f
tar -xf hlp_source.tar nametr.f
g77 -fno-second-underscore -O -fPIC -c nametr.f
tar -xf hlp_source.tar repsub.f
g77 -fno-second-underscore -O -fPIC -c repsub.f
tar -xf hlp_source.tar split.f
g77 -fno-second-underscore -O -fPIC -c split.f
tar -xf hlp_source.tar upcase.f
g77 -fno-second-underscore -O -fPIC -c upcase.f
tar -xf hlp_source.tar fopr.f_ix86_Linux
mv fopr.f_ix86_Linux fopr.f
g77 -fno-second-underscore -O -fPIC -c fopr.f
tar -xf hlp_source.tar insub.f_ix86_Linux
mv insub.f_ix86_Linux insub.f
g77 -fno-second-underscore -O -fPIC -c insub.f
tar -xf hlp_source.tar outsub.f_ix86_Linux
mv outsub.f_ix86_Linux outsub.f
g77 -fno-second-underscore -O -fPIC -c outsub.f
ar r libhlp.a comstr.o creh.o dec.o errmes.o hchkl.o hclose.o hdread.o hdwrit.o help.o hinit.o hleap.o hopenr.o hopenw.o hreadd.o hreadx.o hseekx.o htellx.o length.o linout.o nametr.o repsub.o split.o upcase.o fopr.o insub.o outsub.o
ranlib libhlp.a
touch libhlp.so
f() { ld -shared -soname $1 -o $1 $2;}; f libhlp.so ' comstr.o creh.o dec.o errmes.o hchkl.o hclose.o hdread.o hdwrit.o help.o hinit.o hleap.o hopenr.o hopenw.o hreadd.o hreadx.o hseekx.o htellx.o length.o linout.o nametr.o repsub.o split.o upcase.o fopr.o insub.o outsub.o '
tar -xf hlp_source.tar lsthlp.f
g77 -fno-second-underscore -O -fPIC lsthlp.f  \
              -L. libhlp.a -o lsthlp \
               
tar -xf hlp_source.tar tsthlp.f
g77 -fno-second-underscore -O -fPIC tsthlp.f  \
              -L. libhlp.a -o tsthlp \
               
tar -xf hlp_source.tar crehlp.f_ix86_Linux
mv crehlp.f_ix86_Linux crehlp.f
g77 -fno-second-underscore -O -fPIC crehlp.f  \
              -L. libhlp.a -o crehlp \
               
tar -xf hlp_source.tar demo.hlp
ln -s demo.hlp fort.1
./crehlp
rm fort.1
mv fort.2 demo.shl
make[1]: Leaving directory `/apps/cvsbuild/BUILDTEST/hlp'

*** The HLP package has been built

