mk: Environment variables defined for ix86_Linux system
make -e install
make[1]: Entering directory `/apps/cvsbuild/BUILDTEST/hlp'
mkdir -p /apps/cvsbuild/star/lib
mkdir -p /apps/cvsbuild/star/share
mkdir -p /apps/cvsbuild/star/bin/examples/hlp
for f in hlib hlp_link hlp_link_adam " "; do \
           if test -f "$f"; then \
              cp -p $f /apps/cvsbuild/star/bin;\
              chmod 755 /apps/cvsbuild/star/bin/$f;\
              rm $f;\
              ln -s /apps/cvsbuild/star/bin/$f $f;\
           else :; fi;\
        done
for f in  ""; do \
           if test -n "$f"; then \
              cp -p $f /apps/cvsbuild/star/include;\
              chmod 644 /apps/cvsbuild/star/include/$f;\
              rm -f $f;\
              ln -s /apps/cvsbuild/star/include/$f $f;\
           else :; fi;\
        done
for f in libhlp.a ""; do \
           if test -n "$f"; then \
              cp -p $f /apps/cvsbuild/star/lib;\
              chmod 644 /apps/cvsbuild/star/lib/$f;\
              rm -f $f;\
              ln -s /apps/cvsbuild/star/lib/$f $f;\
           else :; fi;\
        done
for f in libhlp.so ""; do \
           if test -n "$f" -a -s "$f"; then \
              cp -p $f /apps/cvsbuild/star/share;\
              chmod 755 /apps/cvsbuild/star/share/$f;\
              rm -f $f;\
              ln -s /apps/cvsbuild/star/share/$f $f;\
           else :; fi;\
        done
if test -n ""; then \
           sed -e 's#LINK#ln -s#' s#INSTALL_INC#/apps/cvsbuild/star/include# \
               >/apps/cvsbuild/star/bin/ ;\
           chmod 755 /apps/cvsbuild/star/bin/ ;\
        else :; fi
for f in lsthlp tsthlp crehlp ""; do \
           if test -n "$f"; then \
              cp -p $f /apps/cvsbuild/star/bin;\
              chmod 755 /apps/cvsbuild/star/bin/$f;\
              rm -f $f;\
              ln -s /apps/cvsbuild/star/bin/$f $f;\
           else :; fi;\
        done
for f in demo.hlp demo.shl ""; do \
           if test -n "$f"; then \
              cp -p $f /apps/cvsbuild/star/bin/examples/hlp;\
              chmod 644 /apps/cvsbuild/star/bin/examples/hlp/$f;\
              rm -f $f;\
              ln -s /apps/cvsbuild/star/bin/examples/hlp/$f $f;\
           else :; fi;\
        done
for f in sun124.tex ""; do \
           if test -n "$f"; then \
              cp -p $f /apps/cvsbuild/star/docs;\
              chmod 644 /apps/cvsbuild/star/docs/$f;\
           else :; fi;\
        done
if test -n "sun124.htx"; then \
           pwd=`pwd`;\
           (cd /apps/cvsbuild/star/docs;\
           for f in sun124.htx ""; do \
              if test -n "$f"; then\
                 tar -xf $pwd/${f}_tar;\
                 chmod 755 `find $f -type d -print`;\
                 chmod 644 `find $f ! -type d -print`;\
                 touch $f;\
              else :; fi;\
           done);\
           HTX_PATH='/apps/cvsbuild/star/docs:/apps/cvsbuild/star/help';\
           export HTX_PATH;\
           /apps/cvsbuild/star/bin/hlink /apps/cvsbuild/star/docs /apps/cvsbuild/star/help;\
        fi;
Updating index file for document: sun124
Updating index file for document: sun191
2 hypertext documents need re-linking
   updating cross-references in document sun124 (0 files to modify)...
   replacing original files with re-linked versions...
      ...document sun124 linked
   updating cross-references in document sun191 (0 files to modify)...
   replacing original files with re-linked versions...
      ...document sun191 linked
cp -p hlp_datestamp /apps/cvsbuild/star/dates
chmod 444 /apps/cvsbuild/star/dates/hlp_datestamp
chmod 644 hlp_datestamp
rm hlp_datestamp
ln -s /apps/cvsbuild/star/dates/hlp_datestamp hlp_datestamp
make[1]: Leaving directory `/apps/cvsbuild/BUILDTEST/hlp'

*** The HLP package has been installed in directory /apps/cvsbuild/star

