mk: Environment variables defined for ix86_Linux system
make -e install
make: *** Warning: File `makefile' has modification time in the future (2003-07-22 15:33:52 > 2002-10-10 04:00:06.747013)
make[1]: Entering directory `/apps/cvsbuild/BUILDTEST/htx'
make[1]: *** Warning: File `makefile' has modification time in the future (2003-07-22 15:33:52 > 2002-10-10 04:00:06.754888)
mkdir -p /apps/cvsbuild/star/bin ; chmod 755 /apps/cvsbuild/star/bin
mkdir -p /apps/cvsbuild/star/bin/htx-scripts ; chmod 755 /apps/cvsbuild/star/bin/htx-scripts
mkdir -p /apps/cvsbuild/star/dates ; chmod 755 /apps/cvsbuild/star/dates
mkdir -p /apps/cvsbuild/star/docs ; chmod 755 /apps/cvsbuild/star/docs
mkdir -p /apps/cvsbuild/star/help ; chmod 755 /apps/cvsbuild/star/help
for f in hlink findme showme ""; do \
           if test -n "$f"; then \
              echo '' >/apps/cvsbuild/star/bin/$f;\
              sed -e '/^#/d' \
                  -e '/^[  ]*$/d' \
                  -e 's%|INSTALL|%/apps/cvsbuild/star%' \
                  -e 's%|STARLINK|%/apps/cvsbuild/star%' $f >>/apps/cvsbuild/star/bin/$f;\
              chmod 755 /apps/cvsbuild/star/bin/$f;\
           else :; fi;\
        done
for f in allfind browse creindex depends docfind dockey gettitle homepage htxpath moveddocs msgover multised newdocs newindex oldindex reffind relink resolve settrap showhtml stdfile urlgen wrfiles; do \
           if test -n "$f"; then \
              echo '' >/apps/cvsbuild/star/bin/htx-scripts/$f;\
              sed -e '/^#/d' \
                  -e '/^[  ]*$/d' \
                  -e 's%|INSTALL|%/apps/cvsbuild/star%' \
                  -e 's%|STARLINK|%/apps/cvsbuild/star%' $f >>/apps/cvsbuild/star/bin/htx-scripts/$f;\
              chmod 755 /apps/cvsbuild/star/bin/htx-scripts/$f;\
           else :; fi;\
        done
for f in creindex.sed edhead.sed edtail.sed gethead.sed gettitle.sed; do \
           if test -n "$f"; then \
              sed -e '/^#/d' \
                  -e '/^[  ]*$/d' $f >/apps/cvsbuild/star/bin/htx-scripts/$f;\
              chmod 644 /apps/cvsbuild/star/bin/htx-scripts/$f;\
           else :; fi;\
        done
for f in sun188.tex ""; do \
           if test -n "$f"; then \
              cp -p $f /apps/cvsbuild/star/docs;\
              chmod 644 /apps/cvsbuild/star/docs/$f;\
           else :; fi;\
        done
if test -n "sun188.htx"; then \
           pwd=`pwd`;\
           (cd /apps/cvsbuild/star/docs;\
           for f in sun188.htx ""; do \
              if test -n "$f"; then\
                 tar -xf $pwd/${f}_tar;\
                 chmod 755 `find $f -type d -print`;\
                 chmod 644 `find $f ! -type d -print`;\
                 touch $f;\
              else :; fi;\
           done);\
           HTX_PATH='/apps/cvsbuild/star/docs:/apps/cvsbuild/star/help';\
           export HTX_PATH;\
           /apps/cvsbuild/star/bin/hlink /apps/cvsbuild/star/docs /apps/cvsbuild/star/help;\
        fi;
Updating index file for document: sun188
1 hypertext document needs re-linking
   updating cross-references in document sun188 (11 files to modify)...
   replacing original files with re-linked versions...
      ...document sun188 linked
cp -p htx_datestamp /apps/cvsbuild/star/dates
chmod 444 /apps/cvsbuild/star/dates/htx_datestamp
chmod 644 htx_datestamp
rm htx_datestamp
ln -s /apps/cvsbuild/star/dates/htx_datestamp htx_datestamp
make[1]: warning:  Clock skew detected.  Your build may be incomplete.
make[1]: Leaving directory `/apps/cvsbuild/BUILDTEST/htx'

*** The HTX package has been installed in directory /apps/cvsbuild/star

make: warning:  Clock skew detected.  Your build may be incomplete.
