mk: Environment variables defined for ix86_Linux system
make -e build
make[1]: Entering directory `/apps/cvsbuild/BUILDTEST/ndf'
tar -xf ndf_source.tar ndf_link
tar -xf ndf_source.tar ndf_link_adam
tar -xf ndf_source.tar ndf_err
tar -xf ndf_source.tar ndf_func
tar -xf ndf_source.tar ndf_func_dec
tar -xf ndf_source.tar ndf_par
tar -xf ndf_source.tar ndf.h
tar -xf ndf_source.tar ndf_err.h
tar -xf ndf_source.tar ndf_func_def_ix86_Linux
if test "ndf_func_def" != "ndf_func_def_ix86_Linux"; then \
           mv ndf_func_def_ix86_Linux ndf_func_def;\
        else :; fi
tar -xf ndf_source.tar ndf1_a2p.f
ln -s /apps/cvsbuild/star/include/dat_par DAT_PAR
ln -s ndf_err NDF_ERR
ln -s /apps/cvsbuild/star/include/sae_par SAE_PAR
g77 -fno-second-underscore -O -fPIC -c ndf1_a2p.f
tar -xf ndf_source.tar ndf1_absnt.f
ln -s /apps/cvsbuild/star/include/dat_err DAT_ERR
g77 -fno-second-underscore -O -fPIC -c ndf1_absnt.f
tar -xf ndf_source.tar ndf1_accok.f
tar -xf ndf_source.tar ndf_acb
ln -s ndf_acb NDF_ACB
tar -xf ndf_source.tar ndf_const
ln -s ndf_const NDF_CONST
ln -s ndf_par NDF_PAR
g77 -fno-second-underscore -O -fPIC -c ndf1_accok.f
tar -xf ndf_source.tar ndf1_acprp.f
tar -xf ndf_source.tar ndf_dcb
ln -s ndf_dcb NDF_DCB
g77 -fno-second-underscore -O -fPIC -c ndf1_acprp.f
tar -xf ndf_source.tar ndf1_acre.f
ln -s /apps/cvsbuild/star/include/ary_par ARY_PAR
g77 -fno-second-underscore -O -fPIC -c ndf1_acre.f
tar -xf ndf_source.tar ndf1_acrst.f
g77 -fno-second-underscore -O -fPIC -c ndf1_acrst.f
tar -xf ndf_source.tar ndf1_adcre.f
g77 -fno-second-underscore -O -fPIC -c ndf1_adcre.f
tar -xf ndf_source.tar ndf1_adex.f
ln -s /apps/cvsbuild/star/include/num_dec_cvt NUM_DEC_CVT
ln -s /apps/cvsbuild/star/include/num_def_cvt NUM_DEF_CVT
ln -s /apps/cvsbuild/star/include/prm_par PRM_PAR
g77 -fno-second-underscore -O -fPIC -c ndf1_adex.f
tar -xf ndf_source.tar ndf1_adext.f
ln -s /apps/cvsbuild/star/include/cnf_par CNF_PAR
g77 -fno-second-underscore -O -fPIC -c ndf1_adext.f
tar -xf ndf_source.tar ndf1_adfrm.f
g77 -fno-second-underscore -O -fPIC -c ndf1_adfrm.f
tar -xf ndf_source.tar ndf1_adini.f
g77 -fno-second-underscore -O -fPIC -c ndf1_adini.f
tar -xf ndf_source.tar ndf1_adix.f
g77 -fno-second-underscore -O -fPIC -c ndf1_adix.f
tar -xf ndf_source.tar ndf1_admap.f
g77 -fno-second-underscore -O -fPIC -c ndf1_admap.f
tar -xf ndf_source.tar ndf1_adprp.f
g77 -fno-second-underscore -O -fPIC -c ndf1_adprp.f
tar -xf ndf_source.tar ndf1_adrst.f
g77 -fno-second-underscore -O -fPIC -c ndf1_adrst.f
tar -xf ndf_source.tar ndf1_adsbn.f
g77 -fno-second-underscore -O -fPIC -c ndf1_adsbn.f
tar -xf ndf_source.tar ndf1_adstp.f
g77 -fno-second-underscore -O -fPIC -c ndf1_adstp.f
tar -xf ndf_source.tar ndf1_adtyp.f
g77 -fno-second-underscore -O -fPIC -c ndf1_adtyp.f
tar -xf ndf_source.tar ndf1_adump.f
g77 -fno-second-underscore -O -fPIC -c ndf1_adump.f
tar -xf ndf_source.tar ndf1_affor.f
tar -xf ndf_source.tar ndf_fcb
ln -s ndf_fcb NDF_FCB
tar -xf ndf_source.tar ndf_tcb
ln -s ndf_tcb NDF_TCB
g77 -fno-second-underscore -O -fPIC -c ndf1_affor.f
tar -xf ndf_source.tar ndf1_amap.f
g77 -fno-second-underscore -O -fPIC -c ndf1_amap.f
tar -xf ndf_source.tar ndf1_amsg.f
g77 -fno-second-underscore -O -fPIC -c ndf1_amsg.f
tar -xf ndf_source.tar ndf1_anl.f
make[1]: *** No rule to make target `/apps/cvsbuild/star/include/ast_par', needed by `AST_PAR'.  Stop.
make[1]: Leaving directory `/apps/cvsbuild/BUILDTEST/ndf'

*** "make" failed building the NDF package

make: *** [build] Error 1
