mk: Environment variables defined for ix86_Linux system
make -e install
make: *** Warning: File `makefile' has modification time in the future (2002-11-29 14:28:02 > 2002-10-10 04:04:53.025218)
make[1]: Entering directory `/apps/cvsbuild/BUILDTEST/ndf'
make[1]: *** Warning: File `makefile' has modification time in the future (2002-11-29 14:28:02 > 2002-10-10 04:04:53.054875)
for f in ndf_link ndf_link_adam ""; do \
           if test -n "$f"; then \
              cp -p $f /apps/cvsbuild/star/bin;\
              chmod 755 /apps/cvsbuild/star/bin/$f;\
              rm -f $f;\
              ln -s /apps/cvsbuild/star/bin/$f $f;\
           else :; fi;\
        done
for f in ndf_err ndf_func ndf_func_dec ndf_par ndf.h ndf_func_def ""; do \
           if test -n "$f"; then \
              if test "$f" = 'ndf_func'; then \
                 cat ndf_func_dec ndf_func_def >/apps/cvsbuild/star/include/ndf_func;\
                 chmod 644 /apps/cvsbuild/star/include/ndf_func;\
              elif test "$f" = 'ndf.h'; then \
                 cat ndf_err.h ndf.h >/apps/cvsbuild/star/include/ndf.h;\
                 chmod 644 /apps/cvsbuild/star/include/ndf.h;\
              else \
                 cp -p $f /apps/cvsbuild/star/include;\
                 chmod 644 /apps/cvsbuild/star/include/$f;\
                 rm -f $f;\
                 ln -s /apps/cvsbuild/star/include/$f $f;\
              fi;\
           else :; fi;\
        done
for f in libndf.a libndf_adam.a ""; do \
           if test -n "$f"; then \
              cp -p $f /apps/cvsbuild/star/lib;\
              chmod 644 /apps/cvsbuild/star/lib/$f;\
              rm -f $f;\
              ln -s /apps/cvsbuild/star/lib/$f $f;\
           else :; fi;\
        done
for f in libndf.so libndf_adam.so ""; do \
           if test -n "$f" -a -s "$f"; then \
              cp -p $f /apps/cvsbuild/star/share;\
              chmod 755 /apps/cvsbuild/star/share/$f;\
              rm -f $f;\
              ln -s /apps/cvsbuild/star/share/$f $f;\
           else :; fi;\
        done
if test -n "ndf_dev"; then \
           sed -e 's#LINK#ln -s#' -e s#INSTALL_INC#/apps/cvsbuild/star/include# \
              ndf_dev >/apps/cvsbuild/star/bin/ndf_dev ;\
           chmod 755 /apps/cvsbuild/star/bin/ndf_dev ;\
        else :; fi
if test -n "fac_1506_err"; then \
           cp -p fac_1506_err /apps/cvsbuild/star/help;\
           chmod 644 /apps/cvsbuild/star/help/fac_1506_err;\
           rm -f fac_1506_err;\
           ln -s /apps/cvsbuild/star/help/fac_1506_err fac_1506_err;\
        else :; fi
for f in sun33.tex ssn20.tex ""; do \
           if test -n "$f"; then \
              cp -p $f /apps/cvsbuild/star/docs;\
              chmod 644 /apps/cvsbuild/star/docs/$f;\
           else :; fi;\
        done
if test -n "sun33.htx ssn20.htx"; then \
           pwd=`pwd`;\
           (cd /apps/cvsbuild/star/docs;\
           for f in sun33.htx ssn20.htx ""; do \
              if test -n "$f"; then\
                 tar -xf $pwd/${f}_tar;\
                 chmod 755 `find $f -type d -print`;\
                 chmod 644 `find $f ! -type d -print`;\
                 touch $f;\
              else :; fi;\
           done);\
           HTX_PATH='/apps/cvsbuild/star/docs:/apps/cvsbuild/star/help';\
           export HTX_PATH;\
           /apps/cvsbuild/star/bin/hlink /apps/cvsbuild/star/docs /apps/cvsbuild/star/help;\
        fi;
Updating index file for document: ssn20
Updating index file for document: sun33
6 hypertext documents need re-linking
   updating cross-references in document ssn20 (21 files to modify)...
   replacing original files with re-linked versions...
      ...document ssn20 linked
   updating cross-references in document sun11 (1 files to modify)...
   replacing original files with re-linked versions...
      ...document sun11 linked
   updating cross-references in document sun210 (8 files to modify)...
   replacing original files with re-linked versions...
      ...document sun210 linked
   updating cross-references in document sun211 (8 files to modify)...
   replacing original files with re-linked versions...
      ...document sun211 linked
   updating cross-references in document sun33 (90 files to modify)...
   replacing original files with re-linked versions...
      ...document sun33 linked
   updating cross-references in document sun92 (12 files to modify)...
   replacing original files with re-linked versions...
      ...document sun92 linked
cp -p NDF_CONDITIONS /apps/cvsbuild/star/dates
chmod 444 /apps/cvsbuild/star/dates/NDF_CONDITIONS
cp -p ndf_datestamp /apps/cvsbuild/star/dates
chmod 444 /apps/cvsbuild/star/dates/ndf_datestamp
chmod 644 ndf_datestamp
rm ndf_datestamp
ln -s /apps/cvsbuild/star/dates/ndf_datestamp ndf_datestamp
make[1]: warning:  Clock skew detected.  Your build may be incomplete.
make[1]: Leaving directory `/apps/cvsbuild/BUILDTEST/ndf'

*** The NDF package has been installed in directory /apps/cvsbuild/star

make: warning:  Clock skew detected.  Your build may be incomplete.
