mk: Environment variables defined for ix86_Linux system
make -e build
make[1]: Entering directory `/apps/cvsbuild/BUILDTEST/par'
tar -xf par_source.tar par_link_adam
tar -xf par_source.tar par_err
tar -xf par_source.tar par_par
tar -xf par_source.tar par.h
tar -xf par_source.tar parwrap.h
tar -xf par_source.tar par_err.h
tar -xf par_source.tar par_par.h
tar -xf par_source.tar par1_menu.f
ln -s par_err PAR_ERR
ln -s /apps/cvsbuild/star/include/sae_par SAE_PAR
g77 -fno-second-underscore -O -c par1_menu.f
tar -xf par_source.tar par_cancl.f
g77 -fno-second-underscore -O -c par_cancl.f
tar -xf par_source.tar par_choic.f
ln -s /apps/cvsbuild/star/include/msg_par MSG_PAR
g77 -fno-second-underscore -O -c par_choic.f
tar -xf par_source.tar par_choiv.f
g77 -fno-second-underscore -O -c par_choiv.f
tar -xf par_source.tar par_def0c.f
g77 -fno-second-underscore -O -c par_def0c.f
tar -xf par_source.tar par_def0d.f
g77 -fno-second-underscore -O -c par_def0d.f
tar -xf par_source.tar par_def0i.f
g77 -fno-second-underscore -O -c par_def0i.f
tar -xf par_source.tar par_def0l.f
g77 -fno-second-underscore -O -c par_def0l.f
tar -xf par_source.tar par_def0r.f
g77 -fno-second-underscore -O -c par_def0r.f
tar -xf par_source.tar par_def1c.f
g77 -fno-second-underscore -O -c par_def1c.f
tar -xf par_source.tar par_def1d.f
g77 -fno-second-underscore -O -c par_def1d.f
tar -xf par_source.tar par_def1i.f
g77 -fno-second-underscore -O -c par_def1i.f
tar -xf par_source.tar par_def1l.f
g77 -fno-second-underscore -O -c par_def1l.f
tar -xf par_source.tar par_def1r.f
g77 -fno-second-underscore -O -c par_def1r.f
tar -xf par_source.tar par_defnc.f
g77 -fno-second-underscore -O -c par_defnc.f
tar -xf par_source.tar par_defnd.f
g77 -fno-second-underscore -O -c par_defnd.f
tar -xf par_source.tar par_defni.f
g77 -fno-second-underscore -O -c par_defni.f
tar -xf par_source.tar par_defnl.f
g77 -fno-second-underscore -O -c par_defnl.f
tar -xf par_source.tar par_defnr.f
g77 -fno-second-underscore -O -c par_defnr.f
tar -xf par_source.tar par_exacc.f
g77 -fno-second-underscore -O -c par_exacc.f
tar -xf par_source.tar par_exacd.f
g77 -fno-second-underscore -O -c par_exacd.f
tar -xf par_source.tar par_exaci.f
g77 -fno-second-underscore -O -c par_exaci.f
tar -xf par_source.tar par_exacl.f
g77 -fno-second-underscore -O -c par_exacl.f
tar -xf par_source.tar par_exacr.f
g77 -fno-second-underscore -O -c par_exacr.f
tar -xf par_source.tar par_gdr0d.f
g77 -fno-second-underscore -O -c par_gdr0d.f
tar -xf par_source.tar par_gdr0i.f
g77 -fno-second-underscore -O -c par_gdr0i.f
tar -xf par_source.tar par_gdr0r.f
g77 -fno-second-underscore -O -c par_gdr0r.f
tar -xf par_source.tar par_gdr1d.f
g77 -fno-second-underscore -O -c par_gdr1d.f
tar -xf par_source.tar par_gdr1i.f
g77 -fno-second-underscore -O -c par_gdr1i.f
tar -xf par_source.tar par_gdr1r.f
g77 -fno-second-underscore -O -c par_gdr1r.f
tar -xf par_source.tar par_gdrvd.f
g77 -fno-second-underscore -O -c par_gdrvd.f
tar -xf par_source.tar par_gdrvi.f
g77 -fno-second-underscore -O -c par_gdrvi.f
tar -xf par_source.tar par_gdrvr.f
g77 -fno-second-underscore -O -c par_gdrvr.f
tar -xf par_source.tar par_get0c.f
g77 -fno-second-underscore -O -c par_get0c.f
tar -xf par_source.tar par_get0d.f
g77 -fno-second-underscore -O -c par_get0d.f
tar -xf par_source.tar par_get0i.f
g77 -fno-second-underscore -O -c par_get0i.f
tar -xf par_source.tar par_get0l.f
g77 -fno-second-underscore -O -c par_get0l.f
tar -xf par_source.tar par_get0r.f
g77 -fno-second-underscore -O -c par_get0r.f
tar -xf par_source.tar par_get1c.f
g77 -fno-second-underscore -O -c par_get1c.f
tar -xf par_source.tar par_get1d.f
g77 -fno-second-underscore -O -c par_get1d.f
tar -xf par_source.tar par_get1i.f
g77 -fno-second-underscore -O -c par_get1i.f
tar -xf par_source.tar par_get1l.f
g77 -fno-second-underscore -O -c par_get1l.f
tar -xf par_source.tar par_get1r.f
g77 -fno-second-underscore -O -c par_get1r.f
tar -xf par_source.tar par_getnc.f
g77 -fno-second-underscore -O -c par_getnc.f
tar -xf par_source.tar par_getnd.f
g77 -fno-second-underscore -O -c par_getnd.f
tar -xf par_source.tar par_getni.f
g77 -fno-second-underscore -O -c par_getni.f
tar -xf par_source.tar par_getnl.f
g77 -fno-second-underscore -O -c par_getnl.f
tar -xf par_source.tar par_getnr.f
g77 -fno-second-underscore -O -c par_getnr.f
tar -xf par_source.tar par_getvc.f
g77 -fno-second-underscore -O -c par_getvc.f
tar -xf par_source.tar par_getvd.f
g77 -fno-second-underscore -O -c par_getvd.f
tar -xf par_source.tar par_getvi.f
g77 -fno-second-underscore -O -c par_getvi.f
tar -xf par_source.tar par_getvl.f
g77 -fno-second-underscore -O -c par_getvl.f
tar -xf par_source.tar par_getvr.f
g77 -fno-second-underscore -O -c par_getvr.f
tar -xf par_source.tar par_geven.f
g77 -fno-second-underscore -O -c par_geven.f
tar -xf par_source.tar par_godd.f
g77 -fno-second-underscore -O -c par_godd.f
tar -xf par_source.tar par_grm1d.f
g77 -fno-second-underscore -O -c par_grm1d.f
tar -xf par_source.tar par_grm1i.f
g77 -fno-second-underscore -O -c par_grm1i.f
tar -xf par_source.tar par_grm1r.f
g77 -fno-second-underscore -O -c par_grm1r.f
tar -xf par_source.tar par_grmvd.f
g77 -fno-second-underscore -O -c par_grmvd.f
tar -xf par_source.tar par_grmvi.f
g77 -fno-second-underscore -O -c par_grmvi.f
tar -xf par_source.tar par_grmvr.f
g77 -fno-second-underscore -O -c par_grmvr.f
tar -xf par_source.tar par_gtd0l.f
g77 -fno-second-underscore -O -c par_gtd0l.f
tar -xf par_source.tar par_maxc.f
g77 -fno-second-underscore -O -c par_maxc.f
tar -xf par_source.tar par_maxd.f
g77 -fno-second-underscore -O -c par_maxd.f
tar -xf par_source.tar par_maxi.f
g77 -fno-second-underscore -O -c par_maxi.f
tar -xf par_source.tar par_maxr.f
g77 -fno-second-underscore -O -c par_maxr.f
tar -xf par_source.tar par_minc.f
g77 -fno-second-underscore -O -c par_minc.f
tar -xf par_source.tar par_mind.f
g77 -fno-second-underscore -O -c par_mind.f
tar -xf par_source.tar par_mini.f
g77 -fno-second-underscore -O -c par_mini.f
tar -xf par_source.tar par_minr.f
g77 -fno-second-underscore -O -c par_minr.f
tar -xf par_source.tar par_mix0d.f
g77 -fno-second-underscore -O -c par_mix0d.f
tar -xf par_source.tar par_mix0i.f
g77 -fno-second-underscore -O -c par_mix0i.f
tar -xf par_source.tar par_mix0r.f
g77 -fno-second-underscore -O -c par_mix0r.f
tar -xf par_source.tar par_mixvd.f
g77 -fno-second-underscore -O -c par_mixvd.f
tar -xf par_source.tar par_mixvi.f
g77 -fno-second-underscore -O -c par_mixvi.f
tar -xf par_source.tar par_mixvr.f
g77 -fno-second-underscore -O -c par_mixvr.f
tar -xf par_source.tar par_promt.f
g77 -fno-second-underscore -O -c par_promt.f
tar -xf par_source.tar par_put0c.f
g77 -fno-second-underscore -O -c par_put0c.f
tar -xf par_source.tar par_put0d.f
g77 -fno-second-underscore -O -c par_put0d.f
tar -xf par_source.tar par_put0i.f
g77 -fno-second-underscore -O -c par_put0i.f
tar -xf par_source.tar par_put0l.f
g77 -fno-second-underscore -O -c par_put0l.f
tar -xf par_source.tar par_put0r.f
g77 -fno-second-underscore -O -c par_put0r.f
tar -xf par_source.tar par_put1c.f
g77 -fno-second-underscore -O -c par_put1c.f
tar -xf par_source.tar par_put1d.f
g77 -fno-second-underscore -O -c par_put1d.f
tar -xf par_source.tar par_put1i.f
g77 -fno-second-underscore -O -c par_put1i.f
tar -xf par_source.tar par_put1l.f
g77 -fno-second-underscore -O -c par_put1l.f
tar -xf par_source.tar par_put1r.f
g77 -fno-second-underscore -O -c par_put1r.f
tar -xf par_source.tar par_putnc.f
g77 -fno-second-underscore -O -c par_putnc.f
tar -xf par_source.tar par_putnd.f
g77 -fno-second-underscore -O -c par_putnd.f
tar -xf par_source.tar par_putni.f
g77 -fno-second-underscore -O -c par_putni.f
tar -xf par_source.tar par_putnl.f
g77 -fno-second-underscore -O -c par_putnl.f
tar -xf par_source.tar par_putnr.f
g77 -fno-second-underscore -O -c par_putnr.f
tar -xf par_source.tar par_putvc.f
g77 -fno-second-underscore -O -c par_putvc.f
tar -xf par_source.tar par_putvd.f
g77 -fno-second-underscore -O -c par_putvd.f
tar -xf par_source.tar par_putvi.f
g77 -fno-second-underscore -O -c par_putvi.f
tar -xf par_source.tar par_putvl.f
g77 -fno-second-underscore -O -c par_putvl.f
tar -xf par_source.tar par_putvr.f
g77 -fno-second-underscore -O -c par_putvr.f
tar -xf par_source.tar par_state.f
ln -s par_par PAR_PAR
ln -s /apps/cvsbuild/star/include/subpar_par SUBPAR_PAR
g77 -fno-second-underscore -O -c par_state.f
tar -xf par_source.tar par_unset.f
g77 -fno-second-underscore -O -c par_unset.f
tar -xf par_source.tar par.c
gcc -I/apps/cvsbuild/star/include -I/apps/cvsbuild/star/include -O -c par.c
ar r libpar_adam.a par1_menu.o par_cancl.o par_choic.o par_choiv.o par_def0c.o par_def0d.o par_def0i.o par_def0l.o par_def0r.o par_def1c.o par_def1d.o par_def1i.o par_def1l.o par_def1r.o par_defnc.o par_defnd.o par_defni.o par_defnl.o par_defnr.o par_exacc.o par_exacd.o par_exaci.o par_exacl.o par_exacr.o par_gdr0d.o par_gdr0i.o par_gdr0r.o par_gdr1d.o par_gdr1i.o par_gdr1r.o par_gdrvd.o par_gdrvi.o par_gdrvr.o par_get0c.o par_get0d.o par_get0i.o par_get0l.o par_get0r.o par_get1c.o par_get1d.o par_get1i.o par_get1l.o par_get1r.o par_getnc.o par_getnd.o par_getni.o par_getnl.o par_getnr.o par_getvc.o par_getvd.o par_getvi.o par_getvl.o par_getvr.o par_geven.o par_godd.o par_grm1d.o par_grm1i.o par_grm1r.o par_grmvd.o par_grmvi.o par_grmvr.o par_gtd0l.o par_maxc.o par_maxd.o par_maxi.o par_maxr.o par_minc.o par_mind.o par_mini.o par_minr.o par_mix0d.o par_mix0i.o par_mix0r.o par_mixvd.o par_mixvi.o par_mixvr.o par_promt.o par_put0c.o par_put0d.o par_put0i.o par_put0l.o par_put0r.o par_put1c.o par_put1d.o par_put1i.o par_put1l.o par_put1r.o par_putnc.o par_putnd.o par_putni.o par_putnl.o par_putnr.o par_putvc.o par_putvd.o par_putvi.o par_putvl.o par_putvr.o par_state.o par_unset.o par.o
ranlib libpar_adam.a
touch libpar_adam.so
f() { ld -shared -soname $1 -o $1 $2;}; f libpar_adam.so ' par1_menu.o par_cancl.o par_choic.o par_choiv.o par_def0c.o par_def0d.o par_def0i.o par_def0l.o par_def0r.o par_def1c.o par_def1d.o par_def1i.o par_def1l.o par_def1r.o par_defnc.o par_defnd.o par_defni.o par_defnl.o par_defnr.o par_exacc.o par_exacd.o par_exaci.o par_exacl.o par_exacr.o par_gdr0d.o par_gdr0i.o par_gdr0r.o par_gdr1d.o par_gdr1i.o par_gdr1r.o par_gdrvd.o par_gdrvi.o par_gdrvr.o par_get0c.o par_get0d.o par_get0i.o par_get0l.o par_get0r.o par_get1c.o par_get1d.o par_get1i.o par_get1l.o par_get1r.o par_getnc.o par_getnd.o par_getni.o par_getnl.o par_getnr.o par_getvc.o par_getvd.o par_getvi.o par_getvl.o par_getvr.o par_geven.o par_godd.o par_grm1d.o par_grm1i.o par_grm1r.o par_grmvd.o par_grmvi.o par_grmvr.o par_gtd0l.o par_maxc.o par_maxd.o par_maxi.o par_maxr.o par_minc.o par_mind.o par_mini.o par_minr.o par_mix0d.o par_mix0i.o par_mix0r.o par_mixvd.o par_mixvi.o par_mixvr.o par_promt.o par_put0c.o par_put0d.o par_put0i.o par_put0l.o par_put0r.o par_put1c.o par_put1d.o par_put1i.o par_put1l.o par_put1r.o par_putnc.o par_putnd.o par_putni.o par_putnl.o par_putnr.o par_putvc.o par_putvd.o par_putvi.o par_putvl.o par_putvr.o par_state.o par_unset.o  par.o' '-L/apps/cvsbuild/star/lib -lerr -lchr -lems'
tar -xf par_source.tar par_dev
tar -xf par_source.tar fac_190_err
make[1]: Leaving directory `/apps/cvsbuild/BUILDTEST/par'

*** The PAR package has been built

