mk: Environment variables defined for ix86_Linux system
make -e install
make[1]: Entering directory `/apps/cvsbuild/BUILDTEST/par'
for f in par_link_adam ""; do \
           if test -n "$f"; then \
              cp -p $f /apps/cvsbuild/star/bin;\
              chmod 755 /apps/cvsbuild/star/bin/$f;\
              rm -f $f;\
              ln -s /apps/cvsbuild/star/bin/$f $f;\
           else :; fi;\
        done
for f in par_err par_par par.h parwrap.h par_err.h par_par.h ""; do \
           if test -n "$f"; then \
              cp -p $f /apps/cvsbuild/star/include;\
              chmod 644 /apps/cvsbuild/star/include/$f;\
              rm -f $f;\
              ln -s /apps/cvsbuild/star/include/$f $f;\
           else :; fi;\
        done
for f in libpar_adam.a ""; do \
           if test -n "$f"; then \
              cp -p $f /apps/cvsbuild/star/lib;\
              chmod 644 /apps/cvsbuild/star/lib/$f;\
              rm -f $f;\
              ln -s /apps/cvsbuild/star/lib/$f $f;\
           else :; fi;\
        done
for f in libpar_adam.so ""; do \
           if test -n "$f" -a -s "$f"; then \
              cp -p $f /apps/cvsbuild/star/share;\
              chmod 755 /apps/cvsbuild/star/share/$f;\
              rm -f $f;\
              ln -s /apps/cvsbuild/star/share/$f $f;\
           else :; fi;\
        done
if test -n "par_dev"; then \
           sed -e 's#LINK#ln -s#' -e s#INSTALL_INC#/apps/cvsbuild/star/include# \
              par_dev >/apps/cvsbuild/star/bin/par_dev ;\
           chmod 755 /apps/cvsbuild/star/bin/par_dev ;\
        else :; fi
if test -n "fac_190_err"; then \
           cp -p fac_190_err /apps/cvsbuild/star/help;\
           chmod 644 /apps/cvsbuild/star/help/fac_190_err;\
           rm -f fac_190_err;\
           ln -s /apps/cvsbuild/star/help/fac_190_err fac_190_err;\
        else :; fi
for f in sun114.tex ""; do \
           if test -n "$f"; then \
              cp -p $f /apps/cvsbuild/star/docs;\
              chmod 644 /apps/cvsbuild/star/docs/$f;\
           else :; fi;\
        done
if test -n "sun114.htx"; then \
           pwd=`pwd`;\
           (cd /apps/cvsbuild/star/docs;\
           for f in sun114.htx ""; do \
              if test -n "$f"; then\
                 tar -xf $pwd/${f}_tar;\
                 chmod 755 `find $f -type d -print`;\
                 chmod 644 `find $f ! -type d -print`;\
                 touch $f;\
              else :; fi;\
           done);\
           HTX_PATH='/apps/cvsbuild/star/docs:/apps/cvsbuild/star/help';\
           export HTX_PATH;\
           /apps/cvsbuild/star/bin/hlink /apps/cvsbuild/star/docs /apps/cvsbuild/star/help;\
        fi;
Updating index file for document: sun114
5 hypertext documents need re-linking
   updating cross-references in document ssn29 (5 files to modify)...
   replacing original files with re-linked versions...
      ...document ssn29 linked
   updating cross-references in document ssn77 (9 files to modify)...
   replacing original files with re-linked versions...
      ...document ssn77 linked
   updating cross-references in document sun114 (25 files to modify)...
   replacing original files with re-linked versions...
      ...document sun114 linked
   updating cross-references in document sun134 (1 files to modify)...
   replacing original files with re-linked versions...
      ...document sun134 linked
   updating cross-references in document sun224 (10 files to modify)...
   replacing original files with re-linked versions...
      ...document sun224 linked
cp -p PAR_CONDITIONS /apps/cvsbuild/star/dates
chmod 444 /apps/cvsbuild/star/dates/PAR_CONDITIONS
cp -p par_datestamp /apps/cvsbuild/star/dates
chmod 444 /apps/cvsbuild/star/dates/par_datestamp
chmod 644 par_datestamp
rm par_datestamp
ln -s /apps/cvsbuild/star/dates/par_datestamp par_datestamp
make[1]: Leaving directory `/apps/cvsbuild/BUILDTEST/par'

*** The PAR package has been installed in directory /apps/cvsbuild/star

