mk: Environment variables defined for ix86_Linux system
make -e install
cd lex; ./mk install
mk: Environment variables defined for ix86_Linux system
make -e install
make[1]: Entering directory `/apps/cvsbuild/BUILDTEST/pcs/lex'
make[2]: Entering directory `/apps/cvsbuild/BUILDTEST/pcs/lex'
for f in lex_link_adam ""; do \
           if test -n "$f"; then \
              cp -p $f /apps/cvsbuild/star/bin;\
              chmod 755 /apps/cvsbuild/star/bin/$f;\
              rm -f $f;\
              ln -fs /apps/cvsbuild/star/bin/$f $f;\
           else :; fi;\
        done
for f in lex_err lex_par ""; do \
           if test -n "$f"; then \
              cp -p $f /apps/cvsbuild/star/include;\
              chmod 644 /apps/cvsbuild/star/include/$f;\
              rm -f $f;\
              ln -fs /apps/cvsbuild/star/include/$f $f;\
           else :; fi;\
        done
for f in liblex_adam.a ""; do \
           if test -n "$f"; then \
              cp -p $f /apps/cvsbuild/star/lib;\
              chmod 644 /apps/cvsbuild/star/lib/$f;\
              rm -f $f;\
              ln -fs /apps/cvsbuild/star/lib/$f $f;\
           else :; fi;\
        done
for f in liblex_adam.so ""; do \
           if test -n "$f" -a -s "$f"; then \
              cp -p $f /apps/cvsbuild/star/share;\
              chmod 755 /apps/cvsbuild/star/share/$f;\
              rm -f $f;\
              ln -fs /apps/cvsbuild/star/share/$f $f;\
           else :; fi;\
        done
if test -n "lex_dev"; then \
           sed -e 's#LINK#ln -fs#' -e s#INSTALL_INC#/apps/cvsbuild/star/include# \
              lex_dev >/apps/cvsbuild/star/bin/lex_dev ;\
           chmod 755 /apps/cvsbuild/star/bin/lex_dev ;\
        else :; fi
if test -n ""; then \
           cp -p  /apps/cvsbuild/star/help;\
           chmod 644 /apps/cvsbuild/star/help/;\
           rm -f ;\
           ln -fs /apps/cvsbuild/star/help/ ;\
        else :; fi
for f in  ""; do \
           if test -n "$f"; then \
              cp -p $f /apps/cvsbuild/star/docs;\
              chmod 644 /apps/cvsbuild/star/docs/$f;\
           else :; fi;\
        done
if test -n ""; then \
           pwd=`pwd`;\
           (cd /apps/cvsbuild/star/docs;\
           for f in  ""; do \
              if test -n "$f"; then\
                 tar -xf $pwd/${f}_tar;\
                 chmod 755 `find $f -type d -print`;\
                 chmod 644 `find $f ! -type d -print`;\
                 touch $f;\
              else :; fi;\
           done);\
           HTX_PATH='/apps/cvsbuild/star/docs:/apps/cvsbuild/star/help';\
           export HTX_PATH;\
           /apps/cvsbuild/star/bin/hlink /apps/cvsbuild/star/docs /apps/cvsbuild/star/help;\
        fi;
cp -p lex_datestamp /apps/cvsbuild/star/dates
chmod 444 /apps/cvsbuild/star/dates/lex_datestamp
chmod 644 lex_datestamp
rm lex_datestamp
ln -fs /apps/cvsbuild/star/dates/lex_datestamp lex_datestamp
make[2]: Leaving directory `/apps/cvsbuild/BUILDTEST/pcs/lex'

*** The LEX package has been installed in directory /apps/cvsbuild/star

make[1]: Leaving directory `/apps/cvsbuild/BUILDTEST/pcs/lex'
cd string; ./mk install
mk: Environment variables defined for ix86_Linux system
make -e install
make[1]: Entering directory `/apps/cvsbuild/BUILDTEST/pcs/string'
make[2]: Entering directory `/apps/cvsbuild/BUILDTEST/pcs/string'
for f in string_link_adam ""; do \
           if test -n "$f"; then \
              cp -p $f /apps/cvsbuild/star/bin;\
              chmod 755 /apps/cvsbuild/star/bin/$f;\
              rm -f $f;\
              ln -fs /apps/cvsbuild/star/bin/$f $f;\
           else :; fi;\
        done
for f in  ""; do \
           if test -n "$f"; then \
              cp -p $f /apps/cvsbuild/star/include;\
              chmod 644 /apps/cvsbuild/star/include/$f;\
              rm -f $f;\
              ln -fs /apps/cvsbuild/star/include/$f $f;\
           else :; fi;\
        done
for f in libstring_adam.a ""; do \
           if test -n "$f"; then \
              cp -p $f /apps/cvsbuild/star/lib;\
              chmod 644 /apps/cvsbuild/star/lib/$f;\
              rm -f $f;\
              ln -fs /apps/cvsbuild/star/lib/$f $f;\
           else :; fi;\
        done
for f in libstring_adam.so ""; do \
           if test -n "$f" -a -s "$f"; then \
              cp -p $f /apps/cvsbuild/star/share;\
              chmod 755 /apps/cvsbuild/star/share/$f;\
              rm -f $f;\
              ln -fs /apps/cvsbuild/star/share/$f $f;\
           else :; fi;\
        done
if test -n "string_dev"; then \
           sed -e 's#LINK#ln -fs#' -e s#INSTALL_INC#/apps/cvsbuild/star/include# \
              string_dev >/apps/cvsbuild/star/bin/string_dev ;\
           chmod 755 /apps/cvsbuild/star/bin/string_dev ;\
        else :; fi
if test -n ""; then \
           cp -p  /apps/cvsbuild/star/help;\
           chmod 644 /apps/cvsbuild/star/help/;\
           rm -f ;\
           ln -fs /apps/cvsbuild/star/help/ ;\
        else :; fi
for f in  ""; do \
           if test -n "$f"; then \
              cp -p $f /apps/cvsbuild/star/docs;\
              chmod 644 /apps/cvsbuild/star/docs/$f;\
           else :; fi;\
        done
if test -n ""; then \
           pwd=`pwd`;\
           (cd /apps/cvsbuild/star/docs;\
           for f in  ""; do \
              if test -n "$f"; then\
                 tar -xf $pwd/${f}_tar;\
                 chmod 755 `find $f -type d -print`;\
                 chmod 644 `find $f ! -type d -print`;\
                 touch $f;\
              else :; fi;\
           done);\
           HTX_PATH='/apps/cvsbuild/star/docs:/apps/cvsbuild/star/help';\
           export HTX_PATH;\
           /apps/cvsbuild/star/bin/hlink /apps/cvsbuild/star/docs /apps/cvsbuild/star/help;\
        fi;
cp -p string_datestamp /apps/cvsbuild/star/dates
chmod 444 /apps/cvsbuild/star/dates/string_datestamp
chmod 644 string_datestamp
rm string_datestamp
ln -fs /apps/cvsbuild/star/dates/string_datestamp string_datestamp
make[2]: Leaving directory `/apps/cvsbuild/BUILDTEST/pcs/string'

*** The STRING package has been installed in directory /apps/cvsbuild/star

make[1]: Leaving directory `/apps/cvsbuild/BUILDTEST/pcs/string'
cd sock; ./mk install
mk: Environment variables defined for ix86_Linux system
make -e install
make[1]: Entering directory `/apps/cvsbuild/BUILDTEST/pcs/sock'
make[2]: Entering directory `/apps/cvsbuild/BUILDTEST/pcs/sock'
for f in sock_link sock_link_adam ""; do \
           if test -n "$f"; then \
              cp -p $f /apps/cvsbuild/star/bin;\
              chmod 755 /apps/cvsbuild/star/bin/$f;\
              rm -f $f;\
              ln -fs /apps/cvsbuild/star/bin/$f $f;\
           else :; fi;\
        done
for f in sock.h sock_err.h ""; do \
           if test -n "$f"; then \
              cp -p $f /apps/cvsbuild/star/include;\
              chmod 644 /apps/cvsbuild/star/include/$f;\
              rm -f $f;\
              ln -fs /apps/cvsbuild/star/include/$f $f;\
           else :; fi;\
        done
for f in libsock.a ""; do \
           if test -n "$f"; then \
              cp -p $f /apps/cvsbuild/star/lib;\
              chmod 644 /apps/cvsbuild/star/lib/$f;\
              rm -f $f;\
              ln -fs /apps/cvsbuild/star/lib/$f $f;\
           else :; fi;\
        done
for f in libsock.so ""; do \
           if test -n "$f" -a -s "$f"; then \
              cp -p $f /apps/cvsbuild/star/share;\
              chmod 755 /apps/cvsbuild/star/share/$f;\
              rm -f $f;\
              ln -fs /apps/cvsbuild/star/share/$f $f;\
           else :; fi;\
        done
if test -n ""; then \
           sed -e 's#LINK#ln -fs#' -e s#INSTALL_INC#/apps/cvsbuild/star/include# \
               >/apps/cvsbuild/star/bin/ ;\
           chmod 755 /apps/cvsbuild/star/bin/ ;\
        else :; fi
if test -n "fac_390_err"; then \
           cp -p fac_390_err /apps/cvsbuild/star/help;\
           chmod 644 /apps/cvsbuild/star/help/fac_390_err;\
           rm -f fac_390_err;\
           ln -fs /apps/cvsbuild/star/help/fac_390_err fac_390_err;\
        else :; fi
for f in  ""; do \
           if test -n "$f"; then \
              cp -p $f /apps/cvsbuild/star/docs;\
              chmod 644 /apps/cvsbuild/star/docs/$f;\
           else :; fi;\
        done
if test -n ""; then \
           pwd=`pwd`;\
           (cd /apps/cvsbuild/star/docs;\
           for f in  ""; do \
              if test -n "$f"; then\
                 tar -xf $pwd/${f}_tar;\
                 chmod 755 `find $f -type d -print`;\
                 chmod 644 `find $f ! -type d -print`;\
                 touch $f;\
              else :; fi;\
           done);\
           HTX_PATH='/apps/cvsbuild/star/docs:/apps/cvsbuild/star/help';\
           export HTX_PATH;\
           /apps/cvsbuild/star/bin/hlink /apps/cvsbuild/star/docs /apps/cvsbuild/star/help;\
        fi;
cp -p sock_datestamp /apps/cvsbuild/star/dates
chmod 444 /apps/cvsbuild/star/dates/sock_datestamp
chmod 644 sock_datestamp
rm sock_datestamp
ln -fs /apps/cvsbuild/star/dates/sock_datestamp sock_datestamp
make[2]: Leaving directory `/apps/cvsbuild/BUILDTEST/pcs/sock'

*** The SOCK package has been installed in directory /apps/cvsbuild/star

make[1]: Leaving directory `/apps/cvsbuild/BUILDTEST/pcs/sock'
cd atimer; ./mk install
mk: Environment variables defined for ix86_Linux system
make -e install
make[1]: Entering directory `/apps/cvsbuild/BUILDTEST/pcs/atimer'
make[2]: Entering directory `/apps/cvsbuild/BUILDTEST/pcs/atimer'
for f in atimer_link atimer_link_adam ""; do \
           if test -n "$f"; then \
              cp -p $f /apps/cvsbuild/star/bin;\
              chmod 755 /apps/cvsbuild/star/bin/$f;\
              rm -f $f;\
              ln -fs /apps/cvsbuild/star/bin/$f $f;\
           else :; fi;\
        done
for f in atimer.h atimer_par.h atimer_err.h ""; do \
           if test -n "$f"; then \
              cp -p $f /apps/cvsbuild/star/include;\
              chmod 644 /apps/cvsbuild/star/include/$f;\
              rm -f $f;\
              ln -fs /apps/cvsbuild/star/include/$f $f;\
           else :; fi;\
        done
for f in libatimer.a ""; do \
           if test -n "$f"; then \
              cp -p $f /apps/cvsbuild/star/lib;\
              chmod 644 /apps/cvsbuild/star/lib/$f;\
              rm -f $f;\
              ln -fs /apps/cvsbuild/star/lib/$f $f;\
           else :; fi;\
        done
for f in libatimer.so ""; do \
           if test -n "$f" -a -s "$f"; then \
              cp -p $f /apps/cvsbuild/star/share;\
              chmod 755 /apps/cvsbuild/star/share/$f;\
              rm -f $f;\
              ln -fs /apps/cvsbuild/star/share/$f $f;\
           else :; fi;\
        done
if test -n ""; then \
           sed -e 's#LINK#ln -fs#' -e s#INSTALL_INC#/apps/cvsbuild/star/include# \
               >/apps/cvsbuild/star/bin/ ;\
           chmod 755 /apps/cvsbuild/star/bin/ ;\
        else :; fi
if test -n "fac_380_err"; then \
           cp -p fac_380_err /apps/cvsbuild/star/help;\
           chmod 644 /apps/cvsbuild/star/help/fac_380_err;\
           rm -f fac_380_err;\
           ln -fs /apps/cvsbuild/star/help/fac_380_err fac_380_err;\
        else :; fi
for f in  ""; do \
           if test -n "$f"; then \
              cp -p $f /apps/cvsbuild/star/docs;\
              chmod 644 /apps/cvsbuild/star/docs/$f;\
           else :; fi;\
        done
if test -n ""; then \
           pwd=`pwd`;\
           (cd /apps/cvsbuild/star/docs;\
           for f in  ""; do \
              if test -n "$f"; then\
                 tar -xf $pwd/${f}_tar;\
                 chmod 755 `find $f -type d -print`;\
                 chmod 644 `find $f ! -type d -print`;\
                 touch $f;\
              else :; fi;\
           done);\
           HTX_PATH='/apps/cvsbuild/star/docs:/apps/cvsbuild/star/help';\
           export HTX_PATH;\
           /apps/cvsbuild/star/bin/hlink /apps/cvsbuild/star/docs /apps/cvsbuild/star/help;\
        fi;
cp -p atimer_datestamp /apps/cvsbuild/star/dates
chmod 444 /apps/cvsbuild/star/dates/atimer_datestamp
chmod 644 atimer_datestamp
rm atimer_datestamp
ln -fs /apps/cvsbuild/star/dates/atimer_datestamp atimer_datestamp
make[2]: Leaving directory `/apps/cvsbuild/BUILDTEST/pcs/atimer'

*** The ATIMER package has been installed in directory /apps/cvsbuild/star

make[1]: Leaving directory `/apps/cvsbuild/BUILDTEST/pcs/atimer'
cd msp; ./mk install
mk: Environment variables defined for ix86_Linux system
make -e install
make[1]: Entering directory `/apps/cvsbuild/BUILDTEST/pcs/msp'
make[2]: Entering directory `/apps/cvsbuild/BUILDTEST/pcs/msp'
for f in msp_link msp_link_adam ""; do \
           if test -n "$f"; then \
              cp -p $f /apps/cvsbuild/star/bin;\
              chmod 755 /apps/cvsbuild/star/bin/$f;\
              rm -f $f;\
              ln -fs /apps/cvsbuild/star/bin/$f $f;\
           else :; fi;\
        done
for f in msp.h msp_par.h msp_err.h ""; do \
           if test -n "$f"; then \
              cp -p $f /apps/cvsbuild/star/include;\
              chmod 644 /apps/cvsbuild/star/include/$f;\
              rm -f $f;\
              ln -fs /apps/cvsbuild/star/include/$f $f;\
           else :; fi;\
        done
for f in libmsp.a ""; do \
           if test -n "$f"; then \
              cp -p $f /apps/cvsbuild/star/lib;\
              chmod 644 /apps/cvsbuild/star/lib/$f;\
              rm -f $f;\
              ln -fs /apps/cvsbuild/star/lib/$f $f;\
           else :; fi;\
        done
for f in libmsp.so ""; do \
           if test -n "$f" -a -s "$f"; then \
              cp -p $f /apps/cvsbuild/star/share;\
              chmod 755 /apps/cvsbuild/star/share/$f;\
              rm -f $f;\
              ln -fs /apps/cvsbuild/star/share/$f $f;\
           else :; fi;\
        done
if test -n ""; then \
           sed -e 's#LINK#ln -fs#' -e s#INSTALL_INC#/apps/cvsbuild/star/include# \
               >/apps/cvsbuild/star/bin/ ;\
           chmod 755 /apps/cvsbuild/star/bin/ ;\
        else :; fi
if test -n "fac_1000_err"; then \
           cp -p fac_1000_err /apps/cvsbuild/star/help;\
           chmod 644 /apps/cvsbuild/star/help/fac_1000_err;\
           rm -f fac_1000_err;\
           ln -fs /apps/cvsbuild/star/help/fac_1000_err fac_1000_err;\
        else :; fi
for f in  ""; do \
           if test -n "$f"; then \
              cp -p $f /apps/cvsbuild/star/docs;\
              chmod 644 /apps/cvsbuild/star/docs/$f;\
           else :; fi;\
        done
if test -n ""; then \
           pwd=`pwd`;\
           (cd /apps/cvsbuild/star/docs;\
           for f in  ""; do \
              if test -n "$f"; then\
                 tar -xf $pwd/${f}_tar;\
                 chmod 755 `find $f -type d -print`;\
                 chmod 644 `find $f ! -type d -print`;\
                 touch $f;\
              else :; fi;\
           done);\
           HTX_PATH='/apps/cvsbuild/star/docs:/apps/cvsbuild/star/help';\
           export HTX_PATH;\
           /apps/cvsbuild/star/bin/hlink /apps/cvsbuild/star/docs /apps/cvsbuild/star/help;\
        fi;
cp -p msp_datestamp /apps/cvsbuild/star/dates
chmod 444 /apps/cvsbuild/star/dates/msp_datestamp
chmod 644 msp_datestamp
rm msp_datestamp
ln -fs /apps/cvsbuild/star/dates/msp_datestamp msp_datestamp
make[2]: Leaving directory `/apps/cvsbuild/BUILDTEST/pcs/msp'

*** The MSP package has been installed in directory /apps/cvsbuild/star

make[1]: Leaving directory `/apps/cvsbuild/BUILDTEST/pcs/msp'
cd messys; ./mk install
mk: Environment variables defined for ix86_Linux system
make -e install
make[1]: Entering directory `/apps/cvsbuild/BUILDTEST/pcs/messys'
make[2]: Entering directory `/apps/cvsbuild/BUILDTEST/pcs/messys'
for f in  ""; do \
           if test -n "$f"; then \
              cp -p $f /apps/cvsbuild/star/bin;\
              chmod 755 /apps/cvsbuild/star/bin/$f;\
              rm -f $f;\
              ln -fs /apps/cvsbuild/star/bin/$f $f;\
           else :; fi;\
        done
for f in messys_par messys_err messys_len messys_struc messys_dd messys_par.h messys_err.h messys_len.h ""; do \
           if test -n "$f"; then \
              cp -p $f /apps/cvsbuild/star/include;\
              chmod 644 /apps/cvsbuild/star/include/$f;\
              rm -f $f;\
              ln -fs /apps/cvsbuild/star/include/$f $f;\
           else :; fi;\
        done
for f in  ""; do \
           if test -n "$f"; then \
              cp -p $f /apps/cvsbuild/star/lib;\
              chmod 644 /apps/cvsbuild/star/lib/$f;\
              rm -f $f;\
              ln -fs /apps/cvsbuild/star/lib/$f $f;\
           else :; fi;\
        done
for f in  ""; do \
           if test -n "$f" -a -s "$f"; then \
              cp -p $f /apps/cvsbuild/star/share;\
              chmod 755 /apps/cvsbuild/star/share/$f;\
              rm -f $f;\
              ln -fs /apps/cvsbuild/star/share/$f $f;\
           else :; fi;\
        done
if test -n "messys_dev"; then \
           sed -e 's#LINK#ln -fs#' -e s#INSTALL_INC#/apps/cvsbuild/star/include# \
              messys_dev >/apps/cvsbuild/star/bin/messys_dev ;\
           chmod 755 /apps/cvsbuild/star/bin/messys_dev ;\
        else :; fi
if test -n "fac_110_err"; then \
           cp -p fac_110_err /apps/cvsbuild/star/help;\
           chmod 644 /apps/cvsbuild/star/help/fac_110_err;\
           rm -f fac_110_err;\
           ln -fs /apps/cvsbuild/star/help/fac_110_err fac_110_err;\
        else :; fi
for f in  ""; do \
           if test -n "$f"; then \
              cp -p $f /apps/cvsbuild/star/docs;\
              chmod 644 /apps/cvsbuild/star/docs/$f;\
           else :; fi;\
        done
if test -n ""; then \
           pwd=`pwd`;\
           (cd /apps/cvsbuild/star/docs;\
           for f in  ""; do \
              if test -n "$f"; then\
                 tar -xf $pwd/${f}_tar;\
                 chmod 755 `find $f -type d -print`;\
                 chmod 644 `find $f ! -type d -print`;\
                 touch $f;\
              else :; fi;\
           done);\
           HTX_PATH='/apps/cvsbuild/star/docs:/apps/cvsbuild/star/help';\
           export HTX_PATH;\
           /apps/cvsbuild/star/bin/hlink /apps/cvsbuild/star/docs /apps/cvsbuild/star/help;\
        fi;
cp -p messys_datestamp /apps/cvsbuild/star/dates
chmod 444 /apps/cvsbuild/star/dates/messys_datestamp
chmod 644 messys_datestamp
rm messys_datestamp
ln -fs /apps/cvsbuild/star/dates/messys_datestamp messys_datestamp
make[2]: Leaving directory `/apps/cvsbuild/BUILDTEST/pcs/messys'

*** The MESSYS package has been installed in directory /apps/cvsbuild/star

make[1]: Leaving directory `/apps/cvsbuild/BUILDTEST/pcs/messys'
cd adam; ./mk install
mk: Environment variables defined for ix86_Linux system
make -e install
make[1]: Entering directory `/apps/cvsbuild/BUILDTEST/pcs/adam'
make[2]: Entering directory `/apps/cvsbuild/BUILDTEST/pcs/adam'
for f in  ""; do \
           if test -n "$f"; then \
              cp -p $f /apps/cvsbuild/star/bin;\
              chmod 755 /apps/cvsbuild/star/bin/$f;\
              rm -f $f;\
              ln -fs /apps/cvsbuild/star/bin/$f $f;\
           else :; fi;\
        done
for f in adam_err adam_defns adam_defns.h ""; do \
           if test -n "$f"; then \
              cp -p $f /apps/cvsbuild/star/include;\
              chmod 644 /apps/cvsbuild/star/include/$f;\
              rm -f $f;\
              ln -fs /apps/cvsbuild/star/include/$f $f;\
           else :; fi;\
        done
for f in  ""; do \
           if test -n "$f"; then \
              cp -p $f /apps/cvsbuild/star/lib;\
              chmod 644 /apps/cvsbuild/star/lib/$f;\
              rm -f $f;\
              ln -fs /apps/cvsbuild/star/lib/$f $f;\
           else :; fi;\
        done
for f in  ""; do \
           if test -n "$f" -a -s "$f"; then \
              cp -p $f /apps/cvsbuild/star/share;\
              chmod 755 /apps/cvsbuild/star/share/$f;\
              rm -f $f;\
              ln -fs /apps/cvsbuild/star/share/$f $f;\
           else :; fi;\
        done
if test -n "adam_dev"; then \
           sed -e 's#LINK#ln -fs#' -e s#INSTALL_INC#/apps/cvsbuild/star/include# \
              adam_dev >/apps/cvsbuild/star/bin/adam_dev ;\
           chmod 755 /apps/cvsbuild/star/bin/adam_dev ;\
        else :; fi
if test -n ""; then \
           cp -p  /apps/cvsbuild/star/help;\
           chmod 644 /apps/cvsbuild/star/help/;\
           rm -f ;\
           ln -fs /apps/cvsbuild/star/help/ ;\
        else :; fi
for f in  ""; do \
           if test -n "$f"; then \
              cp -p $f /apps/cvsbuild/star/docs;\
              chmod 644 /apps/cvsbuild/star/docs/$f;\
           else :; fi;\
        done
if test -n ""; then \
           pwd=`pwd`;\
           (cd /apps/cvsbuild/star/docs;\
           for f in  ""; do \
              if test -n "$f"; then\
                 tar -xf $pwd/${f}_tar;\
                 chmod 755 `find $f -type d -print`;\
                 chmod 644 `find $f ! -type d -print`;\
                 touch $f;\
              else :; fi;\
           done);\
           HTX_PATH='/apps/cvsbuild/star/docs:/apps/cvsbuild/star/help';\
           export HTX_PATH;\
           /apps/cvsbuild/star/bin/hlink /apps/cvsbuild/star/docs /apps/cvsbuild/star/help;\
        fi;
cp -p adam_datestamp /apps/cvsbuild/star/dates
chmod 444 /apps/cvsbuild/star/dates/adam_datestamp
chmod 644 adam_datestamp
rm adam_datestamp
ln -fs /apps/cvsbuild/star/dates/adam_datestamp adam_datestamp
make[2]: Leaving directory `/apps/cvsbuild/BUILDTEST/pcs/adam'

*** The ADAM package has been installed in directory /apps/cvsbuild/star

make[1]: Leaving directory `/apps/cvsbuild/BUILDTEST/pcs/adam'
cd misc; ./mk install
mk: Environment variables defined for ix86_Linux system
make -e install
make[1]: Entering directory `/apps/cvsbuild/BUILDTEST/pcs/misc'
make[2]: Entering directory `/apps/cvsbuild/BUILDTEST/pcs/misc'
for f in misc_link_adam ""; do \
           if test -n "$f"; then \
              cp -p $f /apps/cvsbuild/star/bin;\
              chmod 755 /apps/cvsbuild/star/bin/$f;\
              rm -f $f;\
              ln -fs /apps/cvsbuild/star/bin/$f $f;\
           else :; fi;\
        done
for f in  ""; do \
           if test -n "$f"; then \
              cp -p $f /apps/cvsbuild/star/include;\
              chmod 644 /apps/cvsbuild/star/include/$f;\
              rm -f $f;\
              ln -fs /apps/cvsbuild/star/include/$f $f;\
           else :; fi;\
        done
for f in libmisc_adam.a ""; do \
           if test -n "$f"; then \
              cp -p $f /apps/cvsbuild/star/lib;\
              chmod 644 /apps/cvsbuild/star/lib/$f;\
              rm -f $f;\
              ln -fs /apps/cvsbuild/star/lib/$f $f;\
           else :; fi;\
        done
for f in libmisc_adam.so ""; do \
           if test -n "$f" -a -s "$f"; then \
              cp -p $f /apps/cvsbuild/star/share;\
              chmod 755 /apps/cvsbuild/star/share/$f;\
              rm -f $f;\
              ln -fs /apps/cvsbuild/star/share/$f $f;\
           else :; fi;\
        done
if test -n "misc_dev"; then \
           sed -e 's#LINK#ln -fs#' -e s#INSTALL_INC#/apps/cvsbuild/star/include# \
              misc_dev >/apps/cvsbuild/star/bin/misc_dev ;\
           chmod 755 /apps/cvsbuild/star/bin/misc_dev ;\
        else :; fi
if test -n ""; then \
           cp -p  /apps/cvsbuild/star/help;\
           chmod 644 /apps/cvsbuild/star/help/;\
           rm -f ;\
           ln -fs /apps/cvsbuild/star/help/ ;\
        else :; fi
for f in  ""; do \
           if test -n "$f"; then \
              cp -p $f /apps/cvsbuild/star/docs;\
              chmod 644 /apps/cvsbuild/star/docs/$f;\
           else :; fi;\
        done
if test -n ""; then \
           pwd=`pwd`;\
           (cd /apps/cvsbuild/star/docs;\
           for f in  ""; do \
              if test -n "$f"; then\
                 tar -xf $pwd/${f}_tar;\
                 chmod 755 `find $f -type d -print`;\
                 chmod 644 `find $f ! -type d -print`;\
                 touch $f;\
              else :; fi;\
           done);\
           HTX_PATH='/apps/cvsbuild/star/docs:/apps/cvsbuild/star/help';\
           export HTX_PATH;\
           /apps/cvsbuild/star/bin/hlink /apps/cvsbuild/star/docs /apps/cvsbuild/star/help;\
        fi;
cp -p misc_datestamp /apps/cvsbuild/star/dates
chmod 444 /apps/cvsbuild/star/dates/misc_datestamp
chmod 644 misc_datestamp
rm misc_datestamp
ln -fs /apps/cvsbuild/star/dates/misc_datestamp misc_datestamp
make[2]: Leaving directory `/apps/cvsbuild/BUILDTEST/pcs/misc'

*** The MISC package has been installed in directory /apps/cvsbuild/star

make[1]: Leaving directory `/apps/cvsbuild/BUILDTEST/pcs/misc'
cd subpar; ./mk install
mk: Environment variables defined for ix86_Linux system
make -e install
make[1]: Entering directory `/apps/cvsbuild/BUILDTEST/pcs/subpar'
make[2]: Entering directory `/apps/cvsbuild/BUILDTEST/pcs/subpar'
for f in subpar_link_adam ""; do \
           if test -n "$f"; then \
              cp -p $f /apps/cvsbuild/star/bin;\
              chmod 755 /apps/cvsbuild/star/bin/$f;\
              rm -f $f;\
              ln -fs /apps/cvsbuild/star/bin/$f $f;\
           else :; fi;\
        done
for f in subpar_err subpar_par subpar_err.h ""; do \
           if test -n "$f"; then \
              cp -p $f /apps/cvsbuild/star/include;\
              chmod 644 /apps/cvsbuild/star/include/$f;\
              rm -f $f;\
              ln -fs /apps/cvsbuild/star/include/$f $f;\
           else :; fi;\
        done
for f in libsubpar_adam.a ""; do \
           if test -n "$f"; then \
              cp -p $f /apps/cvsbuild/star/lib;\
              chmod 644 /apps/cvsbuild/star/lib/$f;\
              rm -f $f;\
              ln -fs /apps/cvsbuild/star/lib/$f $f;\
           else :; fi;\
        done
for f in libsubpar_adam.so ""; do \
           if test -n "$f" -a -s "$f"; then \
              cp -p $f /apps/cvsbuild/star/share;\
              chmod 755 /apps/cvsbuild/star/share/$f;\
              rm -f $f;\
              ln -fs /apps/cvsbuild/star/share/$f $f;\
           else :; fi;\
        done
if test -n "subpar_dev"; then \
           sed -e 's#LINK#ln -fs#' -e s#INSTALL_INC#/apps/cvsbuild/star/include# \
              subpar_dev >/apps/cvsbuild/star/bin/subpar_dev ;\
           chmod 755 /apps/cvsbuild/star/bin/subpar_dev ;\
        else :; fi
if test -n "fac_170_err"; then \
           cp -p fac_170_err /apps/cvsbuild/star/help;\
           chmod 644 /apps/cvsbuild/star/help/fac_170_err;\
           rm -f fac_170_err;\
           ln -fs /apps/cvsbuild/star/help/fac_170_err fac_170_err;\
        else :; fi
for f in  ""; do \
           if test -n "$f"; then \
              cp -p $f /apps/cvsbuild/star/docs;\
              chmod 644 /apps/cvsbuild/star/docs/$f;\
           else :; fi;\
        done
if test -n ""; then \
           pwd=`pwd`;\
           (cd /apps/cvsbuild/star/docs;\
           for f in  ""; do \
              if test -n "$f"; then\
                 tar -xf $pwd/${f}_tar;\
                 chmod 755 `find $f -type d -print`;\
                 chmod 644 `find $f ! -type d -print`;\
                 touch $f;\
              else :; fi;\
           done);\
           HTX_PATH='/apps/cvsbuild/star/docs:/apps/cvsbuild/star/help';\
           export HTX_PATH;\
           /apps/cvsbuild/star/bin/hlink /apps/cvsbuild/star/docs /apps/cvsbuild/star/help;\
        fi;
cp -p subpar_datestamp /apps/cvsbuild/star/dates
chmod 444 /apps/cvsbuild/star/dates/subpar_datestamp
chmod 644 subpar_datestamp
rm subpar_datestamp
ln -fs /apps/cvsbuild/star/dates/subpar_datestamp subpar_datestamp
make[2]: Leaving directory `/apps/cvsbuild/BUILDTEST/pcs/subpar'

*** The SUBPAR package has been installed in directory /apps/cvsbuild/star

make[1]: Leaving directory `/apps/cvsbuild/BUILDTEST/pcs/subpar'
cd parsecon; ./mk install
mk: Environment variables defined for ix86_Linux system
make -e install
make[1]: Entering directory `/apps/cvsbuild/BUILDTEST/pcs/parsecon'
make[2]: Entering directory `/apps/cvsbuild/BUILDTEST/pcs/parsecon'
for f in parsecon_link_adam ""; do \
           if test -n "$f"; then \
              cp -p $f /apps/cvsbuild/star/bin;\
              chmod 755 /apps/cvsbuild/star/bin/$f;\
              rm -f $f;\
              ln -fs /apps/cvsbuild/star/bin/$f $f;\
           else :; fi;\
        done
for f in parsecon_err parsecon_par ""; do \
           if test -n "$f"; then \
              cp -p $f /apps/cvsbuild/star/include;\
              chmod 644 /apps/cvsbuild/star/include/$f;\
              rm -f $f;\
              ln -fs /apps/cvsbuild/star/include/$f $f;\
           else :; fi;\
        done
for f in libparsecon_adam.a ""; do \
           if test -n "$f"; then \
              cp -p $f /apps/cvsbuild/star/lib;\
              chmod 644 /apps/cvsbuild/star/lib/$f;\
              rm -f $f;\
              ln -fs /apps/cvsbuild/star/lib/$f $f;\
           else :; fi;\
        done
for f in libparsecon_adam.so ""; do \
           if test -n "$f" -a -s "$f"; then \
              cp -p $f /apps/cvsbuild/star/share;\
              chmod 755 /apps/cvsbuild/star/share/$f;\
              rm -f $f;\
              ln -fs /apps/cvsbuild/star/share/$f $f;\
           else :; fi;\
        done
cp -p compifl /apps/cvsbuild/star/bin
chmod 755 /apps/cvsbuild/star/bin/compifl
rm -f compifl
ln -fs /apps/cvsbuild/star/bin/compifl compifl
if test -n "parsecon_dev"; then \
           sed -e 's#LINK#ln -fs#' -e s#INSTALL_INC#/apps/cvsbuild/star/include# \
              parsecon_dev >/apps/cvsbuild/star/bin/parsecon_dev ;\
           chmod 755 /apps/cvsbuild/star/bin/parsecon_dev ;\
        else :; fi
if test -n ""; then \
           cp -p  /apps/cvsbuild/star/help;\
           chmod 644 /apps/cvsbuild/star/help/;\
           rm -f ;\
           ln -fs /apps/cvsbuild/star/help/ ;\
        else :; fi
for f in  ""; do \
           if test -n "$f"; then \
              cp -p $f /apps/cvsbuild/star/docs;\
              chmod 644 /apps/cvsbuild/star/docs/$f;\
           else :; fi;\
        done
if test -n ""; then \
           pwd=`pwd`;\
           (cd /apps/cvsbuild/star/docs;\
           for f in  ""; do \
              if test -n "$f"; then\
                 tar -xf $pwd/${f}_tar;\
                 chmod 755 `find $f -type d -print`;\
                 chmod 644 `find $f ! -type d -print`;\
                 touch $f;\
              else :; fi;\
           done);\
           HTX_PATH='/apps/cvsbuild/star/docs:/apps/cvsbuild/star/help';\
           export HTX_PATH;\
           /apps/cvsbuild/star/bin/hlink /apps/cvsbuild/star/docs /apps/cvsbuild/star/help;\
        fi;
cp -p parsecon_datestamp /apps/cvsbuild/star/dates
chmod 444 /apps/cvsbuild/star/dates/parsecon_datestamp
chmod 644 parsecon_datestamp
rm parsecon_datestamp
ln -fs /apps/cvsbuild/star/dates/parsecon_datestamp parsecon_datestamp
make[2]: Leaving directory `/apps/cvsbuild/BUILDTEST/pcs/parsecon'

*** The PARSECON package has been installed in directory /apps/cvsbuild/star

make[1]: Leaving directory `/apps/cvsbuild/BUILDTEST/pcs/parsecon'
cd hdspar; ./mk install
mk: Environment variables defined for ix86_Linux system
make -e install
make[1]: Entering directory `/apps/cvsbuild/BUILDTEST/pcs/hdspar'
make[2]: Entering directory `/apps/cvsbuild/BUILDTEST/pcs/hdspar'
for f in hdspar_link_adam ""; do \
           if test -n "$f"; then \
              cp -p $f /apps/cvsbuild/star/bin;\
              chmod 755 /apps/cvsbuild/star/bin/$f;\
              rm -f $f;\
              ln -fs /apps/cvsbuild/star/bin/$f $f;\
           else :; fi;\
        done
for f in  ""; do \
           if test -n "$f"; then \
              cp -p $f /apps/cvsbuild/star/include;\
              chmod 644 /apps/cvsbuild/star/include/$f;\
              rm -f $f;\
              ln -fs /apps/cvsbuild/star/include/$f $f;\
           else :; fi;\
        done
for f in libhdspar_adam.a ""; do \
           if test -n "$f"; then \
              cp -p $f /apps/cvsbuild/star/lib;\
              chmod 644 /apps/cvsbuild/star/lib/$f;\
              rm -f $f;\
              ln -fs /apps/cvsbuild/star/lib/$f $f;\
           else :; fi;\
        done
for f in libhdspar_adam.so ""; do \
           if test -n "$f" -a -s "$f"; then \
              cp -p $f /apps/cvsbuild/star/share;\
              chmod 755 /apps/cvsbuild/star/share/$f;\
              rm -f $f;\
              ln -fs /apps/cvsbuild/star/share/$f $f;\
           else :; fi;\
        done
if test -n "hdspar_dev"; then \
           sed -e 's#LINK#ln -fs#' -e s#INSTALL_INC#/apps/cvsbuild/star/include# \
              hdspar_dev >/apps/cvsbuild/star/bin/hdspar_dev ;\
           chmod 755 /apps/cvsbuild/star/bin/hdspar_dev ;\
        else :; fi
if test -n ""; then \
           cp -p  /apps/cvsbuild/star/help;\
           chmod 644 /apps/cvsbuild/star/help/;\
           rm -f ;\
           ln -fs /apps/cvsbuild/star/help/ ;\
        else :; fi
for f in  ""; do \
           if test -n "$f"; then \
              cp -p $f /apps/cvsbuild/star/docs;\
              chmod 644 /apps/cvsbuild/star/docs/$f;\
           else :; fi;\
        done
if test -n ""; then \
           pwd=`pwd`;\
           (cd /apps/cvsbuild/star/docs;\
           for f in  ""; do \
              if test -n "$f"; then\
                 tar -xf $pwd/${f}_tar;\
                 chmod 755 `find $f -type d -print`;\
                 chmod 644 `find $f ! -type d -print`;\
                 touch $f;\
              else :; fi;\
           done);\
           HTX_PATH='/apps/cvsbuild/star/docs:/apps/cvsbuild/star/help';\
           export HTX_PATH;\
           /apps/cvsbuild/star/bin/hlink /apps/cvsbuild/star/docs /apps/cvsbuild/star/help;\
        fi;
cp -p hdspar_datestamp /apps/cvsbuild/star/dates
chmod 444 /apps/cvsbuild/star/dates/hdspar_datestamp
chmod 644 hdspar_datestamp
rm hdspar_datestamp
ln -fs /apps/cvsbuild/star/dates/hdspar_datestamp hdspar_datestamp
make[2]: Leaving directory `/apps/cvsbuild/BUILDTEST/pcs/hdspar'

*** The HDSPAR package has been installed in directory /apps/cvsbuild/star

make[1]: Leaving directory `/apps/cvsbuild/BUILDTEST/pcs/hdspar'
cd dtask; ./mk install
mk: Environment variables defined for ix86_Linux system
make -e install
make[1]: Entering directory `/apps/cvsbuild/BUILDTEST/pcs/dtask'
make[2]: Entering directory `/apps/cvsbuild/BUILDTEST/pcs/dtask'
mkdir -p /apps/cvsbuild/star/etc
for f in dtask_link_adam  ""; do \
           if test -n "$f"; then \
              cp -p $f /apps/cvsbuild/star/bin;\
              chmod 755 /apps/cvsbuild/star/bin/$f;\
              rm -f $f;\
              ln -fs /apps/cvsbuild/star/bin/$f $f;\
           else :; fi;\
        done
for f in dtask_err dtask_par dtask_err.h act_err act_err.h ""; do \
           if test -n "$f"; then \
              cp -p $f /apps/cvsbuild/star/include;\
              chmod 644 /apps/cvsbuild/star/include/$f;\
              rm -f $f;\
              ln -fs /apps/cvsbuild/star/include/$f $f;\
           else :; fi;\
        done
for f in libdtask_adam.a ""; do \
           if test -n "$f"; then \
              cp -p $f /apps/cvsbuild/star/lib;\
              chmod 644 /apps/cvsbuild/star/lib/$f;\
              rm -f $f;\
              ln -fs /apps/cvsbuild/star/lib/$f $f;\
           else :; fi;\
        done
for f in libdtask_adam.so ""; do \
           if test -n "$f" -a -s "$f"; then \
              cp -p $f /apps/cvsbuild/star/share;\
              chmod 755 /apps/cvsbuild/star/share/$f;\
              rm -f $f;\
              ln -fs /apps/cvsbuild/star/share/$f $f;\
           else :; fi;\
        done
if test -n "dtask_dev"; then \
           sed -e 's#LINK#ln -fs#' -e s#INSTALL_INC#/apps/cvsbuild/star/include# \
              dtask_dev >/apps/cvsbuild/star/bin/dtask_dev ;\
           chmod 755 /apps/cvsbuild/star/bin/dtask_dev ;\
        else :; fi
for f in alink ilink; do \
   case "ix86_Linux" in \
             sun4_Solaris) sed -e s#STARLINK#/apps/cvsbuild/star# \
                               -e s#INSTALL#/apps/cvsbuild/star# \
                               -e s#CC#gcc# \
                               -e s#FC#g77# \
                               -e "s#ALINK_FLAGS2#ALINK_FLAGS2 \
-L/usr/ccs/lib -lsocket -lnsl -ldl -lw#" $f | \
                           awk '$0 != prev {print; prev=$0}' - \
                               >/apps/cvsbuild/star/bin/$f;; \
             ix86_Linux) sed -e s#STARLINK#/apps/cvsbuild/star# \
                       -e s#INSTALL#/apps/cvsbuild/star# \
                       -e s#CC#gcc# \
                       -e s#FC#"g77 -fno-second-underscore"# $f | \
                   awk '$0 != prev {print; prev=$0}' - \
                       >/apps/cvsbuild/star/bin/$f;; \
             *) sed -e s#STARLINK#/apps/cvsbuild/star# \
                    -e s#INSTALL#/apps/cvsbuild/star# \
                    -e s#CC#gcc# \
                    -e s#FC#g77# $f | \
                awk '$0 != prev {print; prev=$0}' - \
                    >/apps/cvsbuild/star/bin/$f;; \
   esac; \
           chmod 755 /apps/cvsbuild/star/bin/$f;\
        done
cp -p dtask_main.o /apps/cvsbuild/star/lib
chmod 644 /apps/cvsbuild/star/lib/dtask_main.o
rm -f dtask_main.o
ln -fs /apps/cvsbuild/star/lib/dtask_main.o dtask_main.o
cp -p dtask_main.txt /apps/cvsbuild/star/etc
chmod 644 /apps/cvsbuild/star/etc/dtask_main.txt
rm -f dtask_main.txt
ln -fs /apps/cvsbuild/star/etc/dtask_main.txt dtask_main.txt
for f in fac_120_err fac_320_err; do \
           cp -p $f /apps/cvsbuild/star/help;\
           chmod 644 /apps/cvsbuild/star/help/$f;\
           rm -f $f;\
           ln -fs /apps/cvsbuild/star/help/$f $f;\
        done
for f in  ""; do \
           if test -n "$f"; then \
              cp -p $f /apps/cvsbuild/star/docs;\
              chmod 644 /apps/cvsbuild/star/docs/$f;\
           else :; fi;\
        done
if test -n ""; then \
           pwd=`pwd`;\
           (cd /apps/cvsbuild/star/docs;\
           for f in  ""; do \
              if test -n "$f"; then\
                 tar -xf $pwd/${f}_tar;\
                 chmod 755 `find $f -type d -print`;\
                 chmod 644 `find $f ! -type d -print`;\
                 touch $f;\
              else :; fi;\
           done);\
           HTX_PATH='/apps/cvsbuild/star/docs:/apps/cvsbuild/star/help';\
           export HTX_PATH;\
           /apps/cvsbuild/star/bin/hlink /apps/cvsbuild/star/docs /apps/cvsbuild/star/help;\
        fi;
cp -p dtask_datestamp /apps/cvsbuild/star/dates
chmod 444 /apps/cvsbuild/star/dates/dtask_datestamp
chmod 644 dtask_datestamp
rm dtask_datestamp
ln -fs /apps/cvsbuild/star/dates/dtask_datestamp dtask_datestamp
make[2]: Leaving directory `/apps/cvsbuild/BUILDTEST/pcs/dtask'

*** The DTASK package has been installed in directory /apps/cvsbuild/star

make[1]: Leaving directory `/apps/cvsbuild/BUILDTEST/pcs/dtask'
cd ams; ./mk install
mk: Environment variables defined for ix86_Linux system
make -e install
make[1]: Entering directory `/apps/cvsbuild/BUILDTEST/pcs/ams'
make[2]: Entering directory `/apps/cvsbuild/BUILDTEST/pcs/ams'
for f in ams_link_adam ""; do \
           if test -n "$f"; then \
              cp -p $f /apps/cvsbuild/star/bin;\
              chmod 755 /apps/cvsbuild/star/bin/$f;\
              rm -f $f;\
              ln -fs /apps/cvsbuild/star/bin/$f $f;\
           else :; fi;\
        done
for f in ams.h ams_sys.h ams_struc.h  ""; do \
           if test -n "$f"; then \
              cp -p $f /apps/cvsbuild/star/include;\
              chmod 644 /apps/cvsbuild/star/include/$f;\
              rm -f $f;\
              ln -fs /apps/cvsbuild/star/include/$f $f;\
           else :; fi;\
        done
for f in libams_adam.a ""; do \
           if test -n "$f"; then \
              cp -p $f /apps/cvsbuild/star/lib;\
              chmod 644 /apps/cvsbuild/star/lib/$f;\
              rm -f $f;\
              ln -fs /apps/cvsbuild/star/lib/$f $f;\
           else :; fi;\
        done
for f in libams_adam.so ""; do \
           if test -n "$f" -a -s "$f"; then \
              cp -p $f /apps/cvsbuild/star/share;\
              chmod 755 /apps/cvsbuild/star/share/$f;\
              rm -f $f;\
              ln -fs /apps/cvsbuild/star/share/$f $f;\
           else :; fi;\
        done
if test -n ""; then \
           sed -e 's#LINK#ln -fs#' -e s#INSTALL_INC#/apps/cvsbuild/star/include# \
               >/apps/cvsbuild/star/bin/ ;\
           chmod 755 /apps/cvsbuild/star/bin/ ;\
        else :; fi
if test -n ""; then \
           cp -p  /apps/cvsbuild/star/help;\
           chmod 644 /apps/cvsbuild/star/help/;\
           rm -f ;\
           ln -fs /apps/cvsbuild/star/help/ ;\
        else :; fi
for f in  ""; do \
           if test -n "$f"; then \
              cp -p $f /apps/cvsbuild/star/docs;\
              chmod 644 /apps/cvsbuild/star/docs/$f;\
           else :; fi;\
        done
if test -n ""; then \
           pwd=`pwd`;\
           (cd /apps/cvsbuild/star/docs;\
           for f in  ""; do \
              if test -n "$f"; then\
                 tar -xf $pwd/${f}_tar;\
                 chmod 755 `find $f -type d -print`;\
                 chmod 644 `find $f ! -type d -print`;\
                 touch $f;\
              else :; fi;\
           done);\
           HTX_PATH='/apps/cvsbuild/star/docs:/apps/cvsbuild/star/help';\
           export HTX_PATH;\
           /apps/cvsbuild/star/bin/hlink /apps/cvsbuild/star/docs /apps/cvsbuild/star/help;\
        fi;
cp -p ams_datestamp /apps/cvsbuild/star/dates
chmod 444 /apps/cvsbuild/star/dates/ams_datestamp
chmod 644 ams_datestamp
rm ams_datestamp
ln -fs /apps/cvsbuild/star/dates/ams_datestamp ams_datestamp
make[2]: Leaving directory `/apps/cvsbuild/BUILDTEST/pcs/ams'

*** The AMS package has been installed in directory /apps/cvsbuild/star

make[1]: Leaving directory `/apps/cvsbuild/BUILDTEST/pcs/ams'
cd task; ./mk install
mk: Environment variables defined for ix86_Linux system
make -e install
make[1]: Entering directory `/apps/cvsbuild/BUILDTEST/pcs/task'
make[2]: Entering directory `/apps/cvsbuild/BUILDTEST/pcs/task'
for f in task_link_adam ""; do \
           if test -n "$f"; then \
              cp -p $f /apps/cvsbuild/star/bin;\
              chmod 755 /apps/cvsbuild/star/bin/$f;\
              rm -f $f;\
              ln -fs /apps/cvsbuild/star/bin/$f $f;\
           else :; fi;\
        done
for f in task_err task_par ""; do \
           if test -n "$f"; then \
              cp -p $f /apps/cvsbuild/star/include;\
              chmod 644 /apps/cvsbuild/star/include/$f;\
              rm -f $f;\
              ln -fs /apps/cvsbuild/star/include/$f $f;\
           else :; fi;\
        done
for f in libtask_adam.a ""; do \
           if test -n "$f"; then \
              cp -p $f /apps/cvsbuild/star/lib;\
              chmod 644 /apps/cvsbuild/star/lib/$f;\
              rm -f $f;\
              ln -fs /apps/cvsbuild/star/lib/$f $f;\
           else :; fi;\
        done
for f in libtask_adam.so ""; do \
           if test -n "$f" -a -s "$f"; then \
              cp -p $f /apps/cvsbuild/star/share;\
              chmod 755 /apps/cvsbuild/star/share/$f;\
              rm -f $f;\
              ln -fs /apps/cvsbuild/star/share/$f $f;\
           else :; fi;\
        done
if test -n "task_dev"; then \
           sed -e 's#LINK#ln -fs#' -e s#INSTALL_INC#/apps/cvsbuild/star/include# \
              task_dev >/apps/cvsbuild/star/bin/task_dev ;\
           chmod 755 /apps/cvsbuild/star/bin/task_dev ;\
        else :; fi
if test -n "fac_364_err"; then \
           cp -p fac_364_err /apps/cvsbuild/star/help;\
           chmod 644 /apps/cvsbuild/star/help/fac_364_err;\
           rm -f fac_364_err;\
           ln -fs /apps/cvsbuild/star/help/fac_364_err fac_364_err;\
        else :; fi
for f in  ""; do \
           if test -n "$f"; then \
              cp -p $f /apps/cvsbuild/star/docs;\
              chmod 644 /apps/cvsbuild/star/docs/$f;\
           else :; fi;\
        done
if test -n ""; then \
           pwd=`pwd`;\
           (cd /apps/cvsbuild/star/docs;\
           for f in  ""; do \
              if test -n "$f"; then\
                 tar -xf $pwd/${f}_tar;\
                 chmod 755 `find $f -type d -print`;\
                 chmod 644 `find $f ! -type d -print`;\
                 touch $f;\
              else :; fi;\
           done);\
           HTX_PATH='/apps/cvsbuild/star/docs:/apps/cvsbuild/star/help';\
           export HTX_PATH;\
           /apps/cvsbuild/star/bin/hlink /apps/cvsbuild/star/docs /apps/cvsbuild/star/help;\
        fi;
cp -p task_datestamp /apps/cvsbuild/star/dates
chmod 444 /apps/cvsbuild/star/dates/task_datestamp
chmod 644 task_datestamp
rm task_datestamp
ln -fs /apps/cvsbuild/star/dates/task_datestamp task_datestamp
make[2]: Leaving directory `/apps/cvsbuild/BUILDTEST/pcs/task'

*** The TASK package has been installed in directory /apps/cvsbuild/star

make[1]: Leaving directory `/apps/cvsbuild/BUILDTEST/pcs/task'
make[1]: Entering directory `/apps/cvsbuild/BUILDTEST/pcs'
make install_pcs
make[2]: Entering directory `/apps/cvsbuild/BUILDTEST/pcs'
for f in ssn29.tex ssn77.tex sun115.tex sun134.tex sun144.tex sun224.tex sun241.tex ""; do \
           if test -n "$f"; then \
              cp -p $f /apps/cvsbuild/star/docs;\
              chmod 644 /apps/cvsbuild/star/docs/$f;\
              rm -f $f;\
              ln -s /apps/cvsbuild/star/docs/$f $f;\
           else :; fi;\
        done
if test -n "ssn29.htx ssn77.htx sun115.htx sun134.htx sun144.htx sun224.htx sun241.htx"; then \
           pwd=`pwd`;\
           (cd /apps/cvsbuild/star/docs;\
           for f in ssn29.htx ssn77.htx sun115.htx sun134.htx sun144.htx sun224.htx sun241.htx ""; do \
              if test -n "$f"; then\
                 tar -xf $pwd/${f}_tar;\
                 chmod 755 `find $f -type d -print`;\
                 chmod 644 `find $f ! -type d -print`;\
                 touch $f;\
              else :; fi;\
           done);\
           HTX_PATH=':/apps/cvsbuild/star/help';\
           export HTX_PATH;\
           /apps/cvsbuild/star/bin/hlink /apps/cvsbuild/star/docs /apps/cvsbuild/star/help;\
        fi;
Updating index file for document: sun144
Updating index file for document: sun224
Updating index file for document: sun241
Updating index file for document: ssn29
Updating index file for document: ssn77
Updating index file for document: sun115
Updating index file for document: sun134
8 hypertext documents need re-linking
   updating cross-references in document ssn29 (5 files to modify)...
   replacing original files with re-linked versions...
      ...document ssn29 linked
   updating cross-references in document ssn77 (9 files to modify)...
   replacing original files with re-linked versions...
      ...document ssn77 linked
   updating cross-references in document sun115 (6 files to modify)...
   replacing original files with re-linked versions...
      ...document sun115 linked
   updating cross-references in document sun134 (1 files to modify)...
   replacing original files with re-linked versions...
      ...document sun134 linked
   updating cross-references in document sun144 (13 files to modify)...
   replacing original files with re-linked versions...
      ...document sun144 linked
   updating cross-references in document sun209 (5 files to modify)...
   replacing original files with re-linked versions...
      ...document sun209 linked
   updating cross-references in document sun224 (10 files to modify)...
   replacing original files with re-linked versions...
      ...document sun224 linked
   updating cross-references in document sun241 (1 files to modify)...
   replacing original files with re-linked versions...
      ...document sun241 linked
cp -p PCS_CONDITIONS /apps/cvsbuild/star/dates
chmod 444 /apps/cvsbuild/star/dates/PCS_CONDITIONS
cp -p pcs_datestamp /apps/cvsbuild/star/dates
chmod 444 /apps/cvsbuild/star/dates/pcs_datestamp
chmod 644 pcs_datestamp
rm pcs_datestamp
ln -s /apps/cvsbuild/star/dates/pcs_datestamp pcs_datestamp
make[2]: Leaving directory `/apps/cvsbuild/BUILDTEST/pcs'
make[1]: Leaving directory `/apps/cvsbuild/BUILDTEST/pcs'

*** The PCS package has been installed in directory /apps/cvsbuild/star

