mk: Environment variables defined for ix86_Linux system
make -e build
cd lex; ./mk build
mk: Environment variables defined for ix86_Linux system
make -e build
make[1]: Entering directory `/apps/cvsbuild/BUILDTEST/pcs/lex'
make[2]: Entering directory `/apps/cvsbuild/BUILDTEST/pcs/lex'
tar -xf lex_source.tar lex_link_adam
tar -xf lex_source.tar lex_err
tar -xf lex_source.tar lex_par
tar -xf lex_source.tar lex_cmdline.f
ln -fs /apps/cvsbuild/star/include/sae_par SAE_PAR
g77 -fno-second-underscore -O -fPIC -c lex_cmdline.f
tar -xf lex_source.tar lex_cmdset.f
ln -fs lex_par LEX_PAR
g77 -fno-second-underscore -O -fPIC -c lex_cmdset.f
tar -xf lex_source.tar lex_init.f
g77 -fno-second-underscore -O -fPIC -c lex_init.f
tar -xf lex_source.tar lex_parse.f
ln -fs lex_err LEX_ERR
g77 -fno-second-underscore -O -fPIC -c lex_parse.f
tar -xf lex_source.tar lex_set.f
g77 -fno-second-underscore -O -fPIC -c lex_set.f
ar r liblex_adam.a lex_cmdline.o lex_cmdset.o lex_init.o lex_parse.o lex_set.o
ranlib liblex_adam.a
touch liblex_adam.so
f() { ld -shared -soname $1 -o $1 $2;}; f liblex_adam.so ' lex_cmdline.o lex_cmdset.o lex_init.o lex_parse.o lex_set.o  ' \
          '-L/apps/cvsbuild/star/lib -L/apps/cvsbuild/star/lib `./lex_link_adam`'
tar -xf lex_source.tar lex_dev
make[2]: Leaving directory `/apps/cvsbuild/BUILDTEST/pcs/lex'

*** The LEX package has been built

make[1]: Leaving directory `/apps/cvsbuild/BUILDTEST/pcs/lex'
cd string; ./mk build
mk: Environment variables defined for ix86_Linux system
make -e build
make[1]: Entering directory `/apps/cvsbuild/BUILDTEST/pcs/string'
make[2]: Entering directory `/apps/cvsbuild/BUILDTEST/pcs/string'
tar -xf string_source.tar string_link_adam
tar -xf string_source.tar str_buildarr.f
ln -fs /apps/cvsbuild/star/include/sae_par SAE_PAR
g77 -fno-second-underscore -O -fPIC -c str_buildarr.f
tar -xf string_source.tar str_arrchar.f
ln -fs /apps/cvsbuild/star/include/chr_err CHR_ERR
g77 -fno-second-underscore -O -fPIC -c str_arrchar.f
tar -xf string_source.tar str_ianyl.f
g77 -fno-second-underscore -O -fPIC -c str_ianyl.f
tar -xf string_source.tar str_ianyr.f
g77 -fno-second-underscore -O -fPIC -c str_ianyr.f
tar -xf string_source.tar str_inanyl.f
g77 -fno-second-underscore -O -fPIC -c str_inanyl.f
tar -xf string_source.tar str_inanyr.f
g77 -fno-second-underscore -O -fPIC -c str_inanyr.f
tar -xf string_source.tar str_pack.f
g77 -fno-second-underscore -O -fPIC -c str_pack.f
tar -xf string_source.tar str_split.f
g77 -fno-second-underscore -O -fPIC -c str_split.f
tar -xf string_source.tar str_stripquot.f
g77 -fno-second-underscore -O -fPIC -c str_stripquot.f
ar r libstring_adam.a str_buildarr.o str_arrchar.o str_ianyl.o str_ianyr.o str_inanyl.o str_inanyr.o str_pack.o str_split.o str_stripquot.o
ranlib libstring_adam.a
touch libstring_adam.so
f() { ld -shared -soname $1 -o $1 $2;}; f libstring_adam.so ' str_buildarr.o str_arrchar.o str_ianyl.o str_ianyr.o str_inanyl.o str_inanyr.o str_pack.o str_split.o str_stripquot.o  ' '-L/apps/cvsbuild/star/lib -lems'
tar -xf string_source.tar string_dev
make[2]: Leaving directory `/apps/cvsbuild/BUILDTEST/pcs/string'

*** The STRING package has been built

make[1]: Leaving directory `/apps/cvsbuild/BUILDTEST/pcs/string'
cd sock; ./mk build
mk: Environment variables defined for ix86_Linux system
make -e build
make[1]: Entering directory `/apps/cvsbuild/BUILDTEST/pcs/sock'
make[2]: Entering directory `/apps/cvsbuild/BUILDTEST/pcs/sock'
tar -xf sock_source.tar sock_link
tar -xf sock_source.tar sock_link_adam
tar -xf sock_source.tar sock.h
tar -xf sock_source.tar sock_err.h
tar -xf sock_source.tar sock.c
ln -fs /apps/cvsbuild/star/include/sae_par.h sae_par.h
gcc -I/apps/cvsbuild/star/include -O -fPIC -c sock.c
ar r libsock.a sock.o
ranlib libsock.a
touch libsock.so
f() { ld -shared -soname $1 -o $1 $2;}; f libsock.so '   sock.o'
tar -xf sock_source.tar fac_390_err
make[2]: Leaving directory `/apps/cvsbuild/BUILDTEST/pcs/sock'

*** The SOCK package has been built

make[1]: Leaving directory `/apps/cvsbuild/BUILDTEST/pcs/sock'
cd atimer; ./mk build
mk: Environment variables defined for ix86_Linux system
make -e build
make[1]: Entering directory `/apps/cvsbuild/BUILDTEST/pcs/atimer'
make[2]: Entering directory `/apps/cvsbuild/BUILDTEST/pcs/atimer'
tar -xf atimer_source.tar atimer_link
tar -xf atimer_source.tar atimer_link_adam
tar -xf atimer_source.tar atimer.h
tar -xf atimer_source.tar atimer_par.h
tar -xf atimer_source.tar atimer_err.h
tar -xf atimer_source.tar atimer.c
tar -xf atimer_source.tar atimer_static.h
ln -fs /apps/cvsbuild/star/include/sae_par.h sae_par.h
ln -fs /apps/cvsbuild/star/include/f77.h f77.h
ln -fs /apps/cvsbuild/star/include/cnf.h cnf.h
gcc -I/apps/cvsbuild/star/include -O -fPIC -c atimer.c
tar -xf atimer_source.tar fatimer.c
gcc -I/apps/cvsbuild/star/include -O -fPIC -c fatimer.c
ar r libatimer.a atimer.o fatimer.o
ranlib libatimer.a
touch libatimer.so
f() { ld -shared -soname $1 -o $1 $2;}; f libatimer.so '   atimer.o fatimer.o'
tar -xf atimer_source.tar fac_380_err
make[2]: Leaving directory `/apps/cvsbuild/BUILDTEST/pcs/atimer'

*** The ATIMER package has been built

make[1]: Leaving directory `/apps/cvsbuild/BUILDTEST/pcs/atimer'
cd msp; ./mk build
mk: Environment variables defined for ix86_Linux system
make -e build
make[1]: Entering directory `/apps/cvsbuild/BUILDTEST/pcs/msp'
make[2]: Entering directory `/apps/cvsbuild/BUILDTEST/pcs/msp'
tar -xf msp_source.tar msp_link
tar -xf msp_source.tar msp_link_adam
tar -xf msp_source.tar msp.h
tar -xf msp_source.tar msp_par.h
tar -xf msp_source.tar msp_err.h
tar -xf msp_source.tar msp.c
tar -xf msp_source.tar msp_static.h
ln -fs /apps/cvsbuild/star/include/sae_par.h sae_par.h
ln -fs ../sock/sock.h sock.h
gcc -I/apps/cvsbuild/star/include -O -fPIC -c msp.c
ar r libmsp.a msp.o
ranlib libmsp.a
touch libmsp.so
f() { ld -shared -soname $1 -o $1 $2;}; f libmsp.so '   msp.o' "-L/apps/cvsbuild/star/lib -lems"
tar -xf msp_source.tar fac_1000_err
make[2]: Leaving directory `/apps/cvsbuild/BUILDTEST/pcs/msp'

*** The MSP package has been built

make[1]: Leaving directory `/apps/cvsbuild/BUILDTEST/pcs/msp'
cd messys; ./mk build
mk: Environment variables defined for ix86_Linux system
make -e build
make[1]: Entering directory `/apps/cvsbuild/BUILDTEST/pcs/messys'
make[2]: Entering directory `/apps/cvsbuild/BUILDTEST/pcs/messys'
tar -xf messys_source.tar messys_par
tar -xf messys_source.tar messys_err
tar -xf messys_source.tar messys_len
tar -xf messys_source.tar messys_struc
tar -xf messys_source.tar messys_dd
tar -xf messys_source.tar messys_par.h
tar -xf messys_source.tar messys_err.h
tar -xf messys_source.tar messys_len.h
tar -xf messys_source.tar messys_dev
tar -xf messys_source.tar fac_110_err
make[2]: Leaving directory `/apps/cvsbuild/BUILDTEST/pcs/messys'

*** The MESSYS package has been built

make[1]: Leaving directory `/apps/cvsbuild/BUILDTEST/pcs/messys'
cd adam; ./mk build
mk: Environment variables defined for ix86_Linux system
make -e build
make[1]: Entering directory `/apps/cvsbuild/BUILDTEST/pcs/adam'
make[2]: Entering directory `/apps/cvsbuild/BUILDTEST/pcs/adam'
tar -xf adam_source.tar adam_err
tar -xf adam_source.tar adam_defns
tar -xf adam_source.tar adam_defns.h
tar -xf adam_source.tar adam_dev
make[2]: Leaving directory `/apps/cvsbuild/BUILDTEST/pcs/adam'

*** The ADAM package has been built

make[1]: Leaving directory `/apps/cvsbuild/BUILDTEST/pcs/adam'
cd misc; ./mk build
mk: Environment variables defined for ix86_Linux system
make -e build
make[1]: Entering directory `/apps/cvsbuild/BUILDTEST/pcs/misc'
make[2]: Entering directory `/apps/cvsbuild/BUILDTEST/pcs/misc'
tar -xf misc_source.tar misc_link_adam
tar -xf misc_source.tar icl_writea.f
g77 -fno-second-underscore -O -fPIC -c icl_writea.f
tar -xf misc_source.tar icl_reada.c
ln -fs /apps/cvsbuild/star/include/f77.h f77.h
gcc -I/apps/cvsbuild/star/include -O -fPIC -c icl_reada.c
tar -xf misc_source.tar putenv.c
gcc -I/apps/cvsbuild/star/include -O -fPIC -c putenv.c
tar -xf misc_source.tar access.c
gcc -I/apps/cvsbuild/star/include -O -fPIC -c access.c
tar -xf misc_source.tar chdir.c
gcc -I/apps/cvsbuild/star/include -O -fPIC -c chdir.c
tar -xf misc_source.tar getcwd.c
gcc -I/apps/cvsbuild/star/include -O -fPIC -c getcwd.c
ar r libmisc_adam.a icl_writea.o icl_reada.o putenv.o access.o chdir.o getcwd.o
ranlib libmisc_adam.a
touch libmisc_adam.so
f() { ld -shared -soname $1 -o $1 $2;}; f libmisc_adam.so ' icl_writea.o  icl_reada.o putenv.o access.o chdir.o getcwd.o' '-L/apps/cvsbuild/star/lib -lems'
tar -xf misc_source.tar misc_dev
make[2]: Leaving directory `/apps/cvsbuild/BUILDTEST/pcs/misc'

*** The MISC package has been built

make[1]: Leaving directory `/apps/cvsbuild/BUILDTEST/pcs/misc'
cd subpar; ./mk build
mk: Environment variables defined for ix86_Linux system
make -e build
make[1]: Entering directory `/apps/cvsbuild/BUILDTEST/pcs/subpar'
make[2]: Entering directory `/apps/cvsbuild/BUILDTEST/pcs/subpar'
tar -xf subpar_source.tar subpar_link_adam
tar -xf subpar_source.tar subpar_err
tar -xf subpar_source.tar subpar_par
tar -xf subpar_source.tar subpar_err.h
tar -xf subpar_source.tar sup_accpt.f
ln -fs /apps/cvsbuild/star/include/sae_par SAE_PAR
ln -fs /apps/cvsbuild/star/include/dat_par DAT_PAR
tar -xf subpar_source.tar subpar_cmn
ln -fs subpar_cmn SUBPAR_CMN
tar -xf subpar_source.tar subpar_sys
ln -fs subpar_sys SUBPAR_SYS
g77 -fno-second-underscore -O -fPIC -c sup_accpt.f
tar -xf subpar_source.tar sup_accpt1.f
ln -fs subpar_par SUBPAR_PAR
g77 -fno-second-underscore -O -fPIC -c sup_accpt1.f
tar -xf subpar_source.tar sup_actdcl.f
ln -fs /apps/cvsbuild/star/include/dat_err DAT_ERR
g77 -fno-second-underscore -O -fPIC -c sup_actdcl.f
tar -xf subpar_source.tar sup_activ.f
g77 -fno-second-underscore -O -fPIC -c sup_activ.f
tar -xf subpar_source.tar sup_actname.f
ln -fs subpar_err SUBPAR_ERR
g77 -fno-second-underscore -O -fPIC -c sup_actname.f
tar -xf subpar_source.tar sup_array.f
ln -fs ../lex/lex_par LEX_PAR
ln -fs ../lex/lex_err LEX_ERR
g77 -fno-second-underscore -O -fPIC -c sup_array.f
tar -xf subpar_source.tar sup_assoc.f
tar -xf subpar_source.tar subpar_parerr
ln -fs subpar_parerr SUBPAR_PARERR
g77 -fno-second-underscore -O -fPIC -c sup_assoc.f
tar -xf subpar_source.tar sup_bascopy.f
g77 -fno-second-underscore -O -fPIC -c sup_bascopy.f
tar -xf subpar_source.tar sup_cancl.f
g77 -fno-second-underscore -O -fPIC -c sup_cancl.f
tar -xf subpar_source.tar sup_canloc.f
g77 -fno-second-underscore -O -fPIC -c sup_canloc.f
tar -xf subpar_source.tar sup_checkname.f
g77 -fno-second-underscore -O -fPIC -c sup_checkname.f
tar -xf subpar_source.tar sup_cmdline.f
ln -fs ../adam/adam_defns ADAM_DEFNS
g77 -fno-second-underscore -O -fPIC -c sup_cmdline.f
tar -xf subpar_source.tar sup_cmdpar.f
g77 -fno-second-underscore -O -fPIC -c sup_cmdpar.f
tar -xf subpar_source.tar sup_convals.f
g77 -fno-second-underscore -O -fPIC -c sup_convals.f
tar -xf subpar_source.tar sup_creat.f
g77 -fno-second-underscore -O -fPIC -c sup_creat.f
tar -xf subpar_source.tar sup_credyn.f
g77 -fno-second-underscore -O -fPIC -c sup_credyn.f
tar -xf subpar_source.tar sup_crint.f
g77 -fno-second-underscore -O -fPIC -c sup_crint.f
tar -xf subpar_source.tar sup_ctype.f
g77 -fno-second-underscore -O -fPIC -c sup_ctype.f
tar -xf subpar_source.tar sup_curloc.f
g77 -fno-second-underscore -O -fPIC -c sup_curloc.f
tar -xf subpar_source.tar sup_curname.f
g77 -fno-second-underscore -O -fPIC -c sup_curname.f
tar -xf subpar_source.tar sup_cursav.f
g77 -fno-second-underscore -O -fPIC -c sup_cursav.f
tar -xf subpar_source.tar sup_curval.f
g77 -fno-second-underscore -O -fPIC -c sup_curval.f
tar -xf subpar_source.tar sup_deact.f
g77 -fno-second-underscore -O -fPIC -c sup_deact.f
tar -xf subpar_source.tar sup_def0c.f
g77 -fno-second-underscore -O -fPIC -c sup_def0c.f
tar -xf subpar_source.tar sup_def0d.f
g77 -fno-second-underscore -O -fPIC -c sup_def0d.f
tar -xf subpar_source.tar sup_def0i.f
g77 -fno-second-underscore -O -fPIC -c sup_def0i.f
tar -xf subpar_source.tar sup_def0l.f
g77 -fno-second-underscore -O -fPIC -c sup_def0l.f
tar -xf subpar_source.tar sup_def0r.f
g77 -fno-second-underscore -O -fPIC -c sup_def0r.f
tar -xf subpar_source.tar sup_def1c.f
g77 -fno-second-underscore -O -fPIC -c sup_def1c.f
tar -xf subpar_source.tar sup_def1d.f
g77 -fno-second-underscore -O -fPIC -c sup_def1d.f
tar -xf subpar_source.tar sup_def1i.f
g77 -fno-second-underscore -O -fPIC -c sup_def1i.f
tar -xf subpar_source.tar sup_def1l.f
g77 -fno-second-underscore -O -fPIC -c sup_def1l.f
tar -xf subpar_source.tar sup_def1r.f
g77 -fno-second-underscore -O -fPIC -c sup_def1r.f
tar -xf subpar_source.tar sup_defnc.f
g77 -fno-second-underscore -O -fPIC -c sup_defnc.f
tar -xf subpar_source.tar sup_defnd.f
g77 -fno-second-underscore -O -fPIC -c sup_defnd.f
tar -xf subpar_source.tar sup_defni.f
g77 -fno-second-underscore -O -fPIC -c sup_defni.f
tar -xf subpar_source.tar sup_defnl.f
g77 -fno-second-underscore -O -fPIC -c sup_defnl.f
tar -xf subpar_source.tar sup_defnr.f
g77 -fno-second-underscore -O -fPIC -c sup_defnr.f
tar -xf subpar_source.tar sup_datdef.f
g77 -fno-second-underscore -O -fPIC -c sup_datdef.f
tar -xf subpar_source.tar sup_datfind.f
g77 -fno-second-underscore -O -fPIC -c sup_datfind.f
tar -xf subpar_source.tar sup_delet.f
g77 -fno-second-underscore -O -fPIC -c sup_delet.f
tar -xf subpar_source.tar sup_eflsh.f
ln -fs /apps/cvsbuild/star/include/ems_par EMS_PAR
g77 -fno-second-underscore -O -fPIC -c sup_eflsh.f
tar -xf subpar_source.tar sup_enquote.f
g77 -fno-second-underscore -O -fPIC -c sup_enquote.f
tar -xf subpar_source.tar sup_exhandler.f
g77 -fno-second-underscore -O -fPIC -c sup_exhandler.f
tar -xf subpar_source.tar sup_exist.f
g77 -fno-second-underscore -O -fPIC -c sup_exist.f
tar -xf subpar_source.tar sup_fetchc.f
g77 -fno-second-underscore -O -fPIC -c sup_fetchc.f
tar -xf subpar_source.tar sup_fetchd.f
g77 -fno-second-underscore -O -fPIC -c sup_fetchd.f
tar -xf subpar_source.tar sup_fetchi.f
g77 -fno-second-underscore -O -fPIC -c sup_fetchi.f
tar -xf subpar_source.tar sup_fetchl.f
g77 -fno-second-underscore -O -fPIC -c sup_fetchl.f
tar -xf subpar_source.tar sup_fetchr.f
g77 -fno-second-underscore -O -fPIC -c sup_fetchr.f
tar -xf subpar_source.tar sup_findact.f
g77 -fno-second-underscore -O -fPIC -c sup_findact.f
tar -xf subpar_source.tar sup_findhds.f
g77 -fno-second-underscore -O -fPIC -c sup_findhds.f
tar -xf subpar_source.tar sup_findkey.f
g77 -fno-second-underscore -O -fPIC -c sup_findkey.f
tar -xf subpar_source.tar sup_findpar.f
g77 -fno-second-underscore -O -fPIC -c sup_findpar.f
tar -xf subpar_source.tar sup_fprompt.f
g77 -fno-second-underscore -O -fPIC -c sup_fprompt.f
tar -xf subpar_source.tar sup_get.f
g77 -fno-second-underscore -O -fPIC -c sup_get.f
tar -xf subpar_source.tar sup_get0c.f
g77 -fno-second-underscore -O -fPIC -c sup_get0c.f
tar -xf subpar_source.tar sup_get0d.f
g77 -fno-second-underscore -O -fPIC -c sup_get0d.f
tar -xf subpar_source.tar sup_get0i.f
g77 -fno-second-underscore -O -fPIC -c sup_get0i.f
tar -xf subpar_source.tar sup_get0l.f
g77 -fno-second-underscore -O -fPIC -c sup_get0l.f
tar -xf subpar_source.tar sup_get0r.f
g77 -fno-second-underscore -O -fPIC -c sup_get0r.f
tar -xf subpar_source.tar sup_get1c.f
g77 -fno-second-underscore -O -fPIC -c sup_get1c.f
tar -xf subpar_source.tar sup_get1d.f
g77 -fno-second-underscore -O -fPIC -c sup_get1d.f
tar -xf subpar_source.tar sup_get1i.f
g77 -fno-second-underscore -O -fPIC -c sup_get1i.f
tar -xf subpar_source.tar sup_get1r.f
g77 -fno-second-underscore -O -fPIC -c sup_get1r.f
tar -xf subpar_source.tar sup_get1l.f
g77 -fno-second-underscore -O -fPIC -c sup_get1l.f
tar -xf subpar_source.tar sup_getfloc.f
g77 -fno-second-underscore -O -fPIC -c sup_getfloc.f
tar -xf subpar_source.tar sup_gethds.f
g77 -fno-second-underscore -O -fPIC -c sup_gethds.f
tar -xf subpar_source.tar sup_getkey.f
g77 -fno-second-underscore -O -fPIC -c sup_getkey.f
tar -xf subpar_source.tar sup_getloc.f
g77 -fno-second-underscore -O -fPIC -c sup_getloc.f
tar -xf subpar_source.tar sup_getnc.f
g77 -fno-second-underscore -O -fPIC -c sup_getnc.f
tar -xf subpar_source.tar sup_getnd.f
g77 -fno-second-underscore -O -fPIC -c sup_getnd.f
tar -xf subpar_source.tar sup_getni.f
g77 -fno-second-underscore -O -fPIC -c sup_getni.f
tar -xf subpar_source.tar sup_getnr.f
g77 -fno-second-underscore -O -fPIC -c sup_getnr.f
tar -xf subpar_source.tar sup_getnl.f
g77 -fno-second-underscore -O -fPIC -c sup_getnl.f
tar -xf subpar_source.tar sup_getname.f
g77 -fno-second-underscore -O -fPIC -c sup_getname.f
tar -xf subpar_source.tar sup_getvc.f
g77 -fno-second-underscore -O -fPIC -c sup_getvc.f
tar -xf subpar_source.tar sup_getvd.f
g77 -fno-second-underscore -O -fPIC -c sup_getvd.f
tar -xf subpar_source.tar sup_getvi.f
g77 -fno-second-underscore -O -fPIC -c sup_getvi.f
tar -xf subpar_source.tar sup_getvr.f
g77 -fno-second-underscore -O -fPIC -c sup_getvr.f
tar -xf subpar_source.tar sup_getvl.f
g77 -fno-second-underscore -O -fPIC -c sup_getvl.f
tar -xf subpar_source.tar sup_gref.f
g77 -fno-second-underscore -O -fPIC -c sup_gref.f
tar -xf subpar_source.tar sup_hdsarr.f
g77 -fno-second-underscore -O -fPIC -c sup_hdsarr.f
tar -xf subpar_source.tar sup_hdsass.f
g77 -fno-second-underscore -O -fPIC -c sup_hdsass.f
tar -xf subpar_source.tar sup_hdsdef.f
g77 -fno-second-underscore -O -fPIC -c sup_hdsdef.f
tar -xf subpar_source.tar sup_hdsdyn.f
g77 -fno-second-underscore -O -fPIC -c sup_hdsdyn.f
tar -xf subpar_source.tar sup_hdsin.f
g77 -fno-second-underscore -O -fPIC -c sup_hdsin.f
tar -xf subpar_source.tar sup_hdslocs.f
g77 -fno-second-underscore -O -fPIC -c sup_hdslocs.f
tar -xf subpar_source.tar sup_hdsopen.f
g77 -fno-second-underscore -O -fPIC -c sup_hdsopen.f
tar -xf subpar_source.tar sup_hlpex.f
g77 -fno-second-underscore -O -fPIC -c sup_hlpex.f
tar -xf subpar_source.tar sup_index.f
g77 -fno-second-underscore -O -fPIC -c sup_index.f
tar -xf subpar_source.tar sup_init.f
g77 -fno-second-underscore -O -fPIC -c sup_init.f
tar -xf subpar_source.tar sup_input.f
g77 -fno-second-underscore -O -fPIC -c sup_input.f
tar -xf subpar_source.tar sup_intloc.f
g77 -fno-second-underscore -O -fPIC -c sup_intloc.f
tar -xf subpar_source.tar sup_iput.f
g77 -fno-second-underscore -O -fPIC -c sup_iput.f
tar -xf subpar_source.tar sup_keyreq.f
ln -fs ../messys/messys_par MESSYS_PAR
ln -fs ../messys/messys_err MESSYS_ERR
g77 -fno-second-underscore -O -fPIC -c sup_keyreq.f
tar -xf subpar_source.tar sup_ldifc0.f
g77 -fno-second-underscore -O -fPIC -c sup_ldifc0.f
tar -xf subpar_source.tar sup_ldifc1.f
g77 -fno-second-underscore -O -fPIC -c sup_ldifc1.f
tar -xf subpar_source.tar sup_limitc.f
g77 -fno-second-underscore -O -fPIC -c sup_limitc.f
tar -xf subpar_source.tar sup_limitd.f
g77 -fno-second-underscore -O -fPIC -c sup_limitd.f
tar -xf subpar_source.tar sup_limiti.f
g77 -fno-second-underscore -O -fPIC -c sup_limiti.f
tar -xf subpar_source.tar sup_limitr.f
g77 -fno-second-underscore -O -fPIC -c sup_limitr.f
tar -xf subpar_source.tar sup_loadifc.f
g77 -fno-second-underscore -O -fPIC -c sup_loadifc.f
tar -xf subpar_source.tar sup_maxc.f
g77 -fno-second-underscore -O -fPIC -c sup_maxc.f
tar -xf subpar_source.tar sup_maxd.f
g77 -fno-second-underscore -O -fPIC -c sup_maxd.f
tar -xf subpar_source.tar sup_maxi.f
g77 -fno-second-underscore -O -fPIC -c sup_maxi.f
tar -xf subpar_source.tar sup_maxr.f
g77 -fno-second-underscore -O -fPIC -c sup_maxr.f
tar -xf subpar_source.tar sup_minc.f
g77 -fno-second-underscore -O -fPIC -c sup_minc.f
tar -xf subpar_source.tar sup_mind.f
g77 -fno-second-underscore -O -fPIC -c sup_mind.f
tar -xf subpar_source.tar sup_mini.f
g77 -fno-second-underscore -O -fPIC -c sup_mini.f
tar -xf subpar_source.tar sup_minr.f
g77 -fno-second-underscore -O -fPIC -c sup_minr.f
tar -xf subpar_source.tar sup_mlith.f
g77 -fno-second-underscore -O -fPIC -c sup_mlith.f
tar -xf subpar_source.tar sup_mnmx.f
g77 -fno-second-underscore -O -fPIC -c sup_mnmx.f
tar -xf subpar_source.tar sup_nameass.f
g77 -fno-second-underscore -O -fPIC -c sup_nameass.f
tar -xf subpar_source.tar sup_nametr.f
g77 -fno-second-underscore -O -fPIC -c sup_nametr.f
tar -xf subpar_source.tar sup_openifc.f
tar -xf subpar_source.tar sup_openifc.f
case ix86_Linux in\
        alpha_OSF1 | mips);;\
        *) mv sup_openifc.f tmp;\
           sed s/READONLY,// tmp > sup_openifc.f;\
           rm tmp;;\
        esac
g77 -fno-second-underscore -O -fPIC -c sup_openifc.f
tar -xf subpar_source.tar sup_oput.f
g77 -fno-second-underscore -O -fPIC -c sup_oput.f
tar -xf subpar_source.tar sup_pargp.f
g77 -fno-second-underscore -O -fPIC -c sup_pargp.f
tar -xf subpar_source.tar sup_parname.f
g77 -fno-second-underscore -O -fPIC -c sup_parname.f
tar -xf subpar_source.tar sup_partype.f
g77 -fno-second-underscore -O -fPIC -c sup_partype.f
tar -xf subpar_source.tar sup_promptcl.f
g77 -fno-second-underscore -O -fPIC -c sup_promptcl.f
tar -xf subpar_source.tar sup_promt.f
g77 -fno-second-underscore -O -fPIC -c sup_promt.f
tar -xf subpar_source.tar sup_put.f
g77 -fno-second-underscore -O -fPIC -c sup_put.f
tar -xf subpar_source.tar sup_put0c.f
g77 -fno-second-underscore -O -fPIC -c sup_put0c.f
tar -xf subpar_source.tar sup_put0d.f
g77 -fno-second-underscore -O -fPIC -c sup_put0d.f
tar -xf subpar_source.tar sup_put0i.f
g77 -fno-second-underscore -O -fPIC -c sup_put0i.f
tar -xf subpar_source.tar sup_put0l.f
g77 -fno-second-underscore -O -fPIC -c sup_put0l.f
tar -xf subpar_source.tar sup_put0r.f
g77 -fno-second-underscore -O -fPIC -c sup_put0r.f
tar -xf subpar_source.tar sup_put1c.f
g77 -fno-second-underscore -O -fPIC -c sup_put1c.f
tar -xf subpar_source.tar sup_put1d.f
g77 -fno-second-underscore -O -fPIC -c sup_put1d.f
tar -xf subpar_source.tar sup_put1i.f
g77 -fno-second-underscore -O -fPIC -c sup_put1i.f
tar -xf subpar_source.tar sup_put1r.f
g77 -fno-second-underscore -O -fPIC -c sup_put1r.f
tar -xf subpar_source.tar sup_put1l.f
g77 -fno-second-underscore -O -fPIC -c sup_put1l.f
tar -xf subpar_source.tar sup_putfloc.f
g77 -fno-second-underscore -O -fPIC -c sup_putfloc.f
tar -xf subpar_source.tar sup_putloc.f
g77 -fno-second-underscore -O -fPIC -c sup_putloc.f
tar -xf subpar_source.tar sup_putnc.f
g77 -fno-second-underscore -O -fPIC -c sup_putnc.f
tar -xf subpar_source.tar sup_putnd.f
g77 -fno-second-underscore -O -fPIC -c sup_putnd.f
tar -xf subpar_source.tar sup_putni.f
g77 -fno-second-underscore -O -fPIC -c sup_putni.f
tar -xf subpar_source.tar sup_putnr.f
g77 -fno-second-underscore -O -fPIC -c sup_putnr.f
tar -xf subpar_source.tar sup_putnl.f
g77 -fno-second-underscore -O -fPIC -c sup_putnl.f
tar -xf subpar_source.tar sup_putname.f
g77 -fno-second-underscore -O -fPIC -c sup_putname.f
tar -xf subpar_source.tar sup_putpath.f
g77 -fno-second-underscore -O -fPIC -c sup_putpath.f
tar -xf subpar_source.tar sup_putvc.f
g77 -fno-second-underscore -O -fPIC -c sup_putvc.f
tar -xf subpar_source.tar sup_putvd.f
g77 -fno-second-underscore -O -fPIC -c sup_putvd.f
tar -xf subpar_source.tar sup_putvi.f
g77 -fno-second-underscore -O -fPIC -c sup_putvi.f
tar -xf subpar_source.tar sup_putvr.f
g77 -fno-second-underscore -O -fPIC -c sup_putvr.f
tar -xf subpar_source.tar sup_putvl.f
g77 -fno-second-underscore -O -fPIC -c sup_putvl.f
tar -xf subpar_source.tar sup_pwhlp.f
g77 -fno-second-underscore -O -fPIC -c sup_pwhlp.f
tar -xf subpar_source.tar sup_rangec.f
g77 -fno-second-underscore -O -fPIC -c sup_rangec.f
tar -xf subpar_source.tar sup_ranged.f
g77 -fno-second-underscore -O -fPIC -c sup_ranged.f
tar -xf subpar_source.tar sup_rangei.f
g77 -fno-second-underscore -O -fPIC -c sup_rangei.f
tar -xf subpar_source.tar sup_ranger.f
g77 -fno-second-underscore -O -fPIC -c sup_ranger.f
tar -xf subpar_source.tar sup_rdif.f
g77 -fno-second-underscore -O -fPIC -c sup_rdif.f
tar -xf subpar_source.tar sup_request.f
g77 -fno-second-underscore -O -fPIC -c sup_request.f
tar -xf subpar_source.tar sup_reset.f
g77 -fno-second-underscore -O -fPIC -c sup_reset.f
tar -xf subpar_source.tar sup_scrnsz.f
g77 -fno-second-underscore -O -fPIC -c sup_scrnsz.f
tar -xf subpar_source.tar sup_selhelp.f
g77 -fno-second-underscore -O -fPIC -c sup_selhelp.f
tar -xf subpar_source.tar sup_setcheck.f
g77 -fno-second-underscore -O -fPIC -c sup_setcheck.f
tar -xf subpar_source.tar sup_split.f
g77 -fno-second-underscore -O -fPIC -c sup_split.f
tar -xf subpar_source.tar sup_splitval.f
g77 -fno-second-underscore -O -fPIC -c sup_splitval.f
tar -xf subpar_source.tar sup_state.f
g77 -fno-second-underscore -O -fPIC -c sup_state.f
tar -xf subpar_source.tar sup_store0.f
g77 -fno-second-underscore -O -fPIC -c sup_store0.f
tar -xf subpar_source.tar sup_sync.f
g77 -fno-second-underscore -O -fPIC -c sup_sync.f
tar -xf subpar_source.tar sup_termface.f
g77 -fno-second-underscore -O -fPIC -c sup_termface.f
tar -xf subpar_source.tar sup_unset.f
ln -fs /apps/cvsbuild/star/include/chr_err CHR_ERR
g77 -fno-second-underscore -O -fPIC -c sup_unset.f
tar -xf subpar_source.tar sup_updat.f
g77 -fno-second-underscore -O -fPIC -c sup_updat.f
tar -xf subpar_source.tar sup_valass.f
g77 -fno-second-underscore -O -fPIC -c sup_valass.f
tar -xf subpar_source.tar sup_vwhlp.f
g77 -fno-second-underscore -O -fPIC -c sup_vwhlp.f
tar -xf subpar_source.tar sup_wrerr.f
g77 -fno-second-underscore -O -fPIC -c sup_wrerr.f
tar -xf subpar_source.tar sup_write.f
g77 -fno-second-underscore -O -fPIC -c sup_write.f
tar -xf subpar_source.tar sup_wrmsg.f
g77 -fno-second-underscore -O -fPIC -c sup_wrmsg.f
tar -xf subpar_source.tar sup_dexit.f
g77 -fno-second-underscore -O -fPIC -c sup_dexit.f
tar -xf subpar_source.tar sup_fname.f
g77 -fno-second-underscore -O -fPIC -c sup_fname.f
tar -xf subpar_source.tar sup_gtcmd.f
g77 -fno-second-underscore -O -fPIC -c sup_gtcmd.f
tar -xf subpar_source.tar sup_pfer.f
g77 -fno-second-underscore -O -fPIC -c sup_pfer.f
tar -xf subpar_source.tar sup_prompt.f
g77 -fno-second-underscore -O -fPIC -c sup_prompt.f
tar -xf subpar_source.tar sup_tsknm.f
g77 -fno-second-underscore -O -fPIC -c sup_tsknm.f
tar -xf subpar_source.tar sup_unquote.f
g77 -fno-second-underscore -O -fPIC -c sup_unquote.f
tar -xf subpar_source.tar sup_wrhelp.f
g77 -fno-second-underscore -O -fPIC -c sup_wrhelp.f
tar -xf subpar_source.tar sup_admus.c
ln -fs /apps/cvsbuild/star/include/sae_par.h sae_par.h
ln -fs /apps/cvsbuild/star/include/f77.h f77.h
ln -fs /apps/cvsbuild/star/include/cnf.h cnf.h
ln -fs /apps/cvsbuild/star/include/ems.h ems.h
ln -fs /apps/cvsbuild/star/include/ems_par.h ems_par.h
gcc -I/apps/cvsbuild/star/include -O -fPIC -c sup_admus.c
tar -xf subpar_source.tar sup_fifil.c
gcc -I/apps/cvsbuild/star/include -O -fPIC -c sup_fifil.c
tar -xf subpar_source.tar sup_mkdir.c
gcc -I/apps/cvsbuild/star/include -O -fPIC -c sup_mkdir.c
tar -xf subpar_source.tar sup_trmsz.c
gcc -I/apps/cvsbuild/star/include -O -fPIC -c sup_trmsz.c
ar r libsubpar_adam.a sup_accpt.o sup_accpt1.o sup_actdcl.o sup_activ.o sup_actname.o sup_array.o sup_assoc.o sup_bascopy.o sup_cancl.o sup_canloc.o sup_checkname.o sup_cmdline.o sup_cmdpar.o sup_convals.o sup_creat.o sup_credyn.o sup_crint.o sup_ctype.o sup_curloc.o sup_curname.o sup_cursav.o sup_curval.o sup_deact.o sup_def0c.o sup_def0d.o sup_def0i.o sup_def0l.o sup_def0r.o sup_def1c.o sup_def1d.o sup_def1i.o sup_def1l.o sup_def1r.o sup_defnc.o sup_defnd.o sup_defni.o sup_defnl.o sup_defnr.o sup_datdef.o sup_datfind.o sup_delet.o sup_eflsh.o sup_enquote.o sup_exhandler.o sup_exist.o sup_fetchc.o sup_fetchd.o sup_fetchi.o sup_fetchl.o sup_fetchr.o sup_findact.o sup_findhds.o sup_findkey.o sup_findpar.o sup_fprompt.o sup_get.o sup_get0c.o sup_get0d.o sup_get0i.o sup_get0l.o sup_get0r.o sup_get1c.o sup_get1d.o sup_get1i.o sup_get1r.o sup_get1l.o sup_getfloc.o sup_gethds.o sup_getkey.o sup_getloc.o sup_getnc.o sup_getnd.o sup_getni.o sup_getnr.o sup_getnl.o sup_getname.o sup_getvc.o sup_getvd.o sup_getvi.o sup_getvr.o sup_getvl.o sup_gref.o sup_hdsarr.o sup_hdsass.o sup_hdsdef.o sup_hdsdyn.o sup_hdsin.o sup_hdslocs.o sup_hdsopen.o sup_hlpex.o sup_index.o sup_init.o sup_input.o sup_intloc.o sup_iput.o sup_keyreq.o sup_ldifc0.o sup_ldifc1.o sup_limitc.o sup_limitd.o sup_limiti.o sup_limitr.o sup_loadifc.o sup_maxc.o sup_maxd.o sup_maxi.o sup_maxr.o sup_minc.o sup_mind.o sup_mini.o sup_minr.o sup_mlith.o sup_mnmx.o sup_nameass.o sup_nametr.o sup_openifc.o sup_oput.o sup_pargp.o sup_parname.o sup_partype.o sup_promptcl.o sup_promt.o sup_put.o sup_put0c.o sup_put0d.o sup_put0i.o sup_put0l.o sup_put0r.o sup_put1c.o sup_put1d.o sup_put1i.o sup_put1r.o sup_put1l.o sup_putfloc.o sup_putloc.o sup_putnc.o sup_putnd.o sup_putni.o sup_putnr.o sup_putnl.o sup_putname.o sup_putpath.o sup_putvc.o sup_putvd.o sup_putvi.o sup_putvr.o sup_putvl.o sup_pwhlp.o sup_rangec.o sup_ranged.o sup_rangei.o sup_ranger.o sup_rdif.o sup_request.o sup_reset.o sup_scrnsz.o sup_selhelp.o sup_setcheck.o sup_split.o sup_splitval.o sup_state.o sup_store0.o sup_sync.o sup_termface.o sup_unset.o sup_updat.o sup_valass.o sup_vwhlp.o sup_wrerr.o sup_write.o sup_wrmsg.o sup_dexit.o sup_fname.o sup_gtcmd.o sup_pfer.o sup_prompt.o sup_tsknm.o sup_unquote.o sup_wrhelp.o sup_admus.o sup_fifil.o sup_mkdir.o sup_trmsz.o
ranlib libsubpar_adam.a
touch libsubpar_adam.so
f() { ld -shared -soname $1 -o $1 $2;}; f libsubpar_adam.so ' sup_accpt.o sup_accpt1.o sup_actdcl.o sup_activ.o sup_actname.o sup_array.o sup_assoc.o sup_bascopy.o sup_cancl.o sup_canloc.o sup_checkname.o sup_cmdline.o sup_cmdpar.o sup_convals.o sup_creat.o sup_credyn.o sup_crint.o sup_ctype.o sup_curloc.o sup_curname.o sup_cursav.o sup_curval.o sup_deact.o sup_def0c.o sup_def0d.o sup_def0i.o sup_def0l.o sup_def0r.o sup_def1c.o sup_def1d.o sup_def1i.o sup_def1l.o sup_def1r.o sup_defnc.o sup_defnd.o sup_defni.o sup_defnl.o sup_defnr.o sup_datdef.o sup_datfind.o sup_delet.o sup_eflsh.o sup_enquote.o sup_exhandler.o sup_exist.o sup_fetchc.o sup_fetchd.o sup_fetchi.o sup_fetchl.o sup_fetchr.o sup_findact.o sup_findhds.o sup_findkey.o sup_findpar.o sup_fprompt.o sup_get.o sup_get0c.o sup_get0d.o sup_get0i.o sup_get0l.o sup_get0r.o sup_get1c.o sup_get1d.o sup_get1i.o sup_get1r.o sup_get1l.o sup_getfloc.o sup_gethds.o sup_getkey.o sup_getloc.o sup_getnc.o sup_getnd.o sup_getni.o sup_getnr.o sup_getnl.o sup_getname.o sup_getvc.o sup_getvd.o sup_getvi.o sup_getvr.o sup_getvl.o sup_gref.o sup_hdsarr.o sup_hdsass.o sup_hdsdef.o sup_hdsdyn.o sup_hdsin.o sup_hdslocs.o sup_hdsopen.o sup_hlpex.o sup_index.o sup_init.o sup_input.o sup_intloc.o sup_iput.o sup_keyreq.o sup_ldifc0.o sup_ldifc1.o sup_limitc.o sup_limitd.o sup_limiti.o sup_limitr.o sup_loadifc.o sup_maxc.o sup_maxd.o sup_maxi.o sup_maxr.o sup_minc.o sup_mind.o sup_mini.o sup_minr.o sup_mlith.o sup_mnmx.o sup_nameass.o sup_nametr.o sup_openifc.o sup_oput.o sup_pargp.o sup_parname.o sup_partype.o sup_promptcl.o sup_promt.o sup_put.o sup_put0c.o sup_put0d.o sup_put0i.o sup_put0l.o sup_put0r.o sup_put1c.o sup_put1d.o sup_put1i.o sup_put1r.o sup_put1l.o sup_putfloc.o sup_putloc.o sup_putnc.o sup_putnd.o sup_putni.o sup_putnr.o sup_putnl.o sup_putname.o sup_putpath.o sup_putvc.o sup_putvd.o sup_putvi.o sup_putvr.o sup_putvl.o sup_pwhlp.o sup_rangec.o sup_ranged.o sup_rangei.o sup_ranger.o sup_rdif.o sup_request.o sup_reset.o sup_scrnsz.o sup_selhelp.o sup_setcheck.o sup_split.o sup_splitval.o sup_state.o sup_store0.o sup_sync.o sup_termface.o sup_unset.o sup_updat.o sup_valass.o sup_vwhlp.o sup_wrerr.o sup_write.o sup_wrmsg.o sup_dexit.o sup_fname.o sup_gtcmd.o sup_pfer.o sup_prompt.o sup_tsknm.o sup_unquote.o sup_wrhelp.o  sup_admus.o sup_fifil.o sup_mkdir.o sup_trmsz.o' '-L/apps/cvsbuild/star/lib -lems'
tar -xf subpar_source.tar subpar_dev
tar -xf subpar_source.tar fac_170_err
make[2]: Leaving directory `/apps/cvsbuild/BUILDTEST/pcs/subpar'

*** The SUBPAR package has been built

make[1]: Leaving directory `/apps/cvsbuild/BUILDTEST/pcs/subpar'
cd parsecon; ./mk build
mk: Environment variables defined for ix86_Linux system
make -e build
make[1]: Entering directory `/apps/cvsbuild/BUILDTEST/pcs/parsecon'
make[2]: Entering directory `/apps/cvsbuild/BUILDTEST/pcs/parsecon'
tar -xf parsecon_source.tar parsecon_link_adam
tar -xf parsecon_source.tar parsecon_err
tar -xf parsecon_source.tar parsecon_par
tar -xf parsecon_source.tar pcn_actend.f
ln -fs /apps/cvsbuild/star/include/sae_par SAE_PAR
ln -fs parsecon_err PARSECON_ERR
ln -fs /apps/cvsbuild/star/include/dat_par DAT_PAR
tar -xf ../subpar/subpar_source.tar subpar_cmn
ln -fs subpar_cmn SUBPAR_CMN
tar -xf ../subpar/subpar_source.tar subpar_sys
ln -fs subpar_sys SUBPAR_SYS
tar -xf parsecon_source.tar parsecon3_cmn
ln -fs parsecon3_cmn PARSECON3_CMN
g77 -fno-second-underscore -O -fPIC -c pcn_actend.f
tar -xf parsecon_source.tar pcn_actlist.f
ln -fs parsecon_par PARSECON_PAR
ln -fs ../subpar/subpar_par SUBPAR_PAR
g77 -fno-second-underscore -O -fPIC -c pcn_actlist.f
tar -xf parsecon_source.tar pcn_actres.f
g77 -fno-second-underscore -O -fPIC -c pcn_actres.f
tar -xf parsecon_source.tar pcn_arrchar.f
ln -fs /apps/cvsbuild/star/include/chr_err CHR_ERR
g77 -fno-second-underscore -O -fPIC -c pcn_arrchar.f
tar -xf parsecon_source.tar pcn_convert.f
g77 -fno-second-underscore -O -fPIC -c pcn_convert.f
tar -xf parsecon_source.tar pcn_creatifc.f
g77 -fno-second-underscore -O -fPIC -c pcn_creatifc.f
tar -xf parsecon_source.tar pcn_creq.f
g77 -fno-second-underscore -O -fPIC -c pcn_creq.f
tar -xf parsecon_source.tar pcn_decval.f
g77 -fno-second-underscore -O -fPIC -c pcn_decval.f
tar -xf parsecon_source.tar pcn_dumpifc.f
g77 -fno-second-underscore -O -fPIC -c pcn_dumpifc.f
tar -xf parsecon_source.tar pcn_erfl.f
ln -fs /apps/cvsbuild/star/include/ems_par EMS_PAR
g77 -fno-second-underscore -O -fPIC -c pcn_erfl.f
tar -xf parsecon_source.tar pcn_error.f
g77 -fno-second-underscore -O -fPIC -c pcn_error.f
tar -xf parsecon_source.tar pcn_facend.f
tar -xf parsecon_source.tar parsecon4_cmn
ln -fs parsecon4_cmn PARSECON4_CMN
g77 -fno-second-underscore -O -fPIC -c pcn_facend.f
tar -xf parsecon_source.tar pcn_findact.f
g77 -fno-second-underscore -O -fPIC -c pcn_findact.f
tar -xf parsecon_source.tar pcn_findpar.f
g77 -fno-second-underscore -O -fPIC -c pcn_findpar.f
tar -xf parsecon_source.tar pcn_gettok.f
g77 -fno-second-underscore -O -fPIC -c pcn_gettok.f
tar -xf parsecon_source.tar pcn_gpbtok.f
g77 -fno-second-underscore -O -fPIC -c pcn_gpbtok.f
tar -xf parsecon_source.tar pcn_interp.f
g77 -fno-second-underscore -O -fPIC -c pcn_interp.f
tar -xf parsecon_source.tar pcn_mestext.f
g77 -fno-second-underscore -O -fPIC -c pcn_mestext.f
tar -xf parsecon_source.tar pcn_newacrds.f
g77 -fno-second-underscore -O -fPIC -c pcn_newacrds.f
tar -xf parsecon_source.tar pcn_newact.f
g77 -fno-second-underscore -O -fPIC -c pcn_newact.f
tar -xf parsecon_source.tar pcn_newpar.f
g77 -fno-second-underscore -O -fPIC -c pcn_newpar.f
tar -xf parsecon_source.tar pcn_newpcrds.f
g77 -fno-second-underscore -O -fPIC -c pcn_newpcrds.f
tar -xf parsecon_source.tar pcn_openifl.f
tar -xf parsecon_source.tar pcn_openifl.f
case ix86_Linux in\
        alpha_OSF1 | mips);;\
        *) mv pcn_openifl.f tmp;\
           sed s/READONLY,// tmp > pcn_openifl.f;\
           rm tmp;;\
        esac
g77 -fno-second-underscore -O -fPIC -c pcn_openifl.f
tar -xf parsecon_source.tar pcn_oreq.f
g77 -fno-second-underscore -O -fPIC -c pcn_oreq.f
tar -xf parsecon_source.tar pcn_packc.f
g77 -fno-second-underscore -O -fPIC -c pcn_packc.f
tar -xf parsecon_source.tar pcn_packi.f
g77 -fno-second-underscore -O -fPIC -c pcn_packi.f
tar -xf parsecon_source.tar pcn_packl.f
g77 -fno-second-underscore -O -fPIC -c pcn_packl.f
tar -xf parsecon_source.tar pcn_paknb.f
g77 -fno-second-underscore -O -fPIC -c pcn_paknb.f
tar -xf parsecon_source.tar pcn_pakni.f
g77 -fno-second-underscore -O -fPIC -c pcn_pakni.f
tar -xf parsecon_source.tar pcn_parend.f
g77 -fno-second-underscore -O -fPIC -c pcn_parend.f
tar -xf parsecon_source.tar pcn_parlist.f
g77 -fno-second-underscore -O -fPIC -c pcn_parlist.f
tar -xf parsecon_source.tar pcn_ptrinit.f
g77 -fno-second-underscore -O -fPIC -c pcn_ptrinit.f
tar -xf parsecon_source.tar pcn_readifl.f
tar -xf parsecon_source.tar parsecon_cmn
ln -fs parsecon_cmn PARSECON_CMN
tar -xf parsecon_source.tar parsecon2_cmn
ln -fs parsecon2_cmn PARSECON2_CMN
g77 -fno-second-underscore -O -fPIC -c pcn_readifl.f
tar -xf parsecon_source.tar pcn_reset.f
g77 -fno-second-underscore -O -fPIC -c pcn_reset.f
tar -xf parsecon_source.tar pcn_runact.f
g77 -fno-second-underscore -O -fPIC -c pcn_runact.f
tar -xf parsecon_source.tar pcn_setacc.f
g77 -fno-second-underscore -O -fPIC -c pcn_setacc.f
tar -xf parsecon_source.tar pcn_setacrds.f
g77 -fno-second-underscore -O -fPIC -c pcn_setacrds.f
tar -xf parsecon_source.tar pcn_setahel.f
g77 -fno-second-underscore -O -fPIC -c pcn_setahel.f
tar -xf parsecon_source.tar pcn_setakey.f
g77 -fno-second-underscore -O -fPIC -c pcn_setakey.f
tar -xf parsecon_source.tar pcn_setamenu.f
g77 -fno-second-underscore -O -fPIC -c pcn_setamenu.f
tar -xf parsecon_source.tar pcn_setass.f
g77 -fno-second-underscore -O -fPIC -c pcn_setass.f
tar -xf parsecon_source.tar pcn_setcan.f
g77 -fno-second-underscore -O -fPIC -c pcn_setcan.f
tar -xf parsecon_source.tar pcn_setdef.f
g77 -fno-second-underscore -O -fPIC -c pcn_setdef.f
tar -xf parsecon_source.tar pcn_setepath.f
g77 -fno-second-underscore -O -fPIC -c pcn_setepath.f
tar -xf parsecon_source.tar pcn_setface.f
g77 -fno-second-underscore -O -fPIC -c pcn_setface.f
tar -xf parsecon_source.tar pcn_sethel.f
g77 -fno-second-underscore -O -fPIC -c pcn_sethel.f
tar -xf parsecon_source.tar pcn_sethkey.f
g77 -fno-second-underscore -O -fPIC -c pcn_sethkey.f
tar -xf parsecon_source.tar pcn_sethlib.f
g77 -fno-second-underscore -O -fPIC -c pcn_sethlib.f
tar -xf parsecon_source.tar pcn_setkey.f
g77 -fno-second-underscore -O -fPIC -c pcn_setkey.f
tar -xf parsecon_source.tar pcn_setmon.f
g77 -fno-second-underscore -O -fPIC -c pcn_setmon.f
tar -xf parsecon_source.tar pcn_setob.f
g77 -fno-second-underscore -O -fPIC -c pcn_setob.f
tar -xf parsecon_source.tar pcn_setpcrds.f
g77 -fno-second-underscore -O -fPIC -c pcn_setpcrds.f
tar -xf parsecon_source.tar pcn_setpmenu.f
g77 -fno-second-underscore -O -fPIC -c pcn_setpmenu.f
tar -xf parsecon_source.tar pcn_setpos.f
g77 -fno-second-underscore -O -fPIC -c pcn_setpos.f
tar -xf parsecon_source.tar pcn_setpp.f
g77 -fno-second-underscore -O -fPIC -c pcn_setpp.f
tar -xf parsecon_source.tar pcn_setprog.f
g77 -fno-second-underscore -O -fPIC -c pcn_setprog.f
tar -xf parsecon_source.tar pcn_setprom.f
g77 -fno-second-underscore -O -fPIC -c pcn_setprom.f
tar -xf parsecon_source.tar pcn_setpty.f
g77 -fno-second-underscore -O -fPIC -c pcn_setpty.f
tar -xf parsecon_source.tar pcn_setres.f
g77 -fno-second-underscore -O -fPIC -c pcn_setres.f
tar -xf parsecon_source.tar pcn_settyp.f
g77 -fno-second-underscore -O -fPIC -c pcn_settyp.f
tar -xf parsecon_source.tar pcn_setvp.f
g77 -fno-second-underscore -O -fPIC -c pcn_setvp.f
tar -xf parsecon_source.tar pcn_stface.f
g77 -fno-second-underscore -O -fPIC -c pcn_stface.f
tar -xf parsecon_source.tar pcn_tabent.f
g77 -fno-second-underscore -O -fPIC -c pcn_tabent.f
tar -xf parsecon_source.tar pcn_tabinit.f
g77 -fno-second-underscore -O -fPIC -c pcn_tabinit.f
tar -xf parsecon_source.tar pcn_tabset.f
g77 -fno-second-underscore -O -fPIC -c pcn_tabset.f
tar -xf parsecon_source.tar pcn_tabstart.f
g77 -fno-second-underscore -O -fPIC -c pcn_tabstart.f
tar -xf parsecon_source.tar pcn_toktyp.f
g77 -fno-second-underscore -O -fPIC -c pcn_toktyp.f
tar -xf parsecon_source.tar pcn_upkc.f
g77 -fno-second-underscore -O -fPIC -c pcn_upkc.f
tar -xf parsecon_source.tar pcn_upki.f
g77 -fno-second-underscore -O -fPIC -c pcn_upki.f
tar -xf parsecon_source.tar pcn_upkl.f
g77 -fno-second-underscore -O -fPIC -c pcn_upkl.f
tar -xf parsecon_source.tar pcn_upknb.f
g77 -fno-second-underscore -O -fPIC -c pcn_upknb.f
tar -xf parsecon_source.tar pcn_upkni.f
g77 -fno-second-underscore -O -fPIC -c pcn_upkni.f
ar r libparsecon_adam.a pcn_actend.o pcn_actlist.o pcn_actres.o pcn_arrchar.o pcn_convert.o pcn_creatifc.o pcn_creq.o pcn_decval.o pcn_dumpifc.o pcn_erfl.o pcn_error.o pcn_facend.o pcn_findact.o pcn_findpar.o pcn_gettok.o pcn_gpbtok.o pcn_interp.o pcn_mestext.o pcn_newacrds.o pcn_newact.o pcn_newpar.o pcn_newpcrds.o pcn_openifl.o pcn_oreq.o pcn_packc.o pcn_packi.o pcn_packl.o pcn_paknb.o pcn_pakni.o pcn_parend.o pcn_parlist.o pcn_ptrinit.o pcn_readifl.o pcn_reset.o pcn_runact.o pcn_setacc.o pcn_setacrds.o pcn_setahel.o pcn_setakey.o pcn_setamenu.o pcn_setass.o pcn_setcan.o pcn_setdef.o pcn_setepath.o pcn_setface.o pcn_sethel.o pcn_sethkey.o pcn_sethlib.o pcn_setkey.o pcn_setmon.o pcn_setob.o pcn_setpcrds.o pcn_setpmenu.o pcn_setpos.o pcn_setpp.o pcn_setprog.o pcn_setprom.o pcn_setpty.o pcn_setres.o pcn_settyp.o pcn_setvp.o pcn_stface.o pcn_tabent.o pcn_tabinit.o pcn_tabset.o pcn_tabstart.o pcn_toktyp.o pcn_upkc.o pcn_upki.o pcn_upkl.o pcn_upknb.o pcn_upkni.o
ranlib libparsecon_adam.a
touch libparsecon_adam.so
f() { ld -shared -soname $1 -o $1 $2;}; f libparsecon_adam.so ' pcn_actend.o pcn_actlist.o pcn_actres.o pcn_arrchar.o pcn_convert.o pcn_creatifc.o pcn_creq.o pcn_decval.o pcn_dumpifc.o pcn_erfl.o pcn_error.o pcn_facend.o pcn_findact.o pcn_findpar.o pcn_gettok.o pcn_gpbtok.o pcn_interp.o pcn_mestext.o pcn_newacrds.o pcn_newact.o pcn_newpar.o pcn_newpcrds.o pcn_openifl.o pcn_oreq.o pcn_packc.o pcn_packi.o pcn_packl.o pcn_paknb.o pcn_pakni.o pcn_parend.o pcn_parlist.o pcn_ptrinit.o pcn_readifl.o pcn_reset.o pcn_runact.o pcn_setacc.o pcn_setacrds.o pcn_setahel.o pcn_setakey.o pcn_setamenu.o pcn_setass.o pcn_setcan.o pcn_setdef.o pcn_setepath.o pcn_setface.o pcn_sethel.o pcn_sethkey.o pcn_sethlib.o pcn_setkey.o pcn_setmon.o pcn_setob.o pcn_setpcrds.o pcn_setpmenu.o pcn_setpos.o pcn_setpp.o pcn_setprog.o pcn_setprom.o pcn_setpty.o pcn_setres.o pcn_settyp.o pcn_setvp.o pcn_stface.o pcn_tabent.o pcn_tabinit.o pcn_tabset.o pcn_tabstart.o pcn_toktyp.o pcn_upkc.o pcn_upki.o pcn_upkl.o pcn_upknb.o pcn_upkni.o  ' '-L/apps/cvsbuild/star/lib -lems'
tar -xf parsecon_source.tar parsecon_dev
ln -fs ../string/libstring_adam.a libstring_adam.a
ln -fs ../subpar/libsubpar_adam.a libsubpar_adam.a
tar -xf parsecon_source.tar compifl.f
mv libparsecon_adam.so tmp_share;
PATH=../string:/apps/cvsbuild/star/bin:/usr/bin:/bin;export PATH;\
          g77 -fno-second-underscore -O -fPIC  -o compifl compifl.f \
             -L.  \
            -L/apps/cvsbuild/star/lib -L/apps/cvsbuild/star/lib \
            -lsubpar_adam `./parsecon_link_adam` 
mv tmp_share libparsecon_adam.so
make[2]: Leaving directory `/apps/cvsbuild/BUILDTEST/pcs/parsecon'

*** The PARSECON package has been built

make[1]: Leaving directory `/apps/cvsbuild/BUILDTEST/pcs/parsecon'
cd hdspar; ./mk build
mk: Environment variables defined for ix86_Linux system
make -e build
make[1]: Entering directory `/apps/cvsbuild/BUILDTEST/pcs/hdspar'
make[2]: Entering directory `/apps/cvsbuild/BUILDTEST/pcs/hdspar'
tar -xf hdspar_source.tar hdspar_link_adam
tar -xf hdspar_source.tar dat_assoc.f
ln -fs /apps/cvsbuild/star/include/sae_par SAE_PAR
g77 -fno-second-underscore -O -fPIC -c dat_assoc.f
tar -xf hdspar_source.tar dat_cancl.f
g77 -fno-second-underscore -O -fPIC -c dat_cancl.f
tar -xf hdspar_source.tar dat_creat.f
g77 -fno-second-underscore -O -fPIC -c dat_creat.f
tar -xf hdspar_source.tar dat_def.f
g77 -fno-second-underscore -O -fPIC -c dat_def.f
tar -xf hdspar_source.tar dat_delet.f
g77 -fno-second-underscore -O -fPIC -c dat_delet.f
tar -xf hdspar_source.tar dat_exist.f
g77 -fno-second-underscore -O -fPIC -c dat_exist.f
tar -xf hdspar_source.tar dat_updat.f
g77 -fno-second-underscore -O -fPIC -c dat_updat.f
ar r libhdspar_adam.a dat_assoc.o dat_cancl.o dat_creat.o dat_def.o dat_delet.o dat_exist.o dat_updat.o
ranlib libhdspar_adam.a
touch libhdspar_adam.so
f() { ld -shared -soname $1 -o $1 $2;}; f libhdspar_adam.so ' dat_assoc.o dat_cancl.o dat_creat.o dat_def.o dat_delet.o dat_exist.o dat_updat.o  ' '-L/apps/cvsbuild/star/lib -lems'
tar -xf hdspar_source.tar hdspar_dev
make[2]: Leaving directory `/apps/cvsbuild/BUILDTEST/pcs/hdspar'

*** The HDSPAR package has been built

make[1]: Leaving directory `/apps/cvsbuild/BUILDTEST/pcs/hdspar'
cd dtask; ./mk build
mk: Environment variables defined for ix86_Linux system
make -e build
make[1]: Entering directory `/apps/cvsbuild/BUILDTEST/pcs/dtask'
make[2]: Entering directory `/apps/cvsbuild/BUILDTEST/pcs/dtask'
tar -xf dtask_source.tar dtask_link_adam
tar -xf dtask_source.tar dtask_err
tar -xf dtask_source.tar dtask_par
tar -xf dtask_source.tar dtask_err.h
tar -xf dtask_source.tar act_err
tar -xf dtask_source.tar act_err.h
tar -xf dtask_source.tar dts_actshut.f
ln -fs /apps/cvsbuild/star/include/sae_par SAE_PAR
g77 -fno-second-underscore -O -fPIC -c dts_actshut.f
tar -xf dtask_source.tar dts_act_sched.f
tar -xf ../subpar/subpar_source.tar subpar_sys
ln -fs subpar_sys SUBPAR_SYS
tar -xf dtask_source.tar dtask_sys
ln -fs dtask_sys DTASK_SYS
ln -fs dtask_err DTASK_ERR
ln -fs act_err ACT_ERR
ln -fs ../messys/messys_par MESSYS_PAR
tar -xf dtask_source.tar dtask_cmn
ln -fs dtask_cmn DTASK_CMN
g77 -fno-second-underscore -O -fPIC -c dts_act_sched.f
tar -xf dtask_source.tar dts_addlst.f
g77 -fno-second-underscore -O -fPIC -c dts_addlst.f
tar -xf dtask_source.tar dts_asthdlr.f
g77 -fno-second-underscore -O -fPIC -c dts_asthdlr.f
tar -xf dtask_source.tar dts_astint.f
ln -fs ../messys/messys_err MESSYS_ERR
g77 -fno-second-underscore -O -fPIC -c dts_astint.f
tar -xf dtask_source.tar dts_cancel.f
ln -fs ../adam/adam_defns ADAMDEFNS
g77 -fno-second-underscore -O -fPIC -c dts_cancel.f
tar -xf dtask_source.tar dts_cantim.f
g77 -fno-second-underscore -O -fPIC -c dts_cantim.f
tar -xf dtask_source.tar dts_comshut.f
g77 -fno-second-underscore -O -fPIC -c dts_comshut.f
tar -xf dtask_source.tar dts_control.f
g77 -fno-second-underscore -O -fPIC -c dts_control.f
tar -xf dtask_source.tar dts_dcltask.f
g77 -fno-second-underscore -O -fPIC -c dts_dcltask.f
tar -xf dtask_source.tar dts_dtask.f
g77 -fno-second-underscore -O -fPIC -c dts_dtask.f
tar -xf dtask_source.tar dts_dumpast.f
g77 -fno-second-underscore -O -fPIC -c dts_dumpast.f
tar -xf dtask_source.tar dts_esetk.f
g77 -fno-second-underscore -O -fPIC -c dts_esetk.f
tar -xf dtask_source.tar dts_get.f
g77 -fno-second-underscore -O -fPIC -c dts_get.f
tar -xf dtask_source.tar dts_getpath.f
g77 -fno-second-underscore -O -fPIC -c dts_getpath.f
tar -xf dtask_source.tar dts_gsoc.f
g77 -fno-second-underscore -O -fPIC -c dts_gsoc.f
tar -xf dtask_source.tar dts_gtcmd.f
g77 -fno-second-underscore -O -fPIC -c dts_gtcmd.f
tar -xf dtask_source.tar dts_init.f
g77 -fno-second-underscore -O -fPIC -c dts_init.f
tar -xf dtask_source.tar dts_kick.f
g77 -fno-second-underscore -O -fPIC -c dts_kick.f
tar -xf dtask_source.tar dts_obey.f
g77 -fno-second-underscore -O -fPIC -c dts_obey.f
tar -xf dtask_source.tar dts_obeydcl.f
g77 -fno-second-underscore -O -fPIC -c dts_obeydcl.f
tar -xf dtask_source.tar dts_prcnam.f
g77 -fno-second-underscore -O -fPIC -c dts_prcnam.f
tar -xf dtask_source.tar dts_remlst.f
g77 -fno-second-underscore -O -fPIC -c dts_remlst.f
tar -xf dtask_source.tar dts_resched.f
g77 -fno-second-underscore -O -fPIC -c dts_resched.f
tar -xf dtask_source.tar dts_set.f
g77 -fno-second-underscore -O -fPIC -c dts_set.f
tar -xf dtask_source.tar dts_setdump.f
g77 -fno-second-underscore -O -fPIC -c dts_setdump.f
tar -xf dtask_source.tar dts_srchkey.f
g77 -fno-second-underscore -O -fPIC -c dts_srchkey.f
tar -xf dtask_source.tar dts_srchlst.f
g77 -fno-second-underscore -O -fPIC -c dts_srchlst.f
tar -xf dtask_source.tar dts_subsid.f
g77 -fno-second-underscore -O -fPIC -c dts_subsid.f
tar -xf dtask_source.tar dts_timeout.f
g77 -fno-second-underscore -O -fPIC -c dts_timeout.f
tar -xf dtask_source.tar dts_chdlr.c
ln -fs /apps/cvsbuild/star/include/f77.h f77.h
gcc -I/apps/cvsbuild/star/include -O -fPIC -c dts_chdlr.c
tar -xf dtask_source.tar dts_setsig.c
gcc -I/apps/cvsbuild/star/include -O -fPIC -c dts_setsig.c
ar r libdtask_adam.a dts_actshut.o dts_act_sched.o dts_addlst.o dts_asthdlr.o dts_astint.o dts_cancel.o dts_cantim.o dts_comshut.o dts_control.o dts_dcltask.o dts_dtask.o dts_dumpast.o dts_esetk.o dts_get.o dts_getpath.o dts_gsoc.o dts_gtcmd.o dts_init.o dts_kick.o dts_obey.o dts_obeydcl.o dts_prcnam.o dts_remlst.o dts_resched.o dts_set.o dts_setdump.o dts_srchkey.o dts_srchlst.o dts_subsid.o dts_timeout.o dts_chdlr.o dts_setsig.o
ranlib libdtask_adam.a
touch libdtask_adam.so
f() { ld -shared -soname $1 -o $1 $2;}; f libdtask_adam.so ' dts_actshut.o dts_act_sched.o dts_addlst.o dts_asthdlr.o dts_astint.o dts_cancel.o dts_cantim.o dts_comshut.o dts_control.o dts_dcltask.o dts_dtask.o dts_dumpast.o dts_esetk.o dts_get.o dts_getpath.o dts_gsoc.o dts_gtcmd.o dts_init.o dts_kick.o dts_obey.o dts_obeydcl.o dts_prcnam.o dts_remlst.o dts_resched.o dts_set.o dts_setdump.o dts_srchkey.o dts_srchlst.o dts_subsid.o dts_timeout.o  dts_chdlr.o dts_setsig.o' '-L/apps/cvsbuild/star/lib -lems'
tar -xf dtask_source.tar dtask_dev
tar -xf dtask_source.tar fac_120_err
tar -xf dtask_source.tar fac_320_err
tar -xf dtask_source.tar dtask_main.f
ln -fs /apps/cvsbuild/star/include/psx_err PSX_ERR
g77 -fno-second-underscore -O -fPIC -c -g dtask_main.f
tar -xf dtask_source.tar dtask_main.txt
tar -xf dtask_source.tar alink
tar -xf dtask_source.tar ilink
make[2]: Leaving directory `/apps/cvsbuild/BUILDTEST/pcs/dtask'

*** The DTASK package has been built

make[1]: Leaving directory `/apps/cvsbuild/BUILDTEST/pcs/dtask'
cd ams; ./mk build
mk: Environment variables defined for ix86_Linux system
make -e build
make[1]: Entering directory `/apps/cvsbuild/BUILDTEST/pcs/ams'
make[2]: Entering directory `/apps/cvsbuild/BUILDTEST/pcs/ams'
tar -xf ams_source.tar ams_link_adam
tar -xf ams_source.tar ams.h
tar -xf ams_source.tar ams_sys.h
tar -xf ams_source.tar ams_struc.h
tar -xf ams_source.tar ams.c
tar -xf ams_source.tar ams_static.h
tar -xf ams_source.tar ams_mac.h
ln -fs /apps/cvsbuild/star/include/sae_par.h sae_par.h
ln -fs /apps/cvsbuild/star/include/f77.h f77.h
ln -fs /apps/cvsbuild/star/include/cnf.h cnf.h
ln -fs ../adam/adam_defns.h adam_defns.h
ln -fs ../dtask/dtask_err.h dtask_err.h
ln -fs ../msp/msp_par.h msp_par.h
ln -fs ../msp/msp.h msp.h
ln -fs ../atimer/atimer_par.h atimer_par.h
ln -fs ../atimer/atimer.h atimer.h
ln -fs ../messys/messys_par.h messys_par.h
ln -fs ../messys/messys_err.h messys_err.h
ln -fs ../messys/messys_len.h messys_len.h
gcc -I/apps/cvsbuild/star/include -O -fPIC -c ams.c
tar -xf ams_source.tar fams.c
gcc -I/apps/cvsbuild/star/include -O -fPIC -c fams.c
ar r libams_adam.a ams.o fams.o
ranlib libams_adam.a
touch libams_adam.so
f() { ld -shared -soname $1 -o $1 $2;}; f libams_adam.so '   ams.o fams.o' '-L/apps/cvsbuild/star/lib -lems'
make[2]: Leaving directory `/apps/cvsbuild/BUILDTEST/pcs/ams'

*** The AMS package has been built

make[1]: Leaving directory `/apps/cvsbuild/BUILDTEST/pcs/ams'
cd task; ./mk build
mk: Environment variables defined for ix86_Linux system
make -e build
make[1]: Entering directory `/apps/cvsbuild/BUILDTEST/pcs/task'
make[2]: Entering directory `/apps/cvsbuild/BUILDTEST/pcs/task'
tar -xf task_source.tar task_link_adam
tar -xf task_source.tar task_err
tar -xf task_source.tar task_par
tar -xf task_source.tar tsk_add_msinf.f
ln -fs /apps/cvsbuild/star/include/sae_par SAE_PAR
tar -xf ../subpar/subpar_source.tar subpar_sys
ln -fs subpar_sys SUBPAR_SYS
ln -fs ../messys/messys_len DDMSG
ln -fs task_err TASK_ERR
ln -fs task_par TASK_PAR
tar -xf task_source.tar task_cmn
ln -fs task_cmn TASK_CMN
g77 -fno-second-underscore -O -fPIC -c tsk_add_msinf.f
tar -xf task_source.tar tsk_askparam.f
ln -fs ../messys/messys_par MESSYS_PAR
ln -fs ../messys/messys_err MESSYS_ERR
tar -xf ../subpar/subpar_source.tar subpar_parerr
ln -fs subpar_parerr SUBPAR_PARERR
g77 -fno-second-underscore -O -fPIC -c tsk_askparam.f
tar -xf task_source.tar tsk_astmsg.f
g77 -fno-second-underscore -O -fPIC -c tsk_astmsg.f
tar -xf task_source.tar tsk_astsignal.f
g77 -fno-second-underscore -O -fPIC -c tsk_astsignal.f
tar -xf task_source.tar tsk_cancel.f
ln -fs ../adam/adam_defns ADAMDEFNS
g77 -fno-second-underscore -O -fPIC -c tsk_cancel.f
tar -xf task_source.tar tsk_clr_msinf.f
g77 -fno-second-underscore -O -fPIC -c tsk_clr_msinf.f
tar -xf task_source.tar tsk_cncat.f
g77 -fno-second-underscore -O -fPIC -c tsk_cncat.f
tar -xf task_source.tar tsk_cnt_msinf.f
g77 -fno-second-underscore -O -fPIC -c tsk_cnt_msinf.f
tar -xf task_source.tar tsk_dec0c.f
g77 -fno-second-underscore -O -fPIC -c tsk_dec0c.f
tar -xf task_source.tar tsk_dec0d.f
g77 -fno-second-underscore -O -fPIC -c tsk_dec0d.f
tar -xf task_source.tar tsk_dec0i.f
g77 -fno-second-underscore -O -fPIC -c tsk_dec0i.f
tar -xf task_source.tar tsk_dec0l.f
g77 -fno-second-underscore -O -fPIC -c tsk_dec0l.f
tar -xf task_source.tar tsk_dec0r.f
g77 -fno-second-underscore -O -fPIC -c tsk_dec0r.f
tar -xf task_source.tar tsk_dec1c.f
g77 -fno-second-underscore -O -fPIC -c tsk_dec1c.f
tar -xf task_source.tar tsk_dec1d.f
g77 -fno-second-underscore -O -fPIC -c tsk_dec1d.f
tar -xf task_source.tar tsk_dec1i.f
g77 -fno-second-underscore -O -fPIC -c tsk_dec1i.f
tar -xf task_source.tar tsk_dec1l.f
g77 -fno-second-underscore -O -fPIC -c tsk_dec1l.f
tar -xf task_source.tar tsk_dec1r.f
g77 -fno-second-underscore -O -fPIC -c tsk_dec1r.f
tar -xf task_source.tar tsk_decnc.f
g77 -fno-second-underscore -O -fPIC -c tsk_decnc.f
tar -xf task_source.tar tsk_decnd.f
g77 -fno-second-underscore -O -fPIC -c tsk_decnd.f
tar -xf task_source.tar tsk_decni.f
g77 -fno-second-underscore -O -fPIC -c tsk_decni.f
tar -xf task_source.tar tsk_decnl.f
g77 -fno-second-underscore -O -fPIC -c tsk_decnl.f
tar -xf task_source.tar tsk_decnr.f
g77 -fno-second-underscore -O -fPIC -c tsk_decnr.f
tar -xf task_source.tar tsk_done.f
ln -fs ../dtask/dtask_err DTASK_ERR
g77 -fno-second-underscore -O -fPIC -c tsk_done.f
tar -xf task_source.tar tsk_enc0c.f
g77 -fno-second-underscore -O -fPIC -c tsk_enc0c.f
tar -xf task_source.tar tsk_enc0d.f
g77 -fno-second-underscore -O -fPIC -c tsk_enc0d.f
tar -xf task_source.tar tsk_enc0i.f
g77 -fno-second-underscore -O -fPIC -c tsk_enc0i.f
tar -xf task_source.tar tsk_enc0l.f
g77 -fno-second-underscore -O -fPIC -c tsk_enc0l.f
tar -xf task_source.tar tsk_enc0r.f
g77 -fno-second-underscore -O -fPIC -c tsk_enc0r.f
tar -xf task_source.tar tsk_enc1c.f
g77 -fno-second-underscore -O -fPIC -c tsk_enc1c.f
tar -xf task_source.tar tsk_enc1d.f
g77 -fno-second-underscore -O -fPIC -c tsk_enc1d.f
tar -xf task_source.tar tsk_enc1i.f
g77 -fno-second-underscore -O -fPIC -c tsk_enc1i.f
tar -xf task_source.tar tsk_enc1l.f
g77 -fno-second-underscore -O -fPIC -c tsk_enc1l.f
tar -xf task_source.tar tsk_enc1r.f
g77 -fno-second-underscore -O -fPIC -c tsk_enc1r.f
tar -xf task_source.tar tsk_encnc.f
g77 -fno-second-underscore -O -fPIC -c tsk_encnc.f
tar -xf task_source.tar tsk_encnd.f
g77 -fno-second-underscore -O -fPIC -c tsk_encnd.f
tar -xf task_source.tar tsk_encni.f
g77 -fno-second-underscore -O -fPIC -c tsk_encni.f
tar -xf task_source.tar tsk_encnl.f
g77 -fno-second-underscore -O -fPIC -c tsk_encnl.f
tar -xf task_source.tar tsk_encnr.f
g77 -fno-second-underscore -O -fPIC -c tsk_encnr.f
tar -xf task_source.tar tsk_get.f
g77 -fno-second-underscore -O -fPIC -c tsk_get.f
tar -xf task_source.tar tsk_get_cntxt.f
g77 -fno-second-underscore -O -fPIC -c tsk_get_cntxt.f
tar -xf task_source.tar tsk_get_cntxn.f
g77 -fno-second-underscore -O -fPIC -c tsk_get_cntxn.f
tar -xf task_source.tar tsk_get_crinf.f
g77 -fno-second-underscore -O -fPIC -c tsk_get_crinf.f
tar -xf task_source.tar tsk_get_msinf.f
g77 -fno-second-underscore -O -fPIC -c tsk_get_msinf.f
tar -xf task_source.tar tsk_get_name.f
g77 -fno-second-underscore -O -fPIC -c tsk_get_name.f
tar -xf task_source.tar tsk_get_namcd.f
g77 -fno-second-underscore -O -fPIC -c tsk_get_namcd.f
tar -xf task_source.tar tsk_get_reasn.f
g77 -fno-second-underscore -O -fPIC -c tsk_get_reasn.f
tar -xf task_source.tar tsk_get_seq.f
g77 -fno-second-underscore -O -fPIC -c tsk_get_seq.f
tar -xf task_source.tar tsk_get_value.f
g77 -fno-second-underscore -O -fPIC -c tsk_get_value.f
tar -xf task_source.tar tsk_ini_msinf.f
g77 -fno-second-underscore -O -fPIC -c tsk_ini_msinf.f
tar -xf task_source.tar tsk_kick.f
g77 -fno-second-underscore -O -fPIC -c tsk_kick.f
tar -xf task_source.tar tsk_obey.f
g77 -fno-second-underscore -O -fPIC -c tsk_obey.f
tar -xf task_source.tar tsk_put_crinf.f
g77 -fno-second-underscore -O -fPIC -c tsk_put_crinf.f
tar -xf task_source.tar tsk_put_delay.f
g77 -fno-second-underscore -O -fPIC -c tsk_put_delay.f
tar -xf task_source.tar tsk_put_msinf.f
g77 -fno-second-underscore -O -fPIC -c tsk_put_msinf.f
tar -xf task_source.tar tsk_put_req.f
g77 -fno-second-underscore -O -fPIC -c tsk_put_req.f
tar -xf task_source.tar tsk_put_seq.f
g77 -fno-second-underscore -O -fPIC -c tsk_put_seq.f
tar -xf task_source.tar tsk_put_value.f
g77 -fno-second-underscore -O -fPIC -c tsk_put_value.f
tar -xf task_source.tar tsk_rem_msinf.f
g77 -fno-second-underscore -O -fPIC -c tsk_rem_msinf.f
tar -xf task_source.tar tsk_sch_msinf.f
g77 -fno-second-underscore -O -fPIC -c tsk_sch_msinf.f
tar -xf task_source.tar tsk_set.f
g77 -fno-second-underscore -O -fPIC -c tsk_set.f
tar -xf task_source.tar tsk_split.f
g77 -fno-second-underscore -O -fPIC -c tsk_split.f
tar -xf task_source.tar tsk_trigger.f
g77 -fno-second-underscore -O -fPIC -c tsk_trigger.f
tar -xf task_source.tar tsk_tstintflg.f
g77 -fno-second-underscore -O -fPIC -c tsk_tstintflg.f
tar -xf task_source.tar tsk_val0c.f
g77 -fno-second-underscore -O -fPIC -c tsk_val0c.f
tar -xf task_source.tar tsk_val0d.f
g77 -fno-second-underscore -O -fPIC -c tsk_val0d.f
tar -xf task_source.tar tsk_val0i.f
g77 -fno-second-underscore -O -fPIC -c tsk_val0i.f
tar -xf task_source.tar tsk_val0l.f
g77 -fno-second-underscore -O -fPIC -c tsk_val0l.f
tar -xf task_source.tar tsk_val0r.f
g77 -fno-second-underscore -O -fPIC -c tsk_val0r.f
tar -xf task_source.tar tsk_val1c.f
g77 -fno-second-underscore -O -fPIC -c tsk_val1c.f
tar -xf task_source.tar tsk_val1d.f
g77 -fno-second-underscore -O -fPIC -c tsk_val1d.f
tar -xf task_source.tar tsk_val1i.f
g77 -fno-second-underscore -O -fPIC -c tsk_val1i.f
tar -xf task_source.tar tsk_val1l.f
g77 -fno-second-underscore -O -fPIC -c tsk_val1l.f
tar -xf task_source.tar tsk_val1r.f
g77 -fno-second-underscore -O -fPIC -c tsk_val1r.f
tar -xf task_source.tar tsk_valnc.f
g77 -fno-second-underscore -O -fPIC -c tsk_valnc.f
tar -xf task_source.tar tsk_valnd.f
g77 -fno-second-underscore -O -fPIC -c tsk_valnd.f
tar -xf task_source.tar tsk_valni.f
g77 -fno-second-underscore -O -fPIC -c tsk_valni.f
tar -xf task_source.tar tsk_valnl.f
g77 -fno-second-underscore -O -fPIC -c tsk_valnl.f
tar -xf task_source.tar tsk_valnr.f
g77 -fno-second-underscore -O -fPIC -c tsk_valnr.f
ar r libtask_adam.a tsk_add_msinf.o tsk_askparam.o tsk_astmsg.o tsk_astsignal.o tsk_cancel.o tsk_clr_msinf.o tsk_cncat.o tsk_cnt_msinf.o tsk_dec0c.o tsk_dec0d.o tsk_dec0i.o tsk_dec0l.o tsk_dec0r.o tsk_dec1c.o tsk_dec1d.o tsk_dec1i.o tsk_dec1l.o tsk_dec1r.o tsk_decnc.o tsk_decnd.o tsk_decni.o tsk_decnl.o tsk_decnr.o tsk_done.o tsk_enc0c.o tsk_enc0d.o tsk_enc0i.o tsk_enc0l.o tsk_enc0r.o tsk_enc1c.o tsk_enc1d.o tsk_enc1i.o tsk_enc1l.o tsk_enc1r.o tsk_encnc.o tsk_encnd.o tsk_encni.o tsk_encnl.o tsk_encnr.o tsk_get.o tsk_get_cntxt.o tsk_get_cntxn.o tsk_get_crinf.o tsk_get_msinf.o tsk_get_name.o tsk_get_namcd.o tsk_get_reasn.o tsk_get_seq.o tsk_get_value.o tsk_ini_msinf.o tsk_kick.o tsk_obey.o tsk_put_crinf.o tsk_put_delay.o tsk_put_msinf.o tsk_put_req.o tsk_put_seq.o tsk_put_value.o tsk_rem_msinf.o tsk_sch_msinf.o tsk_set.o tsk_split.o tsk_trigger.o tsk_tstintflg.o tsk_val0c.o tsk_val0d.o tsk_val0i.o tsk_val0l.o tsk_val0r.o tsk_val1c.o tsk_val1d.o tsk_val1i.o tsk_val1l.o tsk_val1r.o tsk_valnc.o tsk_valnd.o tsk_valni.o tsk_valnl.o tsk_valnr.o
ranlib libtask_adam.a
touch libtask_adam.so
f() { ld -shared -soname $1 -o $1 $2;}; f libtask_adam.so ' tsk_add_msinf.o tsk_askparam.o tsk_astmsg.o tsk_astsignal.o tsk_cancel.o tsk_clr_msinf.o tsk_cncat.o tsk_cnt_msinf.o tsk_dec0c.o tsk_dec0d.o tsk_dec0i.o tsk_dec0l.o tsk_dec0r.o tsk_dec1c.o tsk_dec1d.o tsk_dec1i.o tsk_dec1l.o tsk_dec1r.o tsk_decnc.o tsk_decnd.o tsk_decni.o tsk_decnl.o tsk_decnr.o tsk_done.o tsk_enc0c.o tsk_enc0d.o tsk_enc0i.o tsk_enc0l.o tsk_enc0r.o tsk_enc1c.o tsk_enc1d.o tsk_enc1i.o tsk_enc1l.o tsk_enc1r.o tsk_encnc.o tsk_encnd.o tsk_encni.o tsk_encnl.o tsk_encnr.o tsk_get.o tsk_get_cntxt.o tsk_get_cntxn.o tsk_get_crinf.o tsk_get_msinf.o tsk_get_name.o tsk_get_namcd.o tsk_get_reasn.o tsk_get_seq.o tsk_get_value.o tsk_ini_msinf.o tsk_kick.o tsk_obey.o tsk_put_crinf.o tsk_put_delay.o tsk_put_msinf.o tsk_put_req.o tsk_put_seq.o tsk_put_value.o tsk_rem_msinf.o tsk_sch_msinf.o tsk_set.o tsk_split.o tsk_trigger.o tsk_tstintflg.o tsk_val0c.o tsk_val0d.o tsk_val0i.o tsk_val0l.o tsk_val0r.o tsk_val1c.o tsk_val1d.o tsk_val1i.o tsk_val1l.o tsk_val1r.o tsk_valnc.o tsk_valnd.o tsk_valni.o tsk_valnl.o tsk_valnr.o  ' '-L/apps/cvsbuild/star/lib -lems'
tar -xf task_source.tar task_dev
tar -xf task_source.tar fac_364_err
make[2]: Leaving directory `/apps/cvsbuild/BUILDTEST/pcs/task'

*** The TASK package has been built

make[1]: Leaving directory `/apps/cvsbuild/BUILDTEST/pcs/task'
make[1]: Entering directory `/apps/cvsbuild/BUILDTEST/pcs'
make[1]: Leaving directory `/apps/cvsbuild/BUILDTEST/pcs'

*** The PCS package has been built
