mk: Environment variables defined for ix86_Linux system
make -e build
make: *** Warning: File `makefile' has modification time in the future (2002-11-26 10:12:05 > 2002-10-10 04:01:05.111188)
make[1]: Entering directory `/apps/cvsbuild/BUILDTEST/prm'
make[1]: *** Warning: File `makefile' has modification time in the future (2002-11-26 10:12:05 > 2002-10-10 04:01:05.140297)
tar -xf prm_source.tar prm_link
tar -xf prm_source.tar prm_link_adam
tar -xf prm_source.tar prm_err
tar: prm_err: time stamp 2002-11-26 09:57:20 is 4085775 s in the future
tar -xf prm_source.tar num_dec_B
tar -xf prm_source.tar num_dec_D
tar -xf prm_source.tar num_dec_I
tar -xf prm_source.tar num_dec_R
tar -xf prm_source.tar num_dec_UB
tar -xf prm_source.tar num_dec_UW
tar -xf prm_source.tar num_dec_W
tar -xf prm_source.tar num_dec_cvt
tar -xf prm_source.tar num_def_B
tar -xf prm_source.tar num_def_I
tar -xf prm_source.tar num_def_UB
tar -xf prm_source.tar num_def_UW
tar -xf prm_source.tar num_def_W
tar -xf prm_source.tar num_def_D_ix86_Linux
mv num_def_D_ix86_Linux num_def_D
tar -xf prm_source.tar num_def_R_ix86_Linux
mv num_def_R_ix86_Linux num_def_R
tar -xf prm_source.tar num_def_cvt_ix86_Linux
mv num_def_cvt_ix86_Linux num_def_cvt
tar -xf prm_source.tar num_cmn_ix86_Linux
mv num_cmn_ix86_Linux num_cmn
tar -xf prm_source.tar \
           prm_par_ix86_Linux_g77
mv prm_par_ix86_Linux_g77 prm_par
tar -xf prm_source.tar num_def
tar -xf prm_source.tar num_dec
tar -xf prm_source.tar val_absb.f
ln -s num_cmn NUM_CMN
ln -s num_dec_B NUM_DEC_B
ln -s num_dec_cvt NUM_DEC_CVT
ln -s num_def_B NUM_DEF_B
ln -s num_def_cvt NUM_DEF_CVT
tar -xf prm_source.tar prm_const
ln -s prm_const PRM_CONST
ln -s prm_err PRM_ERR
ln -s prm_par PRM_PAR
ln -s /apps/cvsbuild/star/include/sae_par SAE_PAR
g77 -fno-second-underscore -O -c val_absb.f
tar -xf prm_source.tar val_absd.f
ln -s num_dec_D NUM_DEC_D
ln -s num_def_D NUM_DEF_D
g77 -fno-second-underscore -O -c val_absd.f
tar -xf prm_source.tar val_absi.f
ln -s num_dec_I NUM_DEC_I
ln -s num_def_I NUM_DEF_I
g77 -fno-second-underscore -O -c val_absi.f
tar -xf prm_source.tar val_absr.f
ln -s num_dec_R NUM_DEC_R
ln -s num_def_R NUM_DEF_R
g77 -fno-second-underscore -O -c val_absr.f
tar -xf prm_source.tar val_absub.f
ln -s num_dec_UB NUM_DEC_UB
ln -s num_def_UB NUM_DEF_UB
g77 -fno-second-underscore -O -c val_absub.f
tar -xf prm_source.tar val_absuw.f
ln -s num_dec_UW NUM_DEC_UW
ln -s num_def_UW NUM_DEF_UW
g77 -fno-second-underscore -O -c val_absuw.f
tar -xf prm_source.tar val_absw.f
ln -s num_dec_W NUM_DEC_W
ln -s num_def_W NUM_DEF_W
g77 -fno-second-underscore -O -c val_absw.f
tar -xf prm_source.tar val_acosd.f
g77 -fno-second-underscore -O -c val_acosd.f
tar -xf prm_source.tar val_acosr.f
g77 -fno-second-underscore -O -c val_acosr.f
tar -xf prm_source.tar val_acsdd.f
g77 -fno-second-underscore -O -c val_acsdd.f
tar -xf prm_source.tar val_acsdr.f
g77 -fno-second-underscore -O -c val_acsdr.f
tar -xf prm_source.tar val_addb.f
g77 -fno-second-underscore -O -c val_addb.f
tar -xf prm_source.tar val_addd.f
g77 -fno-second-underscore -O -c val_addd.f
tar -xf prm_source.tar val_addi.f
g77 -fno-second-underscore -O -c val_addi.f
tar -xf prm_source.tar val_addr.f
g77 -fno-second-underscore -O -c val_addr.f
tar -xf prm_source.tar val_addub.f
g77 -fno-second-underscore -O -c val_addub.f
tar -xf prm_source.tar val_adduw.f
g77 -fno-second-underscore -O -c val_adduw.f
tar -xf prm_source.tar val_addw.f
g77 -fno-second-underscore -O -c val_addw.f
tar -xf prm_source.tar val_asind.f
g77 -fno-second-underscore -O -c val_asind.f
tar -xf prm_source.tar val_asinr.f
g77 -fno-second-underscore -O -c val_asinr.f
tar -xf prm_source.tar val_asndd.f
g77 -fno-second-underscore -O -c val_asndd.f
tar -xf prm_source.tar val_asndr.f
g77 -fno-second-underscore -O -c val_asndr.f
tar -xf prm_source.tar val_at2dd.f
g77 -fno-second-underscore -O -c val_at2dd.f
tar -xf prm_source.tar val_at2dr.f
g77 -fno-second-underscore -O -c val_at2dr.f
tar -xf prm_source.tar val_atand.f
g77 -fno-second-underscore -O -c val_atand.f
tar -xf prm_source.tar val_atanr.f
g77 -fno-second-underscore -O -c val_atanr.f
tar -xf prm_source.tar val_atn2d.f
g77 -fno-second-underscore -O -c val_atn2d.f
tar -xf prm_source.tar val_atn2r.f
g77 -fno-second-underscore -O -c val_atn2r.f
tar -xf prm_source.tar val_atndd.f
g77 -fno-second-underscore -O -c val_atndd.f
tar -xf prm_source.tar val_atndr.f
g77 -fno-second-underscore -O -c val_atndr.f
tar -xf prm_source.tar val_btob.f
g77 -fno-second-underscore -O -c val_btob.f
tar -xf prm_source.tar val_btod.f
g77 -fno-second-underscore -O -c val_btod.f
tar -xf prm_source.tar val_btoi.f
g77 -fno-second-underscore -O -c val_btoi.f
tar -xf prm_source.tar val_btor.f
g77 -fno-second-underscore -O -c val_btor.f
tar -xf prm_source.tar val_btoub.f
g77 -fno-second-underscore -O -c val_btoub.f
tar -xf prm_source.tar val_btouw.f
g77 -fno-second-underscore -O -c val_btouw.f
tar -xf prm_source.tar val_btow.f
g77 -fno-second-underscore -O -c val_btow.f
tar -xf prm_source.tar val_cosd.f
g77 -fno-second-underscore -O -c val_cosd.f
tar -xf prm_source.tar val_cosdd.f
g77 -fno-second-underscore -O -c val_cosdd.f
tar -xf prm_source.tar val_cosdr.f
g77 -fno-second-underscore -O -c val_cosdr.f
tar -xf prm_source.tar val_coshd.f
g77 -fno-second-underscore -O -c val_coshd.f
tar -xf prm_source.tar val_coshr.f
g77 -fno-second-underscore -O -c val_coshr.f
tar -xf prm_source.tar val_cosr.f
g77 -fno-second-underscore -O -c val_cosr.f
tar -xf prm_source.tar val_dimb.f
g77 -fno-second-underscore -O -c val_dimb.f
tar -xf prm_source.tar val_dimd.f
g77 -fno-second-underscore -O -c val_dimd.f
tar -xf prm_source.tar val_dimi.f
g77 -fno-second-underscore -O -c val_dimi.f
tar -xf prm_source.tar val_dimr.f
g77 -fno-second-underscore -O -c val_dimr.f
tar -xf prm_source.tar val_dimub.f
g77 -fno-second-underscore -O -c val_dimub.f
tar -xf prm_source.tar val_dimuw.f
g77 -fno-second-underscore -O -c val_dimuw.f
tar -xf prm_source.tar val_dimw.f
g77 -fno-second-underscore -O -c val_dimw.f
tar -xf prm_source.tar val_divb.f
g77 -fno-second-underscore -O -c val_divb.f
tar -xf prm_source.tar val_divd.f
g77 -fno-second-underscore -O -c val_divd.f
tar -xf prm_source.tar val_divi.f
g77 -fno-second-underscore -O -c val_divi.f
tar -xf prm_source.tar val_divr.f
g77 -fno-second-underscore -O -c val_divr.f
tar -xf prm_source.tar val_divub.f
g77 -fno-second-underscore -O -c val_divub.f
tar -xf prm_source.tar val_divuw.f
g77 -fno-second-underscore -O -c val_divuw.f
tar -xf prm_source.tar val_divw.f
g77 -fno-second-underscore -O -c val_divw.f
tar -xf prm_source.tar val_dtob.f
g77 -fno-second-underscore -O -c val_dtob.f
tar -xf prm_source.tar val_dtod.f
g77 -fno-second-underscore -O -c val_dtod.f
tar -xf prm_source.tar val_dtoi.f
g77 -fno-second-underscore -O -c val_dtoi.f
tar -xf prm_source.tar val_dtor.f
g77 -fno-second-underscore -O -c val_dtor.f
tar -xf prm_source.tar val_dtoub.f
g77 -fno-second-underscore -O -c val_dtoub.f
tar -xf prm_source.tar val_dtouw.f
g77 -fno-second-underscore -O -c val_dtouw.f
tar -xf prm_source.tar val_dtow.f
g77 -fno-second-underscore -O -c val_dtow.f
tar -xf prm_source.tar val_expb.f
g77 -fno-second-underscore -O -c val_expb.f
tar -xf prm_source.tar val_expd.f
g77 -fno-second-underscore -O -c val_expd.f
tar -xf prm_source.tar val_expi.f
g77 -fno-second-underscore -O -c val_expi.f
tar -xf prm_source.tar val_expr.f
g77 -fno-second-underscore -O -c val_expr.f
tar -xf prm_source.tar val_expub.f
g77 -fno-second-underscore -O -c val_expub.f
tar -xf prm_source.tar val_expuw.f
g77 -fno-second-underscore -O -c val_expuw.f
tar -xf prm_source.tar val_expw.f
g77 -fno-second-underscore -O -c val_expw.f
tar -xf prm_source.tar val_idvb.f
g77 -fno-second-underscore -O -c val_idvb.f
tar -xf prm_source.tar val_idvd.f
g77 -fno-second-underscore -O -c val_idvd.f
tar -xf prm_source.tar val_idvi.f
g77 -fno-second-underscore -O -c val_idvi.f
tar -xf prm_source.tar val_idvr.f
g77 -fno-second-underscore -O -c val_idvr.f
tar -xf prm_source.tar val_idvub.f
g77 -fno-second-underscore -O -c val_idvub.f
tar -xf prm_source.tar val_idvuw.f
g77 -fno-second-underscore -O -c val_idvuw.f
tar -xf prm_source.tar val_idvw.f
g77 -fno-second-underscore -O -c val_idvw.f
tar -xf prm_source.tar val_intb.f
g77 -fno-second-underscore -O -c val_intb.f
tar -xf prm_source.tar val_intd.f
g77 -fno-second-underscore -O -c val_intd.f
tar -xf prm_source.tar val_inti.f
g77 -fno-second-underscore -O -c val_inti.f
tar -xf prm_source.tar val_intr.f
g77 -fno-second-underscore -O -c val_intr.f
tar -xf prm_source.tar val_intub.f
g77 -fno-second-underscore -O -c val_intub.f
tar -xf prm_source.tar val_intuw.f
g77 -fno-second-underscore -O -c val_intuw.f
tar -xf prm_source.tar val_intw.f
g77 -fno-second-underscore -O -c val_intw.f
tar -xf prm_source.tar val_itob.f
g77 -fno-second-underscore -O -c val_itob.f
tar -xf prm_source.tar val_itod.f
g77 -fno-second-underscore -O -c val_itod.f
tar -xf prm_source.tar val_itoi.f
g77 -fno-second-underscore -O -c val_itoi.f
tar -xf prm_source.tar val_itor.f
g77 -fno-second-underscore -O -c val_itor.f
tar -xf prm_source.tar val_itoub.f
g77 -fno-second-underscore -O -c val_itoub.f
tar -xf prm_source.tar val_itouw.f
g77 -fno-second-underscore -O -c val_itouw.f
tar -xf prm_source.tar val_itow.f
g77 -fno-second-underscore -O -c val_itow.f
tar -xf prm_source.tar val_lg10b.f
g77 -fno-second-underscore -O -c val_lg10b.f
tar -xf prm_source.tar val_lg10d.f
g77 -fno-second-underscore -O -c val_lg10d.f
tar -xf prm_source.tar val_lg10i.f
g77 -fno-second-underscore -O -c val_lg10i.f
tar -xf prm_source.tar val_lg10r.f
g77 -fno-second-underscore -O -c val_lg10r.f
tar -xf prm_source.tar val_lg10ub.f
g77 -fno-second-underscore -O -c val_lg10ub.f
tar -xf prm_source.tar val_lg10uw.f
g77 -fno-second-underscore -O -c val_lg10uw.f
tar -xf prm_source.tar val_lg10w.f
g77 -fno-second-underscore -O -c val_lg10w.f
tar -xf prm_source.tar val_logb.f
g77 -fno-second-underscore -O -c val_logb.f
tar -xf prm_source.tar val_logd.f
g77 -fno-second-underscore -O -c val_logd.f
tar -xf prm_source.tar val_logi.f
g77 -fno-second-underscore -O -c val_logi.f
tar -xf prm_source.tar val_logr.f
g77 -fno-second-underscore -O -c val_logr.f
tar -xf prm_source.tar val_logub.f
g77 -fno-second-underscore -O -c val_logub.f
tar -xf prm_source.tar val_loguw.f
g77 -fno-second-underscore -O -c val_loguw.f
tar -xf prm_source.tar val_logw.f
g77 -fno-second-underscore -O -c val_logw.f
tar -xf prm_source.tar val_maxb.f
g77 -fno-second-underscore -O -c val_maxb.f
tar -xf prm_source.tar val_maxd.f
g77 -fno-second-underscore -O -c val_maxd.f
tar -xf prm_source.tar val_maxi.f
g77 -fno-second-underscore -O -c val_maxi.f
tar -xf prm_source.tar val_maxr.f
g77 -fno-second-underscore -O -c val_maxr.f
tar -xf prm_source.tar val_maxub.f
g77 -fno-second-underscore -O -c val_maxub.f
tar -xf prm_source.tar val_maxuw.f
g77 -fno-second-underscore -O -c val_maxuw.f
tar -xf prm_source.tar val_maxw.f
g77 -fno-second-underscore -O -c val_maxw.f
tar -xf prm_source.tar val_minb.f
g77 -fno-second-underscore -O -c val_minb.f
tar -xf prm_source.tar val_mind.f
g77 -fno-second-underscore -O -c val_mind.f
tar -xf prm_source.tar val_mini.f
g77 -fno-second-underscore -O -c val_mini.f
tar -xf prm_source.tar val_minr.f
g77 -fno-second-underscore -O -c val_minr.f
tar -xf prm_source.tar val_minub.f
g77 -fno-second-underscore -O -c val_minub.f
tar -xf prm_source.tar val_minuw.f
g77 -fno-second-underscore -O -c val_minuw.f
tar -xf prm_source.tar val_minw.f
g77 -fno-second-underscore -O -c val_minw.f
tar -xf prm_source.tar val_modb.f
g77 -fno-second-underscore -O -c val_modb.f
tar -xf prm_source.tar val_modd.f
g77 -fno-second-underscore -O -c val_modd.f
tar -xf prm_source.tar val_modi.f
g77 -fno-second-underscore -O -c val_modi.f
tar -xf prm_source.tar val_modr.f
g77 -fno-second-underscore -O -c val_modr.f
tar -xf prm_source.tar val_modub.f
g77 -fno-second-underscore -O -c val_modub.f
tar -xf prm_source.tar val_moduw.f
g77 -fno-second-underscore -O -c val_moduw.f
tar -xf prm_source.tar val_modw.f
g77 -fno-second-underscore -O -c val_modw.f
tar -xf prm_source.tar val_mulb.f
g77 -fno-second-underscore -O -c val_mulb.f
tar -xf prm_source.tar val_muld.f
g77 -fno-second-underscore -O -c val_muld.f
tar -xf prm_source.tar val_muli.f
g77 -fno-second-underscore -O -c val_muli.f
tar -xf prm_source.tar val_mulr.f
g77 -fno-second-underscore -O -c val_mulr.f
tar -xf prm_source.tar val_mulub.f
g77 -fno-second-underscore -O -c val_mulub.f
tar -xf prm_source.tar val_muluw.f
g77 -fno-second-underscore -O -c val_muluw.f
tar -xf prm_source.tar val_mulw.f
g77 -fno-second-underscore -O -c val_mulw.f
tar -xf prm_source.tar val_negb.f
g77 -fno-second-underscore -O -c val_negb.f
tar -xf prm_source.tar val_negd.f
g77 -fno-second-underscore -O -c val_negd.f
tar -xf prm_source.tar val_negi.f
g77 -fno-second-underscore -O -c val_negi.f
tar -xf prm_source.tar val_negr.f
g77 -fno-second-underscore -O -c val_negr.f
tar -xf prm_source.tar val_negub.f
g77 -fno-second-underscore -O -c val_negub.f
tar -xf prm_source.tar val_neguw.f
g77 -fno-second-underscore -O -c val_neguw.f
tar -xf prm_source.tar val_negw.f
g77 -fno-second-underscore -O -c val_negw.f
tar -xf prm_source.tar val_nintb.f
g77 -fno-second-underscore -O -c val_nintb.f
tar -xf prm_source.tar val_nintd.f
g77 -fno-second-underscore -O -c val_nintd.f
tar -xf prm_source.tar val_ninti.f
g77 -fno-second-underscore -O -c val_ninti.f
tar -xf prm_source.tar val_nintr.f
g77 -fno-second-underscore -O -c val_nintr.f
tar -xf prm_source.tar val_nintub.f
g77 -fno-second-underscore -O -c val_nintub.f
tar -xf prm_source.tar val_nintuw.f
g77 -fno-second-underscore -O -c val_nintuw.f
tar -xf prm_source.tar val_nintw.f
g77 -fno-second-underscore -O -c val_nintw.f
tar -xf prm_source.tar val_pwrb.f
g77 -fno-second-underscore -O -c val_pwrb.f
tar -xf prm_source.tar val_pwrd.f
g77 -fno-second-underscore -O -c val_pwrd.f
tar -xf prm_source.tar val_pwri.f
g77 -fno-second-underscore -O -c val_pwri.f
tar -xf prm_source.tar val_pwrr.f
g77 -fno-second-underscore -O -c val_pwrr.f
tar -xf prm_source.tar val_pwrub.f
g77 -fno-second-underscore -O -c val_pwrub.f
tar -xf prm_source.tar val_pwruw.f
g77 -fno-second-underscore -O -c val_pwruw.f
tar -xf prm_source.tar val_pwrw.f
g77 -fno-second-underscore -O -c val_pwrw.f
tar -xf prm_source.tar val_rtob.f
g77 -fno-second-underscore -O -c val_rtob.f
tar -xf prm_source.tar val_rtod.f
g77 -fno-second-underscore -O -c val_rtod.f
tar -xf prm_source.tar val_rtoi.f
g77 -fno-second-underscore -O -c val_rtoi.f
tar -xf prm_source.tar val_rtor.f
g77 -fno-second-underscore -O -c val_rtor.f
tar -xf prm_source.tar val_rtoub.f
g77 -fno-second-underscore -O -c val_rtoub.f
tar -xf prm_source.tar val_rtouw.f
g77 -fno-second-underscore -O -c val_rtouw.f
tar -xf prm_source.tar val_rtow.f
g77 -fno-second-underscore -O -c val_rtow.f
tar -xf prm_source.tar val_signb.f
g77 -fno-second-underscore -O -c val_signb.f
tar -xf prm_source.tar val_signd.f
g77 -fno-second-underscore -O -c val_signd.f
tar -xf prm_source.tar val_signi.f
g77 -fno-second-underscore -O -c val_signi.f
tar -xf prm_source.tar val_signr.f
g77 -fno-second-underscore -O -c val_signr.f
tar -xf prm_source.tar val_signub.f
g77 -fno-second-underscore -O -c val_signub.f
tar -xf prm_source.tar val_signuw.f
g77 -fno-second-underscore -O -c val_signuw.f
tar -xf prm_source.tar val_signw.f
g77 -fno-second-underscore -O -c val_signw.f
tar -xf prm_source.tar val_sind.f
g77 -fno-second-underscore -O -c val_sind.f
tar -xf prm_source.tar val_sindd.f
g77 -fno-second-underscore -O -c val_sindd.f
tar -xf prm_source.tar val_sindr.f
g77 -fno-second-underscore -O -c val_sindr.f
tar -xf prm_source.tar val_sinhd.f
g77 -fno-second-underscore -O -c val_sinhd.f
tar -xf prm_source.tar val_sinhr.f
g77 -fno-second-underscore -O -c val_sinhr.f
tar -xf prm_source.tar val_sinr.f
g77 -fno-second-underscore -O -c val_sinr.f
tar -xf prm_source.tar val_sqrtb.f
g77 -fno-second-underscore -O -c val_sqrtb.f
tar -xf prm_source.tar val_sqrtd.f
g77 -fno-second-underscore -O -c val_sqrtd.f
tar -xf prm_source.tar val_sqrti.f
g77 -fno-second-underscore -O -c val_sqrti.f
tar -xf prm_source.tar val_sqrtr.f
g77 -fno-second-underscore -O -c val_sqrtr.f
tar -xf prm_source.tar val_sqrtub.f
g77 -fno-second-underscore -O -c val_sqrtub.f
tar -xf prm_source.tar val_sqrtuw.f
g77 -fno-second-underscore -O -c val_sqrtuw.f
tar -xf prm_source.tar val_sqrtw.f
g77 -fno-second-underscore -O -c val_sqrtw.f
tar -xf prm_source.tar val_subb.f
g77 -fno-second-underscore -O -c val_subb.f
tar -xf prm_source.tar val_subd.f
g77 -fno-second-underscore -O -c val_subd.f
tar -xf prm_source.tar val_subi.f
g77 -fno-second-underscore -O -c val_subi.f
tar -xf prm_source.tar val_subr.f
g77 -fno-second-underscore -O -c val_subr.f
tar -xf prm_source.tar val_subub.f
g77 -fno-second-underscore -O -c val_subub.f
tar -xf prm_source.tar val_subuw.f
g77 -fno-second-underscore -O -c val_subuw.f
tar -xf prm_source.tar val_subw.f
g77 -fno-second-underscore -O -c val_subw.f
tar -xf prm_source.tar val_tand.f
g77 -fno-second-underscore -O -c val_tand.f
tar -xf prm_source.tar val_tandd.f
g77 -fno-second-underscore -O -c val_tandd.f
tar -xf prm_source.tar val_tandr.f
g77 -fno-second-underscore -O -c val_tandr.f
tar -xf prm_source.tar val_tanhd.f
g77 -fno-second-underscore -O -c val_tanhd.f
tar -xf prm_source.tar val_tanhr.f
g77 -fno-second-underscore -O -c val_tanhr.f
tar -xf prm_source.tar val_tanr.f
g77 -fno-second-underscore -O -c val_tanr.f
tar -xf prm_source.tar val_ubtob.f
g77 -fno-second-underscore -O -c val_ubtob.f
tar -xf prm_source.tar val_ubtod.f
g77 -fno-second-underscore -O -c val_ubtod.f
tar -xf prm_source.tar val_ubtoi.f
g77 -fno-second-underscore -O -c val_ubtoi.f
tar -xf prm_source.tar val_ubtor.f
g77 -fno-second-underscore -O -c val_ubtor.f
tar -xf prm_source.tar val_ubtoub.f
g77 -fno-second-underscore -O -c val_ubtoub.f
tar -xf prm_source.tar val_ubtouw.f
g77 -fno-second-underscore -O -c val_ubtouw.f
tar -xf prm_source.tar val_ubtow.f
g77 -fno-second-underscore -O -c val_ubtow.f
tar -xf prm_source.tar val_uwtob.f
g77 -fno-second-underscore -O -c val_uwtob.f
tar -xf prm_source.tar val_uwtod.f
g77 -fno-second-underscore -O -c val_uwtod.f
tar -xf prm_source.tar val_uwtoi.f
g77 -fno-second-underscore -O -c val_uwtoi.f
tar -xf prm_source.tar val_uwtor.f
g77 -fno-second-underscore -O -c val_uwtor.f
tar -xf prm_source.tar val_uwtoub.f
g77 -fno-second-underscore -O -c val_uwtoub.f
tar -xf prm_source.tar val_uwtouw.f
g77 -fno-second-underscore -O -c val_uwtouw.f
tar -xf prm_source.tar val_uwtow.f
g77 -fno-second-underscore -O -c val_uwtow.f
tar -xf prm_source.tar val_wtob.f
g77 -fno-second-underscore -O -c val_wtob.f
tar -xf prm_source.tar val_wtod.f
g77 -fno-second-underscore -O -c val_wtod.f
tar -xf prm_source.tar val_wtoi.f
g77 -fno-second-underscore -O -c val_wtoi.f
tar -xf prm_source.tar val_wtor.f
g77 -fno-second-underscore -O -c val_wtor.f
tar -xf prm_source.tar val_wtoub.f
g77 -fno-second-underscore -O -c val_wtoub.f
tar -xf prm_source.tar val_wtouw.f
g77 -fno-second-underscore -O -c val_wtouw.f
tar -xf prm_source.tar val_wtow.f
g77 -fno-second-underscore -O -c val_wtow.f
tar -xf prm_source.tar vec_absb.f
g77 -fno-second-underscore -O -c vec_absb.f
tar -xf prm_source.tar vec_absd.f
g77 -fno-second-underscore -O -c vec_absd.f
tar -xf prm_source.tar vec_absi.f
g77 -fno-second-underscore -O -c vec_absi.f
tar -xf prm_source.tar vec_absr.f
g77 -fno-second-underscore -O -c vec_absr.f
tar -xf prm_source.tar vec_absub.f
g77 -fno-second-underscore -O -c vec_absub.f
tar -xf prm_source.tar vec_absuw.f
g77 -fno-second-underscore -O -c vec_absuw.f
tar -xf prm_source.tar vec_absw.f
g77 -fno-second-underscore -O -c vec_absw.f
tar -xf prm_source.tar vec_acosd.f
g77 -fno-second-underscore -O -c vec_acosd.f
tar -xf prm_source.tar vec_acosr.f
g77 -fno-second-underscore -O -c vec_acosr.f
tar -xf prm_source.tar vec_acsdd.f
g77 -fno-second-underscore -O -c vec_acsdd.f
tar -xf prm_source.tar vec_acsdr.f
g77 -fno-second-underscore -O -c vec_acsdr.f
tar -xf prm_source.tar vec_addb.f
g77 -fno-second-underscore -O -c vec_addb.f
tar -xf prm_source.tar vec_addd.f
g77 -fno-second-underscore -O -c vec_addd.f
tar -xf prm_source.tar vec_addi.f
g77 -fno-second-underscore -O -c vec_addi.f
tar -xf prm_source.tar vec_addr.f
g77 -fno-second-underscore -O -c vec_addr.f
tar -xf prm_source.tar vec_addub.f
g77 -fno-second-underscore -O -c vec_addub.f
tar -xf prm_source.tar vec_adduw.f
g77 -fno-second-underscore -O -c vec_adduw.f
tar -xf prm_source.tar vec_addw.f
g77 -fno-second-underscore -O -c vec_addw.f
tar -xf prm_source.tar vec_asind.f
g77 -fno-second-underscore -O -c vec_asind.f
tar -xf prm_source.tar vec_asinr.f
g77 -fno-second-underscore -O -c vec_asinr.f
tar -xf prm_source.tar vec_asndd.f
g77 -fno-second-underscore -O -c vec_asndd.f
tar -xf prm_source.tar vec_asndr.f
g77 -fno-second-underscore -O -c vec_asndr.f
tar -xf prm_source.tar vec_at2dd.f
g77 -fno-second-underscore -O -c vec_at2dd.f
tar -xf prm_source.tar vec_at2dr.f
g77 -fno-second-underscore -O -c vec_at2dr.f
tar -xf prm_source.tar vec_atand.f
g77 -fno-second-underscore -O -c vec_atand.f
tar -xf prm_source.tar vec_atanr.f
g77 -fno-second-underscore -O -c vec_atanr.f
tar -xf prm_source.tar vec_atn2d.f
g77 -fno-second-underscore -O -c vec_atn2d.f
tar -xf prm_source.tar vec_atn2r.f
g77 -fno-second-underscore -O -c vec_atn2r.f
tar -xf prm_source.tar vec_atndd.f
g77 -fno-second-underscore -O -c vec_atndd.f
tar -xf prm_source.tar vec_atndr.f
g77 -fno-second-underscore -O -c vec_atndr.f
tar -xf prm_source.tar vec_btob.f
g77 -fno-second-underscore -O -c vec_btob.f
tar -xf prm_source.tar vec_btod.f
g77 -fno-second-underscore -O -c vec_btod.f
tar -xf prm_source.tar vec_btoi.f
g77 -fno-second-underscore -O -c vec_btoi.f
tar -xf prm_source.tar vec_btor.f
g77 -fno-second-underscore -O -c vec_btor.f
tar -xf prm_source.tar vec_btoub.f
g77 -fno-second-underscore -O -c vec_btoub.f
tar -xf prm_source.tar vec_btouw.f
g77 -fno-second-underscore -O -c vec_btouw.f
tar -xf prm_source.tar vec_btow.f
g77 -fno-second-underscore -O -c vec_btow.f
tar -xf prm_source.tar vec_cosd.f
g77 -fno-second-underscore -O -c vec_cosd.f
tar -xf prm_source.tar vec_cosdd.f
g77 -fno-second-underscore -O -c vec_cosdd.f
tar -xf prm_source.tar vec_cosdr.f
g77 -fno-second-underscore -O -c vec_cosdr.f
tar -xf prm_source.tar vec_coshd.f
g77 -fno-second-underscore -O -c vec_coshd.f
tar -xf prm_source.tar vec_coshr.f
g77 -fno-second-underscore -O -c vec_coshr.f
tar -xf prm_source.tar vec_cosr.f
g77 -fno-second-underscore -O -c vec_cosr.f
tar -xf prm_source.tar vec_dimb.f
g77 -fno-second-underscore -O -c vec_dimb.f
tar -xf prm_source.tar vec_dimd.f
g77 -fno-second-underscore -O -c vec_dimd.f
tar -xf prm_source.tar vec_dimi.f
g77 -fno-second-underscore -O -c vec_dimi.f
tar -xf prm_source.tar vec_dimr.f
g77 -fno-second-underscore -O -c vec_dimr.f
tar -xf prm_source.tar vec_dimub.f
g77 -fno-second-underscore -O -c vec_dimub.f
tar -xf prm_source.tar vec_dimuw.f
g77 -fno-second-underscore -O -c vec_dimuw.f
tar -xf prm_source.tar vec_dimw.f
g77 -fno-second-underscore -O -c vec_dimw.f
tar -xf prm_source.tar vec_divb.f
g77 -fno-second-underscore -O -c vec_divb.f
tar -xf prm_source.tar vec_divd.f
g77 -fno-second-underscore -O -c vec_divd.f
tar -xf prm_source.tar vec_divi.f
g77 -fno-second-underscore -O -c vec_divi.f
tar -xf prm_source.tar vec_divr.f
g77 -fno-second-underscore -O -c vec_divr.f
tar -xf prm_source.tar vec_divub.f
g77 -fno-second-underscore -O -c vec_divub.f
tar -xf prm_source.tar vec_divuw.f
g77 -fno-second-underscore -O -c vec_divuw.f
tar -xf prm_source.tar vec_divw.f
g77 -fno-second-underscore -O -c vec_divw.f
tar -xf prm_source.tar vec_dtob.f
g77 -fno-second-underscore -O -c vec_dtob.f
tar -xf prm_source.tar vec_dtod.f
g77 -fno-second-underscore -O -c vec_dtod.f
tar -xf prm_source.tar vec_dtoi.f
g77 -fno-second-underscore -O -c vec_dtoi.f
tar -xf prm_source.tar vec_dtor.f
g77 -fno-second-underscore -O -c vec_dtor.f
tar -xf prm_source.tar vec_dtoub.f
g77 -fno-second-underscore -O -c vec_dtoub.f
tar -xf prm_source.tar vec_dtouw.f
g77 -fno-second-underscore -O -c vec_dtouw.f
tar -xf prm_source.tar vec_dtow.f
g77 -fno-second-underscore -O -c vec_dtow.f
tar -xf prm_source.tar vec_expb.f
g77 -fno-second-underscore -O -c vec_expb.f
tar -xf prm_source.tar vec_expd.f
g77 -fno-second-underscore -O -c vec_expd.f
tar -xf prm_source.tar vec_expi.f
g77 -fno-second-underscore -O -c vec_expi.f
tar -xf prm_source.tar vec_expr.f
g77 -fno-second-underscore -O -c vec_expr.f
tar -xf prm_source.tar vec_expub.f
g77 -fno-second-underscore -O -c vec_expub.f
tar -xf prm_source.tar vec_expuw.f
g77 -fno-second-underscore -O -c vec_expuw.f
tar -xf prm_source.tar vec_expw.f
g77 -fno-second-underscore -O -c vec_expw.f
tar -xf prm_source.tar vec_idvb.f
g77 -fno-second-underscore -O -c vec_idvb.f
tar -xf prm_source.tar vec_idvd.f
g77 -fno-second-underscore -O -c vec_idvd.f
tar -xf prm_source.tar vec_idvi.f
g77 -fno-second-underscore -O -c vec_idvi.f
tar -xf prm_source.tar vec_idvr.f
g77 -fno-second-underscore -O -c vec_idvr.f
tar -xf prm_source.tar vec_idvub.f
g77 -fno-second-underscore -O -c vec_idvub.f
tar -xf prm_source.tar vec_idvuw.f
g77 -fno-second-underscore -O -c vec_idvuw.f
tar -xf prm_source.tar vec_idvw.f
g77 -fno-second-underscore -O -c vec_idvw.f
tar -xf prm_source.tar vec_intb.f
g77 -fno-second-underscore -O -c vec_intb.f
tar -xf prm_source.tar vec_intd.f
g77 -fno-second-underscore -O -c vec_intd.f
tar -xf prm_source.tar vec_inti.f
g77 -fno-second-underscore -O -c vec_inti.f
tar -xf prm_source.tar vec_intr.f
g77 -fno-second-underscore -O -c vec_intr.f
tar -xf prm_source.tar vec_intub.f
g77 -fno-second-underscore -O -c vec_intub.f
tar -xf prm_source.tar vec_intuw.f
g77 -fno-second-underscore -O -c vec_intuw.f
tar -xf prm_source.tar vec_intw.f
g77 -fno-second-underscore -O -c vec_intw.f
tar -xf prm_source.tar vec_itob.f
g77 -fno-second-underscore -O -c vec_itob.f
tar -xf prm_source.tar vec_itod.f
g77 -fno-second-underscore -O -c vec_itod.f
tar -xf prm_source.tar vec_itoi.f
g77 -fno-second-underscore -O -c vec_itoi.f
tar -xf prm_source.tar vec_itor.f
g77 -fno-second-underscore -O -c vec_itor.f
tar -xf prm_source.tar vec_itoub.f
g77 -fno-second-underscore -O -c vec_itoub.f
tar -xf prm_source.tar vec_itouw.f
g77 -fno-second-underscore -O -c vec_itouw.f
tar -xf prm_source.tar vec_itow.f
g77 -fno-second-underscore -O -c vec_itow.f
tar -xf prm_source.tar vec_lg10b.f
g77 -fno-second-underscore -O -c vec_lg10b.f
tar -xf prm_source.tar vec_lg10d.f
g77 -fno-second-underscore -O -c vec_lg10d.f
tar -xf prm_source.tar vec_lg10i.f
g77 -fno-second-underscore -O -c vec_lg10i.f
tar -xf prm_source.tar vec_lg10r.f
g77 -fno-second-underscore -O -c vec_lg10r.f
tar -xf prm_source.tar vec_lg10ub.f
g77 -fno-second-underscore -O -c vec_lg10ub.f
tar -xf prm_source.tar vec_lg10uw.f
g77 -fno-second-underscore -O -c vec_lg10uw.f
tar -xf prm_source.tar vec_lg10w.f
g77 -fno-second-underscore -O -c vec_lg10w.f
tar -xf prm_source.tar vec_logb.f
g77 -fno-second-underscore -O -c vec_logb.f
tar -xf prm_source.tar vec_logd.f
g77 -fno-second-underscore -O -c vec_logd.f
tar -xf prm_source.tar vec_logi.f
g77 -fno-second-underscore -O -c vec_logi.f
tar -xf prm_source.tar vec_logr.f
g77 -fno-second-underscore -O -c vec_logr.f
tar -xf prm_source.tar vec_logub.f
g77 -fno-second-underscore -O -c vec_logub.f
tar -xf prm_source.tar vec_loguw.f
g77 -fno-second-underscore -O -c vec_loguw.f
tar -xf prm_source.tar vec_logw.f
g77 -fno-second-underscore -O -c vec_logw.f
tar -xf prm_source.tar vec_maxb.f
g77 -fno-second-underscore -O -c vec_maxb.f
tar -xf prm_source.tar vec_maxd.f
g77 -fno-second-underscore -O -c vec_maxd.f
tar -xf prm_source.tar vec_maxi.f
g77 -fno-second-underscore -O -c vec_maxi.f
tar -xf prm_source.tar vec_maxr.f
g77 -fno-second-underscore -O -c vec_maxr.f
tar -xf prm_source.tar vec_maxub.f
g77 -fno-second-underscore -O -c vec_maxub.f
tar -xf prm_source.tar vec_maxuw.f
g77 -fno-second-underscore -O -c vec_maxuw.f
tar -xf prm_source.tar vec_maxw.f
g77 -fno-second-underscore -O -c vec_maxw.f
tar -xf prm_source.tar vec_minb.f
g77 -fno-second-underscore -O -c vec_minb.f
tar -xf prm_source.tar vec_mind.f
g77 -fno-second-underscore -O -c vec_mind.f
tar -xf prm_source.tar vec_mini.f
g77 -fno-second-underscore -O -c vec_mini.f
tar -xf prm_source.tar vec_minr.f
g77 -fno-second-underscore -O -c vec_minr.f
tar -xf prm_source.tar vec_minub.f
g77 -fno-second-underscore -O -c vec_minub.f
tar -xf prm_source.tar vec_minuw.f
g77 -fno-second-underscore -O -c vec_minuw.f
tar -xf prm_source.tar vec_minw.f
g77 -fno-second-underscore -O -c vec_minw.f
tar -xf prm_source.tar vec_modb.f
g77 -fno-second-underscore -O -c vec_modb.f
tar -xf prm_source.tar vec_modd.f
g77 -fno-second-underscore -O -c vec_modd.f
tar -xf prm_source.tar vec_modi.f
g77 -fno-second-underscore -O -c vec_modi.f
tar -xf prm_source.tar vec_modr.f
g77 -fno-second-underscore -O -c vec_modr.f
tar -xf prm_source.tar vec_modub.f
g77 -fno-second-underscore -O -c vec_modub.f
tar -xf prm_source.tar vec_moduw.f
g77 -fno-second-underscore -O -c vec_moduw.f
tar -xf prm_source.tar vec_modw.f
g77 -fno-second-underscore -O -c vec_modw.f
tar -xf prm_source.tar vec_mulb.f
g77 -fno-second-underscore -O -c vec_mulb.f
tar -xf prm_source.tar vec_muld.f
g77 -fno-second-underscore -O -c vec_muld.f
tar -xf prm_source.tar vec_muli.f
g77 -fno-second-underscore -O -c vec_muli.f
tar -xf prm_source.tar vec_mulr.f
g77 -fno-second-underscore -O -c vec_mulr.f
tar -xf prm_source.tar vec_mulub.f
g77 -fno-second-underscore -O -c vec_mulub.f
tar -xf prm_source.tar vec_muluw.f
g77 -fno-second-underscore -O -c vec_muluw.f
tar -xf prm_source.tar vec_mulw.f
g77 -fno-second-underscore -O -c vec_mulw.f
tar -xf prm_source.tar vec_negb.f
g77 -fno-second-underscore -O -c vec_negb.f
tar -xf prm_source.tar vec_negd.f
g77 -fno-second-underscore -O -c vec_negd.f
tar -xf prm_source.tar vec_negi.f
g77 -fno-second-underscore -O -c vec_negi.f
tar -xf prm_source.tar vec_negr.f
g77 -fno-second-underscore -O -c vec_negr.f
tar -xf prm_source.tar vec_negub.f
g77 -fno-second-underscore -O -c vec_negub.f
tar -xf prm_source.tar vec_neguw.f
g77 -fno-second-underscore -O -c vec_neguw.f
tar -xf prm_source.tar vec_negw.f
g77 -fno-second-underscore -O -c vec_negw.f
tar -xf prm_source.tar vec_nintb.f
g77 -fno-second-underscore -O -c vec_nintb.f
tar -xf prm_source.tar vec_nintd.f
g77 -fno-second-underscore -O -c vec_nintd.f
tar -xf prm_source.tar vec_ninti.f
g77 -fno-second-underscore -O -c vec_ninti.f
tar -xf prm_source.tar vec_nintr.f
g77 -fno-second-underscore -O -c vec_nintr.f
tar -xf prm_source.tar vec_nintub.f
g77 -fno-second-underscore -O -c vec_nintub.f
tar -xf prm_source.tar vec_nintuw.f
g77 -fno-second-underscore -O -c vec_nintuw.f
tar -xf prm_source.tar vec_nintw.f
g77 -fno-second-underscore -O -c vec_nintw.f
tar -xf prm_source.tar vec_pwrb.f
g77 -fno-second-underscore -O -c vec_pwrb.f
tar -xf prm_source.tar vec_pwrd.f
g77 -fno-second-underscore -O -c vec_pwrd.f
tar -xf prm_source.tar vec_pwri.f
g77 -fno-second-underscore -O -c vec_pwri.f
tar -xf prm_source.tar vec_pwrr.f
g77 -fno-second-underscore -O -c vec_pwrr.f
tar -xf prm_source.tar vec_pwrub.f
g77 -fno-second-underscore -O -c vec_pwrub.f
tar -xf prm_source.tar vec_pwruw.f
g77 -fno-second-underscore -O -c vec_pwruw.f
tar -xf prm_source.tar vec_pwrw.f
g77 -fno-second-underscore -O -c vec_pwrw.f
tar -xf prm_source.tar vec_rtob.f
g77 -fno-second-underscore -O -c vec_rtob.f
tar -xf prm_source.tar vec_rtod.f
g77 -fno-second-underscore -O -c vec_rtod.f
tar -xf prm_source.tar vec_rtoi.f
g77 -fno-second-underscore -O -c vec_rtoi.f
tar -xf prm_source.tar vec_rtor.f
g77 -fno-second-underscore -O -c vec_rtor.f
tar -xf prm_source.tar vec_rtoub.f
g77 -fno-second-underscore -O -c vec_rtoub.f
tar -xf prm_source.tar vec_rtouw.f
g77 -fno-second-underscore -O -c vec_rtouw.f
tar -xf prm_source.tar vec_rtow.f
g77 -fno-second-underscore -O -c vec_rtow.f
tar -xf prm_source.tar vec_signb.f
g77 -fno-second-underscore -O -c vec_signb.f
tar -xf prm_source.tar vec_signd.f
g77 -fno-second-underscore -O -c vec_signd.f
tar -xf prm_source.tar vec_signi.f
g77 -fno-second-underscore -O -c vec_signi.f
tar -xf prm_source.tar vec_signr.f
g77 -fno-second-underscore -O -c vec_signr.f
tar -xf prm_source.tar vec_signub.f
g77 -fno-second-underscore -O -c vec_signub.f
tar -xf prm_source.tar vec_signuw.f
g77 -fno-second-underscore -O -c vec_signuw.f
tar -xf prm_source.tar vec_signw.f
g77 -fno-second-underscore -O -c vec_signw.f
tar -xf prm_source.tar vec_sind.f
g77 -fno-second-underscore -O -c vec_sind.f
tar -xf prm_source.tar vec_sindd.f
g77 -fno-second-underscore -O -c vec_sindd.f
tar -xf prm_source.tar vec_sindr.f
g77 -fno-second-underscore -O -c vec_sindr.f
tar -xf prm_source.tar vec_sinhd.f
g77 -fno-second-underscore -O -c vec_sinhd.f
tar -xf prm_source.tar vec_sinhr.f
g77 -fno-second-underscore -O -c vec_sinhr.f
tar -xf prm_source.tar vec_sinr.f
g77 -fno-second-underscore -O -c vec_sinr.f
tar -xf prm_source.tar vec_sqrtb.f
g77 -fno-second-underscore -O -c vec_sqrtb.f
tar -xf prm_source.tar vec_sqrtd.f
g77 -fno-second-underscore -O -c vec_sqrtd.f
tar -xf prm_source.tar vec_sqrti.f
g77 -fno-second-underscore -O -c vec_sqrti.f
tar -xf prm_source.tar vec_sqrtr.f
g77 -fno-second-underscore -O -c vec_sqrtr.f
tar -xf prm_source.tar vec_sqrtub.f
g77 -fno-second-underscore -O -c vec_sqrtub.f
tar -xf prm_source.tar vec_sqrtuw.f
g77 -fno-second-underscore -O -c vec_sqrtuw.f
tar -xf prm_source.tar vec_sqrtw.f
g77 -fno-second-underscore -O -c vec_sqrtw.f
tar -xf prm_source.tar vec_subb.f
g77 -fno-second-underscore -O -c vec_subb.f
tar -xf prm_source.tar vec_subd.f
g77 -fno-second-underscore -O -c vec_subd.f
tar -xf prm_source.tar vec_subi.f
g77 -fno-second-underscore -O -c vec_subi.f
tar -xf prm_source.tar vec_subr.f
g77 -fno-second-underscore -O -c vec_subr.f
tar -xf prm_source.tar vec_subub.f
g77 -fno-second-underscore -O -c vec_subub.f
tar -xf prm_source.tar vec_subuw.f
g77 -fno-second-underscore -O -c vec_subuw.f
tar -xf prm_source.tar vec_subw.f
g77 -fno-second-underscore -O -c vec_subw.f
tar -xf prm_source.tar vec_tand.f
g77 -fno-second-underscore -O -c vec_tand.f
tar -xf prm_source.tar vec_tandd.f
g77 -fno-second-underscore -O -c vec_tandd.f
tar -xf prm_source.tar vec_tandr.f
g77 -fno-second-underscore -O -c vec_tandr.f
tar -xf prm_source.tar vec_tanhd.f
g77 -fno-second-underscore -O -c vec_tanhd.f
tar -xf prm_source.tar vec_tanhr.f
g77 -fno-second-underscore -O -c vec_tanhr.f
tar -xf prm_source.tar vec_tanr.f
g77 -fno-second-underscore -O -c vec_tanr.f
tar -xf prm_source.tar vec_ubtob.f
g77 -fno-second-underscore -O -c vec_ubtob.f
tar -xf prm_source.tar vec_ubtod.f
g77 -fno-second-underscore -O -c vec_ubtod.f
tar -xf prm_source.tar vec_ubtoi.f
g77 -fno-second-underscore -O -c vec_ubtoi.f
tar -xf prm_source.tar vec_ubtor.f
g77 -fno-second-underscore -O -c vec_ubtor.f
tar -xf prm_source.tar vec_ubtoub.f
g77 -fno-second-underscore -O -c vec_ubtoub.f
tar -xf prm_source.tar vec_ubtouw.f
g77 -fno-second-underscore -O -c vec_ubtouw.f
tar -xf prm_source.tar vec_ubtow.f
g77 -fno-second-underscore -O -c vec_ubtow.f
tar -xf prm_source.tar vec_uwtob.f
g77 -fno-second-underscore -O -c vec_uwtob.f
tar -xf prm_source.tar vec_uwtod.f
g77 -fno-second-underscore -O -c vec_uwtod.f
tar -xf prm_source.tar vec_uwtoi.f
g77 -fno-second-underscore -O -c vec_uwtoi.f
tar -xf prm_source.tar vec_uwtor.f
g77 -fno-second-underscore -O -c vec_uwtor.f
tar -xf prm_source.tar vec_uwtoub.f
g77 -fno-second-underscore -O -c vec_uwtoub.f
tar -xf prm_source.tar vec_uwtouw.f
g77 -fno-second-underscore -O -c vec_uwtouw.f
tar -xf prm_source.tar vec_uwtow.f
g77 -fno-second-underscore -O -c vec_uwtow.f
tar -xf prm_source.tar vec_wtob.f
g77 -fno-second-underscore -O -c vec_wtob.f
tar -xf prm_source.tar vec_wtod.f
g77 -fno-second-underscore -O -c vec_wtod.f
tar -xf prm_source.tar vec_wtoi.f
g77 -fno-second-underscore -O -c vec_wtoi.f
tar -xf prm_source.tar vec_wtor.f
g77 -fno-second-underscore -O -c vec_wtor.f
tar -xf prm_source.tar vec_wtoub.f
g77 -fno-second-underscore -O -c vec_wtoub.f
tar -xf prm_source.tar vec_wtouw.f
g77 -fno-second-underscore -O -c vec_wtouw.f
tar -xf prm_source.tar vec_wtow.f
g77 -fno-second-underscore -O -c vec_wtow.f
ar r libprm.a val_absb.o val_absd.o val_absi.o val_absr.o val_absub.o val_absuw.o val_absw.o val_acosd.o val_acosr.o val_acsdd.o val_acsdr.o val_addb.o val_addd.o val_addi.o val_addr.o val_addub.o val_adduw.o val_addw.o val_asind.o val_asinr.o val_asndd.o val_asndr.o val_at2dd.o val_at2dr.o val_atand.o val_atanr.o val_atn2d.o val_atn2r.o val_atndd.o val_atndr.o val_btob.o val_btod.o val_btoi.o val_btor.o val_btoub.o val_btouw.o val_btow.o val_cosd.o val_cosdd.o val_cosdr.o val_coshd.o val_coshr.o val_cosr.o val_dimb.o val_dimd.o val_dimi.o val_dimr.o val_dimub.o val_dimuw.o val_dimw.o val_divb.o val_divd.o val_divi.o val_divr.o val_divub.o val_divuw.o val_divw.o val_dtob.o val_dtod.o val_dtoi.o val_dtor.o val_dtoub.o val_dtouw.o val_dtow.o val_expb.o val_expd.o val_expi.o val_expr.o val_expub.o val_expuw.o val_expw.o val_idvb.o val_idvd.o val_idvi.o val_idvr.o val_idvub.o val_idvuw.o val_idvw.o val_intb.o val_intd.o val_inti.o val_intr.o val_intub.o val_intuw.o val_intw.o val_itob.o val_itod.o val_itoi.o val_itor.o val_itoub.o val_itouw.o val_itow.o val_lg10b.o val_lg10d.o val_lg10i.o val_lg10r.o val_lg10ub.o val_lg10uw.o val_lg10w.o val_logb.o val_logd.o val_logi.o val_logr.o val_logub.o val_loguw.o val_logw.o val_maxb.o val_maxd.o val_maxi.o val_maxr.o val_maxub.o val_maxuw.o val_maxw.o val_minb.o val_mind.o val_mini.o val_minr.o val_minub.o val_minuw.o val_minw.o val_modb.o val_modd.o val_modi.o val_modr.o val_modub.o val_moduw.o val_modw.o val_mulb.o val_muld.o val_muli.o val_mulr.o val_mulub.o val_muluw.o val_mulw.o val_negb.o val_negd.o val_negi.o val_negr.o val_negub.o val_neguw.o val_negw.o val_nintb.o val_nintd.o val_ninti.o val_nintr.o val_nintub.o val_nintuw.o val_nintw.o val_pwrb.o val_pwrd.o val_pwri.o val_pwrr.o val_pwrub.o val_pwruw.o val_pwrw.o val_rtob.o val_rtod.o val_rtoi.o val_rtor.o val_rtoub.o val_rtouw.o val_rtow.o val_signb.o val_signd.o val_signi.o val_signr.o val_signub.o val_signuw.o val_signw.o val_sind.o val_sindd.o val_sindr.o val_sinhd.o val_sinhr.o val_sinr.o val_sqrtb.o val_sqrtd.o val_sqrti.o val_sqrtr.o val_sqrtub.o val_sqrtuw.o val_sqrtw.o val_subb.o val_subd.o val_subi.o val_subr.o val_subub.o val_subuw.o val_subw.o val_tand.o val_tandd.o val_tandr.o val_tanhd.o val_tanhr.o val_tanr.o val_ubtob.o val_ubtod.o val_ubtoi.o val_ubtor.o val_ubtoub.o val_ubtouw.o val_ubtow.o val_uwtob.o val_uwtod.o val_uwtoi.o val_uwtor.o val_uwtoub.o val_uwtouw.o val_uwtow.o val_wtob.o val_wtod.o val_wtoi.o val_wtor.o val_wtoub.o val_wtouw.o val_wtow.o vec_absb.o vec_absd.o vec_absi.o vec_absr.o vec_absub.o vec_absuw.o vec_absw.o vec_acosd.o vec_acosr.o vec_acsdd.o vec_acsdr.o vec_addb.o vec_addd.o vec_addi.o vec_addr.o vec_addub.o vec_adduw.o vec_addw.o vec_asind.o vec_asinr.o vec_asndd.o vec_asndr.o vec_at2dd.o vec_at2dr.o vec_atand.o vec_atanr.o vec_atn2d.o vec_atn2r.o vec_atndd.o vec_atndr.o vec_btob.o vec_btod.o vec_btoi.o vec_btor.o vec_btoub.o vec_btouw.o vec_btow.o vec_cosd.o vec_cosdd.o vec_cosdr.o vec_coshd.o vec_coshr.o vec_cosr.o vec_dimb.o vec_dimd.o vec_dimi.o vec_dimr.o vec_dimub.o vec_dimuw.o vec_dimw.o vec_divb.o vec_divd.o vec_divi.o vec_divr.o vec_divub.o vec_divuw.o vec_divw.o vec_dtob.o vec_dtod.o vec_dtoi.o vec_dtor.o vec_dtoub.o vec_dtouw.o vec_dtow.o vec_expb.o vec_expd.o vec_expi.o vec_expr.o vec_expub.o vec_expuw.o vec_expw.o vec_idvb.o vec_idvd.o vec_idvi.o vec_idvr.o vec_idvub.o vec_idvuw.o vec_idvw.o vec_intb.o vec_intd.o vec_inti.o vec_intr.o vec_intub.o vec_intuw.o vec_intw.o vec_itob.o vec_itod.o vec_itoi.o vec_itor.o vec_itoub.o vec_itouw.o vec_itow.o vec_lg10b.o vec_lg10d.o vec_lg10i.o vec_lg10r.o vec_lg10ub.o vec_lg10uw.o vec_lg10w.o vec_logb.o vec_logd.o vec_logi.o vec_logr.o vec_logub.o vec_loguw.o vec_logw.o vec_maxb.o vec_maxd.o vec_maxi.o vec_maxr.o vec_maxub.o vec_maxuw.o vec_maxw.o vec_minb.o vec_mind.o vec_mini.o vec_minr.o vec_minub.o vec_minuw.o vec_minw.o vec_modb.o vec_modd.o vec_modi.o vec_modr.o vec_modub.o vec_moduw.o vec_modw.o vec_mulb.o vec_muld.o vec_muli.o vec_mulr.o vec_mulub.o vec_muluw.o vec_mulw.o vec_negb.o vec_negd.o vec_negi.o vec_negr.o vec_negub.o vec_neguw.o vec_negw.o vec_nintb.o vec_nintd.o vec_ninti.o vec_nintr.o vec_nintub.o vec_nintuw.o vec_nintw.o vec_pwrb.o vec_pwrd.o vec_pwri.o vec_pwrr.o vec_pwrub.o vec_pwruw.o vec_pwrw.o vec_rtob.o vec_rtod.o vec_rtoi.o vec_rtor.o vec_rtoub.o vec_rtouw.o vec_rtow.o vec_signb.o vec_signd.o vec_signi.o vec_signr.o vec_signub.o vec_signuw.o vec_signw.o vec_sind.o vec_sindd.o vec_sindr.o vec_sinhd.o vec_sinhr.o vec_sinr.o vec_sqrtb.o vec_sqrtd.o vec_sqrti.o vec_sqrtr.o vec_sqrtub.o vec_sqrtuw.o vec_sqrtw.o vec_subb.o vec_subd.o vec_subi.o vec_subr.o vec_subub.o vec_subuw.o vec_subw.o vec_tand.o vec_tandd.o vec_tandr.o vec_tanhd.o vec_tanhr.o vec_tanr.o vec_ubtob.o vec_ubtod.o vec_ubtoi.o vec_ubtor.o vec_ubtoub.o vec_ubtouw.o vec_ubtow.o vec_uwtob.o vec_uwtod.o vec_uwtoi.o vec_uwtor.o vec_uwtoub.o vec_uwtouw.o vec_uwtow.o vec_wtob.o vec_wtod.o vec_wtoi.o vec_wtor.o vec_wtoub.o vec_wtouw.o vec_wtow.o
ranlib libprm.a
tar -xf prm_source.tar num_han.c_ix86_Linux
mv num_han.c_ix86_Linux num_han.c
tar -xf prm_source.tar prm_err.h
tar: prm_err.h: time stamp 2002-11-26 09:57:25 is 4085753 s in the future
gcc -I/apps/cvsbuild/star/include -O -c num_han.c
tar -xf prm_source.tar num1_cvt.c_ix86_Linux
mv num1_cvt.c_ix86_Linux num1_cvt.c
gcc -I/apps/cvsbuild/star/include -O -c num1_cvt.c
ar r libprm_a.a num_han.o num1_cvt.o
ranlib libprm_a.a
touch libprm.so
: libprm.so ' val_absb.o val_absd.o val_absi.o val_absr.o val_absub.o val_absuw.o val_absw.o val_acosd.o val_acosr.o val_acsdd.o val_acsdr.o val_addb.o val_addd.o val_addi.o val_addr.o val_addub.o val_adduw.o val_addw.o val_asind.o val_asinr.o val_asndd.o val_asndr.o val_at2dd.o val_at2dr.o val_atand.o val_atanr.o val_atn2d.o val_atn2r.o val_atndd.o val_atndr.o val_btob.o val_btod.o val_btoi.o val_btor.o val_btoub.o val_btouw.o val_btow.o val_cosd.o val_cosdd.o val_cosdr.o val_coshd.o val_coshr.o val_cosr.o val_dimb.o val_dimd.o val_dimi.o val_dimr.o val_dimub.o val_dimuw.o val_dimw.o val_divb.o val_divd.o val_divi.o val_divr.o val_divub.o val_divuw.o val_divw.o val_dtob.o val_dtod.o val_dtoi.o val_dtor.o val_dtoub.o val_dtouw.o val_dtow.o val_expb.o val_expd.o val_expi.o val_expr.o val_expub.o val_expuw.o val_expw.o val_idvb.o val_idvd.o val_idvi.o val_idvr.o val_idvub.o val_idvuw.o val_idvw.o val_intb.o val_intd.o val_inti.o val_intr.o val_intub.o val_intuw.o val_intw.o val_itob.o val_itod.o val_itoi.o val_itor.o val_itoub.o val_itouw.o val_itow.o val_lg10b.o val_lg10d.o val_lg10i.o val_lg10r.o val_lg10ub.o val_lg10uw.o val_lg10w.o val_logb.o val_logd.o val_logi.o val_logr.o val_logub.o val_loguw.o val_logw.o val_maxb.o val_maxd.o val_maxi.o val_maxr.o val_maxub.o val_maxuw.o val_maxw.o val_minb.o val_mind.o val_mini.o val_minr.o val_minub.o val_minuw.o val_minw.o val_modb.o val_modd.o val_modi.o val_modr.o val_modub.o val_moduw.o val_modw.o val_mulb.o val_muld.o val_muli.o val_mulr.o val_mulub.o val_muluw.o val_mulw.o val_negb.o val_negd.o val_negi.o val_negr.o val_negub.o val_neguw.o val_negw.o val_nintb.o val_nintd.o val_ninti.o val_nintr.o val_nintub.o val_nintuw.o val_nintw.o val_pwrb.o val_pwrd.o val_pwri.o val_pwrr.o val_pwrub.o val_pwruw.o val_pwrw.o val_rtob.o val_rtod.o val_rtoi.o val_rtor.o val_rtoub.o val_rtouw.o val_rtow.o val_signb.o val_signd.o val_signi.o val_signr.o val_signub.o val_signuw.o val_signw.o val_sind.o val_sindd.o val_sindr.o val_sinhd.o val_sinhr.o val_sinr.o val_sqrtb.o val_sqrtd.o val_sqrti.o val_sqrtr.o val_sqrtub.o val_sqrtuw.o val_sqrtw.o val_subb.o val_subd.o val_subi.o val_subr.o val_subub.o val_subuw.o val_subw.o val_tand.o val_tandd.o val_tandr.o val_tanhd.o val_tanhr.o val_tanr.o val_ubtob.o val_ubtod.o val_ubtoi.o val_ubtor.o val_ubtoub.o val_ubtouw.o val_ubtow.o val_uwtob.o val_uwtod.o val_uwtoi.o val_uwtor.o val_uwtoub.o val_uwtouw.o val_uwtow.o val_wtob.o val_wtod.o val_wtoi.o val_wtor.o val_wtoub.o val_wtouw.o val_wtow.o vec_absb.o vec_absd.o vec_absi.o vec_absr.o vec_absub.o vec_absuw.o vec_absw.o vec_acosd.o vec_acosr.o vec_acsdd.o vec_acsdr.o vec_addb.o vec_addd.o vec_addi.o vec_addr.o vec_addub.o vec_adduw.o vec_addw.o vec_asind.o vec_asinr.o vec_asndd.o vec_asndr.o vec_at2dd.o vec_at2dr.o vec_atand.o vec_atanr.o vec_atn2d.o vec_atn2r.o vec_atndd.o vec_atndr.o vec_btob.o vec_btod.o vec_btoi.o vec_btor.o vec_btoub.o vec_btouw.o vec_btow.o vec_cosd.o vec_cosdd.o vec_cosdr.o vec_coshd.o vec_coshr.o vec_cosr.o vec_dimb.o vec_dimd.o vec_dimi.o vec_dimr.o vec_dimub.o vec_dimuw.o vec_dimw.o vec_divb.o vec_divd.o vec_divi.o vec_divr.o vec_divub.o vec_divuw.o vec_divw.o vec_dtob.o vec_dtod.o vec_dtoi.o vec_dtor.o vec_dtoub.o vec_dtouw.o vec_dtow.o vec_expb.o vec_expd.o vec_expi.o vec_expr.o vec_expub.o vec_expuw.o vec_expw.o vec_idvb.o vec_idvd.o vec_idvi.o vec_idvr.o vec_idvub.o vec_idvuw.o vec_idvw.o vec_intb.o vec_intd.o vec_inti.o vec_intr.o vec_intub.o vec_intuw.o vec_intw.o vec_itob.o vec_itod.o vec_itoi.o vec_itor.o vec_itoub.o vec_itouw.o vec_itow.o vec_lg10b.o vec_lg10d.o vec_lg10i.o vec_lg10r.o vec_lg10ub.o vec_lg10uw.o vec_lg10w.o vec_logb.o vec_logd.o vec_logi.o vec_logr.o vec_logub.o vec_loguw.o vec_logw.o vec_maxb.o vec_maxd.o vec_maxi.o vec_maxr.o vec_maxub.o vec_maxuw.o vec_maxw.o vec_minb.o vec_mind.o vec_mini.o vec_minr.o vec_minub.o vec_minuw.o vec_minw.o vec_modb.o vec_modd.o vec_modi.o vec_modr.o vec_modub.o vec_moduw.o vec_modw.o vec_mulb.o vec_muld.o vec_muli.o vec_mulr.o vec_mulub.o vec_muluw.o vec_mulw.o vec_negb.o vec_negd.o vec_negi.o vec_negr.o vec_negub.o vec_neguw.o vec_negw.o vec_nintb.o vec_nintd.o vec_ninti.o vec_nintr.o vec_nintub.o vec_nintuw.o vec_nintw.o vec_pwrb.o vec_pwrd.o vec_pwri.o vec_pwrr.o vec_pwrub.o vec_pwruw.o vec_pwrw.o vec_rtob.o vec_rtod.o vec_rtoi.o vec_rtor.o vec_rtoub.o vec_rtouw.o vec_rtow.o vec_signb.o vec_signd.o vec_signi.o vec_signr.o vec_signub.o vec_signuw.o vec_signw.o vec_sind.o vec_sindd.o vec_sindr.o vec_sinhd.o vec_sinhr.o vec_sinr.o vec_sqrtb.o vec_sqrtd.o vec_sqrti.o vec_sqrtr.o vec_sqrtub.o vec_sqrtuw.o vec_sqrtw.o vec_subb.o vec_subd.o vec_subi.o vec_subr.o vec_subub.o vec_subuw.o vec_subw.o vec_tand.o vec_tandd.o vec_tandr.o vec_tanhd.o vec_tanhr.o vec_tanr.o vec_ubtob.o vec_ubtod.o vec_ubtoi.o vec_ubtor.o vec_ubtoub.o vec_ubtouw.o vec_ubtow.o vec_uwtob.o vec_uwtod.o vec_uwtoi.o vec_uwtor.o vec_uwtoub.o vec_uwtouw.o vec_uwtow.o vec_wtob.o vec_wtod.o vec_wtoi.o vec_wtor.o vec_wtoub.o vec_wtouw.o vec_wtow.o  ' '-L/apps/cvsbuild/star/lib -lems'
tar -xf prm_source.tar prm_dev
tar -xf prm_source.tar fac_1500_err
tar: fac_1500_err: time stamp 2002-11-26 09:57:52 is 4085780 s in the future
make[1]: warning:  Clock skew detected.  Your build may be incomplete.
make[1]: Leaving directory `/apps/cvsbuild/BUILDTEST/prm'

*** The PRIMDAT package has been built

make: warning:  Clock skew detected.  Your build may be incomplete.
