mk: Environment variables defined for ix86_Linux system
make -e install
make[1]: Entering directory `/apps/cvsbuild/BUILDTEST/prm'
for f in prm_link prm_link_adam ""; do \
           if test -n "$f"; then \
              cp -p $f /apps/cvsbuild/star/bin;\
              chmod 755 /apps/cvsbuild/star/bin/$f;\
              rm -f $f;\
              ln -s /apps/cvsbuild/star/bin/$f $f;\
           else :; fi;\
        done
for f in prm_err num_dec_B num_dec_D num_dec_I num_dec_R num_dec_UB num_dec_UW num_dec_W num_dec_cvt num_def_B num_def_I num_def_UB num_def_UW num_def_W num_def_D num_def_R num_def_cvt num_cmn \
           prm_par ""; do \
           if test -n "$f"; then \
              cp -p $f /apps/cvsbuild/star/include;\
              chmod 644 /apps/cvsbuild/star/include/$f;\
              rm -f $f;\
              ln -s /apps/cvsbuild/star/include/$f $f;\
           else :; fi;\
        done
for f in num_def num_dec ""; do \
           if test -n "$f"; then \
              sed -e s#INSTALL_INC#/apps/cvsbuild/star/include# \
                 $f >/apps/cvsbuild/star/include/$f ;\
              chmod 644 /apps/cvsbuild/star/include/$f;\
           else :; fi;\
        done 
for f in libprm.a libprm_a.a ""; do \
           if test -n "$f"; then \
              cp -p $f /apps/cvsbuild/star/lib;\
              chmod 644 /apps/cvsbuild/star/lib/$f;\
              rm -f $f;\
              ln -s /apps/cvsbuild/star/lib/$f $f;\
           else :; fi;\
        done
for f in libprm.so ""; do \
           if test -n "$f" -a -s "$f"; then \
              cp -p $f /apps/cvsbuild/star/share;\
              chmod 755 /apps/cvsbuild/star/share/$f;\
              rm -f $f;\
              ln -s /apps/cvsbuild/star/share/$f $f;\
           else :; fi;\
        done
if test -n "prm_dev"; then \
           sed -e 's#LINK#ln -s#' -e s#INSTALL_INC#/apps/cvsbuild/star/include# \
              prm_dev >/apps/cvsbuild/star/bin/prm_dev ;\
           chmod 755 /apps/cvsbuild/star/bin/prm_dev ;\
        else :; fi
if test -n "fac_1500_err"; then \
           cp -p fac_1500_err /apps/cvsbuild/star/help;\
           chmod 644 /apps/cvsbuild/star/help/fac_1500_err;\
           rm -f fac_1500_err;\
           ln -s /apps/cvsbuild/star/help/fac_1500_err fac_1500_err;\
        else :; fi
for f in sun39.tex ""; do \
           if test -n "$f"; then \
              cp -p $f /apps/cvsbuild/star/docs;\
              chmod 644 /apps/cvsbuild/star/docs/$f;\
           else :; fi;\
        done
if test -n ""; then \
           pwd=`pwd`;\
           (cd /apps/cvsbuild/star/docs;\
           for f in  ""; do \
              if test -n "$f"; then\
                 tar -xf $pwd/${f}_tar;\
                 chmod 755 `find $f -type d -print`;\
                 chmod 644 `find $f ! -type d -print`;\
                 touch $f;\
              else :; fi;\
           done);\
           HTX_PATH='/apps/cvsbuild/star/docs:/apps/cvsbuild/star/help';\
           export HTX_PATH;\
           /apps/cvsbuild/star/bin/hlink /apps/cvsbuild/star/docs /apps/cvsbuild/star/help;\
        fi;
cp -p prm_datestamp /apps/cvsbuild/star/dates
chmod 444 /apps/cvsbuild/star/dates/prm_datestamp
chmod 644 prm_datestamp
rm prm_datestamp
ln -s /apps/cvsbuild/star/dates/prm_datestamp prm_datestamp
make[1]: Leaving directory `/apps/cvsbuild/BUILDTEST/prm'

*** The PRIMDAT package has been installed in directory /apps/cvsbuild/star

