mk: Environment variables defined for ix86_Linux system
make -e install
make[1]: Entering directory `/apps/cvsbuild/BUILDTEST/sae'
mkdir -p /apps/cvsbuild/star/include
for f in sae_par sae_par.h ""; do \
           if test -n "$f"; then \
              cp -p $f /apps/cvsbuild/star/include;\
              chmod 644 /apps/cvsbuild/star/include/$f;\
              rm -f $f;\
              ln -s /apps/cvsbuild/star/include/$f $f;\
           else :; fi;\
        done
if test -n "star_dev"; then \
           sed -e 's#LINK#ln -s#' -e s#INSTALL_INC#/apps/cvsbuild/star/include# \
              star_dev >/apps/cvsbuild/star/bin/star_dev ;\
           chmod 755 /apps/cvsbuild/star/bin/star_dev ;\
        else :; fi
if test -n "fac_210_err"; then \
           cp -p fac_210_err /apps/cvsbuild/star/help;\
           chmod 644 /apps/cvsbuild/star/help/fac_210_err;\
           rm -f fac_210_err;\
           ln -s /apps/cvsbuild/star/help/fac_210_err fac_210_err;\
        else :; fi
for f in sun191.tex ""; do \
           if test -n "$f"; then \
              cp -p $f /apps/cvsbuild/star/docs;\
              chmod 644 /apps/cvsbuild/star/docs/$f;\
           else :; fi;\
        done
if test -n "sun191.htx"; then \
           pwd=`pwd`;\
           (cd /apps/cvsbuild/star/docs;\
           for f in sun191.htx ""; do \
              if test -n "$f"; then\
                 tar -xf $pwd/${f}_tar;\
                 chmod 755 `find $f -type d -print`;\
                 chmod 644 `find $f ! -type d -print`;\
                 touch $f;\
              else :; fi;\
           done);\
           HTX_PATH='/apps/cvsbuild/star/docs:/apps/cvsbuild/star/help';\
           export HTX_PATH;\
           /apps/cvsbuild/star/bin/hlink /apps/cvsbuild/star/docs /apps/cvsbuild/star/help;\
        fi;
Updating index file for document: sun191
1 hypertext document needs re-linking
   updating cross-references in document sun191 (0 files to modify)...
   replacing original files with re-linked versions...
      ...document sun191 linked
cp -p sae_datestamp /apps/cvsbuild/star/dates
chmod 444 /apps/cvsbuild/star/dates/sae_datestamp
chmod 644 sae_datestamp
rm sae_datestamp
ln -s /apps/cvsbuild/star/dates/sae_datestamp sae_datestamp
make[1]: Leaving directory `/apps/cvsbuild/BUILDTEST/sae'

*** The SAE package has been installed in directory /apps/cvsbuild/star

