mk: Environment variables defined for ix86_Linux system
make -e build
make: *** Warning: File `makefile' has modification time in the future (2003-05-29 16:22:07 > 2002-10-10 04:00:19.323805)
make[1]: Entering directory `/apps/cvsbuild/BUILDTEST/sla'
make[1]: *** Warning: File `makefile' has modification time in the future (2003-05-29 16:22:07 > 2002-10-10 04:00:19.331932)
tar -xf sla_source.tar sla_link
tar: sla_link: time stamp 2003-05-23 15:05:26 is 19479907 s in the future
tar -xf sla_source.tar sla_link_adam
tar: sla_link_adam: time stamp 2003-05-23 15:05:26 is 19479907 s in the future
tar -xf sla_source.tar addet.f
tar: addet.f: time stamp 2003-05-23 15:05:20 is 19479901 s in the future
g77 -fno-second-underscore -O -c addet.f
tar -xf sla_source.tar afin.f
tar: afin.f: time stamp 2003-05-23 15:05:20 is 19479901 s in the future
g77 -fno-second-underscore -O -c afin.f
tar -xf sla_source.tar airmas.f
tar: airmas.f: time stamp 2003-05-23 15:05:20 is 19479901 s in the future
g77 -fno-second-underscore -O -c airmas.f
tar -xf sla_source.tar altaz.f
tar: altaz.f: time stamp 2003-05-23 15:05:20 is 19479901 s in the future
g77 -fno-second-underscore -O -c altaz.f
tar -xf sla_source.tar amp.f
tar: amp.f: time stamp 2003-05-23 15:05:20 is 19479901 s in the future
g77 -fno-second-underscore -O -c amp.f
tar -xf sla_source.tar ampqk.f
tar: ampqk.f: time stamp 2003-05-23 15:05:20 is 19479901 s in the future
g77 -fno-second-underscore -O -c ampqk.f
tar -xf sla_source.tar aop.f
tar: aop.f: time stamp 2003-05-23 15:05:20 is 19479901 s in the future
g77 -fno-second-underscore -O -c aop.f
tar -xf sla_source.tar aoppa.f
tar: aoppa.f: time stamp 2003-05-23 15:05:20 is 19479901 s in the future
g77 -fno-second-underscore -O -c aoppa.f
tar -xf sla_source.tar aoppat.f
tar: aoppat.f: time stamp 2003-05-23 15:05:20 is 19479901 s in the future
g77 -fno-second-underscore -O -c aoppat.f
tar -xf sla_source.tar aopqk.f
tar: aopqk.f: time stamp 2003-05-23 15:05:20 is 19479901 s in the future
g77 -fno-second-underscore -O -c aopqk.f
tar -xf sla_source.tar atmdsp.f
tar: atmdsp.f: time stamp 2003-05-23 15:05:21 is 19479902 s in the future
g77 -fno-second-underscore -O -c atmdsp.f
tar -xf sla_source.tar atms.f
tar: atms.f: time stamp 2003-05-23 15:05:21 is 19479902 s in the future
g77 -fno-second-underscore -O -c atms.f
tar -xf sla_source.tar atmt.f
tar: atmt.f: time stamp 2003-05-23 15:05:21 is 19479902 s in the future
g77 -fno-second-underscore -O -c atmt.f
tar -xf sla_source.tar av2m.f
tar: av2m.f: time stamp 2003-05-23 15:05:21 is 19479902 s in the future
g77 -fno-second-underscore -O -c av2m.f
tar -xf sla_source.tar bear.f
tar: bear.f: time stamp 2003-05-23 15:05:21 is 19479902 s in the future
g77 -fno-second-underscore -O -c bear.f
tar -xf sla_source.tar caf2r.f
tar: caf2r.f: time stamp 2003-05-23 15:05:21 is 19479902 s in the future
g77 -fno-second-underscore -O -c caf2r.f
tar -xf sla_source.tar caldj.f
tar: caldj.f: time stamp 2003-05-23 15:05:21 is 19479902 s in the future
g77 -fno-second-underscore -O -c caldj.f
tar -xf sla_source.tar calyd.f
tar: calyd.f: time stamp 2003-05-23 15:05:21 is 19479902 s in the future
g77 -fno-second-underscore -O -c calyd.f
tar -xf sla_source.tar cc2s.f
tar: cc2s.f: time stamp 2003-05-23 15:05:21 is 19479902 s in the future
g77 -fno-second-underscore -O -c cc2s.f
tar -xf sla_source.tar cc62s.f
tar: cc62s.f: time stamp 2003-05-23 15:05:21 is 19479902 s in the future
g77 -fno-second-underscore -O -c cc62s.f
tar -xf sla_source.tar cd2tf.f
tar: cd2tf.f: time stamp 2003-05-23 15:05:21 is 19479902 s in the future
g77 -fno-second-underscore -O -c cd2tf.f
tar -xf sla_source.tar cldj.f
tar: cldj.f: time stamp 2003-05-23 15:05:21 is 19479902 s in the future
g77 -fno-second-underscore -O -c cldj.f
tar -xf sla_source.tar clyd.f
tar: clyd.f: time stamp 2003-05-23 15:05:21 is 19479901 s in the future
g77 -fno-second-underscore -O -c clyd.f
tar -xf sla_source.tar combn.f
tar: combn.f: time stamp 2003-05-23 15:05:21 is 19479901 s in the future
g77 -fno-second-underscore -O -c combn.f
tar -xf sla_source.tar cr2af.f
tar: cr2af.f: time stamp 2003-05-23 15:05:21 is 19479901 s in the future
g77 -fno-second-underscore -O -c cr2af.f
tar -xf sla_source.tar cr2tf.f
tar: cr2tf.f: time stamp 2003-05-23 15:05:21 is 19479901 s in the future
g77 -fno-second-underscore -O -c cr2tf.f
tar -xf sla_source.tar cs2c.f
tar: cs2c.f: time stamp 2003-05-23 15:05:21 is 19479901 s in the future
g77 -fno-second-underscore -O -c cs2c.f
tar -xf sla_source.tar cs2c6.f
tar: cs2c6.f: time stamp 2003-05-23 15:05:21 is 19479901 s in the future
g77 -fno-second-underscore -O -c cs2c6.f
tar -xf sla_source.tar ctf2d.f
tar: ctf2d.f: time stamp 2003-05-23 15:05:21 is 19479901 s in the future
g77 -fno-second-underscore -O -c ctf2d.f
tar -xf sla_source.tar ctf2r.f
tar: ctf2r.f: time stamp 2003-05-23 15:05:21 is 19479901 s in the future
g77 -fno-second-underscore -O -c ctf2r.f
tar -xf sla_source.tar daf2r.f
tar: daf2r.f: time stamp 2003-05-23 15:05:21 is 19479901 s in the future
g77 -fno-second-underscore -O -c daf2r.f
tar -xf sla_source.tar dafin.f
tar: dafin.f: time stamp 2003-05-23 15:05:21 is 19479901 s in the future
g77 -fno-second-underscore -O -c dafin.f
tar -xf sla_source.tar dat.f
tar: dat.f: time stamp 2003-05-23 15:05:21 is 19479901 s in the future
g77 -fno-second-underscore -O -c dat.f
tar -xf sla_source.tar dav2m.f
tar: dav2m.f: time stamp 2003-05-23 15:05:21 is 19479901 s in the future
g77 -fno-second-underscore -O -c dav2m.f
tar -xf sla_source.tar dbear.f
tar: dbear.f: time stamp 2003-05-23 15:05:21 is 19479901 s in the future
g77 -fno-second-underscore -O -c dbear.f
tar -xf sla_source.tar dbjin.f
tar: dbjin.f: time stamp 2003-05-23 15:05:21 is 19479901 s in the future
g77 -fno-second-underscore -O -c dbjin.f
tar -xf sla_source.tar dc62s.f
tar: dc62s.f: time stamp 2003-05-23 15:05:21 is 19479901 s in the future
g77 -fno-second-underscore -O -c dc62s.f
tar -xf sla_source.tar dcc2s.f
tar: dcc2s.f: time stamp 2003-05-23 15:05:21 is 19479901 s in the future
g77 -fno-second-underscore -O -c dcc2s.f
tar -xf sla_source.tar dcmpf.f
tar: dcmpf.f: time stamp 2003-05-23 15:05:21 is 19479901 s in the future
g77 -fno-second-underscore -O -c dcmpf.f
tar -xf sla_source.tar dcs2c.f
tar: dcs2c.f: time stamp 2003-05-23 15:05:21 is 19479901 s in the future
g77 -fno-second-underscore -O -c dcs2c.f
tar -xf sla_source.tar dd2tf.f
tar: dd2tf.f: time stamp 2003-05-23 15:05:21 is 19479901 s in the future
g77 -fno-second-underscore -O -c dd2tf.f
tar -xf sla_source.tar de2h.f
tar: de2h.f: time stamp 2003-05-23 15:05:21 is 19479901 s in the future
g77 -fno-second-underscore -O -c de2h.f
tar -xf sla_source.tar deuler.f
tar: deuler.f: time stamp 2003-05-23 15:05:21 is 19479901 s in the future
g77 -fno-second-underscore -O -c deuler.f
tar -xf sla_source.tar dfltin.f
tar: dfltin.f: time stamp 2003-05-23 15:05:21 is 19479901 s in the future
g77 -fno-second-underscore -O -c dfltin.f
tar -xf sla_source.tar dh2e.f
tar: dh2e.f: time stamp 2003-05-23 15:05:21 is 19479901 s in the future
g77 -fno-second-underscore -O -c dh2e.f
tar -xf sla_source.tar dimxv.f
tar: dimxv.f: time stamp 2003-05-23 15:05:21 is 19479901 s in the future
g77 -fno-second-underscore -O -c dimxv.f
tar -xf sla_source.tar djcal.f
tar: djcal.f: time stamp 2003-05-23 15:05:22 is 19479902 s in the future
g77 -fno-second-underscore -O -c djcal.f
tar -xf sla_source.tar djcl.f
tar: djcl.f: time stamp 2003-05-23 15:05:22 is 19479902 s in the future
g77 -fno-second-underscore -O -c djcl.f
tar -xf sla_source.tar dm2av.f
tar: dm2av.f: time stamp 2003-05-23 15:05:22 is 19479902 s in the future
g77 -fno-second-underscore -O -c dm2av.f
tar -xf sla_source.tar dmat.f
tar: dmat.f: time stamp 2003-05-23 15:05:22 is 19479902 s in the future
g77 -fno-second-underscore -O -c dmat.f
tar -xf sla_source.tar dmoon.f
tar: dmoon.f: time stamp 2003-05-23 15:05:22 is 19479901 s in the future
g77 -fno-second-underscore -O -c dmoon.f
tar -xf sla_source.tar dmxm.f
tar: dmxm.f: time stamp 2003-05-23 15:05:22 is 19479901 s in the future
g77 -fno-second-underscore -O -c dmxm.f
tar -xf sla_source.tar dmxv.f
tar: dmxv.f: time stamp 2003-05-23 15:05:22 is 19479901 s in the future
g77 -fno-second-underscore -O -c dmxv.f
tar -xf sla_source.tar dpav.f
tar: dpav.f: time stamp 2003-05-23 15:05:22 is 19479901 s in the future
g77 -fno-second-underscore -O -c dpav.f
tar -xf sla_source.tar dr2af.f
tar: dr2af.f: time stamp 2003-05-23 15:05:22 is 19479901 s in the future
g77 -fno-second-underscore -O -c dr2af.f
tar -xf sla_source.tar dr2tf.f
tar: dr2tf.f: time stamp 2003-05-23 15:05:22 is 19479901 s in the future
g77 -fno-second-underscore -O -c dr2tf.f
tar -xf sla_source.tar drange.f
tar: drange.f: time stamp 2003-05-23 15:05:22 is 19479901 s in the future
g77 -fno-second-underscore -O -c drange.f
tar -xf sla_source.tar dranrm.f
tar: dranrm.f: time stamp 2003-05-23 15:05:22 is 19479901 s in the future
g77 -fno-second-underscore -O -c dranrm.f
tar -xf sla_source.tar ds2c6.f
tar: ds2c6.f: time stamp 2003-05-23 15:05:22 is 19479901 s in the future
g77 -fno-second-underscore -O -c ds2c6.f
tar -xf sla_source.tar ds2tp.f
tar: ds2tp.f: time stamp 2003-05-23 15:05:22 is 19479901 s in the future
g77 -fno-second-underscore -O -c ds2tp.f
tar -xf sla_source.tar dsep.f
tar: dsep.f: time stamp 2003-05-23 15:05:22 is 19479901 s in the future
g77 -fno-second-underscore -O -c dsep.f
tar -xf sla_source.tar dsepv.f
tar: dsepv.f: time stamp 2003-05-23 15:05:22 is 19479901 s in the future
g77 -fno-second-underscore -O -c dsepv.f
tar -xf sla_source.tar dt.f
tar: dt.f: time stamp 2003-05-23 15:05:22 is 19479901 s in the future
g77 -fno-second-underscore -O -c dt.f
tar -xf sla_source.tar dtf2d.f
tar: dtf2d.f: time stamp 2003-05-23 15:05:22 is 19479901 s in the future
g77 -fno-second-underscore -O -c dtf2d.f
tar -xf sla_source.tar dtf2r.f
tar: dtf2r.f: time stamp 2003-05-23 15:05:22 is 19479901 s in the future
g77 -fno-second-underscore -O -c dtf2r.f
tar -xf sla_source.tar dtp2s.f
tar: dtp2s.f: time stamp 2003-05-23 15:05:22 is 19479901 s in the future
g77 -fno-second-underscore -O -c dtp2s.f
tar -xf sla_source.tar dtp2v.f
tar: dtp2v.f: time stamp 2003-05-23 15:05:22 is 19479901 s in the future
g77 -fno-second-underscore -O -c dtp2v.f
tar -xf sla_source.tar dtps2c.f
tar: dtps2c.f: time stamp 2003-05-23 15:05:22 is 19479901 s in the future
g77 -fno-second-underscore -O -c dtps2c.f
tar -xf sla_source.tar dtpv2c.f
tar: dtpv2c.f: time stamp 2003-05-23 15:05:22 is 19479901 s in the future
g77 -fno-second-underscore -O -c dtpv2c.f
tar -xf sla_source.tar dtt.f
tar: dtt.f: time stamp 2003-05-23 15:05:22 is 19479901 s in the future
g77 -fno-second-underscore -O -c dtt.f
tar -xf sla_source.tar dv2tp.f
tar: dv2tp.f: time stamp 2003-05-23 15:05:22 is 19479901 s in the future
g77 -fno-second-underscore -O -c dv2tp.f
tar -xf sla_source.tar dvdv.f
tar: dvdv.f: time stamp 2003-05-23 15:05:22 is 19479901 s in the future
g77 -fno-second-underscore -O -c dvdv.f
tar -xf sla_source.tar dvn.f
tar: dvn.f: time stamp 2003-05-23 15:05:22 is 19479901 s in the future
g77 -fno-second-underscore -O -c dvn.f
tar -xf sla_source.tar dvxv.f
tar: dvxv.f: time stamp 2003-05-23 15:05:22 is 19479901 s in the future
g77 -fno-second-underscore -O -c dvxv.f
tar -xf sla_source.tar e2h.f
tar: e2h.f: time stamp 2003-05-23 15:05:22 is 19479901 s in the future
g77 -fno-second-underscore -O -c e2h.f
tar -xf sla_source.tar earth.f
tar: earth.f: time stamp 2003-05-23 15:05:22 is 19479901 s in the future
g77 -fno-second-underscore -O -c earth.f
tar -xf sla_source.tar ecleq.f
tar: ecleq.f: time stamp 2003-05-23 15:05:22 is 19479901 s in the future
g77 -fno-second-underscore -O -c ecleq.f
tar -xf sla_source.tar ecmat.f
tar: ecmat.f: time stamp 2003-05-23 15:05:22 is 19479901 s in the future
g77 -fno-second-underscore -O -c ecmat.f
tar -xf sla_source.tar ecor.f
tar: ecor.f: time stamp 2003-05-23 15:05:22 is 19479901 s in the future
g77 -fno-second-underscore -O -c ecor.f
tar -xf sla_source.tar eg50.f
tar: eg50.f: time stamp 2003-05-23 15:05:22 is 19479901 s in the future
g77 -fno-second-underscore -O -c eg50.f
tar -xf sla_source.tar el2ue.f
tar: el2ue.f: time stamp 2003-05-23 15:05:22 is 19479901 s in the future
g77 -fno-second-underscore -O -c el2ue.f
tar -xf sla_source.tar epb.f
tar: epb.f: time stamp 2003-05-23 15:05:22 is 19479900 s in the future
g77 -fno-second-underscore -O -c epb.f
tar -xf sla_source.tar epb2d.f
tar: epb2d.f: time stamp 2003-05-23 15:05:22 is 19479900 s in the future
g77 -fno-second-underscore -O -c epb2d.f
tar -xf sla_source.tar epco.f
tar: epco.f: time stamp 2003-05-23 15:05:22 is 19479900 s in the future
g77 -fno-second-underscore -O -c epco.f
tar -xf sla_source.tar epj.f
tar: epj.f: time stamp 2003-05-23 15:05:22 is 19479900 s in the future
g77 -fno-second-underscore -O -c epj.f
tar -xf sla_source.tar epj2d.f
tar: epj2d.f: time stamp 2003-05-23 15:05:23 is 19479901 s in the future
g77 -fno-second-underscore -O -c epj2d.f
tar -xf sla_source.tar eqecl.f
tar: eqecl.f: time stamp 2003-05-23 15:05:23 is 19479901 s in the future
g77 -fno-second-underscore -O -c eqecl.f
tar -xf sla_source.tar eqeqx.f
tar: eqeqx.f: time stamp 2003-05-23 15:05:23 is 19479901 s in the future
g77 -fno-second-underscore -O -c eqeqx.f
tar -xf sla_source.tar eqgal.f
tar: eqgal.f: time stamp 2003-05-23 15:05:23 is 19479901 s in the future
g77 -fno-second-underscore -O -c eqgal.f
tar -xf sla_source.tar etrms.f
tar: etrms.f: time stamp 2003-05-23 15:05:23 is 19479901 s in the future
g77 -fno-second-underscore -O -c etrms.f
tar -xf sla_source.tar euler.f
tar: euler.f: time stamp 2003-05-23 15:05:23 is 19479901 s in the future
g77 -fno-second-underscore -O -c euler.f
tar -xf sla_source.tar evp.f
tar: evp.f: time stamp 2003-05-23 15:05:23 is 19479901 s in the future
g77 -fno-second-underscore -O -c evp.f
tar -xf sla_source.tar fitxy.f
tar: fitxy.f: time stamp 2003-05-23 15:05:23 is 19479901 s in the future
g77 -fno-second-underscore -O -c fitxy.f
tar -xf sla_source.tar fk425.f
tar: fk425.f: time stamp 2003-05-23 15:05:23 is 19479901 s in the future
g77 -fno-second-underscore -O -c fk425.f
tar -xf sla_source.tar fk45z.f
tar: fk45z.f: time stamp 2003-05-23 15:05:23 is 19479901 s in the future
g77 -fno-second-underscore -O -c fk45z.f
tar -xf sla_source.tar fk524.f
tar: fk524.f: time stamp 2003-05-23 15:05:23 is 19479901 s in the future
g77 -fno-second-underscore -O -c fk524.f
tar -xf sla_source.tar fk52h.f
tar: fk52h.f: time stamp 2003-05-23 15:05:23 is 19479901 s in the future
g77 -fno-second-underscore -O -c fk52h.f
tar -xf sla_source.tar fk54z.f
tar: fk54z.f: time stamp 2003-05-23 15:05:23 is 19479901 s in the future
g77 -fno-second-underscore -O -c fk54z.f
tar -xf sla_source.tar fk5hz.f
tar: fk5hz.f: time stamp 2003-05-23 15:05:23 is 19479901 s in the future
g77 -fno-second-underscore -O -c fk5hz.f
tar -xf sla_source.tar flotin.f
tar: flotin.f: time stamp 2003-05-23 15:05:23 is 19479901 s in the future
g77 -fno-second-underscore -O -c flotin.f
tar -xf sla_source.tar galeq.f
tar: galeq.f: time stamp 2003-05-23 15:05:23 is 19479901 s in the future
g77 -fno-second-underscore -O -c galeq.f
tar -xf sla_source.tar galsup.f
tar: galsup.f: time stamp 2003-05-23 15:05:23 is 19479901 s in the future
g77 -fno-second-underscore -O -c galsup.f
tar -xf sla_source.tar ge50.f
tar: ge50.f: time stamp 2003-05-23 15:05:23 is 19479901 s in the future
g77 -fno-second-underscore -O -c ge50.f
tar -xf sla_source.tar geoc.f
tar: geoc.f: time stamp 2003-05-23 15:05:23 is 19479901 s in the future
g77 -fno-second-underscore -O -c geoc.f
tar -xf sla_source.tar gmst.f
tar: gmst.f: time stamp 2003-05-23 15:05:23 is 19479901 s in the future
g77 -fno-second-underscore -O -c gmst.f
tar -xf sla_source.tar gmsta.f
tar: gmsta.f: time stamp 2003-05-23 15:05:23 is 19479901 s in the future
g77 -fno-second-underscore -O -c gmsta.f
tar -xf sla_source.tar h2e.f
tar: h2e.f: time stamp 2003-05-23 15:05:23 is 19479901 s in the future
g77 -fno-second-underscore -O -c h2e.f
tar -xf sla_source.tar h2fk5.f
tar: h2fk5.f: time stamp 2003-05-23 15:05:23 is 19479901 s in the future
g77 -fno-second-underscore -O -c h2fk5.f
tar -xf sla_source.tar hfk5z.f
tar: hfk5z.f: time stamp 2003-05-23 15:05:23 is 19479900 s in the future
g77 -fno-second-underscore -O -c hfk5z.f
tar -xf sla_source.tar idchf.f
tar: idchf.f: time stamp 2003-05-23 15:05:23 is 19479900 s in the future
g77 -fno-second-underscore -O -c idchf.f
tar -xf sla_source.tar idchi.f
tar: idchi.f: time stamp 2003-05-23 15:05:23 is 19479900 s in the future
g77 -fno-second-underscore -O -c idchi.f
tar -xf sla_source.tar imxv.f
tar: imxv.f: time stamp 2003-05-23 15:05:24 is 19479901 s in the future
g77 -fno-second-underscore -O -c imxv.f
tar -xf sla_source.tar intin.f
tar: intin.f: time stamp 2003-05-23 15:05:24 is 19479901 s in the future
g77 -fno-second-underscore -O -c intin.f
tar -xf sla_source.tar invf.f
tar: invf.f: time stamp 2003-05-23 15:05:24 is 19479901 s in the future
g77 -fno-second-underscore -O -c invf.f
tar -xf sla_source.tar kbj.f
tar: kbj.f: time stamp 2003-05-23 15:05:24 is 19479901 s in the future
g77 -fno-second-underscore -O -c kbj.f
tar -xf sla_source.tar m2av.f
tar: m2av.f: time stamp 2003-05-23 15:05:24 is 19479901 s in the future
g77 -fno-second-underscore -O -c m2av.f
tar -xf sla_source.tar map.f
tar: map.f: time stamp 2003-05-23 15:05:24 is 19479901 s in the future
g77 -fno-second-underscore -O -c map.f
tar -xf sla_source.tar mappa.f
tar: mappa.f: time stamp 2003-05-23 15:05:24 is 19479901 s in the future
g77 -fno-second-underscore -O -c mappa.f
tar -xf sla_source.tar mapqk.f
tar: mapqk.f: time stamp 2003-05-23 15:05:24 is 19479901 s in the future
g77 -fno-second-underscore -O -c mapqk.f
tar -xf sla_source.tar mapqkz.f
tar: mapqkz.f: time stamp 2003-05-23 15:05:24 is 19479901 s in the future
g77 -fno-second-underscore -O -c mapqkz.f
tar -xf sla_source.tar moon.f
tar: moon.f: time stamp 2003-05-23 15:05:24 is 19479901 s in the future
g77 -fno-second-underscore -O -c moon.f
tar -xf sla_source.tar mxm.f
tar: mxm.f: time stamp 2003-05-23 15:05:24 is 19479901 s in the future
g77 -fno-second-underscore -O -c mxm.f
tar -xf sla_source.tar mxv.f
tar: mxv.f: time stamp 2003-05-23 15:05:24 is 19479901 s in the future
g77 -fno-second-underscore -O -c mxv.f
tar -xf sla_source.tar nut.f
tar: nut.f: time stamp 2003-05-23 15:05:24 is 19479901 s in the future
g77 -fno-second-underscore -O -c nut.f
tar -xf sla_source.tar nutc.f
tar: nutc.f: time stamp 2003-05-23 15:05:24 is 19479901 s in the future
g77 -fno-second-underscore -O -c nutc.f
tar -xf sla_source.tar nutc80.f
tar: nutc80.f: time stamp 2003-05-23 15:05:24 is 19479901 s in the future
g77 -fno-second-underscore -O -c nutc80.f
tar -xf sla_source.tar oap.f
tar: oap.f: time stamp 2003-05-23 15:05:24 is 19479900 s in the future
g77 -fno-second-underscore -O -c oap.f
tar -xf sla_source.tar oapqk.f
tar: oapqk.f: time stamp 2003-05-23 15:05:24 is 19479900 s in the future
g77 -fno-second-underscore -O -c oapqk.f
tar -xf sla_source.tar obs.f
tar: obs.f: time stamp 2003-05-23 15:05:24 is 19479900 s in the future
g77 -fno-second-underscore -O -c obs.f
tar -xf sla_source.tar pa.f
tar: pa.f: time stamp 2003-05-23 15:05:24 is 19479900 s in the future
g77 -fno-second-underscore -O -c pa.f
tar -xf sla_source.tar pav.f
tar: pav.f: time stamp 2003-05-23 15:05:24 is 19479900 s in the future
g77 -fno-second-underscore -O -c pav.f
tar -xf sla_source.tar pcd.f
tar: pcd.f: time stamp 2003-05-23 15:05:24 is 19479900 s in the future
g77 -fno-second-underscore -O -c pcd.f
tar -xf sla_source.tar pda2h.f
tar: pda2h.f: time stamp 2003-05-23 15:05:24 is 19479900 s in the future
g77 -fno-second-underscore -O -c pda2h.f
tar -xf sla_source.tar pdq2h.f
tar: pdq2h.f: time stamp 2003-05-23 15:05:24 is 19479900 s in the future
g77 -fno-second-underscore -O -c pdq2h.f
tar -xf sla_source.tar permut.f
tar: permut.f: time stamp 2003-05-23 15:05:24 is 19479900 s in the future
g77 -fno-second-underscore -O -c permut.f
tar -xf sla_source.tar pertel.f
tar: pertel.f: time stamp 2003-05-23 15:05:24 is 19479900 s in the future
g77 -fno-second-underscore -O -c pertel.f
tar -xf sla_source.tar pertue.f
tar: pertue.f: time stamp 2003-05-23 15:05:24 is 19479900 s in the future
g77 -fno-second-underscore -O -c pertue.f
tar -xf sla_source.tar planel.f
tar: planel.f: time stamp 2003-05-23 15:05:24 is 19479900 s in the future
g77 -fno-second-underscore -O -c planel.f
tar -xf sla_source.tar planet.f
tar: planet.f: time stamp 2003-05-23 15:05:24 is 19479900 s in the future
g77 -fno-second-underscore -O -c planet.f
tar -xf sla_source.tar plante.f
tar: plante.f: time stamp 2003-05-23 15:05:25 is 19479900 s in the future
g77 -fno-second-underscore -O -c plante.f
tar -xf sla_source.tar plantu.f
tar: plantu.f: time stamp 2003-05-23 15:05:25 is 19479900 s in the future
g77 -fno-second-underscore -O -c plantu.f
tar -xf sla_source.tar pm.f
tar: pm.f: time stamp 2003-05-23 15:05:25 is 19479900 s in the future
g77 -fno-second-underscore -O -c pm.f
tar -xf sla_source.tar polmo.f
tar: polmo.f: time stamp 2003-05-23 15:05:25 is 19479900 s in the future
g77 -fno-second-underscore -O -c polmo.f
tar -xf sla_source.tar prebn.f
tar: prebn.f: time stamp 2003-05-23 15:05:25 is 19479900 s in the future
g77 -fno-second-underscore -O -c prebn.f
tar -xf sla_source.tar prec.f
tar: prec.f: time stamp 2003-05-23 15:05:25 is 19479900 s in the future
g77 -fno-second-underscore -O -c prec.f
tar -xf sla_source.tar precl.f
tar: precl.f: time stamp 2003-05-23 15:05:25 is 19479900 s in the future
g77 -fno-second-underscore -O -c precl.f
tar -xf sla_source.tar preces.f
tar: preces.f: time stamp 2003-05-23 15:05:25 is 19479900 s in the future
g77 -fno-second-underscore -O -c preces.f
tar -xf sla_source.tar prenut.f
tar: prenut.f: time stamp 2003-05-23 15:05:25 is 19479900 s in the future
g77 -fno-second-underscore -O -c prenut.f
tar -xf sla_source.tar pv2el.f
tar: pv2el.f: time stamp 2003-05-23 15:05:25 is 19479900 s in the future
g77 -fno-second-underscore -O -c pv2el.f
tar -xf sla_source.tar pv2ue.f
tar: pv2ue.f: time stamp 2003-05-23 15:05:25 is 19479900 s in the future
g77 -fno-second-underscore -O -c pv2ue.f
tar -xf sla_source.tar pvobs.f
tar: pvobs.f: time stamp 2003-05-23 15:05:25 is 19479900 s in the future
g77 -fno-second-underscore -O -c pvobs.f
tar -xf sla_source.tar pxy.f
tar: pxy.f: time stamp 2003-05-23 15:05:25 is 19479900 s in the future
g77 -fno-second-underscore -O -c pxy.f
tar -xf sla_source.tar range.f
tar: range.f: time stamp 2003-05-23 15:05:25 is 19479900 s in the future
g77 -fno-second-underscore -O -c range.f
tar -xf sla_source.tar ranorm.f
tar: ranorm.f: time stamp 2003-05-23 15:05:25 is 19479900 s in the future
g77 -fno-second-underscore -O -c ranorm.f
tar -xf sla_source.tar rcc.f
tar: rcc.f: time stamp 2003-05-23 15:05:25 is 19479900 s in the future
g77 -fno-second-underscore -O -c rcc.f
tar -xf sla_source.tar rdplan.f
tar: rdplan.f: time stamp 2003-05-23 15:05:25 is 19479900 s in the future
g77 -fno-second-underscore -O -c rdplan.f
tar -xf sla_source.tar refco.f
tar: refco.f: time stamp 2003-05-23 15:05:25 is 19479900 s in the future
g77 -fno-second-underscore -O -c refco.f
tar -xf sla_source.tar refcoq.f
tar: refcoq.f: time stamp 2003-05-23 15:05:25 is 19479900 s in the future
g77 -fno-second-underscore -O -c refcoq.f
tar -xf sla_source.tar refro.f
tar: refro.f: time stamp 2003-05-23 15:05:25 is 19479900 s in the future
g77 -fno-second-underscore -O -c refro.f
tar -xf sla_source.tar refv.f
tar: refv.f: time stamp 2003-05-23 15:05:25 is 19479899 s in the future
g77 -fno-second-underscore -O -c refv.f
tar -xf sla_source.tar refz.f
tar: refz.f: time stamp 2003-05-23 15:05:25 is 19479899 s in the future
g77 -fno-second-underscore -O -c refz.f
tar -xf sla_source.tar rverot.f
tar: rverot.f: time stamp 2003-05-23 15:05:25 is 19479899 s in the future
g77 -fno-second-underscore -O -c rverot.f
tar -xf sla_source.tar rvgalc.f
tar: rvgalc.f: time stamp 2003-05-23 15:05:25 is 19479899 s in the future
g77 -fno-second-underscore -O -c rvgalc.f
tar -xf sla_source.tar rvlg.f
tar: rvlg.f: time stamp 2003-05-23 15:05:25 is 19479899 s in the future
g77 -fno-second-underscore -O -c rvlg.f
tar -xf sla_source.tar rvlsrd.f
tar: rvlsrd.f: time stamp 2003-05-23 15:05:25 is 19479899 s in the future
g77 -fno-second-underscore -O -c rvlsrd.f
tar -xf sla_source.tar rvlsrk.f
tar: rvlsrk.f: time stamp 2003-05-23 15:05:26 is 19479900 s in the future
g77 -fno-second-underscore -O -c rvlsrk.f
tar -xf sla_source.tar s2tp.f
tar: s2tp.f: time stamp 2003-05-23 15:05:26 is 19479900 s in the future
g77 -fno-second-underscore -O -c s2tp.f
tar -xf sla_source.tar sep.f
tar: sep.f: time stamp 2003-05-23 15:05:26 is 19479900 s in the future
g77 -fno-second-underscore -O -c sep.f
tar -xf sla_source.tar sepv.f
tar: sepv.f: time stamp 2003-05-23 15:05:26 is 19479900 s in the future
g77 -fno-second-underscore -O -c sepv.f
tar -xf sla_source.tar smat.f
tar: smat.f: time stamp 2003-05-23 15:05:26 is 19479900 s in the future
g77 -fno-second-underscore -O -c smat.f
tar -xf sla_source.tar subet.f
tar: subet.f: time stamp 2003-05-23 15:05:26 is 19479900 s in the future
g77 -fno-second-underscore -O -c subet.f
tar -xf sla_source.tar supgal.f
tar: supgal.f: time stamp 2003-05-23 15:05:26 is 19479900 s in the future
g77 -fno-second-underscore -O -c supgal.f
tar -xf sla_source.tar svd.f
tar: svd.f: time stamp 2003-05-23 15:05:26 is 19479900 s in the future
g77 -fno-second-underscore -O -c svd.f
tar -xf sla_source.tar svdcov.f
tar: svdcov.f: time stamp 2003-05-23 15:05:27 is 19479901 s in the future
g77 -fno-second-underscore -O -c svdcov.f
tar -xf sla_source.tar svdsol.f
tar: svdsol.f: time stamp 2003-05-23 15:05:27 is 19479901 s in the future
g77 -fno-second-underscore -O -c svdsol.f
tar -xf sla_source.tar tp2s.f
tar: tp2s.f: time stamp 2003-05-23 15:05:27 is 19479901 s in the future
g77 -fno-second-underscore -O -c tp2s.f
tar -xf sla_source.tar tp2v.f
tar: tp2v.f: time stamp 2003-05-23 15:05:27 is 19479901 s in the future
g77 -fno-second-underscore -O -c tp2v.f
tar -xf sla_source.tar tps2c.f
tar: tps2c.f: time stamp 2003-05-23 15:05:27 is 19479901 s in the future
g77 -fno-second-underscore -O -c tps2c.f
tar -xf sla_source.tar tpv2c.f
tar: tpv2c.f: time stamp 2003-05-23 15:05:27 is 19479901 s in the future
g77 -fno-second-underscore -O -c tpv2c.f
tar -xf sla_source.tar ue2el.f
tar: ue2el.f: time stamp 2003-05-23 15:05:27 is 19479901 s in the future
g77 -fno-second-underscore -O -c ue2el.f
tar -xf sla_source.tar ue2pv.f
tar: ue2pv.f: time stamp 2003-05-23 15:05:27 is 19479901 s in the future
g77 -fno-second-underscore -O -c ue2pv.f
tar -xf sla_source.tar unpcd.f
tar: unpcd.f: time stamp 2003-05-23 15:05:27 is 19479901 s in the future
g77 -fno-second-underscore -O -c unpcd.f
tar -xf sla_source.tar v2tp.f
tar: v2tp.f: time stamp 2003-05-23 15:05:27 is 19479901 s in the future
g77 -fno-second-underscore -O -c v2tp.f
tar -xf sla_source.tar vdv.f
tar: vdv.f: time stamp 2003-05-23 15:05:27 is 19479901 s in the future
g77 -fno-second-underscore -O -c vdv.f
tar -xf sla_source.tar vn.f
tar: vn.f: time stamp 2003-05-23 15:05:27 is 19479901 s in the future
g77 -fno-second-underscore -O -c vn.f
tar -xf sla_source.tar vxv.f
tar: vxv.f: time stamp 2003-05-23 15:05:27 is 19479901 s in the future
g77 -fno-second-underscore -O -c vxv.f
tar -xf sla_source.tar xy2xy.f
tar: xy2xy.f: time stamp 2003-05-23 15:05:27 is 19479900 s in the future
g77 -fno-second-underscore -O -c xy2xy.f
tar -xf sla_source.tar zd.f
tar: zd.f: time stamp 2003-05-23 15:05:27 is 19479900 s in the future
g77 -fno-second-underscore -O -c zd.f
tar -xf sla_source.tar gresid.f_ix86_Linux
tar: gresid.f_ix86_Linux: time stamp 2003-05-23 15:05:23 is 19479896 s in the future
mv gresid.f_ix86_Linux gresid.f
g77 -fno-second-underscore -O -c gresid.f
tar -xf sla_source.tar random.f_ix86_Linux
tar: random.f_ix86_Linux: time stamp 2003-05-23 15:05:25 is 19479898 s in the future
mv random.f_ix86_Linux random.f
g77 -fno-second-underscore -O -c random.f
tar -xf sla_source.tar wait.f_ix86_Linux
tar: wait.f_ix86_Linux: time stamp 2003-05-23 15:05:27 is 19479900 s in the future
mv wait.f_ix86_Linux wait.f
g77 -fno-second-underscore -O -c wait.f
tar -xf sla_source.tar rtl_random.c
tar: rtl_random.c: time stamp 2003-05-23 15:05:25 is 19479898 s in the future
gcc -O -c rtl_random.c
ar r libsla.a addet.o afin.o airmas.o altaz.o amp.o ampqk.o aop.o aoppa.o aoppat.o aopqk.o atmdsp.o atms.o atmt.o av2m.o bear.o caf2r.o caldj.o calyd.o cc2s.o cc62s.o cd2tf.o cldj.o clyd.o combn.o cr2af.o cr2tf.o cs2c.o cs2c6.o ctf2d.o ctf2r.o daf2r.o dafin.o dat.o dav2m.o dbear.o dbjin.o dc62s.o dcc2s.o dcmpf.o dcs2c.o dd2tf.o de2h.o deuler.o dfltin.o dh2e.o dimxv.o djcal.o djcl.o dm2av.o dmat.o dmoon.o dmxm.o dmxv.o dpav.o dr2af.o dr2tf.o drange.o dranrm.o ds2c6.o ds2tp.o dsep.o dsepv.o dt.o dtf2d.o dtf2r.o dtp2s.o dtp2v.o dtps2c.o dtpv2c.o dtt.o dv2tp.o dvdv.o dvn.o dvxv.o e2h.o earth.o ecleq.o ecmat.o ecor.o eg50.o el2ue.o epb.o epb2d.o epco.o epj.o epj2d.o eqecl.o eqeqx.o eqgal.o etrms.o euler.o evp.o fitxy.o fk425.o fk45z.o fk524.o fk52h.o fk54z.o fk5hz.o flotin.o galeq.o galsup.o ge50.o geoc.o gmst.o gmsta.o h2e.o h2fk5.o hfk5z.o idchf.o idchi.o imxv.o intin.o invf.o kbj.o m2av.o map.o mappa.o mapqk.o mapqkz.o moon.o mxm.o mxv.o nut.o nutc.o nutc80.o oap.o oapqk.o obs.o pa.o pav.o pcd.o pda2h.o pdq2h.o permut.o pertel.o pertue.o planel.o planet.o plante.o plantu.o pm.o polmo.o prebn.o prec.o precl.o preces.o prenut.o pv2el.o pv2ue.o pvobs.o pxy.o range.o ranorm.o rcc.o rdplan.o refco.o refcoq.o refro.o refv.o refz.o rverot.o rvgalc.o rvlg.o rvlsrd.o rvlsrk.o s2tp.o sep.o sepv.o smat.o subet.o supgal.o svd.o svdcov.o svdsol.o tp2s.o tp2v.o tps2c.o tpv2c.o ue2el.o ue2pv.o unpcd.o v2tp.o vdv.o vn.o vxv.o xy2xy.o zd.o gresid.o random.o wait.o rtl_random.o
ranlib libsla.a
touch libsla.so
: libsla.so ' addet.o afin.o airmas.o altaz.o amp.o ampqk.o aop.o aoppa.o aoppat.o aopqk.o atmdsp.o atms.o atmt.o av2m.o bear.o caf2r.o caldj.o calyd.o cc2s.o cc62s.o cd2tf.o cldj.o clyd.o combn.o cr2af.o cr2tf.o cs2c.o cs2c6.o ctf2d.o ctf2r.o daf2r.o dafin.o dat.o dav2m.o dbear.o dbjin.o dc62s.o dcc2s.o dcmpf.o dcs2c.o dd2tf.o de2h.o deuler.o dfltin.o dh2e.o dimxv.o djcal.o djcl.o dm2av.o dmat.o dmoon.o dmxm.o dmxv.o dpav.o dr2af.o dr2tf.o drange.o dranrm.o ds2c6.o ds2tp.o dsep.o dsepv.o dt.o dtf2d.o dtf2r.o dtp2s.o dtp2v.o dtps2c.o dtpv2c.o dtt.o dv2tp.o dvdv.o dvn.o dvxv.o e2h.o earth.o ecleq.o ecmat.o ecor.o eg50.o el2ue.o epb.o epb2d.o epco.o epj.o epj2d.o eqecl.o eqeqx.o eqgal.o etrms.o euler.o evp.o fitxy.o fk425.o fk45z.o fk524.o fk52h.o fk54z.o fk5hz.o flotin.o galeq.o galsup.o ge50.o geoc.o gmst.o gmsta.o h2e.o h2fk5.o hfk5z.o idchf.o idchi.o imxv.o intin.o invf.o kbj.o m2av.o map.o mappa.o mapqk.o mapqkz.o moon.o mxm.o mxv.o nut.o nutc.o nutc80.o oap.o oapqk.o obs.o pa.o pav.o pcd.o pda2h.o pdq2h.o permut.o pertel.o pertue.o planel.o planet.o plante.o plantu.o pm.o polmo.o prebn.o prec.o precl.o preces.o prenut.o pv2el.o pv2ue.o pvobs.o pxy.o range.o ranorm.o rcc.o rdplan.o refco.o refcoq.o refro.o refv.o refz.o rverot.o rvgalc.o rvlg.o rvlsrd.o rvlsrk.o s2tp.o sep.o sepv.o smat.o subet.o supgal.o svd.o svdcov.o svdsol.o tp2s.o tp2v.o tps2c.o tpv2c.o ue2el.o ue2pv.o unpcd.o v2tp.o vdv.o vn.o vxv.o xy2xy.o zd.o gresid.o random.o wait.o rtl_random.o'
make[1]: warning:  Clock skew detected.  Your build may be incomplete.
make[1]: Leaving directory `/apps/cvsbuild/BUILDTEST/sla'

*** The SLALIB package has been built

make: warning:  Clock skew detected.  Your build may be incomplete.
