mk: Environment variables defined for ix86_Linux system
make -e install
make: *** Warning: File `makefile' has modification time in the future (2003-05-29 16:22:07 > 2002-10-10 04:00:27.363291)
make[1]: Entering directory `/apps/cvsbuild/BUILDTEST/sla'
make[1]: *** Warning: File `makefile' has modification time in the future (2003-05-29 16:22:07 > 2002-10-10 04:00:27.373696)
for f in sla_link sla_link_adam ""; do \
           if test -n "$f"; then \
              cp -p $f /apps/cvsbuild/star/bin;\
              chmod 755 /apps/cvsbuild/star/bin/$f;\
              rm -f $f;\
              ln -s /apps/cvsbuild/star/bin/$f $f;\
           else :; fi;\
        done
for f in  ""; do \
           if test -n "$f"; then \
              cp -p $f /apps/cvsbuild/star/include;\
              chmod 644 /apps/cvsbuild/star/include/$f;\
              rm -f $f;\
              ln -s /apps/cvsbuild/star/include/$f $f;\
           else :; fi;\
        done
for f in libsla.a ""; do \
           if test -n "$f"; then \
              cp -p $f /apps/cvsbuild/star/lib;\
              chmod 644 /apps/cvsbuild/star/lib/$f;\
              rm -f $f;\
              ln -s /apps/cvsbuild/star/lib/$f $f;\
           else :; fi;\
        done
for f in libsla.so ""; do \
           if test -n "$f" -a -s "$f"; then \
              cp -p $f /apps/cvsbuild/star/share;\
              chmod 755 /apps/cvsbuild/star/share/$f;\
              rm -f $f;\
              ln -s /apps/cvsbuild/star/share/$f $f;\
           else :; fi;\
        done
if test -n ""; then \
           sed -e 's#LINK#ln -s#' -e s#INSTALL_INC#/apps/cvsbuild/star/include# \
               >/apps/cvsbuild/star/bin/ ;\
           chmod 755 /apps/cvsbuild/star/bin/ ;\
        else :; fi
for f in sun67.tex ""; do \
           if test -n "$f"; then \
              cp -p $f /apps/cvsbuild/star/docs;\
              chmod 644 /apps/cvsbuild/star/docs/$f;\
           else :; fi;\
        done
if test -n "sun67.htx"; then \
           pwd=`pwd`;\
           (cd /apps/cvsbuild/star/docs;\
           for f in sun67.htx ""; do \
              if test -n "$f"; then\
                 tar -xf $pwd/${f}_tar;\
                 chmod 755 `find $f -type d -print`;\
                 chmod 644 `find $f ! -type d -print`;\
                 touch $f;\
              else :; fi;\
           done);\
           HTX_PATH='/apps/cvsbuild/star/docs:/apps/cvsbuild/star/help';\
           export HTX_PATH;\
           /apps/cvsbuild/star/bin/hlink /apps/cvsbuild/star/docs /apps/cvsbuild/star/help;\
        fi;
tar: sun67.htx/blueball.gif: time stamp 2003-03-05 13:33:01 is 12652354 s in the future
tar: sun67.htx/change_begin.gif: time stamp 2003-03-05 13:33:01 is 12652354 s in the future
tar: sun67.htx/change_begin_right.gif: time stamp 2003-03-05 13:33:01 is 12652354 s in the future
tar: sun67.htx/change_delete.gif: time stamp 2003-03-05 13:33:01 is 12652354 s in the future
tar: sun67.htx/change_delete_right.gif: time stamp 2003-03-05 13:33:01 is 12652354 s in the future
tar: sun67.htx/change_end.gif: time stamp 2003-03-05 13:33:01 is 12652354 s in the future
tar: sun67.htx/change_end_right.gif: time stamp 2003-03-05 13:33:01 is 12652354 s in the future
tar: sun67.htx/contents.xbm: time stamp 2003-03-05 13:33:01 is 12652354 s in the future
tar: sun67.htx/contents_motif.gif: time stamp 2003-03-05 13:33:01 is 12652354 s in the future
tar: sun67.htx/cross_ref_motif.gif: time stamp 2003-03-05 13:33:01 is 12652354 s in the future
tar: sun67.htx/foot_motif.gif: time stamp 2003-03-05 13:33:01 is 12652354 s in the future
tar: sun67.htx/footnode.html: time stamp 2003-03-05 13:33:00 is 12652353 s in the future
tar: sun67.htx/greenball.gif: time stamp 2003-03-05 13:33:01 is 12652354 s in the future
tar: sun67.htx/icons.html: time stamp 2003-03-05 13:33:01 is 12652354 s in the future
tar: sun67.htx/image.gif: time stamp 2003-03-05 13:33:01 is 12652354 s in the future
tar: sun67.htx/images.aux: time stamp 2003-03-05 13:28:58 is 12652111 s in the future
tar: sun67.htx/images.log: time stamp 2003-03-05 13:28:58 is 12652111 s in the future
tar: sun67.htx/images.pl: time stamp 2003-03-05 13:33:01 is 12652354 s in the future
tar: sun67.htx/images.tex: time stamp 2003-03-05 13:28:57 is 12652110 s in the future
tar: sun67.htx/img1.gif: time stamp 2003-03-05 13:30:23 is 12652196 s in the future
tar: sun67.htx/img10.gif: time stamp 2003-03-05 13:29:26 is 12652139 s in the future
tar: sun67.htx/img100.gif: time stamp 2003-03-05 13:29:09 is 12652122 s in the future
tar: sun67.htx/img101.gif: time stamp 2003-03-05 13:29:11 is 12652124 s in the future
tar: sun67.htx/img102.gif: time stamp 2003-03-05 13:30:07 is 12652180 s in the future
tar: sun67.htx/img103.gif: time stamp 2003-03-05 13:30:08 is 12652181 s in the future
tar: sun67.htx/img104.gif: time stamp 2003-03-05 13:30:08 is 12652181 s in the future
tar: sun67.htx/img105.gif: time stamp 2003-03-05 13:29:45 is 12652158 s in the future
tar: sun67.htx/img106.gif: time stamp 2003-03-05 13:31:33 is 12652266 s in the future
tar: sun67.htx/img107.gif: time stamp 2003-03-05 13:31:55 is 12652288 s in the future
tar: sun67.htx/img108.gif: time stamp 2003-03-05 13:30:36 is 12652209 s in the future
tar: sun67.htx/img109.gif: time stamp 2003-03-05 13:30:44 is 12652217 s in the future
tar: sun67.htx/img11.gif: time stamp 2003-03-05 13:29:27 is 12652140 s in the future
tar: sun67.htx/img110.gif: time stamp 2003-03-05 13:30:48 is 12652221 s in the future
tar: sun67.htx/img111.gif: time stamp 2003-03-05 13:31:34 is 12652267 s in the future
tar: sun67.htx/img112.gif: time stamp 2003-03-05 13:31:42 is 12652275 s in the future
tar: sun67.htx/img113.gif: time stamp 2003-03-05 13:29:19 is 12652132 s in the future
tar: sun67.htx/img114.gif: time stamp 2003-03-05 13:29:20 is 12652133 s in the future
tar: sun67.htx/img115.gif: time stamp 2003-03-05 13:29:22 is 12652135 s in the future
tar: sun67.htx/img116.gif: time stamp 2003-03-05 13:29:24 is 12652137 s in the future
tar: sun67.htx/img117.gif: time stamp 2003-03-05 13:29:24 is 12652137 s in the future
tar: sun67.htx/img118.gif: time stamp 2003-03-05 13:29:25 is 12652138 s in the future
tar: sun67.htx/img119.gif: time stamp 2003-03-05 13:29:23 is 12652136 s in the future
tar: sun67.htx/img12.gif: time stamp 2003-03-05 13:29:28 is 12652141 s in the future
tar: sun67.htx/img120.gif: time stamp 2003-03-05 13:31:46 is 12652279 s in the future
tar: sun67.htx/img121.gif: time stamp 2003-03-05 13:31:57 is 12652290 s in the future
tar: sun67.htx/img122.gif: time stamp 2003-03-05 13:29:42 is 12652155 s in the future
tar: sun67.htx/img123.gif: time stamp 2003-03-05 13:31:56 is 12652289 s in the future
tar: sun67.htx/img124.gif: time stamp 2003-03-05 13:30:04 is 12652177 s in the future
tar: sun67.htx/img125.gif: time stamp 2003-03-05 13:30:04 is 12652177 s in the future
tar: sun67.htx/img126.gif: time stamp 2003-03-05 13:32:30 is 12652323 s in the future
tar: sun67.htx/img127.gif: time stamp 2003-03-05 13:32:31 is 12652324 s in the future
tar: sun67.htx/img128.gif: time stamp 2003-03-05 13:32:00 is 12652293 s in the future
tar: sun67.htx/img129.gif: time stamp 2003-03-05 13:32:00 is 12652293 s in the future
tar: sun67.htx/img13.gif: time stamp 2003-03-05 13:31:19 is 12652252 s in the future
tar: sun67.htx/img130.gif: time stamp 2003-03-05 13:30:28 is 12652201 s in the future
tar: sun67.htx/img131.gif: time stamp 2003-03-05 13:30:12 is 12652185 s in the future
tar: sun67.htx/img132.gif: time stamp 2003-03-05 13:31:27 is 12652260 s in the future
tar: sun67.htx/img133.gif: time stamp 2003-03-05 13:31:28 is 12652261 s in the future
tar: sun67.htx/img134.gif: time stamp 2003-03-05 13:31:29 is 12652262 s in the future
tar: sun67.htx/img135.gif: time stamp 2003-03-05 13:31:34 is 12652267 s in the future
tar: sun67.htx/img136.gif: time stamp 2003-03-05 13:31:35 is 12652268 s in the future
tar: sun67.htx/img137.gif: time stamp 2003-03-05 13:31:36 is 12652269 s in the future
tar: sun67.htx/img138.gif: time stamp 2003-03-05 13:31:38 is 12652271 s in the future
tar: sun67.htx/img139.gif: time stamp 2003-03-05 13:31:09 is 12652242 s in the future
tar: sun67.htx/img14.gif: time stamp 2003-03-05 13:31:19 is 12652252 s in the future
tar: sun67.htx/img140.gif: time stamp 2003-03-05 13:30:01 is 12652174 s in the future
tar: sun67.htx/img141.gif: time stamp 2003-03-05 13:32:51 is 12652344 s in the future
tar: sun67.htx/img142.gif: time stamp 2003-03-05 13:32:52 is 12652345 s in the future
tar: sun67.htx/img143.gif: time stamp 2003-03-05 13:29:22 is 12652135 s in the future
tar: sun67.htx/img144.gif: time stamp 2003-03-05 13:30:37 is 12652210 s in the future
tar: sun67.htx/img145.gif: time stamp 2003-03-05 13:31:14 is 12652247 s in the future
tar: sun67.htx/img146.gif: time stamp 2003-03-05 13:29:06 is 12652119 s in the future
tar: sun67.htx/img147.gif: time stamp 2003-03-05 13:31:53 is 12652286 s in the future
tar: sun67.htx/img148.gif: time stamp 2003-03-05 13:29:09 is 12652122 s in the future
tar: sun67.htx/img149.gif: time stamp 2003-03-05 13:29:16 is 12652129 s in the future
tar: sun67.htx/img15.gif: time stamp 2003-03-05 13:29:33 is 12652146 s in the future
tar: sun67.htx/img150.gif: time stamp 2003-03-05 13:29:17 is 12652130 s in the future
tar: sun67.htx/img151.gif: time stamp 2003-03-05 13:29:18 is 12652131 s in the future
tar: sun67.htx/img152.gif: time stamp 2003-03-05 13:31:07 is 12652240 s in the future
tar: sun67.htx/img153.gif: time stamp 2003-03-05 13:29:35 is 12652148 s in the future
tar: sun67.htx/img154.gif: time stamp 2003-03-05 13:31:08 is 12652241 s in the future
tar: sun67.htx/img155.gif: time stamp 2003-03-05 13:31:12 is 12652245 s in the future
tar: sun67.htx/img156.gif: time stamp 2003-03-05 13:31:13 is 12652246 s in the future
tar: sun67.htx/img157.gif: time stamp 2003-03-05 13:32:02 is 12652295 s in the future
tar: sun67.htx/img158.gif: time stamp 2003-03-05 13:29:19 is 12652132 s in the future
tar: sun67.htx/img159.gif: time stamp 2003-03-05 13:32:03 is 12652296 s in the future
tar: sun67.htx/img16.gif: time stamp 2003-03-05 13:29:58 is 12652171 s in the future
tar: sun67.htx/img160.gif: time stamp 2003-03-05 13:32:06 is 12652299 s in the future
tar: sun67.htx/img161.gif: time stamp 2003-03-05 13:32:07 is 12652300 s in the future
tar: sun67.htx/img162.gif: time stamp 2003-03-05 13:29:37 is 12652150 s in the future
tar: sun67.htx/img163.gif: time stamp 2003-03-05 13:32:07 is 12652300 s in the future
tar: sun67.htx/img164.gif: time stamp 2003-03-05 13:32:10 is 12652303 s in the future
tar: sun67.htx/img165.gif: time stamp 2003-03-05 13:31:46 is 12652279 s in the future
tar: sun67.htx/img166.gif: time stamp 2003-03-05 13:31:47 is 12652280 s in the future
tar: sun67.htx/img167.gif: time stamp 2003-03-05 13:29:31 is 12652144 s in the future
tar: sun67.htx/img168.gif: time stamp 2003-03-05 13:29:28 is 12652141 s in the future
tar: sun67.htx/img169.gif: time stamp 2003-03-05 13:29:03 is 12652116 s in the future
tar: sun67.htx/img17.gif: time stamp 2003-03-05 13:29:59 is 12652172 s in the future
tar: sun67.htx/img170.gif: time stamp 2003-03-05 13:29:04 is 12652117 s in the future
tar: sun67.htx/img171.gif: time stamp 2003-03-05 13:29:05 is 12652118 s in the future
tar: sun67.htx/img172.gif: time stamp 2003-03-05 13:29:15 is 12652128 s in the future
tar: sun67.htx/img173.gif: time stamp 2003-03-05 13:29:30 is 12652143 s in the future
tar: sun67.htx/img174.gif: time stamp 2003-03-05 13:29:33 is 12652146 s in the future
tar: sun67.htx/img175.gif: time stamp 2003-03-05 13:29:36 is 12652149 s in the future
tar: sun67.htx/img176.gif: time stamp 2003-03-05 13:29:38 is 12652151 s in the future
tar: sun67.htx/img177.gif: time stamp 2003-03-05 13:29:40 is 12652153 s in the future
tar: sun67.htx/img178.gif: time stamp 2003-03-05 13:30:26 is 12652199 s in the future
tar: sun67.htx/img179.gif: time stamp 2003-03-05 13:30:26 is 12652199 s in the future
tar: sun67.htx/img18.gif: time stamp 2003-03-05 13:29:39 is 12652152 s in the future
tar: sun67.htx/img180.gif: time stamp 2003-03-05 13:31:49 is 12652282 s in the future
tar: sun67.htx/img181.gif: time stamp 2003-03-05 13:31:49 is 12652282 s in the future
tar: sun67.htx/img182.gif: time stamp 2003-03-05 13:31:50 is 12652283 s in the future
tar: sun67.htx/img183.gif: time stamp 2003-03-05 13:31:18 is 12652251 s in the future
tar: sun67.htx/img184.gif: time stamp 2003-03-05 13:31:51 is 12652284 s in the future
tar: sun67.htx/img185.gif: time stamp 2003-03-05 13:31:52 is 12652285 s in the future
tar: sun67.htx/img186.gif: time stamp 2003-03-05 13:32:01 is 12652294 s in the future
tar: sun67.htx/img187.gif: time stamp 2003-03-05 13:32:02 is 12652295 s in the future
tar: sun67.htx/img188.gif: time stamp 2003-03-05 13:31:17 is 12652250 s in the future
tar: sun67.htx/img189.gif: time stamp 2003-03-05 13:31:20 is 12652253 s in the future
tar: sun67.htx/img19.gif: time stamp 2003-03-05 13:29:47 is 12652160 s in the future
tar: sun67.htx/img190.gif: time stamp 2003-03-05 13:31:21 is 12652254 s in the future
tar: sun67.htx/img191.gif: time stamp 2003-03-05 13:31:21 is 12652254 s in the future
tar: sun67.htx/img192.gif: time stamp 2003-03-05 13:31:22 is 12652255 s in the future
tar: sun67.htx/img193.gif: time stamp 2003-03-05 13:32:09 is 12652302 s in the future
tar: sun67.htx/img194.gif: time stamp 2003-03-05 13:31:23 is 12652256 s in the future
tar: sun67.htx/img195.gif: time stamp 2003-03-05 13:31:25 is 12652258 s in the future
tar: sun67.htx/img196.gif: time stamp 2003-03-05 13:32:11 is 12652304 s in the future
tar: sun67.htx/img197.gif: time stamp 2003-03-05 13:31:26 is 12652259 s in the future
tar: sun67.htx/img198.gif: time stamp 2003-03-05 13:31:30 is 12652263 s in the future
tar: sun67.htx/img199.gif: time stamp 2003-03-05 13:32:12 is 12652305 s in the future
tar: sun67.htx/img2.gif: time stamp 2003-03-05 13:30:24 is 12652197 s in the future
tar: sun67.htx/img20.gif: time stamp 2003-03-05 13:29:51 is 12652164 s in the future
tar: sun67.htx/img200.gif: time stamp 2003-03-05 13:31:31 is 12652264 s in the future
tar: sun67.htx/img201.gif: time stamp 2003-03-05 13:32:15 is 12652308 s in the future
tar: sun67.htx/img202.gif: time stamp 2003-03-05 13:31:36 is 12652269 s in the future
tar: sun67.htx/img203.gif: time stamp 2003-03-05 13:32:15 is 12652308 s in the future
tar: sun67.htx/img204.gif: time stamp 2003-03-05 13:31:37 is 12652270 s in the future
tar: sun67.htx/img205.gif: time stamp 2003-03-05 13:32:22 is 12652315 s in the future
tar: sun67.htx/img206.gif: time stamp 2003-03-05 13:32:23 is 12652316 s in the future
tar: sun67.htx/img207.gif: time stamp 2003-03-05 13:31:40 is 12652273 s in the future
tar: sun67.htx/img208.gif: time stamp 2003-03-05 13:32:25 is 12652318 s in the future
tar: sun67.htx/img209.gif: time stamp 2003-03-05 13:31:41 is 12652274 s in the future
tar: sun67.htx/img21.gif: time stamp 2003-03-05 13:29:53 is 12652166 s in the future
tar: sun67.htx/img210.gif: time stamp 2003-03-05 13:32:32 is 12652325 s in the future
tar: sun67.htx/img211.gif: time stamp 2003-03-05 13:32:35 is 12652328 s in the future
tar: sun67.htx/img212.gif: time stamp 2003-03-05 13:31:15 is 12652248 s in the future
tar: sun67.htx/img213.gif: time stamp 2003-03-05 13:31:15 is 12652248 s in the future
tar: sun67.htx/img214.gif: time stamp 2003-03-05 13:29:35 is 12652148 s in the future
tar: sun67.htx/img215.gif: time stamp 2003-03-05 13:31:16 is 12652249 s in the future
tar: sun67.htx/img216.gif: time stamp 2003-03-05 13:31:23 is 12652256 s in the future
tar: sun67.htx/img217.gif: time stamp 2003-03-05 13:31:24 is 12652257 s in the future
tar: sun67.htx/img218.gif: time stamp 2003-03-05 13:31:25 is 12652258 s in the future
tar: sun67.htx/img219.gif: time stamp 2003-03-05 13:31:29 is 12652262 s in the future
tar: sun67.htx/img22.gif: time stamp 2003-03-05 13:30:24 is 12652197 s in the future
tar: sun67.htx/img220.gif: time stamp 2003-03-05 13:31:31 is 12652264 s in the future
tar: sun67.htx/img221.gif: time stamp 2003-03-05 13:31:32 is 12652265 s in the future
tar: sun67.htx/img222.gif: time stamp 2003-03-05 13:31:38 is 12652271 s in the future
tar: sun67.htx/img223.gif: time stamp 2003-03-05 13:31:39 is 12652272 s in the future
tar: sun67.htx/img224.gif: time stamp 2003-03-05 13:31:40 is 12652273 s in the future
tar: sun67.htx/img225.gif: time stamp 2003-03-05 13:31:42 is 12652275 s in the future
tar: sun67.htx/img226.gif: time stamp 2003-03-05 13:30:16 is 12652189 s in the future
tar: sun67.htx/img227.gif: time stamp 2003-03-05 13:30:17 is 12652190 s in the future
tar: sun67.htx/img228.gif: time stamp 2003-03-05 13:30:31 is 12652204 s in the future
tar: sun67.htx/img229.gif: time stamp 2003-03-05 13:32:11 is 12652304 s in the future
tar: sun67.htx/img23.gif: time stamp 2003-03-05 13:29:11 is 12652124 s in the future
tar: sun67.htx/img230.gif: time stamp 2003-03-05 13:30:57 is 12652230 s in the future
tar: sun67.htx/img231.gif: time stamp 2003-03-05 13:31:01 is 12652234 s in the future
tar: sun67.htx/img232.gif: time stamp 2003-03-05 13:31:02 is 12652235 s in the future
tar: sun67.htx/img233.gif: time stamp 2003-03-05 13:31:06 is 12652239 s in the future
tar: sun67.htx/img234.gif: time stamp 2003-03-05 13:31:48 is 12652281 s in the future
tar: sun67.htx/img235.gif: time stamp 2003-03-05 13:29:14 is 12652127 s in the future
tar: sun67.htx/img236.gif: time stamp 2003-03-05 13:30:39 is 12652212 s in the future
tar: sun67.htx/img237.gif: time stamp 2003-03-05 13:32:05 is 12652298 s in the future
tar: sun67.htx/img238.gif: time stamp 2003-03-05 13:32:08 is 12652301 s in the future
tar: sun67.htx/img239.gif: time stamp 2003-03-05 13:32:09 is 12652302 s in the future
tar: sun67.htx/img24.gif: time stamp 2003-03-05 13:29:10 is 12652123 s in the future
tar: sun67.htx/img240.gif: time stamp 2003-03-05 13:32:37 is 12652330 s in the future
tar: sun67.htx/img241.gif: time stamp 2003-03-05 13:32:41 is 12652334 s in the future
tar: sun67.htx/img242.gif: time stamp 2003-03-05 13:32:44 is 12652337 s in the future
tar: sun67.htx/img243.gif: time stamp 2003-03-05 13:32:45 is 12652338 s in the future
tar: sun67.htx/img244.gif: time stamp 2003-03-05 13:32:46 is 12652339 s in the future
tar: sun67.htx/img245.gif: time stamp 2003-03-05 13:32:47 is 12652340 s in the future
tar: sun67.htx/img246.gif: time stamp 2003-03-05 13:32:47 is 12652340 s in the future
tar: sun67.htx/img247.gif: time stamp 2003-03-05 13:32:48 is 12652341 s in the future
tar: sun67.htx/img248.gif: time stamp 2003-03-05 13:32:49 is 12652342 s in the future
tar: sun67.htx/img249.gif: time stamp 2003-03-05 13:32:49 is 12652342 s in the future
tar: sun67.htx/img25.gif: time stamp 2003-03-05 13:30:00 is 12652173 s in the future
tar: sun67.htx/img250.gif: time stamp 2003-03-05 13:32:50 is 12652343 s in the future
tar: sun67.htx/img251.gif: time stamp 2003-03-05 13:32:53 is 12652346 s in the future
tar: sun67.htx/img252.gif: time stamp 2003-03-05 13:32:53 is 12652346 s in the future
tar: sun67.htx/img253.gif: time stamp 2003-03-05 13:31:43 is 12652276 s in the future
tar: sun67.htx/img254.gif: time stamp 2003-03-05 13:32:54 is 12652347 s in the future
tar: sun67.htx/img255.gif: time stamp 2003-03-05 13:29:56 is 12652169 s in the future
tar: sun67.htx/img256.gif: time stamp 2003-03-05 13:29:57 is 12652170 s in the future
tar: sun67.htx/img257.gif: time stamp 2003-03-05 13:32:42 is 12652335 s in the future
tar: sun67.htx/img258.gif: time stamp 2003-03-05 13:31:58 is 12652291 s in the future
tar: sun67.htx/img259.gif: time stamp 2003-03-05 13:29:46 is 12652159 s in the future
tar: sun67.htx/img26.gif: time stamp 2003-03-05 13:30:35 is 12652208 s in the future
tar: sun67.htx/img260.gif: time stamp 2003-03-05 13:29:50 is 12652163 s in the future
tar: sun67.htx/img261.gif: time stamp 2003-03-05 13:29:52 is 12652165 s in the future
tar: sun67.htx/img262.gif: time stamp 2003-03-05 13:29:54 is 12652167 s in the future
tar: sun67.htx/img263.gif: time stamp 2003-03-05 13:30:11 is 12652184 s in the future
tar: sun67.htx/img264.gif: time stamp 2003-03-05 13:30:12 is 12652185 s in the future
tar: sun67.htx/img265.gif: time stamp 2003-03-05 13:30:15 is 12652188 s in the future
tar: sun67.htx/img266.gif: time stamp 2003-03-05 13:30:29 is 12652202 s in the future
tar: sun67.htx/img267.gif: time stamp 2003-03-05 13:30:51 is 12652224 s in the future
tar: sun67.htx/img268.gif: time stamp 2003-03-05 13:30:30 is 12652203 s in the future
tar: sun67.htx/img269.gif: time stamp 2003-03-05 13:30:30 is 12652203 s in the future
tar: sun67.htx/img27.gif: time stamp 2003-03-05 13:30:42 is 12652215 s in the future
tar: sun67.htx/img270.gif: time stamp 2003-03-05 13:30:33 is 12652206 s in the future
tar: sun67.htx/img271.gif: time stamp 2003-03-05 13:30:33 is 12652206 s in the future
tar: sun67.htx/img272.gif: time stamp 2003-03-05 13:30:34 is 12652207 s in the future
tar: sun67.htx/img273.gif: time stamp 2003-03-05 13:30:35 is 12652208 s in the future
tar: sun67.htx/img274.gif: time stamp 2003-03-05 13:30:38 is 12652211 s in the future
tar: sun67.htx/img275.gif: time stamp 2003-03-05 13:30:38 is 12652211 s in the future
tar: sun67.htx/img276.gif: time stamp 2003-03-05 13:30:39 is 12652212 s in the future
tar: sun67.htx/img277.gif: time stamp 2003-03-05 13:30:40 is 12652213 s in the future
tar: sun67.htx/img278.gif: time stamp 2003-03-05 13:30:41 is 12652214 s in the future
tar: sun67.htx/img279.gif: time stamp 2003-03-05 13:30:45 is 12652218 s in the future
tar: sun67.htx/img28.gif: time stamp 2003-03-05 13:29:43 is 12652156 s in the future
tar: sun67.htx/img280.gif: time stamp 2003-03-05 13:30:46 is 12652219 s in the future
tar: sun67.htx/img281.gif: time stamp 2003-03-05 13:30:47 is 12652220 s in the future
tar: sun67.htx/img282.gif: time stamp 2003-03-05 13:30:48 is 12652221 s in the future
tar: sun67.htx/img283.gif: time stamp 2003-03-05 13:30:55 is 12652228 s in the future
tar: sun67.htx/img284.gif: time stamp 2003-03-05 13:30:56 is 12652229 s in the future
tar: sun67.htx/img285.gif: time stamp 2003-03-05 13:31:00 is 12652233 s in the future
tar: sun67.htx/img286.gif: time stamp 2003-03-05 13:31:02 is 12652235 s in the future
tar: sun67.htx/img287.gif: time stamp 2003-03-05 13:32:13 is 12652306 s in the future
tar: sun67.htx/img288.gif: time stamp 2003-03-05 13:32:13 is 12652306 s in the future
tar: sun67.htx/img289.gif: time stamp 2003-03-05 13:32:14 is 12652307 s in the future
tar: sun67.htx/img29.gif: time stamp 2003-03-05 13:29:34 is 12652147 s in the future
tar: sun67.htx/img290.gif: time stamp 2003-03-05 13:32:20 is 12652313 s in the future
tar: sun67.htx/img291.gif: time stamp 2003-03-05 13:32:20 is 12652313 s in the future
tar: sun67.htx/img292.gif: time stamp 2003-03-05 13:32:21 is 12652314 s in the future
tar: sun67.htx/img293.gif: time stamp 2003-03-05 13:32:22 is 12652315 s in the future
tar: sun67.htx/img294.gif: time stamp 2003-03-05 13:32:29 is 12652322 s in the future
tar: sun67.htx/img295.gif: time stamp 2003-03-05 13:32:30 is 12652323 s in the future
tar: sun67.htx/img296.gif: time stamp 2003-03-05 13:32:39 is 12652332 s in the future
tar: sun67.htx/img297.gif: time stamp 2003-03-05 13:32:39 is 12652332 s in the future
tar: sun67.htx/img298.gif: time stamp 2003-03-05 13:32:40 is 12652333 s in the future
tar: sun67.htx/img299.gif: time stamp 2003-03-05 13:30:53 is 12652226 s in the future
tar: sun67.htx/img3.gif: time stamp 2003-03-05 13:29:45 is 12652158 s in the future
tar: sun67.htx/img30.gif: time stamp 2003-03-05 13:29:41 is 12652154 s in the future
tar: sun67.htx/img300.gif: time stamp 2003-03-05 13:30:32 is 12652205 s in the future
tar: sun67.htx/img301.gif: time stamp 2003-03-05 13:29:49 is 12652162 s in the future
tar: sun67.htx/img302.gif: time stamp 2003-03-05 13:32:36 is 12652329 s in the future
tar: sun67.htx/img303.gif: time stamp 2003-03-05 13:32:37 is 12652330 s in the future
tar: sun67.htx/img304.gif: time stamp 2003-03-05 13:29:50 is 12652163 s in the future
tar: sun67.htx/img305.gif: time stamp 2003-03-05 13:32:38 is 12652331 s in the future
tar: sun67.htx/img306.gif: time stamp 2003-03-05 13:32:43 is 12652336 s in the future
tar: sun67.htx/img307.gif: time stamp 2003-03-05 13:32:44 is 12652337 s in the future
tar: sun67.htx/img308.gif: time stamp 2003-03-05 13:29:55 is 12652168 s in the future
tar: sun67.htx/img309.gif: time stamp 2003-03-05 13:32:51 is 12652344 s in the future
tar: sun67.htx/img31.gif: time stamp 2003-03-05 13:29:41 is 12652154 s in the future
tar: sun67.htx/img310.gif: time stamp 2003-03-05 13:29:52 is 12652165 s in the future
tar: sun67.htx/img311.gif: time stamp 2003-03-05 13:29:54 is 12652167 s in the future
tar: sun67.htx/img312.gif: time stamp 2003-03-05 13:29:57 is 12652170 s in the future
tar: sun67.htx/img313.gif: time stamp 2003-03-05 13:30:02 is 12652175 s in the future
tar: sun67.htx/img314.gif: time stamp 2003-03-05 13:30:03 is 12652176 s in the future
tar: sun67.htx/img315.gif: time stamp 2003-03-05 13:30:05 is 12652178 s in the future
tar: sun67.htx/img316.gif: time stamp 2003-03-05 13:30:06 is 12652179 s in the future
tar: sun67.htx/img317.gif: time stamp 2003-03-05 13:30:06 is 12652179 s in the future
tar: sun67.htx/img318.gif: time stamp 2003-03-05 13:30:10 is 12652183 s in the future
tar: sun67.htx/img319.gif: time stamp 2003-03-05 13:30:15 is 12652188 s in the future
tar: sun67.htx/img32.gif: time stamp 2003-03-05 13:29:59 is 12652172 s in the future
tar: sun67.htx/img320.gif: time stamp 2003-03-05 13:30:21 is 12652194 s in the future
tar: sun67.htx/img321.gif: time stamp 2003-03-05 13:30:21 is 12652194 s in the future
tar: sun67.htx/img322.gif: time stamp 2003-03-05 13:30:22 is 12652195 s in the future
tar: sun67.htx/img323.gif: time stamp 2003-03-05 13:31:55 is 12652288 s in the future
tar: sun67.htx/img324.gif: time stamp 2003-03-05 13:31:57 is 12652290 s in the future
tar: sun67.htx/img325.gif: time stamp 2003-03-05 13:31:59 is 12652292 s in the future
tar: sun67.htx/img326.gif: time stamp 2003-03-05 13:32:05 is 12652298 s in the future
tar: sun67.htx/img327.gif: time stamp 2003-03-05 13:30:46 is 12652219 s in the future
tar: sun67.htx/img328.gif: time stamp 2003-03-05 13:30:53 is 12652226 s in the future
tar: sun67.htx/img329.gif: time stamp 2003-03-05 13:30:54 is 12652227 s in the future
tar: sun67.htx/img33.gif: time stamp 2003-03-05 13:32:04 is 12652297 s in the future
tar: sun67.htx/img330.gif: time stamp 2003-03-05 13:30:55 is 12652228 s in the future
tar: sun67.htx/img331.gif: time stamp 2003-03-05 13:30:57 is 12652230 s in the future
tar: sun67.htx/img332.gif: time stamp 2003-03-05 13:30:59 is 12652232 s in the future
tar: sun67.htx/img34.gif: time stamp 2003-03-05 13:32:18 is 12652311 s in the future
tar: sun67.htx/img35.gif: time stamp 2003-03-05 13:32:18 is 12652311 s in the future
tar: sun67.htx/img36.gif: time stamp 2003-03-05 13:32:19 is 12652312 s in the future
tar: sun67.htx/img37.gif: time stamp 2003-03-05 13:32:27 is 12652320 s in the future
tar: sun67.htx/img38.gif: time stamp 2003-03-05 13:32:28 is 12652321 s in the future
tar: sun67.htx/img39.gif: time stamp 2003-03-05 13:29:17 is 12652130 s in the future
tar: sun67.htx/img4.gif: time stamp 2003-03-05 13:32:16 is 12652309 s in the future
tar: sun67.htx/img40.gif: time stamp 2003-03-05 13:32:28 is 12652321 s in the future
tar: sun67.htx/img41.gif: time stamp 2003-03-05 13:32:32 is 12652325 s in the future
tar: sun67.htx/img42.gif: time stamp 2003-03-05 13:32:33 is 12652326 s in the future
tar: sun67.htx/img43.gif: time stamp 2003-03-05 13:29:43 is 12652156 s in the future
tar: sun67.htx/img44.gif: time stamp 2003-03-05 13:32:34 is 12652327 s in the future
tar: sun67.htx/img45.gif: time stamp 2003-03-05 13:32:34 is 12652327 s in the future
tar: sun67.htx/img46.gif: time stamp 2003-03-05 13:31:27 is 12652260 s in the future
tar: sun67.htx/img47.gif: time stamp 2003-03-05 13:31:07 is 12652240 s in the future
tar: sun67.htx/img48.gif: time stamp 2003-03-05 13:29:07 is 12652120 s in the future
tar: sun67.htx/img49.gif: time stamp 2003-03-05 13:31:45 is 12652278 s in the future
tar: sun67.htx/img5.gif: time stamp 2003-03-05 13:32:17 is 12652310 s in the future
tar: sun67.htx/img50.gif: time stamp 2003-03-05 13:29:05 is 12652118 s in the future
tar: sun67.htx/img51.gif: time stamp 2003-03-05 13:29:48 is 12652161 s in the future
tar: sun67.htx/img52.gif: time stamp 2003-03-05 13:30:42 is 12652215 s in the future
tar: sun67.htx/img53.gif: time stamp 2003-03-05 13:31:10 is 12652243 s in the future
tar: sun67.htx/img54.gif: time stamp 2003-03-05 13:30:58 is 12652231 s in the future
tar: sun67.htx/img55.gif: time stamp 2003-03-05 13:30:43 is 12652216 s in the future
tar: sun67.htx/img56.gif: time stamp 2003-03-05 13:30:44 is 12652217 s in the future
tar: sun67.htx/img57.gif: time stamp 2003-03-05 13:30:49 is 12652222 s in the future
tar: sun67.htx/img58.gif: time stamp 2003-03-05 13:30:50 is 12652223 s in the future
tar: sun67.htx/img59.gif: time stamp 2003-03-05 13:30:51 is 12652224 s in the future
tar: sun67.htx/img6.gif: time stamp 2003-03-05 13:31:11 is 12652244 s in the future
tar: sun67.htx/img60.gif: time stamp 2003-03-05 13:30:52 is 12652225 s in the future
tar: sun67.htx/img61.gif: time stamp 2003-03-05 13:31:03 is 12652236 s in the future
tar: sun67.htx/img62.gif: time stamp 2003-03-05 13:31:04 is 12652237 s in the future
tar: sun67.htx/img63.gif: time stamp 2003-03-05 13:31:05 is 12652238 s in the future
tar: sun67.htx/img64.gif: time stamp 2003-03-05 13:31:05 is 12652238 s in the future
tar: sun67.htx/img65.gif: time stamp 2003-03-05 13:29:32 is 12652145 s in the future
tar: sun67.htx/img66.gif: time stamp 2003-03-05 13:29:37 is 12652150 s in the future
tar: sun67.htx/img67.gif: time stamp 2003-03-05 13:29:39 is 12652152 s in the future
tar: sun67.htx/img68.gif: time stamp 2003-03-05 13:31:10 is 12652243 s in the future
tar: sun67.htx/img69.gif: time stamp 2003-03-05 13:31:17 is 12652250 s in the future
tar: sun67.htx/img7.gif: time stamp 2003-03-05 13:31:12 is 12652245 s in the future
tar: sun67.htx/img70.gif: time stamp 2003-03-05 13:29:15 is 12652128 s in the future
tar: sun67.htx/img71.gif: time stamp 2003-03-05 13:30:27 is 12652200 s in the future
tar: sun67.htx/img72.gif: time stamp 2003-03-05 13:29:07 is 12652120 s in the future
tar: sun67.htx/img73.gif: time stamp 2003-03-05 13:30:02 is 12652175 s in the future
tar: sun67.htx/img74.gif: time stamp 2003-03-05 13:30:13 is 12652186 s in the future
tar: sun67.htx/img75.gif: time stamp 2003-03-05 13:30:17 is 12652190 s in the future
tar: sun67.htx/img76.gif: time stamp 2003-03-05 13:30:18 is 12652191 s in the future
tar: sun67.htx/img77.gif: time stamp 2003-03-05 13:30:19 is 12652192 s in the future
tar: sun67.htx/img78.gif: time stamp 2003-03-05 13:30:19 is 12652192 s in the future
tar: sun67.htx/img79.gif: time stamp 2003-03-05 13:30:20 is 12652193 s in the future
tar: sun67.htx/img8.gif: time stamp 2003-03-05 13:31:44 is 12652277 s in the future
tar: sun67.htx/img80.gif: time stamp 2003-03-05 13:30:25 is 12652198 s in the future
tar: sun67.htx/img81.gif: time stamp 2003-03-05 13:30:28 is 12652201 s in the future
tar: sun67.htx/img82.gif: time stamp 2003-03-05 13:30:14 is 12652187 s in the future
tar: sun67.htx/img83.gif: time stamp 2003-03-05 13:29:44 is 12652157 s in the future
tar: sun67.htx/img84.gif: time stamp 2003-03-05 13:29:29 is 12652142 s in the future
tar: sun67.htx/img85.gif: time stamp 2003-03-05 13:29:13 is 12652126 s in the future
tar: sun67.htx/img86.gif: time stamp 2003-03-05 13:32:24 is 12652317 s in the future
tar: sun67.htx/img87.gif: time stamp 2003-03-05 13:32:25 is 12652318 s in the future
tar: sun67.htx/img88.gif: time stamp 2003-03-05 13:32:26 is 12652319 s in the future
tar: sun67.htx/img89.gif: time stamp 2003-03-05 13:29:13 is 12652126 s in the future
tar: sun67.htx/img9.gif: time stamp 2003-03-05 13:29:26 is 12652139 s in the future
tar: sun67.htx/img90.gif: time stamp 2003-03-05 13:29:12 is 12652125 s in the future
tar: sun67.htx/img91.gif: time stamp 2003-03-05 13:29:48 is 12652161 s in the future
tar: sun67.htx/img92.gif: time stamp 2003-03-05 13:31:00 is 12652233 s in the future
tar: sun67.htx/img93.gif: time stamp 2003-03-05 13:30:09 is 12652182 s in the future
tar: sun67.htx/img94.gif: time stamp 2003-03-05 13:30:10 is 12652183 s in the future
tar: sun67.htx/img95.gif: time stamp 2003-03-05 13:29:31 is 12652144 s in the future
tar: sun67.htx/img96.gif: time stamp 2003-03-05 13:31:53 is 12652286 s in the future
tar: sun67.htx/img97.gif: time stamp 2003-03-05 13:31:54 is 12652287 s in the future
tar: sun67.htx/img98.gif: time stamp 2003-03-05 13:29:21 is 12652134 s in the future
tar: sun67.htx/img99.gif: time stamp 2003-03-05 13:29:08 is 12652121 s in the future
tar: sun67.htx/index_motif.gif: time stamp 2003-03-05 13:33:01 is 12652354 s in the future
tar: sun67.htx/internals.pl: time stamp 2003-03-05 13:33:01 is 12652354 s in the future
tar: sun67.htx/invis_anchor.xbm: time stamp 2003-03-05 13:33:01 is 12652354 s in the future
tar: sun67.htx/labels.pl: time stamp 2003-03-05 13:33:01 is 12652354 s in the future
tar: sun67.htx/next_group_motif.gif: time stamp 2003-03-05 13:33:01 is 12652354 s in the future
tar: sun67.htx/next_group_motif_gr.gif: time stamp 2003-03-05 13:33:01 is 12652354 s in the future
tar: sun67.htx/next_motif.gif: time stamp 2003-03-05 13:33:01 is 12652354 s in the future
tar: sun67.htx/next_motif_gr.gif: time stamp 2003-03-05 13:33:01 is 12652354 s in the future
tar: sun67.htx/node1.html: time stamp 2003-03-05 13:32:56 is 12652349 s in the future
tar: sun67.htx/node10.html: time stamp 2003-03-05 13:32:56 is 12652349 s in the future
tar: sun67.htx/node100.html: time stamp 2003-03-05 13:32:58 is 12652351 s in the future
tar: sun67.htx/node101.html: time stamp 2003-03-05 13:32:58 is 12652351 s in the future
tar: sun67.htx/node102.html: time stamp 2003-03-05 13:32:58 is 12652351 s in the future
tar: sun67.htx/node103.html: time stamp 2003-03-05 13:32:58 is 12652351 s in the future
tar: sun67.htx/node104.html: time stamp 2003-03-05 13:32:58 is 12652351 s in the future
tar: sun67.htx/node105.html: time stamp 2003-03-05 13:32:58 is 12652351 s in the future
tar: sun67.htx/node106.html: time stamp 2003-03-05 13:32:58 is 12652351 s in the future
tar: sun67.htx/node107.html: time stamp 2003-03-05 13:32:58 is 12652351 s in the future
tar: sun67.htx/node108.html: time stamp 2003-03-05 13:32:58 is 12652351 s in the future
tar: sun67.htx/node109.html: time stamp 2003-03-05 13:32:58 is 12652351 s in the future
tar: sun67.htx/node11.html: time stamp 2003-03-05 13:32:56 is 12652349 s in the future
tar: sun67.htx/node110.html: time stamp 2003-03-05 13:32:58 is 12652351 s in the future
tar: sun67.htx/node111.html: time stamp 2003-03-05 13:32:58 is 12652351 s in the future
tar: sun67.htx/node112.html: time stamp 2003-03-05 13:32:58 is 12652351 s in the future
tar: sun67.htx/node113.html: time stamp 2003-03-05 13:32:58 is 12652351 s in the future
tar: sun67.htx/node114.html: time stamp 2003-03-05 13:32:58 is 12652351 s in the future
tar: sun67.htx/node115.html: time stamp 2003-03-05 13:32:58 is 12652351 s in the future
tar: sun67.htx/node116.html: time stamp 2003-03-05 13:32:58 is 12652351 s in the future
tar: sun67.htx/node117.html: time stamp 2003-03-05 13:32:58 is 12652351 s in the future
tar: sun67.htx/node118.html: time stamp 2003-03-05 13:32:58 is 12652351 s in the future
tar: sun67.htx/node119.html: time stamp 2003-03-05 13:32:58 is 12652351 s in the future
tar: sun67.htx/node12.html: time stamp 2003-03-05 13:32:56 is 12652349 s in the future
tar: sun67.htx/node120.html: time stamp 2003-03-05 13:32:58 is 12652351 s in the future
tar: sun67.htx/node121.html: time stamp 2003-03-05 13:32:58 is 12652351 s in the future
tar: sun67.htx/node122.html: time stamp 2003-03-05 13:32:58 is 12652351 s in the future
tar: sun67.htx/node123.html: time stamp 2003-03-05 13:32:58 is 12652351 s in the future
tar: sun67.htx/node124.html: time stamp 2003-03-05 13:32:58 is 12652351 s in the future
tar: sun67.htx/node125.html: time stamp 2003-03-05 13:32:58 is 12652351 s in the future
tar: sun67.htx/node126.html: time stamp 2003-03-05 13:32:58 is 12652351 s in the future
tar: sun67.htx/node127.html: time stamp 2003-03-05 13:32:58 is 12652351 s in the future
tar: sun67.htx/node128.html: time stamp 2003-03-05 13:32:58 is 12652351 s in the future
tar: sun67.htx/node129.html: time stamp 2003-03-05 13:32:58 is 12652351 s in the future
tar: sun67.htx/node13.html: time stamp 2003-03-05 13:32:56 is 12652349 s in the future
tar: sun67.htx/node130.html: time stamp 2003-03-05 13:32:58 is 12652351 s in the future
tar: sun67.htx/node131.html: time stamp 2003-03-05 13:32:58 is 12652351 s in the future
tar: sun67.htx/node132.html: time stamp 2003-03-05 13:32:58 is 12652351 s in the future
tar: sun67.htx/node133.html: time stamp 2003-03-05 13:32:58 is 12652351 s in the future
tar: sun67.htx/node134.html: time stamp 2003-03-05 13:32:58 is 12652351 s in the future
tar: sun67.htx/node135.html: time stamp 2003-03-05 13:32:58 is 12652351 s in the future
tar: sun67.htx/node136.html: time stamp 2003-03-05 13:32:58 is 12652351 s in the future
tar: sun67.htx/node137.html: time stamp 2003-03-05 13:32:58 is 12652351 s in the future
tar: sun67.htx/node138.html: time stamp 2003-03-05 13:32:59 is 12652352 s in the future
tar: sun67.htx/node139.html: time stamp 2003-03-05 13:32:59 is 12652352 s in the future
tar: sun67.htx/node14.html: time stamp 2003-03-05 13:32:56 is 12652349 s in the future
tar: sun67.htx/node140.html: time stamp 2003-03-05 13:32:59 is 12652352 s in the future
tar: sun67.htx/node141.html: time stamp 2003-03-05 13:32:59 is 12652352 s in the future
tar: sun67.htx/node142.html: time stamp 2003-03-05 13:32:59 is 12652352 s in the future
tar: sun67.htx/node143.html: time stamp 2003-03-05 13:32:59 is 12652352 s in the future
tar: sun67.htx/node144.html: time stamp 2003-03-05 13:32:59 is 12652352 s in the future
tar: sun67.htx/node145.html: time stamp 2003-03-05 13:32:59 is 12652352 s in the future
tar: sun67.htx/node146.html: time stamp 2003-03-05 13:32:59 is 12652352 s in the future
tar: sun67.htx/node147.html: time stamp 2003-03-05 13:32:59 is 12652352 s in the future
tar: sun67.htx/node148.html: time stamp 2003-03-05 13:32:59 is 12652352 s in the future
tar: sun67.htx/node149.html: time stamp 2003-03-05 13:32:59 is 12652352 s in the future
tar: sun67.htx/node15.html: time stamp 2003-03-05 13:32:56 is 12652349 s in the future
tar: sun67.htx/node150.html: time stamp 2003-03-05 13:32:59 is 12652352 s in the future
tar: sun67.htx/node151.html: time stamp 2003-03-05 13:32:59 is 12652352 s in the future
tar: sun67.htx/node152.html: time stamp 2003-03-05 13:32:59 is 12652352 s in the future
tar: sun67.htx/node153.html: time stamp 2003-03-05 13:32:59 is 12652352 s in the future
tar: sun67.htx/node154.html: time stamp 2003-03-05 13:32:59 is 12652352 s in the future
tar: sun67.htx/node155.html: time stamp 2003-03-05 13:32:59 is 12652352 s in the future
tar: sun67.htx/node156.html: time stamp 2003-03-05 13:32:59 is 12652352 s in the future
tar: sun67.htx/node157.html: time stamp 2003-03-05 13:32:59 is 12652352 s in the future
tar: sun67.htx/node158.html: time stamp 2003-03-05 13:32:59 is 12652352 s in the future
tar: sun67.htx/node159.html: time stamp 2003-03-05 13:32:59 is 12652352 s in the future
tar: sun67.htx/node16.html: time stamp 2003-03-05 13:32:56 is 12652349 s in the future
tar: sun67.htx/node160.html: time stamp 2003-03-05 13:32:59 is 12652352 s in the future
tar: sun67.htx/node161.html: time stamp 2003-03-05 13:32:59 is 12652352 s in the future
tar: sun67.htx/node162.html: time stamp 2003-03-05 13:32:59 is 12652352 s in the future
tar: sun67.htx/node163.html: time stamp 2003-03-05 13:32:59 is 12652352 s in the future
tar: sun67.htx/node164.html: time stamp 2003-03-05 13:32:59 is 12652352 s in the future
tar: sun67.htx/node165.html: time stamp 2003-03-05 13:32:59 is 12652352 s in the future
tar: sun67.htx/node166.html: time stamp 2003-03-05 13:32:59 is 12652352 s in the future
tar: sun67.htx/node167.html: time stamp 2003-03-05 13:32:59 is 12652352 s in the future
tar: sun67.htx/node168.html: time stamp 2003-03-05 13:32:59 is 12652352 s in the future
tar: sun67.htx/node169.html: time stamp 2003-03-05 13:32:59 is 12652352 s in the future
tar: sun67.htx/node17.html: time stamp 2003-03-05 13:32:56 is 12652349 s in the future
tar: sun67.htx/node170.html: time stamp 2003-03-05 13:32:59 is 12652352 s in the future
tar: sun67.htx/node171.html: time stamp 2003-03-05 13:32:59 is 12652352 s in the future
tar: sun67.htx/node172.html: time stamp 2003-03-05 13:32:59 is 12652352 s in the future
tar: sun67.htx/node173.html: time stamp 2003-03-05 13:32:59 is 12652352 s in the future
tar: sun67.htx/node174.html: time stamp 2003-03-05 13:32:59 is 12652352 s in the future
tar: sun67.htx/node175.html: time stamp 2003-03-05 13:32:59 is 12652352 s in the future
tar: sun67.htx/node176.html: time stamp 2003-03-05 13:32:59 is 12652352 s in the future
tar: sun67.htx/node177.html: time stamp 2003-03-05 13:32:59 is 12652352 s in the future
tar: sun67.htx/node178.html: time stamp 2003-03-05 13:32:59 is 12652352 s in the future
tar: sun67.htx/node179.html: time stamp 2003-03-05 13:32:59 is 12652352 s in the future
tar: sun67.htx/node18.html: time stamp 2003-03-05 13:32:56 is 12652349 s in the future
tar: sun67.htx/node180.html: time stamp 2003-03-05 13:32:59 is 12652352 s in the future
tar: sun67.htx/node181.html: time stamp 2003-03-05 13:32:59 is 12652352 s in the future
tar: sun67.htx/node182.html: time stamp 2003-03-05 13:32:59 is 12652352 s in the future
tar: sun67.htx/node183.html: time stamp 2003-03-05 13:32:59 is 12652352 s in the future
tar: sun67.htx/node184.html: time stamp 2003-03-05 13:32:59 is 12652352 s in the future
tar: sun67.htx/node185.html: time stamp 2003-03-05 13:33:00 is 12652353 s in the future
tar: sun67.htx/node186.html: time stamp 2003-03-05 13:33:00 is 12652353 s in the future
tar: sun67.htx/node187.html: time stamp 2003-03-05 13:33:00 is 12652353 s in the future
tar: sun67.htx/node188.html: time stamp 2003-03-05 13:33:00 is 12652353 s in the future
tar: sun67.htx/node189.html: time stamp 2003-03-05 13:33:00 is 12652353 s in the future
tar: sun67.htx/node19.html: time stamp 2003-03-05 13:32:56 is 12652349 s in the future
tar: sun67.htx/node190.html: time stamp 2003-03-05 13:33:00 is 12652353 s in the future
tar: sun67.htx/node191.html: time stamp 2003-03-05 13:33:00 is 12652353 s in the future
tar: sun67.htx/node192.html: time stamp 2003-03-05 13:33:00 is 12652353 s in the future
tar: sun67.htx/node193.html: time stamp 2003-03-05 13:33:00 is 12652353 s in the future
tar: sun67.htx/node194.html: time stamp 2003-03-05 13:33:00 is 12652353 s in the future
tar: sun67.htx/node195.html: time stamp 2003-03-05 13:33:00 is 12652353 s in the future
tar: sun67.htx/node196.html: time stamp 2003-03-05 13:33:00 is 12652353 s in the future
tar: sun67.htx/node197.html: time stamp 2003-03-05 13:33:00 is 12652353 s in the future
tar: sun67.htx/node198.html: time stamp 2003-03-05 13:33:00 is 12652353 s in the future
tar: sun67.htx/node199.html: time stamp 2003-03-05 13:33:00 is 12652353 s in the future
tar: sun67.htx/node2.html: time stamp 2003-03-05 13:32:56 is 12652349 s in the future
tar: sun67.htx/node20.html: time stamp 2003-03-05 13:32:56 is 12652349 s in the future
tar: sun67.htx/node200.html: time stamp 2003-03-05 13:33:00 is 12652353 s in the future
tar: sun67.htx/node201.html: time stamp 2003-03-05 13:33:00 is 12652353 s in the future
tar: sun67.htx/node202.html: time stamp 2003-03-05 13:33:00 is 12652353 s in the future
tar: sun67.htx/node203.html: time stamp 2003-03-05 13:33:00 is 12652353 s in the future
tar: sun67.htx/node204.html: time stamp 2003-03-05 13:33:00 is 12652353 s in the future
tar: sun67.htx/node205.html: time stamp 2003-03-05 13:33:00 is 12652353 s in the future
tar: sun67.htx/node206.html: time stamp 2003-03-05 13:33:00 is 12652353 s in the future
tar: sun67.htx/node207.html: time stamp 2003-03-05 13:33:00 is 12652353 s in the future
tar: sun67.htx/node208.html: time stamp 2003-03-05 13:33:00 is 12652353 s in the future
tar: sun67.htx/node209.html: time stamp 2003-03-05 13:33:00 is 12652353 s in the future
tar: sun67.htx/node21.html: time stamp 2003-03-05 13:32:56 is 12652349 s in the future
tar: sun67.htx/node210.html: time stamp 2003-03-05 13:33:00 is 12652353 s in the future
tar: sun67.htx/node211.html: time stamp 2003-03-05 13:33:00 is 12652353 s in the future
tar: sun67.htx/node212.html: time stamp 2003-03-05 13:33:00 is 12652353 s in the future
tar: sun67.htx/node213.html: time stamp 2003-03-05 13:33:00 is 12652353 s in the future
tar: sun67.htx/node214.html: time stamp 2003-03-05 13:33:00 is 12652353 s in the future
tar: sun67.htx/node215.html: time stamp 2003-03-05 13:33:00 is 12652353 s in the future
tar: sun67.htx/node216.html: time stamp 2003-03-05 13:33:00 is 12652353 s in the future
tar: sun67.htx/node217.html: time stamp 2003-03-05 13:33:00 is 12652353 s in the future
tar: sun67.htx/node218.html: time stamp 2003-03-05 13:33:00 is 12652353 s in the future
tar: sun67.htx/node219.html: time stamp 2003-03-05 13:33:00 is 12652353 s in the future
tar: sun67.htx/node22.html: time stamp 2003-03-05 13:32:56 is 12652349 s in the future
tar: sun67.htx/node220.html: time stamp 2003-03-05 13:33:00 is 12652353 s in the future
tar: sun67.htx/node221.html: time stamp 2003-03-05 13:33:00 is 12652353 s in the future
tar: sun67.htx/node222.html: time stamp 2003-03-05 13:33:00 is 12652353 s in the future
tar: sun67.htx/node223.html: time stamp 2003-03-05 13:33:00 is 12652353 s in the future
tar: sun67.htx/node224.html: time stamp 2003-03-05 13:33:00 is 12652353 s in the future
tar: sun67.htx/node225.html: time stamp 2003-03-05 13:33:00 is 12652353 s in the future
tar: sun67.htx/node226.html: time stamp 2003-03-05 13:33:00 is 12652353 s in the future
tar: sun67.htx/node227.html: time stamp 2003-03-05 13:33:00 is 12652353 s in the future
tar: sun67.htx/node228.html: time stamp 2003-03-05 13:33:00 is 12652353 s in the future
tar: sun67.htx/node229.html: time stamp 2003-03-05 13:33:00 is 12652353 s in the future
tar: sun67.htx/node23.html: time stamp 2003-03-05 13:32:56 is 12652349 s in the future
tar: sun67.htx/node230.html: time stamp 2003-03-05 13:33:00 is 12652353 s in the future
tar: sun67.htx/node231.html: time stamp 2003-03-05 13:33:00 is 12652353 s in the future
tar: sun67.htx/node232.html: time stamp 2003-03-05 13:33:00 is 12652353 s in the future
tar: sun67.htx/node24.html: time stamp 2003-03-05 13:32:56 is 12652349 s in the future
tar: sun67.htx/node25.html: time stamp 2003-03-05 13:32:56 is 12652349 s in the future
tar: sun67.htx/node26.html: time stamp 2003-03-05 13:32:56 is 12652349 s in the future
tar: sun67.htx/node27.html: time stamp 2003-03-05 13:32:56 is 12652349 s in the future
tar: sun67.htx/node28.html: time stamp 2003-03-05 13:32:56 is 12652349 s in the future
tar: sun67.htx/node29.html: time stamp 2003-03-05 13:32:57 is 12652350 s in the future
tar: sun67.htx/node3.html: time stamp 2003-03-05 13:32:56 is 12652349 s in the future
tar: sun67.htx/node30.html: time stamp 2003-03-05 13:32:57 is 12652350 s in the future
tar: sun67.htx/node31.html: time stamp 2003-03-05 13:32:57 is 12652350 s in the future
tar: sun67.htx/node32.html: time stamp 2003-03-05 13:32:57 is 12652350 s in the future
tar: sun67.htx/node33.html: time stamp 2003-03-05 13:32:57 is 12652350 s in the future
tar: sun67.htx/node34.html: time stamp 2003-03-05 13:32:57 is 12652350 s in the future
tar: sun67.htx/node35.html: time stamp 2003-03-05 13:32:57 is 12652350 s in the future
tar: sun67.htx/node36.html: time stamp 2003-03-05 13:32:57 is 12652350 s in the future
tar: sun67.htx/node37.html: time stamp 2003-03-05 13:32:57 is 12652350 s in the future
tar: sun67.htx/node38.html: time stamp 2003-03-05 13:32:57 is 12652350 s in the future
tar: sun67.htx/node39.html: time stamp 2003-03-05 13:32:57 is 12652350 s in the future
tar: sun67.htx/node4.html: time stamp 2003-03-05 13:32:56 is 12652349 s in the future
tar: sun67.htx/node40.html: time stamp 2003-03-05 13:32:57 is 12652350 s in the future
tar: sun67.htx/node41.html: time stamp 2003-03-05 13:32:57 is 12652350 s in the future
tar: sun67.htx/node42.html: time stamp 2003-03-05 13:32:57 is 12652350 s in the future
tar: sun67.htx/node43.html: time stamp 2003-03-05 13:32:57 is 12652350 s in the future
tar: sun67.htx/node44.html: time stamp 2003-03-05 13:32:57 is 12652350 s in the future
tar: sun67.htx/node45.html: time stamp 2003-03-05 13:32:57 is 12652350 s in the future
tar: sun67.htx/node46.html: time stamp 2003-03-05 13:32:57 is 12652350 s in the future
tar: sun67.htx/node47.html: time stamp 2003-03-05 13:32:57 is 12652350 s in the future
tar: sun67.htx/node48.html: time stamp 2003-03-05 13:32:57 is 12652350 s in the future
tar: sun67.htx/node49.html: time stamp 2003-03-05 13:32:57 is 12652350 s in the future
tar: sun67.htx/node5.html: time stamp 2003-03-05 13:32:56 is 12652349 s in the future
tar: sun67.htx/node50.html: time stamp 2003-03-05 13:32:57 is 12652350 s in the future
tar: sun67.htx/node51.html: time stamp 2003-03-05 13:32:57 is 12652350 s in the future
tar: sun67.htx/node52.html: time stamp 2003-03-05 13:32:57 is 12652350 s in the future
tar: sun67.htx/node53.html: time stamp 2003-03-05 13:32:57 is 12652350 s in the future
tar: sun67.htx/node54.html: time stamp 2003-03-05 13:32:57 is 12652350 s in the future
tar: sun67.htx/node55.html: time stamp 2003-03-05 13:32:57 is 12652350 s in the future
tar: sun67.htx/node56.html: time stamp 2003-03-05 13:32:57 is 12652350 s in the future
tar: sun67.htx/node57.html: time stamp 2003-03-05 13:32:57 is 12652350 s in the future
tar: sun67.htx/node58.html: time stamp 2003-03-05 13:32:57 is 12652350 s in the future
tar: sun67.htx/node59.html: time stamp 2003-03-05 13:32:57 is 12652350 s in the future
tar: sun67.htx/node6.html: time stamp 2003-03-05 13:32:56 is 12652349 s in the future
tar: sun67.htx/node60.html: time stamp 2003-03-05 13:32:57 is 12652350 s in the future
tar: sun67.htx/node61.html: time stamp 2003-03-05 13:32:57 is 12652350 s in the future
tar: sun67.htx/node62.html: time stamp 2003-03-05 13:32:57 is 12652350 s in the future
tar: sun67.htx/node63.html: time stamp 2003-03-05 13:32:57 is 12652350 s in the future
tar: sun67.htx/node64.html: time stamp 2003-03-05 13:32:57 is 12652350 s in the future
tar: sun67.htx/node65.html: time stamp 2003-03-05 13:32:57 is 12652350 s in the future
tar: sun67.htx/node66.html: time stamp 2003-03-05 13:32:57 is 12652350 s in the future
tar: sun67.htx/node67.html: time stamp 2003-03-05 13:32:57 is 12652350 s in the future
tar: sun67.htx/node68.html: time stamp 2003-03-05 13:32:57 is 12652350 s in the future
tar: sun67.htx/node69.html: time stamp 2003-03-05 13:32:57 is 12652350 s in the future
tar: sun67.htx/node7.html: time stamp 2003-03-05 13:32:56 is 12652349 s in the future
tar: sun67.htx/node70.html: time stamp 2003-03-05 13:32:57 is 12652350 s in the future
tar: sun67.htx/node71.html: time stamp 2003-03-05 13:32:57 is 12652350 s in the future
tar: sun67.htx/node72.html: time stamp 2003-03-05 13:32:57 is 12652350 s in the future
tar: sun67.htx/node73.html: time stamp 2003-03-05 13:32:57 is 12652350 s in the future
tar: sun67.htx/node74.html: time stamp 2003-03-05 13:32:57 is 12652350 s in the future
tar: sun67.htx/node75.html: time stamp 2003-03-05 13:32:57 is 12652350 s in the future
tar: sun67.htx/node76.html: time stamp 2003-03-05 13:32:57 is 12652350 s in the future
tar: sun67.htx/node77.html: time stamp 2003-03-05 13:32:57 is 12652350 s in the future
tar: sun67.htx/node78.html: time stamp 2003-03-05 13:32:57 is 12652350 s in the future
tar: sun67.htx/node79.html: time stamp 2003-03-05 13:32:57 is 12652350 s in the future
tar: sun67.htx/node8.html: time stamp 2003-03-05 13:32:56 is 12652349 s in the future
tar: sun67.htx/node80.html: time stamp 2003-03-05 13:32:57 is 12652350 s in the future
tar: sun67.htx/node81.html: time stamp 2003-03-05 13:32:57 is 12652350 s in the future
tar: sun67.htx/node82.html: time stamp 2003-03-05 13:32:57 is 12652350 s in the future
tar: sun67.htx/node83.html: time stamp 2003-03-05 13:32:57 is 12652350 s in the future
tar: sun67.htx/node84.html: time stamp 2003-03-05 13:32:57 is 12652350 s in the future
tar: sun67.htx/node85.html: time stamp 2003-03-05 13:32:58 is 12652351 s in the future
tar: sun67.htx/node86.html: time stamp 2003-03-05 13:32:58 is 12652351 s in the future
tar: sun67.htx/node87.html: time stamp 2003-03-05 13:32:58 is 12652351 s in the future
tar: sun67.htx/node88.html: time stamp 2003-03-05 13:32:58 is 12652351 s in the future
tar: sun67.htx/node89.html: time stamp 2003-03-05 13:32:58 is 12652351 s in the future
tar: sun67.htx/node9.html: time stamp 2003-03-05 13:32:56 is 12652349 s in the future
tar: sun67.htx/node90.html: time stamp 2003-03-05 13:32:58 is 12652351 s in the future
tar: sun67.htx/node91.html: time stamp 2003-03-05 13:32:58 is 12652351 s in the future
tar: sun67.htx/node92.html: time stamp 2003-03-05 13:32:58 is 12652351 s in the future
tar: sun67.htx/node93.html: time stamp 2003-03-05 13:32:58 is 12652351 s in the future
tar: sun67.htx/node94.html: time stamp 2003-03-05 13:32:58 is 12652351 s in the future
tar: sun67.htx/node95.html: time stamp 2003-03-05 13:32:58 is 12652351 s in the future
tar: sun67.htx/node96.html: time stamp 2003-03-05 13:32:58 is 12652351 s in the future
tar: sun67.htx/node97.html: time stamp 2003-03-05 13:32:58 is 12652351 s in the future
tar: sun67.htx/node98.html: time stamp 2003-03-05 13:32:58 is 12652351 s in the future
tar: sun67.htx/node99.html: time stamp 2003-03-05 13:32:58 is 12652351 s in the future
tar: sun67.htx/orangeball.gif: time stamp 2003-03-05 13:33:01 is 12652354 s in the future
tar: sun67.htx/pinkball.gif: time stamp 2003-03-05 13:33:01 is 12652354 s in the future
tar: sun67.htx/previous_group_motif.gif: time stamp 2003-03-05 13:33:01 is 12652354 s in the future
tar: sun67.htx/previous_group_motif_gr.gif: time stamp 2003-03-05 13:33:01 is 12652354 s in the future
tar: sun67.htx/previous_motif.gif: time stamp 2003-03-05 13:33:01 is 12652354 s in the future
tar: sun67.htx/previous_motif_gr.gif: time stamp 2003-03-05 13:33:01 is 12652354 s in the future
tar: sun67.htx/purpleball.gif: time stamp 2003-03-05 13:33:01 is 12652354 s in the future
tar: sun67.htx/redball.gif: time stamp 2003-03-05 13:33:01 is 12652354 s in the future
tar: sun67.htx/sun67.css: time stamp 2003-03-05 13:33:01 is 12652354 s in the future
tar: sun67.htx/sun67.html: time stamp 2003-03-05 13:32:56 is 12652349 s in the future
tar: sun67.htx/up_motif.gif: time stamp 2003-03-05 13:33:01 is 12652354 s in the future
tar: sun67.htx/up_motif_gr.gif: time stamp 2003-03-05 13:33:01 is 12652354 s in the future
tar: sun67.htx/whiteball.gif: time stamp 2003-03-05 13:33:01 is 12652354 s in the future
tar: sun67.htx/yellowball.gif: time stamp 2003-03-05 13:33:01 is 12652354 s in the future
Updating index file for document: sun67
1 hypertext document needs re-linking
   updating cross-references in document sun67 (0 files to modify)...
   replacing original files with re-linked versions...
      ...document sun67 linked
cp -p sla_datestamp /apps/cvsbuild/star/dates
chmod 444 /apps/cvsbuild/star/dates/sla_datestamp
chmod 644 sla_datestamp
rm sla_datestamp
ln -s /apps/cvsbuild/star/dates/sla_datestamp sla_datestamp
make[1]: warning:  Clock skew detected.  Your build may be incomplete.
make[1]: Leaving directory `/apps/cvsbuild/BUILDTEST/sla'

*** The SLALIB package has been installed in directory /apps/cvsbuild/star

make: warning:  Clock skew detected.  Your build may be incomplete.
