./aclocal.m4 
./acx_prog_cc_optim.m4 
./config/default.sex 
./config.h 
./config.h.in 
./configure.ac 
./doc/sextractor.ps 
./src/analyse.c 
./src/astrom.c 
./src/astrom.h 
./src/catout.c 
./src/check.c 
./src/clean.c 
./src/define.h 
./src/field.c 
./src/filter.c 
./src/fits/fitscat.c 
./src/fits/fitscat_defs.h 
./src/fits/fitscat.h 
./src/fits/fitsconv.c 
./src/fits/fitshead.c 
./src/fits/fitsread.c 
./src/fits/fitstab.c 
./src/fits/fitsutil.c 
./src/fits/fitswrite.c 
./src/growth.c 
./src/key.h 
./src/main.c 
./src/makeit.c 
./src/param.h 
./src/photom.c 
./src/photom.h 
./src/preflist.h 
./src/prefs.c 
./src/prefs.h 
./src/psf.c 
./src/refine.c 
./src/sexhead.h 
./src/sexheadsc.h 
./src/types.h 
./src/userradii.c 
./src/userradii.h 
./src/wcs/poly.c 
./src/wcs/poly.h 
./src/wcs/proj.c 
