Set up CURSA...

   CURSA commands are now available -- (Version 6.4)

 
Copy test data and scripts...
 
catgscin...
GSC region of 1475 rows converted successfully to catalogue gsc5828.FIT.
 
catselect...
CATIN - Input catalogue: /@copy5828/ > gsc5828.FIT
REJCAT - Rejects catalogue? /NO/ > N
SELTYP - Selection type: /''/ > E
EXPR - Selection expression: > MAG < 9.0
15 objects selected.
CATOUT - Output catalogue: > select5828.FIT
 
catpair...
PRIMARY - Primary catalogue: /@select5828.FIT/ > targets.TXT
SECOND - Secondary catalogue: > select5828
OUTPUT - Output catalogue: > join5828
CRDTYP - Give the type of coordinates to be paired: /'S'/ > S
PCRD1 - First primary coordinate: /'RA'/ > ra
PCRD2 - Second primary coordinate: /'DEC'/ > dec
SCRD1 - First secondary coordinate: /'ra'/ > ra
SCRD2 - Second secondary coordinate: /'dec'/ > dec
PDIST - Maximum separation for objects to pair: > 1.0arcsec
Select the required set of output rows:
COMMON:  common rows  ...   ...   ...   ...   ...   ...  ... C
PRIMARY: all rows in the primary catalogue    ...   ...  ... P
MOSAIC:  common rows plus unpaired in both catalogues .  ... M
PRIMREJ: rejected rows in the primary catalogue .   ...  ... R
ALLREJ:  rejected rows in both catalogues .   ...   ...  ... A
PRTYP - Required set: /'C'/ > C
MULTP - Include primary multiple matches? /YES/ > Y
MULTS - Include secondary multiple matches? /NO/ > Y
ALLCOL - Copy all the columns? /YES/ > Y
PRMPAR - Copy primary parameters? /YES/ > Y
SECPAR - Copy secondary parameters? /NO/ > Y
PTEXT - Copy text from primary? /'C'/ > N
STEXT - Copy text from secondary? /'N'/ > N
Number of rows in the primary input catalogue: 9
Number of rows in the secondary input catalogue: 15

Number of rows in the output catalogue: 11

Number of rows in the 'PRIMARY' pairing list: 11
Number of rows in the primary unpaired because of null values: 0
Number of multiple matches found in the primary: 4
Number of multiple matches found in the secondary: 4

Pairing completed successfully.
 
catsort...
Catalogue of 11 rows sorted on column MAG created successfully.
 
catcopy...
Catalogue of 11 rows copied successfully.
 
catheader...
Details of Catalogue copy5828.
   Number of rows: 11
   Number of columns: 16
   Number of parameters: 0

The catalogue contains the following columns:
   RA, DEC, TARGET, GSC_ID, RA_S, DEC_S, POS_ERR, MAG, MAG_ERR, MAG_BAND,
   CLASS, PLATE_ID, MULTIPLE, SEPN, PMULT, SMULT

 
catview...
ACTION - Action: /''/ > open 
CNAME - Catalogue name: /@copy5828/ > copy5828
(Info.) The catalogue contains 11 rows.
ACTION - Action: /''/ > setcmp
CMPLST - Columns to be listed: > ;ra;dec;mag;gsc_id
ACTION - Action: /''/ > list
Catalogue copy5828, selection 1: Entire catalogue.
Seq                 ra              dec        mag  gsc_id
num              HOURS          DEGREES  Magnitude
  1         23:21:15.2        -13:16:10       7.09    1060
  2         23:21:15.2        -13:16:10       7.09    1060
  3         23:23:39.6        -14:29:33       7.26    1006
  4         23:26:19.9        -12:57:01       7.40    1035
  5         23:27:26.1        -12:55:49       7.40     372
  6         23:21:15.2        -13:16:10       7.78    1060
  7         23:21:15.2        -13:16:10       7.78    1060
  8         23:27:26.1        -12:55:48       7.99     372
  9         23:25:25.0        -14:00:56       8.32    1017
 10         23:19:36.0        -14:04:00       8.49     981
 11         23:25:25.4        -12:31:27       8.55       6
ACTION - Action: /''/ > exit
(Info.) Catalogue closed.
