This is TeX, Version 3.1415 (C version 6.1) (format=latex 95.2.14)  29 MAY 1996 11:52
**sys_002
(sys_002.tex
LaTeX2e <1994/12/01> patch level 1
(/usr/local/texmf/tex/latex/base/latex209.def
File: latex209.def 1994/11/28 v0.39 Standard LaTeX file

Entering LaTeX 2.09 compatibility mode.
\footheight=\dimen102
\@maxsep=\dimen103
\@dblmaxsep=\dimen104
(/usr/local/texmf/tex/latex/base/tracefnt.sty
Package: tracefnt 1994/11/18 v2.3m Standard LaTeX package (font tracing)
\tracingfonts=\count82
LaTeX Info: Redefining \selectfont on input line 101.
)
\symbold=\mathgroup4
\symsans=\mathgroup5
\symtypewriter=\mathgroup6
\symitalic=\mathgroup7
\symsmallcaps=\mathgroup8
\symslanted=\mathgroup9
LaTeX Font Info:    Redeclaring math alphabet \mathbf on input line 200.
LaTeX Font Info:    Redeclaring math alphabet \mathsf on input line 201.
LaTeX Font Info:    Redeclaring math alphabet \mathtt on input line 202.
LaTeX Font Info:    Redeclaring math alphabet \mathit on input line 208.
LaTeX Info: Redefining \em on input line 218.

(/usr/local/texmf/tex/latex/base/latexsym.sty
Package: latexsym 1994/09/25 v2.1f Standard LaTeX package (lasy symbols)
\symlasy=\mathgroup10
LaTeX Font Info:    Overwriting symbol font `lasy' in version `bold'
(Font)                  U/lasy/m/n --> U/lasy/b/n on input line 47.
)
LaTeX Font Info:    Redeclaring math delimiter \lgroup on input line 283.
LaTeX Font Info:    Redeclaring math delimiter \rgroup on input line 285.
LaTeX Font Info:    Redeclaring math delimiter \bracevert on input line 287.
)
(/usr/local/texmf/tex/latex/base/article.cls
Document Class: article 1994/12/09 v1.2x Standard LaTeX document class
(/usr/local/texmf/tex/latex/base/size11.clo
File: size11.clo 1994/12/09 v1.2x Standard LaTeX file (size option)
)
\c@part=\count83
\c@section=\count84
\c@subsection=\count85
\c@subsubsection=\count86
\c@paragraph=\count87
\c@subparagraph=\count88
\c@figure=\count89
\c@table=\count90
\abovecaptionskip=\skip41
\belowcaptionskip=\skip42
Compatibility mode: definition of \rm ignored.
Compatibility mode: definition of \sf ignored.
Compatibility mode: definition of \tt ignored.
Compatibility mode: definition of \bf ignored.
Compatibility mode: definition of \it ignored.
Compatibility mode: definition of \sl ignored.
Compatibility mode: definition of \sc ignored.
LaTeX Info: Redefining \cal on input line 455.
LaTeX Info: Redefining \mit on input line 456.
\bibindent=\dimen105
) (sys_002.aux)
LaTeX Font Info:    Checking defaults for OML/cmm/m/it on input line 23.
LaTeX Font Info:    ... okay on input line 23.
LaTeX Font Info:    Checking defaults for T1/cmr/m/n on input line 23.
LaTeX Font Info:    ... okay on input line 23.
LaTeX Font Info:    Checking defaults for OT1/cmr/m/n on input line 23.
LaTeX Font Info:    ... okay on input line 23.
LaTeX Font Info:    Checking defaults for OMS/cmsy/m/n on input line 23.
LaTeX Font Info:    ... okay on input line 23.
LaTeX Font Info:    Checking defaults for OMX/cmex/m/n on input line 23.
LaTeX Font Info:    ... okay on input line 23.
LaTeX Font Info:    Checking defaults for U/cmr/m/n on input line 23.
LaTeX Font Info:    ... okay on input line 23.

Overfull \hbox (2.43333pt too wide) in paragraph at lines 25--33
 []
 []

LaTeX Font Info:    External font `cmex10' loaded for size
(Font)              <10.95> on input line 63.
LaTeX Font Info:    External font `cmex10' loaded for size
(Font)              <8> on input line 63.
LaTeX Font Info:    External font `cmex10' loaded for size
(Font)              <6> on input line 63.
LaTeX Font Info:    Try loading font information for U+lasy on input line 63.
(/usr/local/texmf/tex/latex/base/Ulasy.fd
File: Ulasy.fd 1994/09/25 v2.1fLaTeX symbol font definitions
)
Overfull \hbox (2.64714pt too wide) in paragraph at lines 80--84
\OT1/cmr/m/n/10.95 Consider a di-rec-tory in which a file called []\OT1/cmtt/m/
n/10.95 etc.config \OT1/cmr/m/n/10.95 ex-ists in the di-rec-tory []\OT1/cmtt/m/
n/10.95 $AST_ROOT/dev/etc\OT1/cmr/m/n/10.95 .
 []

[1

]
Overfull \hbox (6.23706pt too wide) in paragraph at lines 123--127
[][]\OT1/cmr/m/n/10.95 The to-ken trans-la-tions in the files \OT1/cmr/bx/n/10.
95 global.base\OT1/cmtt/m/n/10.95 _\OT1/cmr/bx/n/10.95 config\OT1/cmr/m/n/10.95
 , $\OML/cmm/m/it/10.95 class$\OT1/cmr/bx/n/10.95 .base\OT1/cmtt/m/n/10.95 _\OT
1/cmr/bx/n/10.95 config \OT1/cmr/m/n/10.95 and $\OML/cmm/m/it/10.95 class$\OT1/
cmr/bx/n/10.95 .config
 []

[2] [3] [4] (sys_002.aux) ) 
Here is how much of TeX's memory you used:
 387 strings out of 10950
 3985 string characters out of 73448
 50724 words of memory out of 262141
 3251 multiletter control sequences out of 9500
 14027 words of font info for 51 fonts, out of 100000 for 255
 14 hyphenation exceptions out of 607
 22i,4n,21p,218b,234s stack positions out of 300i,40n,60p,3000b,4000s

Output written on sys_002.dvi (4 pages, 11300 bytes).
