 3 conversion errors D to R
 6 conversion errors D to I
11 conversion errors D to W
 0 conversion errors D to L
16 conversion errors D to B
 0                      0              0           0      0 0    0
 1                12.3456        12.3456          12     12 1   12
 2               -78.9012     -78.901199         -79    -79 1  -79
 3                   -128           -128        -128   -128 1 -128
 4                 -32768         -32768      -32768 -32768 1 -128
 5            -2147483648 -2.1474836e+09 -2147483648 -32768 1 -128
 6  -3.40282346638529e+38 -3.4028235e+38 -2147483648 -32768 1 -128
 7 -1.79769313486232e+308 -3.4028235e+38 -2147483648 -32768 0 -128
 8                234.567        234.567         235    235 1 -128
 9                 567.89      567.89001         568    568 1 -128
10                34567.8      34567.801       34568 -32768 1 -128
11                67890.1      67890.102       67890 -32768 1 -128
12             2345670000  2.3456699e+09 -2147483648 -32768 1 -128
13            4.56789e+38 -3.4028235e+38 -2147483648 -32768 1 -128
14               -234.567       -234.567        -235   -235 1 -128
15                -567.89     -567.89001        -568   -568 1 -128
16               -34567.8     -34567.801      -34568 -32768 1 -128
17               -67890.1     -67890.102      -67890 -32768 1 -128
18            -2345670000 -2.3456699e+09 -2147483648 -32768 1 -128
19           -4.56789e+38 -3.4028235e+38 -2147483648 -32768 1 -128
 0 conversion errors R to D
 3 conversion errors R to I
 8 conversion errors R to W
 0 conversion errors R to L
13 conversion errors R to B
 0                      0              0           0      0 0    0
 1       12.3456001281738        12.3456          12     12 1   12
 2      -78.9011993408203     -78.901199         -79    -79 1  -79
 3                   -128           -128        -128   -128 1 -128
 4                 -32768         -32768      -32768 -32768 1 -128
 5            -2147483648 -2.1474836e+09 -2147483648 -32768 1 -128
 6 -1.79769313486232e+308 -3.4028235e+38 -2147483648 -32768 0 -128
 7 -1.79769313486232e+308 -3.4028235e+38 -2147483648 -32768 0 -128
 8       234.567001342773        234.567         235    235 1 -128
 9       567.890014648437      567.89001         568    568 1 -128
10         34567.80078125      34567.801       34568 -32768 1 -128
11          67890.1015625      67890.102       67890 -32768 1 -128
12             2345669888  2.3456699e+09 -2147483648 -32768 1 -128
13 -1.79769313486232e+308 -3.4028235e+38 -2147483648 -32768 0 -128
14      -234.567001342773       -234.567        -235   -235 1 -128
15      -567.890014648437     -567.89001        -568   -568 1 -128
16        -34567.80078125     -34567.801      -34568 -32768 1 -128
17         -67890.1015625     -67890.102      -67890 -32768 1 -128
18            -2345669888 -2.3456699e+09 -2147483648 -32768 1 -128
19 -1.79769313486232e+308 -3.4028235e+38 -2147483648 -32768 0 -128
 0 conversion errors I to D
 0 conversion errors I to R
 5 conversion errors I to W
 0 conversion errors I to L
10 conversion errors I to B
 0                      0              0           0      0 0    0
 1                     12             12          12     12 1   12
 2                    -78            -78         -78    -78 1  -78
 3                   -128           -128        -128   -128 1 -128
 4                 -32768         -32768      -32768 -32768 1 -128
 5 -1.79769313486232e+308 -3.4028235e+38 -2147483648 -32768 0 -128
 6 -1.79769313486232e+308 -3.4028235e+38 -2147483648 -32768 0 -128
 7 -1.79769313486232e+308 -3.4028235e+38 -2147483648 -32768 0 -128
 8                    234            234         234    234 1 -128
 9                    567            567         567    567 1 -128
10                  34567          34567       34567 -32768 1 -128
11                  67890          67890       67890 -32768 1 -128
12 -1.79769313486232e+308 -3.4028235e+38 -2147483648 -32768 0 -128
13 -1.79769313486232e+308 -3.4028235e+38 -2147483648 -32768 0 -128
14                   -234           -234        -234   -234 1 -128
15                   -567           -567        -567   -567 1 -128
16                 -34567         -34567      -34567 -32768 1 -128
17                 -67890         -67890      -67890 -32768 1 -128
18 -1.79769313486232e+308 -3.4028235e+38 -2147483648 -32768 0 -128
19 -1.79769313486232e+308 -3.4028235e+38 -2147483648 -32768 0 -128
 0 conversion errors W to D
 0 conversion errors W to R
 0 conversion errors W to I
 0 conversion errors W to L
 5 conversion errors W to B
 0                      0              0           0      0 0    0
 1                     12             12          12     12 1   12
 2                    -78            -78         -78    -78 1  -78
 3                   -128           -128        -128   -128 1 -128
 4 -1.79769313486232e+308 -3.4028235e+38 -2147483648 -32768 0 -128
 5 -1.79769313486232e+308 -3.4028235e+38 -2147483648 -32768 0 -128
 6 -1.79769313486232e+308 -3.4028235e+38 -2147483648 -32768 0 -128
 7 -1.79769313486232e+308 -3.4028235e+38 -2147483648 -32768 0 -128
 8                    234            234         234    234 1 -128
 9                    567            567         567    567 1 -128
10 -1.79769313486232e+308 -3.4028235e+38 -2147483648 -32768 0 -128
11 -1.79769313486232e+308 -3.4028235e+38 -2147483648 -32768 0 -128
12 -1.79769313486232e+308 -3.4028235e+38 -2147483648 -32768 0 -128
13 -1.79769313486232e+308 -3.4028235e+38 -2147483648 -32768 0 -128
14                   -234           -234        -234   -234 1 -128
15                   -567           -567        -567   -567 1 -128
16 -1.79769313486232e+308 -3.4028235e+38 -2147483648 -32768 0 -128
17 -1.79769313486232e+308 -3.4028235e+38 -2147483648 -32768 0 -128
18 -1.79769313486232e+308 -3.4028235e+38 -2147483648 -32768 0 -128
19 -1.79769313486232e+308 -3.4028235e+38 -2147483648 -32768 0 -128
 0 conversion errors B to D
 0 conversion errors B to R
 0 conversion errors B to I
 0 conversion errors B to L
 0 conversion errors B to W
 0                      0              0           0      0 0    0
 1                     12             12          12     12 1   12
 2                    -78            -78         -78    -78 1  -78
 3 -1.79769313486232e+308 -3.4028235e+38 -2147483648 -32768 0 -128
 4 -1.79769313486232e+308 -3.4028235e+38 -2147483648 -32768 0 -128
 5 -1.79769313486232e+308 -3.4028235e+38 -2147483648 -32768 0 -128
 6 -1.79769313486232e+308 -3.4028235e+38 -2147483648 -32768 0 -128
 7 -1.79769313486232e+308 -3.4028235e+38 -2147483648 -32768 0 -128
 8 -1.79769313486232e+308 -3.4028235e+38 -2147483648 -32768 0 -128
 9 -1.79769313486232e+308 -3.4028235e+38 -2147483648 -32768 0 -128
10 -1.79769313486232e+308 -3.4028235e+38 -2147483648 -32768 0 -128
11 -1.79769313486232e+308 -3.4028235e+38 -2147483648 -32768 0 -128
12 -1.79769313486232e+308 -3.4028235e+38 -2147483648 -32768 0 -128
13 -1.79769313486232e+308 -3.4028235e+38 -2147483648 -32768 0 -128
14 -1.79769313486232e+308 -3.4028235e+38 -2147483648 -32768 0 -128
15 -1.79769313486232e+308 -3.4028235e+38 -2147483648 -32768 0 -128
16 -1.79769313486232e+308 -3.4028235e+38 -2147483648 -32768 0 -128
17 -1.79769313486232e+308 -3.4028235e+38 -2147483648 -32768 0 -128
18 -1.79769313486232e+308 -3.4028235e+38 -2147483648 -32768 0 -128
19 -1.79769313486232e+308 -3.4028235e+38 -2147483648 -32768 0 -128
 0 conversion errors L to D
 0 conversion errors L to R
 0 conversion errors L to I
 0 conversion errors L to W
 0 conversion errors L to B
 0                      0              0           0      0 0    0
 1                     12             12          12     12 12   12
 2                    -78            -78         -78    -78 -78  -78
 3                      0              0           0      0 0    0
 4                      0              0           0      0 0    0
 5                      0              0           0      0 0    0
 6                      0              0           0      0 0    0
 7                      0              0           0      0 0    0
 8                      1              1           1      1 1    1
 9                      1              1           1      1 1    1
10                      1              1           1      1 1    1
11                      1              1           1      1 1    1
12                      1              1           1      1 1    1
13                      1              1           1      1 1    1
14                      1              1           1      1 1    1
15                      1              1           1      1 1    1
16                      1              1           1      1 1    1
17                      1              1           1      1 1    1
18                      1              1           1      1 1    1
19                      1              1           1      1 1    1
